This file contains any messages produced by compilers while
running configure, to aid debugging if configure makes a mistake.

It was created by libtool configure 2.2.6b, which was
generated by GNU Autoconf 2.63.  Invocation command line was

  $ ./configure --prefix=/usr --build=arm-softfloat-linux-gnueabi --host=arm-softfloat-linux-gnueabi --mandir=/usr/share/man --infodir=/usr/share/info --datadir=/usr/share --sysconfdir=/etc --localstatedir=/var/lib

## --------- ##
## Platform. ##
## --------- ##

hostname = LS-XHLF9F
uname -m = armv5tejl
uname -r = 2.6.22.18
uname -s = Linux
uname -v = #256 Wed Sep 2 13:42:03 JST 2009

/usr/bin/uname -p = ARM926EJ-S rev 1 (v5l)
/bin/uname -X     = unknown

/bin/arch              = unknown
/usr/bin/arch -k       = unknown
/usr/convex/getsysinfo = unknown
/usr/bin/hostinfo      = unknown
/bin/machine           = unknown
/usr/bin/oslevel       = unknown
/bin/universe          = unknown

PATH: /usr/lib/portage/bin/ebuild-helpers
PATH: /usr/local/sbin
PATH: /sbin
PATH: /usr/sbin
PATH: /usr/local/bin
PATH: /bin
PATH: /usr/bin
PATH: /opt/bin
PATH: /usr/arm-softfloat-linux-gnueabi/gcc-bin/4.3.2


## ----------- ##
## Core tests. ##
## ----------- ##

configure:2245: checking for a BSD-compatible install
configure:2313: result: /usr/bin/install -c
configure:2324: checking whether build environment is sane
configure:2367: result: yes
configure:2392: checking for a thread-safe mkdir -p
configure:2431: result: /bin/mkdir -p
configure:2444: checking for gawk
configure:2460: found /bin/gawk
configure:2471: result: gawk
configure:2482: checking whether make sets $(MAKE)
configure:2504: result: yes
configure:2695: checking whether subdir libobjs are useable
configure:2706: result: yes
configure:2756: checking for arm-softfloat-linux-gnueabi-gcc
configure:2772: found /usr/bin/arm-softfloat-linux-gnueabi-gcc
configure:2783: result: arm-softfloat-linux-gnueabi-gcc
configure:3055: checking for C compiler version
configure:3063: arm-softfloat-linux-gnueabi-gcc --version >&5
arm-softfloat-linux-gnueabi-gcc (Gentoo 4.3.2-r4 p1.7, pie-10.1.5) 4.3.2
Copyright (C) 2008 Free Software Foundation, Inc.
This is free software; see the source for copying conditions.  There is NO
warranty; not even for MERCHANTABILITY or FITNESS FOR A PARTICULAR PURPOSE.

configure:3067: $? = 0
configure:3074: arm-softfloat-linux-gnueabi-gcc -v >&5
Using built-in specs.
Target: arm-softfloat-linux-gnueabi
Configured with: /var/tmp/portage/sys-devel/gcc-4.3.2-r4/work/gcc-4.3.2/configure --prefix=/usr --bindir=/usr/arm-softfloat-linux-gnueabi/gcc-bin/4.3.2 --includedir=/usr/lib/gcc/arm-softfloat-linux-gnueabi/4.3.2/include --datadir=/usr/share/gcc-data/arm-softfloat-linux-gnueabi/4.3.2 --mandir=/usr/share/gcc-data/arm-softfloat-linux-gnueabi/4.3.2/man --infodir=/usr/share/gcc-data/arm-softfloat-linux-gnueabi/4.3.2/info --with-gxx-include-dir=/usr/lib/gcc/arm-softfloat-linux-gnueabi/4.3.2/include/g++-v4 --host=arm-softfloat-linux-gnueabi --build=arm-softfloat-linux-gnueabi --disable-altivec --disable-fixed-point --with-float=soft --enable-nls --without-included-gettext --with-system-zlib --disable-checking --disable-werror --enable-secureplt --disable-multilib --enable-libmudflap --disable-libssp --enable-libgomp --disable-libgcj --enable-languages=c,c++,treelang --enable-shared --enable-threads=posix --enable-__cxa_atexit --enable-clocale=gnu --with-bugurl=http://bugs.gentoo.org/ --with-pkgversion='Gentoo 4.3.2-r4 p1.7, pie-10.1.5'
Thread model: posix
gcc version 4.3.2 (Gentoo 4.3.2-r4 p1.7, pie-10.1.5) 
configure:3078: $? = 0
configure:3085: arm-softfloat-linux-gnueabi-gcc -V >&5
arm-softfloat-linux-gnueabi-gcc: '-V' option must have argument
configure:3089: $? = 1
configure:3112: checking for C compiler default output file name
configure:3134: arm-softfloat-linux-gnueabi-gcc -O2 -mcpu=arm926ej-s -pipe -fomit-frame-pointer -msoft-float -mfloat-abi=soft -mabi=aapcs-linux  -Wl,-O1 conftest.c  >&5
configure:3138: $? = 0
configure:3176: result: a.out
configure:3195: checking whether the C compiler works
configure:3205: ./a.out
configure:3209: $? = 0
configure:3228: result: yes
configure:3235: checking whether we are cross compiling
configure:3237: result: no
configure:3240: checking for suffix of executables
configure:3247: arm-softfloat-linux-gnueabi-gcc -o conftest -O2 -mcpu=arm926ej-s -pipe -fomit-frame-pointer -msoft-float -mfloat-abi=soft -mabi=aapcs-linux  -Wl,-O1 conftest.c  >&5
configure:3251: $? = 0
configure:3277: result: 
configure:3283: checking for suffix of object files
configure:3309: arm-softfloat-linux-gnueabi-gcc -c -O2 -mcpu=arm926ej-s -pipe -fomit-frame-pointer -msoft-float -mfloat-abi=soft -mabi=aapcs-linux  conftest.c >&5
configure:3313: $? = 0
configure:3338: result: o
configure:3342: checking whether we are using the GNU C compiler
configure:3371: arm-softfloat-linux-gnueabi-gcc -c -O2 -mcpu=arm926ej-s -pipe -fomit-frame-pointer -msoft-float -mfloat-abi=soft -mabi=aapcs-linux  conftest.c >&5
configure:3378: $? = 0
configure:3395: result: yes
configure:3404: checking whether arm-softfloat-linux-gnueabi-gcc accepts -g
configure:3434: arm-softfloat-linux-gnueabi-gcc -c -g  conftest.c >&5
configure:3441: $? = 0
configure:3542: result: yes
configure:3559: checking for arm-softfloat-linux-gnueabi-gcc option to accept ISO C89
configure:3633: arm-softfloat-linux-gnueabi-gcc  -c -O2 -mcpu=arm926ej-s -pipe -fomit-frame-pointer -msoft-float -mfloat-abi=soft -mabi=aapcs-linux  conftest.c >&5
configure:3640: $? = 0
configure:3663: result: none needed
configure:3692: checking for style of include used by make
configure:3720: result: GNU
configure:3745: checking dependency style of arm-softfloat-linux-gnueabi-gcc
configure:3836: result: gcc3
configure:3852: checking whether arm-softfloat-linux-gnueabi-gcc and cc understand -c and -o together
configure:3887: arm-softfloat-linux-gnueabi-gcc -c conftest.c -o conftest2.o >&5
configure:3891: $? = 0
configure:3897: arm-softfloat-linux-gnueabi-gcc -c conftest.c -o conftest2.o >&5
configure:3901: $? = 0
configure:3912: cc -c conftest.c >&5
configure:3916: $? = 0
configure:3924: cc -c conftest.c -o conftest2.o >&5
configure:3928: $? = 0
configure:3934: cc -c conftest.c -o conftest2.o >&5
configure:3938: $? = 0
configure:3956: result: yes
configure:3988: checking how to run the C preprocessor
configure:4028: arm-softfloat-linux-gnueabi-gcc -E  conftest.c
configure:4035: $? = 0
configure:4066: arm-softfloat-linux-gnueabi-gcc -E  conftest.c
conftest.c:10:28: error: ac_nonexistent.h: No such file or directory
configure:4073: $? = 1
configure: failed program was:
| /* confdefs.h.  */
| #define PACKAGE_NAME "libtool"
| #define PACKAGE_TARNAME "libtool"
| #define PACKAGE_VERSION "2.2.6b"
| #define PACKAGE_STRING "libtool 2.2.6b"
| #define PACKAGE_BUGREPORT "bug-libtool@gnu.org"
| #define PACKAGE "libtool"
| #define VERSION "2.2.6b"
| /* end confdefs.h.  */
| #include <ac_nonexistent.h>
configure:4106: result: arm-softfloat-linux-gnueabi-gcc -E
configure:4135: arm-softfloat-linux-gnueabi-gcc -E  conftest.c
configure:4142: $? = 0
configure:4173: arm-softfloat-linux-gnueabi-gcc -E  conftest.c
conftest.c:10:28: error: ac_nonexistent.h: No such file or directory
configure:4180: $? = 1
configure: failed program was:
| /* confdefs.h.  */
| #define PACKAGE_NAME "libtool"
| #define PACKAGE_TARNAME "libtool"
| #define PACKAGE_VERSION "2.2.6b"
| #define PACKAGE_STRING "libtool 2.2.6b"
| #define PACKAGE_BUGREPORT "bug-libtool@gnu.org"
| #define PACKAGE "libtool"
| #define VERSION "2.2.6b"
| /* end confdefs.h.  */
| #include <ac_nonexistent.h>
configure:4254: checking build system type
configure:4272: result: arm-softfloat-linux-gnueabi
configure:4294: checking host system type
configure:4309: result: arm-softfloat-linux-gnueabi
configure:4331: checking for a sed that does not truncate output
configure:4397: result: /bin/sed
configure:4415: checking for grep that handles long lines and -e
configure:4475: result: /bin/grep
configure:4480: checking for egrep
configure:4544: result: /bin/grep -E
configure:4549: checking for fgrep
configure:4613: result: /bin/grep -F
configure:4648: checking for ld used by arm-softfloat-linux-gnueabi-gcc
configure:4715: result: /usr/arm-softfloat-linux-gnueabi/bin/ld
configure:4724: checking if the linker (/usr/arm-softfloat-linux-gnueabi/bin/ld) is GNU ld
configure:4739: result: yes
configure:4751: checking for BSD- or MS-compatible name lister (nm)
configure:4800: result: /usr/bin/nm -B
configure:4918: checking the name lister (/usr/bin/nm -B) interface
configure:4925: arm-softfloat-linux-gnueabi-gcc -c -O2 -mcpu=arm926ej-s -pipe -fomit-frame-pointer -msoft-float -mfloat-abi=soft -mabi=aapcs-linux  conftest.c >&5
configure:4928: /usr/bin/nm -B "conftest.o"
configure:4931: output
00000000 B some_variable
configure:4938: result: BSD nm
configure:4941: checking whether ln -s works
configure:4945: result: yes
configure:4953: checking the maximum length of command line arguments
configure:5073: result: 98304
configure:5090: checking whether the shell understands some XSI constructs
configure:5100: result: yes
configure:5104: checking whether the shell understands "+="
configure:5110: result: yes
configure:5145: checking for /usr/arm-softfloat-linux-gnueabi/bin/ld option to reload object files
configure:5152: result: -r
configure:5181: checking for arm-softfloat-linux-gnueabi-objdump
configure:5197: found /usr/bin/arm-softfloat-linux-gnueabi-objdump
configure:5208: result: arm-softfloat-linux-gnueabi-objdump
configure:5277: checking how to recognize dependent libraries
configure:5473: result: pass_all
configure:5493: checking for arm-softfloat-linux-gnueabi-ar
configure:5509: found /usr/bin/arm-softfloat-linux-gnueabi-ar
configure:5520: result: arm-softfloat-linux-gnueabi-ar
configure:5598: checking for arm-softfloat-linux-gnueabi-strip
configure:5614: found /usr/bin/arm-softfloat-linux-gnueabi-strip
configure:5625: result: arm-softfloat-linux-gnueabi-strip
configure:5697: checking for arm-softfloat-linux-gnueabi-ranlib
configure:5713: found /usr/bin/arm-softfloat-linux-gnueabi-ranlib
configure:5724: result: arm-softfloat-linux-gnueabi-ranlib
configure:5854: checking command to parse /usr/bin/nm -B output from arm-softfloat-linux-gnueabi-gcc object
configure:5972: arm-softfloat-linux-gnueabi-gcc -c -O2 -mcpu=arm926ej-s -pipe -fomit-frame-pointer -msoft-float -mfloat-abi=soft -mabi=aapcs-linux  conftest.c >&5
configure:5975: $? = 0
configure:5979: /usr/bin/nm -B conftest.o \| sed -n -e 's/^.*[	 ]\([ABCDGIRSTW][ABCDGIRSTW]*\)[	 ][	 ]*\([_A-Za-z][_A-Za-z0-9]*\)$/\1 \2 \2/p' \> conftest.nm
configure:5982: $? = 0
configure:6036: arm-softfloat-linux-gnueabi-gcc -o conftest -O2 -mcpu=arm926ej-s -pipe -fomit-frame-pointer -msoft-float -mfloat-abi=soft -mabi=aapcs-linux  -Wl,-O1 conftest.c conftstm.o >&5
configure:6039: $? = 0
configure:6077: result: ok
configure:6940: checking for ANSI C header files
configure:6970: arm-softfloat-linux-gnueabi-gcc -c -O2 -mcpu=arm926ej-s -pipe -fomit-frame-pointer -msoft-float -mfloat-abi=soft -mabi=aapcs-linux  conftest.c >&5
configure:6977: $? = 0
configure:7076: arm-softfloat-linux-gnueabi-gcc -o conftest -O2 -mcpu=arm926ej-s -pipe -fomit-frame-pointer -msoft-float -mfloat-abi=soft -mabi=aapcs-linux  -Wl,-O1 conftest.c  >&5
configure:7080: $? = 0
configure:7086: ./conftest
configure:7090: $? = 0
configure:7108: result: yes
configure:7132: checking for sys/types.h
configure:7153: arm-softfloat-linux-gnueabi-gcc -c -O2 -mcpu=arm926ej-s -pipe -fomit-frame-pointer -msoft-float -mfloat-abi=soft -mabi=aapcs-linux  conftest.c >&5
configure:7160: $? = 0
configure:7177: result: yes
configure:7132: checking for sys/stat.h
configure:7153: arm-softfloat-linux-gnueabi-gcc -c -O2 -mcpu=arm926ej-s -pipe -fomit-frame-pointer -msoft-float -mfloat-abi=soft -mabi=aapcs-linux  conftest.c >&5
configure:7160: $? = 0
configure:7177: result: yes
configure:7132: checking for stdlib.h
configure:7153: arm-softfloat-linux-gnueabi-gcc -c -O2 -mcpu=arm926ej-s -pipe -fomit-frame-pointer -msoft-float -mfloat-abi=soft -mabi=aapcs-linux  conftest.c >&5
configure:7160: $? = 0
configure:7177: result: yes
configure:7132: checking for string.h
configure:7153: arm-softfloat-linux-gnueabi-gcc -c -O2 -mcpu=arm926ej-s -pipe -fomit-frame-pointer -msoft-float -mfloat-abi=soft -mabi=aapcs-linux  conftest.c >&5
configure:7160: $? = 0
configure:7177: result: yes
configure:7132: checking for memory.h
configure:7153: arm-softfloat-linux-gnueabi-gcc -c -O2 -mcpu=arm926ej-s -pipe -fomit-frame-pointer -msoft-float -mfloat-abi=soft -mabi=aapcs-linux  conftest.c >&5
configure:7160: $? = 0
configure:7177: result: yes
configure:7132: checking for strings.h
configure:7153: arm-softfloat-linux-gnueabi-gcc -c -O2 -mcpu=arm926ej-s -pipe -fomit-frame-pointer -msoft-float -mfloat-abi=soft -mabi=aapcs-linux  conftest.c >&5
configure:7160: $? = 0
configure:7177: result: yes
configure:7132: checking for inttypes.h
configure:7153: arm-softfloat-linux-gnueabi-gcc -c -O2 -mcpu=arm926ej-s -pipe -fomit-frame-pointer -msoft-float -mfloat-abi=soft -mabi=aapcs-linux  conftest.c >&5
configure:7160: $? = 0
configure:7177: result: yes
configure:7132: checking for stdint.h
configure:7153: arm-softfloat-linux-gnueabi-gcc -c -O2 -mcpu=arm926ej-s -pipe -fomit-frame-pointer -msoft-float -mfloat-abi=soft -mabi=aapcs-linux  conftest.c >&5
configure:7160: $? = 0
configure:7177: result: yes
configure:7132: checking for unistd.h
configure:7153: arm-softfloat-linux-gnueabi-gcc -c -O2 -mcpu=arm926ej-s -pipe -fomit-frame-pointer -msoft-float -mfloat-abi=soft -mabi=aapcs-linux  conftest.c >&5
configure:7160: $? = 0
configure:7177: result: yes
configure:7195: checking for dlfcn.h
configure:7216: arm-softfloat-linux-gnueabi-gcc -c -O2 -mcpu=arm926ej-s -pipe -fomit-frame-pointer -msoft-float -mfloat-abi=soft -mabi=aapcs-linux  conftest.c >&5
configure:7223: $? = 0
configure:7240: result: yes
configure:7723: checking for objdir
configure:7738: result: .libs
configure:8034: checking if arm-softfloat-linux-gnueabi-gcc supports -fno-rtti -fno-exceptions
configure:8052: arm-softfloat-linux-gnueabi-gcc -c -O2 -mcpu=arm926ej-s -pipe -fomit-frame-pointer -msoft-float -mfloat-abi=soft -mabi=aapcs-linux  -fno-rtti -fno-exceptions conftest.c >&5
cc1: warning: command line option "-fno-rtti" is valid for C++/ObjC++ but not for C
configure:8056: $? = 0
configure:8069: result: no
configure:8089: checking for arm-softfloat-linux-gnueabi-gcc option to produce PIC
configure:8361: result: -fPIC -DPIC
configure:8373: checking if arm-softfloat-linux-gnueabi-gcc PIC flag -fPIC -DPIC works
configure:8391: arm-softfloat-linux-gnueabi-gcc -c -O2 -mcpu=arm926ej-s -pipe -fomit-frame-pointer -msoft-float -mfloat-abi=soft -mabi=aapcs-linux  -fPIC -DPIC -DPIC conftest.c >&5
configure:8395: $? = 0
configure:8408: result: yes
configure:8432: checking if arm-softfloat-linux-gnueabi-gcc static flag -static works
configure:8460: result: yes
configure:8475: checking if arm-softfloat-linux-gnueabi-gcc supports -c -o file.o
configure:8496: arm-softfloat-linux-gnueabi-gcc -c -O2 -mcpu=arm926ej-s -pipe -fomit-frame-pointer -msoft-float -mfloat-abi=soft -mabi=aapcs-linux  -o out/conftest2.o conftest.c >&5
configure:8500: $? = 0
configure:8522: result: yes
configure:8530: checking if arm-softfloat-linux-gnueabi-gcc supports -c -o file.o
configure:8577: result: yes
configure:8610: checking whether the arm-softfloat-linux-gnueabi-gcc linker (/usr/arm-softfloat-linux-gnueabi/bin/ld) supports shared libraries
configure:9684: result: yes
configure:9721: checking whether -lc should be explicitly linked in
configure:9726: arm-softfloat-linux-gnueabi-gcc -c -O2 -mcpu=arm926ej-s -pipe -fomit-frame-pointer -msoft-float -mfloat-abi=soft -mabi=aapcs-linux  conftest.c >&5
configure:9729: $? = 0
configure:9744: arm-softfloat-linux-gnueabi-gcc -shared conftest.o  -v -Wl,-soname -Wl,conftest -o conftest 2\>\&1 \| /bin/grep  -lc  \>/dev/null 2\>\&1
configure:9747: $? = 0
configure:9759: result: no
configure:9923: checking dynamic linker characteristics
configure:10379: arm-softfloat-linux-gnueabi-gcc -o conftest -O2 -mcpu=arm926ej-s -pipe -fomit-frame-pointer -msoft-float -mfloat-abi=soft -mabi=aapcs-linux  -Wl,-O1 -Wl,-rpath -Wl,/foo conftest.c  >&5
configure:10386: $? = 0
configure:10619: result: GNU/Linux ld.so
configure:10721: checking how to hardcode library paths into programs
configure:10746: result: immediate
configure:10869: checking for shl_load
configure:10925: arm-softfloat-linux-gnueabi-gcc -o conftest -O2 -mcpu=arm926ej-s -pipe -fomit-frame-pointer -msoft-float -mfloat-abi=soft -mabi=aapcs-linux  -Wl,-O1 conftest.c  >&5
/var/tmp/portage/sys-devel/libtool-2.2.6b/temp/cc1CQh5i.o: In function `main':
conftest.c:(.text+0x8): undefined reference to `shl_load'
collect2: ld returned 1 exit status
configure:10932: $? = 1
configure: failed program was:
| /* confdefs.h.  */
| #define PACKAGE_NAME "libtool"
| #define PACKAGE_TARNAME "libtool"
| #define PACKAGE_VERSION "2.2.6b"
| #define PACKAGE_STRING "libtool 2.2.6b"
| #define PACKAGE_BUGREPORT "bug-libtool@gnu.org"
| #define PACKAGE "libtool"
| #define VERSION "2.2.6b"
| #define STDC_HEADERS 1
| #define HAVE_SYS_TYPES_H 1
| #define HAVE_SYS_STAT_H 1
| #define HAVE_STDLIB_H 1
| #define HAVE_STRING_H 1
| #define HAVE_MEMORY_H 1
| #define HAVE_STRINGS_H 1
| #define HAVE_INTTYPES_H 1
| #define HAVE_STDINT_H 1
| #define HAVE_UNISTD_H 1
| #define HAVE_DLFCN_H 1
| #define LT_OBJDIR ".libs/"
| /* end confdefs.h.  */
| /* Define shl_load to an innocuous variant, in case <limits.h> declares shl_load.
|    For example, HP-UX 11i <limits.h> declares gettimeofday.  */
| #define shl_load innocuous_shl_load
| 
| /* System header to define __stub macros and hopefully few prototypes,
|     which can conflict with char shl_load (); below.
|     Prefer <limits.h> to <assert.h> if __STDC__ is defined, since
|     <limits.h> exists even on freestanding compilers.  */
| 
| #ifdef __STDC__
| # include <limits.h>
| #else
| # include <assert.h>
| #endif
| 
| #undef shl_load
| 
| /* Override any GCC internal prototype to avoid an error.
|    Use char because int might match the return type of a GCC
|    builtin and then its argument prototype would still apply.  */
| #ifdef __cplusplus
| extern "C"
| #endif
| char shl_load ();
| /* The GNU C library defines this for functions which it implements
|     to always fail with ENOSYS.  Some functions are actually named
|     something starting with __ and the normal name is an alias.  */
| #if defined __stub_shl_load || defined __stub___shl_load
| choke me
| #endif
| 
| int
| main ()
| {
| return shl_load ();
|   ;
|   return 0;
| }
configure:10952: result: no
configure:10957: checking for shl_load in -ldld
configure:10992: arm-softfloat-linux-gnueabi-gcc -o conftest -O2 -mcpu=arm926ej-s -pipe -fomit-frame-pointer -msoft-float -mfloat-abi=soft -mabi=aapcs-linux  -Wl,-O1 conftest.c -ldld   >&5
/usr/lib/gcc/arm-softfloat-linux-gnueabi/4.3.2/../../../../arm-softfloat-linux-gnueabi/bin/ld: cannot find -ldld
collect2: ld returned 1 exit status
configure:10999: $? = 1
configure: failed program was:
| /* confdefs.h.  */
| #define PACKAGE_NAME "libtool"
| #define PACKAGE_TARNAME "libtool"
| #define PACKAGE_VERSION "2.2.6b"
| #define PACKAGE_STRING "libtool 2.2.6b"
| #define PACKAGE_BUGREPORT "bug-libtool@gnu.org"
| #define PACKAGE "libtool"
| #define VERSION "2.2.6b"
| #define STDC_HEADERS 1
| #define HAVE_SYS_TYPES_H 1
| #define HAVE_SYS_STAT_H 1
| #define HAVE_STDLIB_H 1
| #define HAVE_STRING_H 1
| #define HAVE_MEMORY_H 1
| #define HAVE_STRINGS_H 1
| #define HAVE_INTTYPES_H 1
| #define HAVE_STDINT_H 1
| #define HAVE_UNISTD_H 1
| #define HAVE_DLFCN_H 1
| #define LT_OBJDIR ".libs/"
| /* end confdefs.h.  */
| 
| /* Override any GCC internal prototype to avoid an error.
|    Use char because int might match the return type of a GCC
|    builtin and then its argument prototype would still apply.  */
| #ifdef __cplusplus
| extern "C"
| #endif
| char shl_load ();
| int
| main ()
| {
| return shl_load ();
|   ;
|   return 0;
| }
configure:11020: result: no
configure:11025: checking for dlopen
configure:11081: arm-softfloat-linux-gnueabi-gcc -o conftest -O2 -mcpu=arm926ej-s -pipe -fomit-frame-pointer -msoft-float -mfloat-abi=soft -mabi=aapcs-linux  -Wl,-O1 conftest.c  >&5
/var/tmp/portage/sys-devel/libtool-2.2.6b/temp/ccfU42IV.o: In function `main':
conftest.c:(.text+0x8): undefined reference to `dlopen'
collect2: ld returned 1 exit status
configure:11088: $? = 1
configure: failed program was:
| /* confdefs.h.  */
| #define PACKAGE_NAME "libtool"
| #define PACKAGE_TARNAME "libtool"
| #define PACKAGE_VERSION "2.2.6b"
| #define PACKAGE_STRING "libtool 2.2.6b"
| #define PACKAGE_BUGREPORT "bug-libtool@gnu.org"
| #define PACKAGE "libtool"
| #define VERSION "2.2.6b"
| #define STDC_HEADERS 1
| #define HAVE_SYS_TYPES_H 1
| #define HAVE_SYS_STAT_H 1
| #define HAVE_STDLIB_H 1
| #define HAVE_STRING_H 1
| #define HAVE_MEMORY_H 1
| #define HAVE_STRINGS_H 1
| #define HAVE_INTTYPES_H 1
| #define HAVE_STDINT_H 1
| #define HAVE_UNISTD_H 1
| #define HAVE_DLFCN_H 1
| #define LT_OBJDIR ".libs/"
| /* end confdefs.h.  */
| /* Define dlopen to an innocuous variant, in case <limits.h> declares dlopen.
|    For example, HP-UX 11i <limits.h> declares gettimeofday.  */
| #define dlopen innocuous_dlopen
| 
| /* System header to define __stub macros and hopefully few prototypes,
|     which can conflict with char dlopen (); below.
|     Prefer <limits.h> to <assert.h> if __STDC__ is defined, since
|     <limits.h> exists even on freestanding compilers.  */
| 
| #ifdef __STDC__
| # include <limits.h>
| #else
| # include <assert.h>
| #endif
| 
| #undef dlopen
| 
| /* Override any GCC internal prototype to avoid an error.
|    Use char because int might match the return type of a GCC
|    builtin and then its argument prototype would still apply.  */
| #ifdef __cplusplus
| extern "C"
| #endif
| char dlopen ();
| /* The GNU C library defines this for functions which it implements
|     to always fail with ENOSYS.  Some functions are actually named
|     something starting with __ and the normal name is an alias.  */
| #if defined __stub_dlopen || defined __stub___dlopen
| choke me
| #endif
| 
| int
| main ()
| {
| return dlopen ();
|   ;
|   return 0;
| }
configure:11108: result: no
configure:11113: checking for dlopen in -ldl
configure:11148: arm-softfloat-linux-gnueabi-gcc -o conftest -O2 -mcpu=arm926ej-s -pipe -fomit-frame-pointer -msoft-float -mfloat-abi=soft -mabi=aapcs-linux  -Wl,-O1 conftest.c -ldl   >&5
configure:11155: $? = 0
configure:11176: result: yes
configure:11353: checking whether a program can dlopen itself
configure:11423: arm-softfloat-linux-gnueabi-gcc -o conftest -O2 -mcpu=arm926ej-s -pipe -fomit-frame-pointer -msoft-float -mfloat-abi=soft -mabi=aapcs-linux  -DHAVE_DLFCN_H -Wl,-O1 -Wl,--export-dynamic conftest.c -ldl  >&5
configure:11426: $? = 0
configure:11444: result: yes
configure:11449: checking whether a statically linked program can dlopen itself
configure:11519: arm-softfloat-linux-gnueabi-gcc -o conftest -O2 -mcpu=arm926ej-s -pipe -fomit-frame-pointer -msoft-float -mfloat-abi=soft -mabi=aapcs-linux  -DHAVE_DLFCN_H -Wl,-O1 -Wl,--export-dynamic -static conftest.c -ldl  >&5
/var/tmp/portage/sys-devel/libtool-2.2.6b/temp/ccgwgAT3.o: In function `main':
conftest.c:(.text+0x10): warning: Using 'dlopen' in statically linked applications requires at runtime the shared libraries from the glibc version used for linking
configure:11522: $? = 0
/lib/: cannot read file data: Is a directory
configure:11540: result: no
configure:11579: checking whether stripping libraries is possible
configure:11584: result: yes
configure:11619: checking if libtool supports shared libraries
configure:11621: result: yes
configure:11624: checking whether to build shared libraries
configure:11645: result: yes
configure:11648: checking whether to build static libraries
configure:11652: result: yes
configure:11688: checking which extension is used for runtime loadable modules
configure:11698: result: .so
configure:11708: checking which variable specifies run-time module search path
configure:11715: result: LD_LIBRARY_PATH
configure:11725: checking for the default library search path
configure:11732: result: /lib /usr/lib /usr/local/lib /usr/arm-softfloat-linux-gnueabi/lib /usr/lib/gcc/arm-softfloat-linux-gnueabi/4.3.2 /usr/lib/gcc/arm-softfloat-linux-gnueabi/4.1.2 
configure:11762: checking for library containing dlopen
configure:11803: arm-softfloat-linux-gnueabi-gcc -o conftest -O2 -mcpu=arm926ej-s -pipe -fomit-frame-pointer -msoft-float -mfloat-abi=soft -mabi=aapcs-linux  -Wl,-O1 conftest.c  >&5
/var/tmp/portage/sys-devel/libtool-2.2.6b/temp/ccHBPLQ7.o: In function `main':
conftest.c:(.text+0x8): undefined reference to `dlopen'
collect2: ld returned 1 exit status
configure:11810: $? = 1
configure: failed program was:
| /* confdefs.h.  */
| #define PACKAGE_NAME "libtool"
| #define PACKAGE_TARNAME "libtool"
| #define PACKAGE_VERSION "2.2.6b"
| #define PACKAGE_STRING "libtool 2.2.6b"
| #define PACKAGE_BUGREPORT "bug-libtool@gnu.org"
| #define PACKAGE "libtool"
| #define VERSION "2.2.6b"
| #define STDC_HEADERS 1
| #define HAVE_SYS_TYPES_H 1
| #define HAVE_SYS_STAT_H 1
| #define HAVE_STDLIB_H 1
| #define HAVE_STRING_H 1
| #define HAVE_MEMORY_H 1
| #define HAVE_STRINGS_H 1
| #define HAVE_INTTYPES_H 1
| #define HAVE_STDINT_H 1
| #define HAVE_UNISTD_H 1
| #define HAVE_DLFCN_H 1
| #define LT_OBJDIR ".libs/"
| #define LT_MODULE_EXT ".so"
| #define LT_MODULE_PATH_VAR "LD_LIBRARY_PATH"
| #define LT_DLSEARCH_PATH "/lib:/usr/lib:/usr/local/lib:/usr/arm-softfloat-linux-gnueabi/lib:/usr/lib/gcc/arm-softfloat-linux-gnueabi/4.3.2:/usr/lib/gcc/arm-softfloat-linux-gnueabi/4.1.2"
| /* end confdefs.h.  */
| 
| /* Override any GCC internal prototype to avoid an error.
|    Use char because int might match the return type of a GCC
|    builtin and then its argument prototype would still apply.  */
| #ifdef __cplusplus
| extern "C"
| #endif
| char dlopen ();
| int
| main ()
| {
| return dlopen ();
|   ;
|   return 0;
| }
configure:11803: arm-softfloat-linux-gnueabi-gcc -o conftest -O2 -mcpu=arm926ej-s -pipe -fomit-frame-pointer -msoft-float -mfloat-abi=soft -mabi=aapcs-linux  -Wl,-O1 conftest.c -ldl   >&5
configure:11810: $? = 0
configure:11841: result: -ldl
configure:11997: checking for dlerror
configure:12053: arm-softfloat-linux-gnueabi-gcc -o conftest -O2 -mcpu=arm926ej-s -pipe -fomit-frame-pointer -msoft-float -mfloat-abi=soft -mabi=aapcs-linux  -Wl,-O1 conftest.c -ldl  -ldl >&5
configure:12060: $? = 0
configure:12082: result: yes
configure:12099: checking for shl_load
configure:12182: result: no
configure:12192: checking for shl_load in -ldld
configure:12255: result: no
configure:12447: checking for dld_link in -ldld
configure:12482: arm-softfloat-linux-gnueabi-gcc -o conftest -O2 -mcpu=arm926ej-s -pipe -fomit-frame-pointer -msoft-float -mfloat-abi=soft -mabi=aapcs-linux  -Wl,-O1 conftest.c -ldld  -ldl  >&5
/usr/lib/gcc/arm-softfloat-linux-gnueabi/4.3.2/../../../../arm-softfloat-linux-gnueabi/bin/ld: cannot find -ldld
collect2: ld returned 1 exit status
configure:12489: $? = 1
configure: failed program was:
| /* confdefs.h.  */
| #define PACKAGE_NAME "libtool"
| #define PACKAGE_TARNAME "libtool"
| #define PACKAGE_VERSION "2.2.6b"
| #define PACKAGE_STRING "libtool 2.2.6b"
| #define PACKAGE_BUGREPORT "bug-libtool@gnu.org"
| #define PACKAGE "libtool"
| #define VERSION "2.2.6b"
| #define STDC_HEADERS 1
| #define HAVE_SYS_TYPES_H 1
| #define HAVE_SYS_STAT_H 1
| #define HAVE_STDLIB_H 1
| #define HAVE_STRING_H 1
| #define HAVE_MEMORY_H 1
| #define HAVE_STRINGS_H 1
| #define HAVE_INTTYPES_H 1
| #define HAVE_STDINT_H 1
| #define HAVE_UNISTD_H 1
| #define HAVE_DLFCN_H 1
| #define LT_OBJDIR ".libs/"
| #define LT_MODULE_EXT ".so"
| #define LT_MODULE_PATH_VAR "LD_LIBRARY_PATH"
| #define LT_DLSEARCH_PATH "/lib:/usr/lib:/usr/local/lib:/usr/arm-softfloat-linux-gnueabi/lib:/usr/lib/gcc/arm-softfloat-linux-gnueabi/4.3.2:/usr/lib/gcc/arm-softfloat-linux-gnueabi/4.1.2"
| #define HAVE_LIBDL 1
| #define HAVE_DLERROR 1
| /* end confdefs.h.  */
| 
| /* Override any GCC internal prototype to avoid an error.
|    Use char because int might match the return type of a GCC
|    builtin and then its argument prototype would still apply.  */
| #ifdef __cplusplus
| extern "C"
| #endif
| char dld_link ();
| int
| main ()
| {
| return dld_link ();
|   ;
|   return 0;
| }
configure:12510: result: no
configure:12548: checking for _ prefix in compiled symbols
configure:12558: arm-softfloat-linux-gnueabi-gcc -c -O2 -mcpu=arm926ej-s -pipe -fomit-frame-pointer -msoft-float -mfloat-abi=soft -mabi=aapcs-linux  conftest.c >&5
configure:12561: $? = 0
configure:12565: /usr/bin/nm -B conftest.o \| sed -n -e 's/^.*[	 ]\([ABCDGIRSTW][ABCDGIRSTW]*\)[	 ][	 ]*\([_A-Za-z][_A-Za-z0-9]*\)$/\1 \2 \2/p' \> conftest.nm
configure:12568: $? = 0
configure:12590: result: no
configure:12706: checking whether deplibs are loaded by dlopen
configure:12800: result: yes
configure:12816: checking for argz.h
configure:12837: arm-softfloat-linux-gnueabi-gcc -c -O2 -mcpu=arm926ej-s -pipe -fomit-frame-pointer -msoft-float -mfloat-abi=soft -mabi=aapcs-linux  conftest.c >&5
configure:12844: $? = 0
configure:12861: result: yes
configure:12875: checking for error_t
configure:12906: arm-softfloat-linux-gnueabi-gcc -c -O2 -mcpu=arm926ej-s -pipe -fomit-frame-pointer -msoft-float -mfloat-abi=soft -mabi=aapcs-linux  conftest.c >&5
configure:12913: $? = 0
configure:12943: arm-softfloat-linux-gnueabi-gcc -c -O2 -mcpu=arm926ej-s -pipe -fomit-frame-pointer -msoft-float -mfloat-abi=soft -mabi=aapcs-linux  conftest.c >&5
conftest.c: In function 'main':
conftest.c:36: error: expected expression before ')' token
configure:12950: $? = 1
configure: failed program was:
| /* confdefs.h.  */
| #define PACKAGE_NAME "libtool"
| #define PACKAGE_TARNAME "libtool"
| #define PACKAGE_VERSION "2.2.6b"
| #define PACKAGE_STRING "libtool 2.2.6b"
| #define PACKAGE_BUGREPORT "bug-libtool@gnu.org"
| #define PACKAGE "libtool"
| #define VERSION "2.2.6b"
| #define STDC_HEADERS 1
| #define HAVE_SYS_TYPES_H 1
| #define HAVE_SYS_STAT_H 1
| #define HAVE_STDLIB_H 1
| #define HAVE_STRING_H 1
| #define HAVE_MEMORY_H 1
| #define HAVE_STRINGS_H 1
| #define HAVE_INTTYPES_H 1
| #define HAVE_STDINT_H 1
| #define HAVE_UNISTD_H 1
| #define HAVE_DLFCN_H 1
| #define LT_OBJDIR ".libs/"
| #define LT_MODULE_EXT ".so"
| #define LT_MODULE_PATH_VAR "LD_LIBRARY_PATH"
| #define LT_DLSEARCH_PATH "/lib:/usr/lib:/usr/local/lib:/usr/arm-softfloat-linux-gnueabi/lib:/usr/lib/gcc/arm-softfloat-linux-gnueabi/4.3.2:/usr/lib/gcc/arm-softfloat-linux-gnueabi/4.1.2"
| #define HAVE_LIBDL 1
| #define HAVE_DLERROR 1
| #define HAVE_LIBDLLOADER 1
| #define HAVE_ARGZ_H 1
| /* end confdefs.h.  */
| #if defined(HAVE_ARGZ_H)
| #  include <argz.h>
| #endif
| 
| int
| main ()
| {
| if (sizeof ((error_t)))
| 	  return 0;
|   ;
|   return 0;
| }
configure:12973: result: yes
configure:13008: checking for argz_add
configure:13064: arm-softfloat-linux-gnueabi-gcc -o conftest -O2 -mcpu=arm926ej-s -pipe -fomit-frame-pointer -msoft-float -mfloat-abi=soft -mabi=aapcs-linux  -Wl,-O1 conftest.c -ldl  >&5
configure:13071: $? = 0
configure:13093: result: yes
configure:13008: checking for argz_append
configure:13064: arm-softfloat-linux-gnueabi-gcc -o conftest -O2 -mcpu=arm926ej-s -pipe -fomit-frame-pointer -msoft-float -mfloat-abi=soft -mabi=aapcs-linux  -Wl,-O1 conftest.c -ldl  >&5
configure:13071: $? = 0
configure:13093: result: yes
configure:13008: checking for argz_count
configure:13064: arm-softfloat-linux-gnueabi-gcc -o conftest -O2 -mcpu=arm926ej-s -pipe -fomit-frame-pointer -msoft-float -mfloat-abi=soft -mabi=aapcs-linux  -Wl,-O1 conftest.c -ldl  >&5
configure:13071: $? = 0
configure:13093: result: yes
configure:13008: checking for argz_create_sep
configure:13064: arm-softfloat-linux-gnueabi-gcc -o conftest -O2 -mcpu=arm926ej-s -pipe -fomit-frame-pointer -msoft-float -mfloat-abi=soft -mabi=aapcs-linux  -Wl,-O1 conftest.c -ldl  >&5
configure:13071: $? = 0
configure:13093: result: yes
configure:13008: checking for argz_insert
configure:13064: arm-softfloat-linux-gnueabi-gcc -o conftest -O2 -mcpu=arm926ej-s -pipe -fomit-frame-pointer -msoft-float -mfloat-abi=soft -mabi=aapcs-linux  -Wl,-O1 conftest.c -ldl  >&5
configure:13071: $? = 0
configure:13093: result: yes
configure:13008: checking for argz_next
configure:13064: arm-softfloat-linux-gnueabi-gcc -o conftest -O2 -mcpu=arm926ej-s -pipe -fomit-frame-pointer -msoft-float -mfloat-abi=soft -mabi=aapcs-linux  -Wl,-O1 conftest.c -ldl  >&5
configure:13071: $? = 0
configure:13093: result: yes
configure:13008: checking for argz_stringify
configure:13064: arm-softfloat-linux-gnueabi-gcc -o conftest -O2 -mcpu=arm926ej-s -pipe -fomit-frame-pointer -msoft-float -mfloat-abi=soft -mabi=aapcs-linux  -Wl,-O1 conftest.c -ldl  >&5
configure:13071: $? = 0
configure:13093: result: yes
configure:13114: checking if argz actually works
configure:13145: result: yes
configure:13168: checking whether libtool supports -dlopen/-dlpreopen
configure:13180: result: yes
configure:13242: checking for unistd.h
configure:13287: result: yes
configure:13242: checking for dl.h
configure:13263: arm-softfloat-linux-gnueabi-gcc -c -O2 -mcpu=arm926ej-s -pipe -fomit-frame-pointer -msoft-float -mfloat-abi=soft -mabi=aapcs-linux  conftest.c >&5
conftest.c:74:16: error: dl.h: No such file or directory
configure:13270: $? = 1
configure: failed program was:
| /* confdefs.h.  */
| #define PACKAGE_NAME "libtool"
| #define PACKAGE_TARNAME "libtool"
| #define PACKAGE_VERSION "2.2.6b"
| #define PACKAGE_STRING "libtool 2.2.6b"
| #define PACKAGE_BUGREPORT "bug-libtool@gnu.org"
| #define PACKAGE "libtool"
| #define VERSION "2.2.6b"
| #define STDC_HEADERS 1
| #define HAVE_SYS_TYPES_H 1
| #define HAVE_SYS_STAT_H 1
| #define HAVE_STDLIB_H 1
| #define HAVE_STRING_H 1
| #define HAVE_MEMORY_H 1
| #define HAVE_STRINGS_H 1
| #define HAVE_INTTYPES_H 1
| #define HAVE_STDINT_H 1
| #define HAVE_UNISTD_H 1
| #define HAVE_DLFCN_H 1
| #define LT_OBJDIR ".libs/"
| #define LT_MODULE_EXT ".so"
| #define LT_MODULE_PATH_VAR "LD_LIBRARY_PATH"
| #define LT_DLSEARCH_PATH "/lib:/usr/lib:/usr/local/lib:/usr/arm-softfloat-linux-gnueabi/lib:/usr/lib/gcc/arm-softfloat-linux-gnueabi/4.3.2:/usr/lib/gcc/arm-softfloat-linux-gnueabi/4.1.2"
| #define HAVE_LIBDL 1
| #define HAVE_DLERROR 1
| #define HAVE_LIBDLLOADER 1
| #define HAVE_ARGZ_H 1
| #define HAVE_ERROR_T 1
| #define HAVE_ARGZ_ADD 1
| #define HAVE_ARGZ_APPEND 1
| #define HAVE_ARGZ_COUNT 1
| #define HAVE_ARGZ_CREATE_SEP 1
| #define HAVE_ARGZ_INSERT 1
| #define HAVE_ARGZ_NEXT 1
| #define HAVE_ARGZ_STRINGIFY 1
| #define HAVE_WORKING_ARGZ 1
| #define HAVE_PRELOADED_SYMBOLS 1
| #define HAVE_UNISTD_H 1
| /* end confdefs.h.  */
| #include <stdio.h>
| #ifdef HAVE_SYS_TYPES_H
| # include <sys/types.h>
| #endif
| #ifdef HAVE_SYS_STAT_H
| # include <sys/stat.h>
| #endif
| #ifdef STDC_HEADERS
| # include <stdlib.h>
| # include <stddef.h>
| #else
| # ifdef HAVE_STDLIB_H
| #  include <stdlib.h>
| # endif
| #endif
| #ifdef HAVE_STRING_H
| # if !defined STDC_HEADERS && defined HAVE_MEMORY_H
| #  include <memory.h>
| # endif
| # include <string.h>
| #endif
| #ifdef HAVE_STRINGS_H
| # include <strings.h>
| #endif
| #ifdef HAVE_INTTYPES_H
| # include <inttypes.h>
| #endif
| #ifdef HAVE_STDINT_H
| # include <stdint.h>
| #endif
| #ifdef HAVE_UNISTD_H
| # include <unistd.h>
| #endif
| 
| #include <dl.h>
configure:13287: result: no
configure:13242: checking for sys/dl.h
configure:13263: arm-softfloat-linux-gnueabi-gcc -c -O2 -mcpu=arm926ej-s -pipe -fomit-frame-pointer -msoft-float -mfloat-abi=soft -mabi=aapcs-linux  conftest.c >&5
conftest.c:74:20: error: sys/dl.h: No such file or directory
configure:13270: $? = 1
configure: failed program was:
| /* confdefs.h.  */
| #define PACKAGE_NAME "libtool"
| #define PACKAGE_TARNAME "libtool"
| #define PACKAGE_VERSION "2.2.6b"
| #define PACKAGE_STRING "libtool 2.2.6b"
| #define PACKAGE_BUGREPORT "bug-libtool@gnu.org"
| #define PACKAGE "libtool"
| #define VERSION "2.2.6b"
| #define STDC_HEADERS 1
| #define HAVE_SYS_TYPES_H 1
| #define HAVE_SYS_STAT_H 1
| #define HAVE_STDLIB_H 1
| #define HAVE_STRING_H 1
| #define HAVE_MEMORY_H 1
| #define HAVE_STRINGS_H 1
| #define HAVE_INTTYPES_H 1
| #define HAVE_STDINT_H 1
| #define HAVE_UNISTD_H 1
| #define HAVE_DLFCN_H 1
| #define LT_OBJDIR ".libs/"
| #define LT_MODULE_EXT ".so"
| #define LT_MODULE_PATH_VAR "LD_LIBRARY_PATH"
| #define LT_DLSEARCH_PATH "/lib:/usr/lib:/usr/local/lib:/usr/arm-softfloat-linux-gnueabi/lib:/usr/lib/gcc/arm-softfloat-linux-gnueabi/4.3.2:/usr/lib/gcc/arm-softfloat-linux-gnueabi/4.1.2"
| #define HAVE_LIBDL 1
| #define HAVE_DLERROR 1
| #define HAVE_LIBDLLOADER 1
| #define HAVE_ARGZ_H 1
| #define HAVE_ERROR_T 1
| #define HAVE_ARGZ_ADD 1
| #define HAVE_ARGZ_APPEND 1
| #define HAVE_ARGZ_COUNT 1
| #define HAVE_ARGZ_CREATE_SEP 1
| #define HAVE_ARGZ_INSERT 1
| #define HAVE_ARGZ_NEXT 1
| #define HAVE_ARGZ_STRINGIFY 1
| #define HAVE_WORKING_ARGZ 1
| #define HAVE_PRELOADED_SYMBOLS 1
| #define HAVE_UNISTD_H 1
| /* end confdefs.h.  */
| #include <stdio.h>
| #ifdef HAVE_SYS_TYPES_H
| # include <sys/types.h>
| #endif
| #ifdef HAVE_SYS_STAT_H
| # include <sys/stat.h>
| #endif
| #ifdef STDC_HEADERS
| # include <stdlib.h>
| # include <stddef.h>
| #else
| # ifdef HAVE_STDLIB_H
| #  include <stdlib.h>
| # endif
| #endif
| #ifdef HAVE_STRING_H
| # if !defined STDC_HEADERS && defined HAVE_MEMORY_H
| #  include <memory.h>
| # endif
| # include <string.h>
| #endif
| #ifdef HAVE_STRINGS_H
| # include <strings.h>
| #endif
| #ifdef HAVE_INTTYPES_H
| # include <inttypes.h>
| #endif
| #ifdef HAVE_STDINT_H
| # include <stdint.h>
| #endif
| #ifdef HAVE_UNISTD_H
| # include <unistd.h>
| #endif
| 
| #include <sys/dl.h>
configure:13287: result: no
configure:13242: checking for dld.h
configure:13263: arm-softfloat-linux-gnueabi-gcc -c -O2 -mcpu=arm926ej-s -pipe -fomit-frame-pointer -msoft-float -mfloat-abi=soft -mabi=aapcs-linux  conftest.c >&5
conftest.c:74:17: error: dld.h: No such file or directory
configure:13270: $? = 1
configure: failed program was:
| /* confdefs.h.  */
| #define PACKAGE_NAME "libtool"
| #define PACKAGE_TARNAME "libtool"
| #define PACKAGE_VERSION "2.2.6b"
| #define PACKAGE_STRING "libtool 2.2.6b"
| #define PACKAGE_BUGREPORT "bug-libtool@gnu.org"
| #define PACKAGE "libtool"
| #define VERSION "2.2.6b"
| #define STDC_HEADERS 1
| #define HAVE_SYS_TYPES_H 1
| #define HAVE_SYS_STAT_H 1
| #define HAVE_STDLIB_H 1
| #define HAVE_STRING_H 1
| #define HAVE_MEMORY_H 1
| #define HAVE_STRINGS_H 1
| #define HAVE_INTTYPES_H 1
| #define HAVE_STDINT_H 1
| #define HAVE_UNISTD_H 1
| #define HAVE_DLFCN_H 1
| #define LT_OBJDIR ".libs/"
| #define LT_MODULE_EXT ".so"
| #define LT_MODULE_PATH_VAR "LD_LIBRARY_PATH"
| #define LT_DLSEARCH_PATH "/lib:/usr/lib:/usr/local/lib:/usr/arm-softfloat-linux-gnueabi/lib:/usr/lib/gcc/arm-softfloat-linux-gnueabi/4.3.2:/usr/lib/gcc/arm-softfloat-linux-gnueabi/4.1.2"
| #define HAVE_LIBDL 1
| #define HAVE_DLERROR 1
| #define HAVE_LIBDLLOADER 1
| #define HAVE_ARGZ_H 1
| #define HAVE_ERROR_T 1
| #define HAVE_ARGZ_ADD 1
| #define HAVE_ARGZ_APPEND 1
| #define HAVE_ARGZ_COUNT 1
| #define HAVE_ARGZ_CREATE_SEP 1
| #define HAVE_ARGZ_INSERT 1
| #define HAVE_ARGZ_NEXT 1
| #define HAVE_ARGZ_STRINGIFY 1
| #define HAVE_WORKING_ARGZ 1
| #define HAVE_PRELOADED_SYMBOLS 1
| #define HAVE_UNISTD_H 1
| /* end confdefs.h.  */
| #include <stdio.h>
| #ifdef HAVE_SYS_TYPES_H
| # include <sys/types.h>
| #endif
| #ifdef HAVE_SYS_STAT_H
| # include <sys/stat.h>
| #endif
| #ifdef STDC_HEADERS
| # include <stdlib.h>
| # include <stddef.h>
| #else
| # ifdef HAVE_STDLIB_H
| #  include <stdlib.h>
| # endif
| #endif
| #ifdef HAVE_STRING_H
| # if !defined STDC_HEADERS && defined HAVE_MEMORY_H
| #  include <memory.h>
| # endif
| # include <string.h>
| #endif
| #ifdef HAVE_STRINGS_H
| # include <strings.h>
| #endif
| #ifdef HAVE_INTTYPES_H
| # include <inttypes.h>
| #endif
| #ifdef HAVE_STDINT_H
| # include <stdint.h>
| #endif
| #ifdef HAVE_UNISTD_H
| # include <unistd.h>
| #endif
| 
| #include <dld.h>
configure:13287: result: no
configure:13242: checking for mach-o/dyld.h
configure:13263: arm-softfloat-linux-gnueabi-gcc -c -O2 -mcpu=arm926ej-s -pipe -fomit-frame-pointer -msoft-float -mfloat-abi=soft -mabi=aapcs-linux  conftest.c >&5
conftest.c:74:25: error: mach-o/dyld.h: No such file or directory
configure:13270: $? = 1
configure: failed program was:
| /* confdefs.h.  */
| #define PACKAGE_NAME "libtool"
| #define PACKAGE_TARNAME "libtool"
| #define PACKAGE_VERSION "2.2.6b"
| #define PACKAGE_STRING "libtool 2.2.6b"
| #define PACKAGE_BUGREPORT "bug-libtool@gnu.org"
| #define PACKAGE "libtool"
| #define VERSION "2.2.6b"
| #define STDC_HEADERS 1
| #define HAVE_SYS_TYPES_H 1
| #define HAVE_SYS_STAT_H 1
| #define HAVE_STDLIB_H 1
| #define HAVE_STRING_H 1
| #define HAVE_MEMORY_H 1
| #define HAVE_STRINGS_H 1
| #define HAVE_INTTYPES_H 1
| #define HAVE_STDINT_H 1
| #define HAVE_UNISTD_H 1
| #define HAVE_DLFCN_H 1
| #define LT_OBJDIR ".libs/"
| #define LT_MODULE_EXT ".so"
| #define LT_MODULE_PATH_VAR "LD_LIBRARY_PATH"
| #define LT_DLSEARCH_PATH "/lib:/usr/lib:/usr/local/lib:/usr/arm-softfloat-linux-gnueabi/lib:/usr/lib/gcc/arm-softfloat-linux-gnueabi/4.3.2:/usr/lib/gcc/arm-softfloat-linux-gnueabi/4.1.2"
| #define HAVE_LIBDL 1
| #define HAVE_DLERROR 1
| #define HAVE_LIBDLLOADER 1
| #define HAVE_ARGZ_H 1
| #define HAVE_ERROR_T 1
| #define HAVE_ARGZ_ADD 1
| #define HAVE_ARGZ_APPEND 1
| #define HAVE_ARGZ_COUNT 1
| #define HAVE_ARGZ_CREATE_SEP 1
| #define HAVE_ARGZ_INSERT 1
| #define HAVE_ARGZ_NEXT 1
| #define HAVE_ARGZ_STRINGIFY 1
| #define HAVE_WORKING_ARGZ 1
| #define HAVE_PRELOADED_SYMBOLS 1
| #define HAVE_UNISTD_H 1
| /* end confdefs.h.  */
| #include <stdio.h>
| #ifdef HAVE_SYS_TYPES_H
| # include <sys/types.h>
| #endif
| #ifdef HAVE_SYS_STAT_H
| # include <sys/stat.h>
| #endif
| #ifdef STDC_HEADERS
| # include <stdlib.h>
| # include <stddef.h>
| #else
| # ifdef HAVE_STDLIB_H
| #  include <stdlib.h>
| # endif
| #endif
| #ifdef HAVE_STRING_H
| # if !defined STDC_HEADERS && defined HAVE_MEMORY_H
| #  include <memory.h>
| # endif
| # include <string.h>
| #endif
| #ifdef HAVE_STRINGS_H
| # include <strings.h>
| #endif
| #ifdef HAVE_INTTYPES_H
| # include <inttypes.h>
| #endif
| #ifdef HAVE_STDINT_H
| # include <stdint.h>
| #endif
| #ifdef HAVE_UNISTD_H
| # include <unistd.h>
| #endif
| 
| #include <mach-o/dyld.h>
configure:13287: result: no
configure:13242: checking for dirent.h
configure:13263: arm-softfloat-linux-gnueabi-gcc -c -O2 -mcpu=arm926ej-s -pipe -fomit-frame-pointer -msoft-float -mfloat-abi=soft -mabi=aapcs-linux  conftest.c >&5
configure:13270: $? = 0
configure:13287: result: yes
configure:13307: checking for closedir
configure:13363: arm-softfloat-linux-gnueabi-gcc -o conftest -O2 -mcpu=arm926ej-s -pipe -fomit-frame-pointer -msoft-float -mfloat-abi=soft -mabi=aapcs-linux  -Wl,-O1 conftest.c -ldl  >&5
configure:13370: $? = 0
configure:13392: result: yes
configure:13307: checking for opendir
configure:13363: arm-softfloat-linux-gnueabi-gcc -o conftest -O2 -mcpu=arm926ej-s -pipe -fomit-frame-pointer -msoft-float -mfloat-abi=soft -mabi=aapcs-linux  -Wl,-O1 conftest.c -ldl  >&5
configure:13370: $? = 0
configure:13392: result: yes
configure:13307: checking for readdir
configure:13363: arm-softfloat-linux-gnueabi-gcc -o conftest -O2 -mcpu=arm926ej-s -pipe -fomit-frame-pointer -msoft-float -mfloat-abi=soft -mabi=aapcs-linux  -Wl,-O1 conftest.c -ldl  >&5
configure:13370: $? = 0
configure:13392: result: yes
configure:13416: checking for strlcat
configure:13472: arm-softfloat-linux-gnueabi-gcc -o conftest -O2 -mcpu=arm926ej-s -pipe -fomit-frame-pointer -msoft-float -mfloat-abi=soft -mabi=aapcs-linux  -Wl,-O1 conftest.c -ldl  >&5
/var/tmp/portage/sys-devel/libtool-2.2.6b/temp/ccnuXOpy.o: In function `main':
conftest.c:(.text+0x8): undefined reference to `strlcat'
collect2: ld returned 1 exit status
configure:13479: $? = 1
configure: failed program was:
| /* confdefs.h.  */
| #define PACKAGE_NAME "libtool"
| #define PACKAGE_TARNAME "libtool"
| #define PACKAGE_VERSION "2.2.6b"
| #define PACKAGE_STRING "libtool 2.2.6b"
| #define PACKAGE_BUGREPORT "bug-libtool@gnu.org"
| #define PACKAGE "libtool"
| #define VERSION "2.2.6b"
| #define STDC_HEADERS 1
| #define HAVE_SYS_TYPES_H 1
| #define HAVE_SYS_STAT_H 1
| #define HAVE_STDLIB_H 1
| #define HAVE_STRING_H 1
| #define HAVE_MEMORY_H 1
| #define HAVE_STRINGS_H 1
| #define HAVE_INTTYPES_H 1
| #define HAVE_STDINT_H 1
| #define HAVE_UNISTD_H 1
| #define HAVE_DLFCN_H 1
| #define LT_OBJDIR ".libs/"
| #define LT_MODULE_EXT ".so"
| #define LT_MODULE_PATH_VAR "LD_LIBRARY_PATH"
| #define LT_DLSEARCH_PATH "/lib:/usr/lib:/usr/local/lib:/usr/arm-softfloat-linux-gnueabi/lib:/usr/lib/gcc/arm-softfloat-linux-gnueabi/4.3.2:/usr/lib/gcc/arm-softfloat-linux-gnueabi/4.1.2"
| #define HAVE_LIBDL 1
| #define HAVE_DLERROR 1
| #define HAVE_LIBDLLOADER 1
| #define HAVE_ARGZ_H 1
| #define HAVE_ERROR_T 1
| #define HAVE_ARGZ_ADD 1
| #define HAVE_ARGZ_APPEND 1
| #define HAVE_ARGZ_COUNT 1
| #define HAVE_ARGZ_CREATE_SEP 1
| #define HAVE_ARGZ_INSERT 1
| #define HAVE_ARGZ_NEXT 1
| #define HAVE_ARGZ_STRINGIFY 1
| #define HAVE_WORKING_ARGZ 1
| #define HAVE_PRELOADED_SYMBOLS 1
| #define HAVE_UNISTD_H 1
| #define HAVE_DIRENT_H 1
| #define HAVE_CLOSEDIR 1
| #define HAVE_OPENDIR 1
| #define HAVE_READDIR 1
| /* end confdefs.h.  */
| /* Define strlcat to an innocuous variant, in case <limits.h> declares strlcat.
|    For example, HP-UX 11i <limits.h> declares gettimeofday.  */
| #define strlcat innocuous_strlcat
| 
| /* System header to define __stub macros and hopefully few prototypes,
|     which can conflict with char strlcat (); below.
|     Prefer <limits.h> to <assert.h> if __STDC__ is defined, since
|     <limits.h> exists even on freestanding compilers.  */
| 
| #ifdef __STDC__
| # include <limits.h>
| #else
| # include <assert.h>
| #endif
| 
| #undef strlcat
| 
| /* Override any GCC internal prototype to avoid an error.
|    Use char because int might match the return type of a GCC
|    builtin and then its argument prototype would still apply.  */
| #ifdef __cplusplus
| extern "C"
| #endif
| char strlcat ();
| /* The GNU C library defines this for functions which it implements
|     to always fail with ENOSYS.  Some functions are actually named
|     something starting with __ and the normal name is an alias.  */
| #if defined __stub_strlcat || defined __stub___strlcat
| choke me
| #endif
| 
| int
| main ()
| {
| return strlcat ();
|   ;
|   return 0;
| }
configure:13501: result: no
configure:13416: checking for strlcpy
configure:13472: arm-softfloat-linux-gnueabi-gcc -o conftest -O2 -mcpu=arm926ej-s -pipe -fomit-frame-pointer -msoft-float -mfloat-abi=soft -mabi=aapcs-linux  -Wl,-O1 conftest.c -ldl  >&5
/var/tmp/portage/sys-devel/libtool-2.2.6b/temp/cclhHmS0.o: In function `main':
conftest.c:(.text+0x8): undefined reference to `strlcpy'
collect2: ld returned 1 exit status
configure:13479: $? = 1
configure: failed program was:
| /* confdefs.h.  */
| #define PACKAGE_NAME "libtool"
| #define PACKAGE_TARNAME "libtool"
| #define PACKAGE_VERSION "2.2.6b"
| #define PACKAGE_STRING "libtool 2.2.6b"
| #define PACKAGE_BUGREPORT "bug-libtool@gnu.org"
| #define PACKAGE "libtool"
| #define VERSION "2.2.6b"
| #define STDC_HEADERS 1
| #define HAVE_SYS_TYPES_H 1
| #define HAVE_SYS_STAT_H 1
| #define HAVE_STDLIB_H 1
| #define HAVE_STRING_H 1
| #define HAVE_MEMORY_H 1
| #define HAVE_STRINGS_H 1
| #define HAVE_INTTYPES_H 1
| #define HAVE_STDINT_H 1
| #define HAVE_UNISTD_H 1
| #define HAVE_DLFCN_H 1
| #define LT_OBJDIR ".libs/"
| #define LT_MODULE_EXT ".so"
| #define LT_MODULE_PATH_VAR "LD_LIBRARY_PATH"
| #define LT_DLSEARCH_PATH "/lib:/usr/lib:/usr/local/lib:/usr/arm-softfloat-linux-gnueabi/lib:/usr/lib/gcc/arm-softfloat-linux-gnueabi/4.3.2:/usr/lib/gcc/arm-softfloat-linux-gnueabi/4.1.2"
| #define HAVE_LIBDL 1
| #define HAVE_DLERROR 1
| #define HAVE_LIBDLLOADER 1
| #define HAVE_ARGZ_H 1
| #define HAVE_ERROR_T 1
| #define HAVE_ARGZ_ADD 1
| #define HAVE_ARGZ_APPEND 1
| #define HAVE_ARGZ_COUNT 1
| #define HAVE_ARGZ_CREATE_SEP 1
| #define HAVE_ARGZ_INSERT 1
| #define HAVE_ARGZ_NEXT 1
| #define HAVE_ARGZ_STRINGIFY 1
| #define HAVE_WORKING_ARGZ 1
| #define HAVE_PRELOADED_SYMBOLS 1
| #define HAVE_UNISTD_H 1
| #define HAVE_DIRENT_H 1
| #define HAVE_CLOSEDIR 1
| #define HAVE_OPENDIR 1
| #define HAVE_READDIR 1
| /* end confdefs.h.  */
| /* Define strlcpy to an innocuous variant, in case <limits.h> declares strlcpy.
|    For example, HP-UX 11i <limits.h> declares gettimeofday.  */
| #define strlcpy innocuous_strlcpy
| 
| /* System header to define __stub macros and hopefully few prototypes,
|     which can conflict with char strlcpy (); below.
|     Prefer <limits.h> to <assert.h> if __STDC__ is defined, since
|     <limits.h> exists even on freestanding compilers.  */
| 
| #ifdef __STDC__
| # include <limits.h>
| #else
| # include <assert.h>
| #endif
| 
| #undef strlcpy
| 
| /* Override any GCC internal prototype to avoid an error.
|    Use char because int might match the return type of a GCC
|    builtin and then its argument prototype would still apply.  */
| #ifdef __cplusplus
| extern "C"
| #endif
| char strlcpy ();
| /* The GNU C library defines this for functions which it implements
|     to always fail with ENOSYS.  Some functions are actually named
|     something starting with __ and the normal name is an alias.  */
| #if defined __stub_strlcpy || defined __stub___strlcpy
| choke me
| #endif
| 
| int
| main ()
| {
| return strlcpy ();
|   ;
|   return 0;
| }
configure:13501: result: no
configure:13549: checking for arm-softfloat-linux-gnueabi-g++
configure:13565: found /usr/bin/arm-softfloat-linux-gnueabi-g++
configure:13576: result: arm-softfloat-linux-gnueabi-g++
configure:13647: checking for C++ compiler version
configure:13655: arm-softfloat-linux-gnueabi-g++ --version >&5
arm-softfloat-linux-gnueabi-g++ (Gentoo 4.3.2-r4 p1.7, pie-10.1.5) 4.3.2
Copyright (C) 2008 Free Software Foundation, Inc.
This is free software; see the source for copying conditions.  There is NO
warranty; not even for MERCHANTABILITY or FITNESS FOR A PARTICULAR PURPOSE.

configure:13659: $? = 0
configure:13666: arm-softfloat-linux-gnueabi-g++ -v >&5
Using built-in specs.
Target: arm-softfloat-linux-gnueabi
Configured with: /var/tmp/portage/sys-devel/gcc-4.3.2-r4/work/gcc-4.3.2/configure --prefix=/usr --bindir=/usr/arm-softfloat-linux-gnueabi/gcc-bin/4.3.2 --includedir=/usr/lib/gcc/arm-softfloat-linux-gnueabi/4.3.2/include --datadir=/usr/share/gcc-data/arm-softfloat-linux-gnueabi/4.3.2 --mandir=/usr/share/gcc-data/arm-softfloat-linux-gnueabi/4.3.2/man --infodir=/usr/share/gcc-data/arm-softfloat-linux-gnueabi/4.3.2/info --with-gxx-include-dir=/usr/lib/gcc/arm-softfloat-linux-gnueabi/4.3.2/include/g++-v4 --host=arm-softfloat-linux-gnueabi --build=arm-softfloat-linux-gnueabi --disable-altivec --disable-fixed-point --with-float=soft --enable-nls --without-included-gettext --with-system-zlib --disable-checking --disable-werror --enable-secureplt --disable-multilib --enable-libmudflap --disable-libssp --enable-libgomp --disable-libgcj --enable-languages=c,c++,treelang --enable-shared --enable-threads=posix --enable-__cxa_atexit --enable-clocale=gnu --with-bugurl=http://bugs.gentoo.org/ --with-pkgversion='Gentoo 4.3.2-r4 p1.7, pie-10.1.5'
Thread model: posix
gcc version 4.3.2 (Gentoo 4.3.2-r4 p1.7, pie-10.1.5) 
configure:13670: $? = 0
configure:13677: arm-softfloat-linux-gnueabi-g++ -V >&5
arm-softfloat-linux-gnueabi-g++: '-V' option must have argument
configure:13681: $? = 1
configure:13684: checking whether we are using the GNU C++ compiler
configure:13713: arm-softfloat-linux-gnueabi-g++ -c -O2 -mcpu=arm926ej-s -pipe -fomit-frame-pointer -msoft-float -mfloat-abi=soft -mabi=aapcs-linux  conftest.cpp >&5
configure:13720: $? = 0
configure:13737: result: yes
configure:13746: checking whether arm-softfloat-linux-gnueabi-g++ accepts -g
configure:13776: arm-softfloat-linux-gnueabi-g++ -c -g  conftest.cpp >&5
configure:13783: $? = 0
configure:13884: result: yes
configure:13909: checking dependency style of arm-softfloat-linux-gnueabi-g++
configure:14000: result: gcc3
configure:14023: checking how to run the C++ preprocessor
configure:14059: arm-softfloat-linux-gnueabi-g++ -E  conftest.cpp
configure:14066: $? = 0
configure:14097: arm-softfloat-linux-gnueabi-g++ -E  conftest.cpp
conftest.cpp:45:28: error: ac_nonexistent.h: No such file or directory
configure:14104: $? = 1
configure: failed program was:
| /* confdefs.h.  */
| #define PACKAGE_NAME "libtool"
| #define PACKAGE_TARNAME "libtool"
| #define PACKAGE_VERSION "2.2.6b"
| #define PACKAGE_STRING "libtool 2.2.6b"
| #define PACKAGE_BUGREPORT "bug-libtool@gnu.org"
| #define PACKAGE "libtool"
| #define VERSION "2.2.6b"
| #define STDC_HEADERS 1
| #define HAVE_SYS_TYPES_H 1
| #define HAVE_SYS_STAT_H 1
| #define HAVE_STDLIB_H 1
| #define HAVE_STRING_H 1
| #define HAVE_MEMORY_H 1
| #define HAVE_STRINGS_H 1
| #define HAVE_INTTYPES_H 1
| #define HAVE_STDINT_H 1
| #define HAVE_UNISTD_H 1
| #define HAVE_DLFCN_H 1
| #define LT_OBJDIR ".libs/"
| #define LT_MODULE_EXT ".so"
| #define LT_MODULE_PATH_VAR "LD_LIBRARY_PATH"
| #define LT_DLSEARCH_PATH "/lib:/usr/lib:/usr/local/lib:/usr/arm-softfloat-linux-gnueabi/lib:/usr/lib/gcc/arm-softfloat-linux-gnueabi/4.3.2:/usr/lib/gcc/arm-softfloat-linux-gnueabi/4.1.2"
| #define HAVE_LIBDL 1
| #define HAVE_DLERROR 1
| #define HAVE_LIBDLLOADER 1
| #define HAVE_ARGZ_H 1
| #define HAVE_ERROR_T 1
| #define HAVE_ARGZ_ADD 1
| #define HAVE_ARGZ_APPEND 1
| #define HAVE_ARGZ_COUNT 1
| #define HAVE_ARGZ_CREATE_SEP 1
| #define HAVE_ARGZ_INSERT 1
| #define HAVE_ARGZ_NEXT 1
| #define HAVE_ARGZ_STRINGIFY 1
| #define HAVE_WORKING_ARGZ 1
| #define HAVE_PRELOADED_SYMBOLS 1
| #define HAVE_UNISTD_H 1
| #define HAVE_DIRENT_H 1
| #define HAVE_CLOSEDIR 1
| #define HAVE_OPENDIR 1
| #define HAVE_READDIR 1
| #define LT_LIBEXT "a"
| /* end confdefs.h.  */
| #include <ac_nonexistent.h>
configure:14137: result: arm-softfloat-linux-gnueabi-g++ -E
configure:14166: arm-softfloat-linux-gnueabi-g++ -E  conftest.cpp
configure:14173: $? = 0
configure:14204: arm-softfloat-linux-gnueabi-g++ -E  conftest.cpp
conftest.cpp:45:28: error: ac_nonexistent.h: No such file or directory
configure:14211: $? = 1
configure: failed program was:
| /* confdefs.h.  */
| #define PACKAGE_NAME "libtool"
| #define PACKAGE_TARNAME "libtool"
| #define PACKAGE_VERSION "2.2.6b"
| #define PACKAGE_STRING "libtool 2.2.6b"
| #define PACKAGE_BUGREPORT "bug-libtool@gnu.org"
| #define PACKAGE "libtool"
| #define VERSION "2.2.6b"
| #define STDC_HEADERS 1
| #define HAVE_SYS_TYPES_H 1
| #define HAVE_SYS_STAT_H 1
| #define HAVE_STDLIB_H 1
| #define HAVE_STRING_H 1
| #define HAVE_MEMORY_H 1
| #define HAVE_STRINGS_H 1
| #define HAVE_INTTYPES_H 1
| #define HAVE_STDINT_H 1
| #define HAVE_UNISTD_H 1
| #define HAVE_DLFCN_H 1
| #define LT_OBJDIR ".libs/"
| #define LT_MODULE_EXT ".so"
| #define LT_MODULE_PATH_VAR "LD_LIBRARY_PATH"
| #define LT_DLSEARCH_PATH "/lib:/usr/lib:/usr/local/lib:/usr/arm-softfloat-linux-gnueabi/lib:/usr/lib/gcc/arm-softfloat-linux-gnueabi/4.3.2:/usr/lib/gcc/arm-softfloat-linux-gnueabi/4.1.2"
| #define HAVE_LIBDL 1
| #define HAVE_DLERROR 1
| #define HAVE_LIBDLLOADER 1
| #define HAVE_ARGZ_H 1
| #define HAVE_ERROR_T 1
| #define HAVE_ARGZ_ADD 1
| #define HAVE_ARGZ_APPEND 1
| #define HAVE_ARGZ_COUNT 1
| #define HAVE_ARGZ_CREATE_SEP 1
| #define HAVE_ARGZ_INSERT 1
| #define HAVE_ARGZ_NEXT 1
| #define HAVE_ARGZ_STRINGIFY 1
| #define HAVE_WORKING_ARGZ 1
| #define HAVE_PRELOADED_SYMBOLS 1
| #define HAVE_UNISTD_H 1
| #define HAVE_DIRENT_H 1
| #define HAVE_CLOSEDIR 1
| #define HAVE_OPENDIR 1
| #define HAVE_READDIR 1
| #define LT_LIBEXT "a"
| /* end confdefs.h.  */
| #include <ac_nonexistent.h>
configure:14387: checking for ld used by arm-softfloat-linux-gnueabi-g++
configure:14454: result: /usr/arm-softfloat-linux-gnueabi/bin/ld
configure:14463: checking if the linker (/usr/arm-softfloat-linux-gnueabi/bin/ld) is GNU ld
configure:14478: result: yes
configure:14533: checking whether the arm-softfloat-linux-gnueabi-g++ linker (/usr/arm-softfloat-linux-gnueabi/bin/ld) supports shared libraries
configure:15508: result: yes
configure:15536: arm-softfloat-linux-gnueabi-g++ -c -O2 -mcpu=arm926ej-s -pipe -fomit-frame-pointer -msoft-float -mfloat-abi=soft -mabi=aapcs-linux  conftest.cpp >&5
configure:15539: $? = 0
configure:15721: checking for arm-softfloat-linux-gnueabi-g++ option to produce PIC
configure:16038: result: -fPIC -DPIC
configure:16047: checking if arm-softfloat-linux-gnueabi-g++ PIC flag -fPIC -DPIC works
configure:16065: arm-softfloat-linux-gnueabi-g++ -c -O2 -mcpu=arm926ej-s -pipe -fomit-frame-pointer -msoft-float -mfloat-abi=soft -mabi=aapcs-linux  -fPIC -DPIC -DPIC conftest.cpp >&5
configure:16069: $? = 0
configure:16082: result: yes
configure:16103: checking if arm-softfloat-linux-gnueabi-g++ static flag -static works
configure:16131: result: yes
configure:16143: checking if arm-softfloat-linux-gnueabi-g++ supports -c -o file.o
configure:16164: arm-softfloat-linux-gnueabi-g++ -c -O2 -mcpu=arm926ej-s -pipe -fomit-frame-pointer -msoft-float -mfloat-abi=soft -mabi=aapcs-linux  -o out/conftest2.o conftest.cpp >&5
configure:16168: $? = 0
configure:16190: result: yes
configure:16195: checking if arm-softfloat-linux-gnueabi-g++ supports -c -o file.o
configure:16242: result: yes
configure:16272: checking whether the arm-softfloat-linux-gnueabi-g++ linker (/usr/arm-softfloat-linux-gnueabi/bin/ld) supports shared libraries
configure:16298: result: yes
configure:16435: checking dynamic linker characteristics
configure:16839: arm-softfloat-linux-gnueabi-g++ -o conftest -O2 -mcpu=arm926ej-s -pipe -fomit-frame-pointer -msoft-float -mfloat-abi=soft -mabi=aapcs-linux  -Wl,-O1 -Wl,-rpath -Wl,/foo conftest.cpp -ldl  >&5
configure:16846: $? = 0
configure:17079: result: GNU/Linux ld.so
configure:17130: checking how to hardcode library paths into programs
configure:17155: result: immediate
configure:17205: checking for arm-softfloat-linux-gnueabi-g77
configure:17235: result: no
configure:17205: checking for arm-softfloat-linux-gnueabi-xlf
configure:17235: result: no
configure:17205: checking for arm-softfloat-linux-gnueabi-f77
configure:17235: result: no
configure:17205: checking for arm-softfloat-linux-gnueabi-frt
configure:17235: result: no
configure:17205: checking for arm-softfloat-linux-gnueabi-pgf77
configure:17235: result: no
configure:17205: checking for arm-softfloat-linux-gnueabi-cf77
configure:17235: result: no
configure:17205: checking for arm-softfloat-linux-gnueabi-fort77
configure:17235: result: no
configure:17205: checking for arm-softfloat-linux-gnueabi-fl32
configure:17235: result: no
configure:17205: checking for arm-softfloat-linux-gnueabi-af77
configure:17235: result: no
configure:17205: checking for arm-softfloat-linux-gnueabi-xlf90
configure:17235: result: no
configure:17205: checking for arm-softfloat-linux-gnueabi-f90
configure:17235: result: no
configure:17205: checking for arm-softfloat-linux-gnueabi-pgf90
configure:17235: result: no
configure:17205: checking for arm-softfloat-linux-gnueabi-pghpf
configure:17235: result: no
configure:17205: checking for arm-softfloat-linux-gnueabi-epcf90
configure:17235: result: no
configure:17205: checking for arm-softfloat-linux-gnueabi-gfortran
configure:17235: result: no
configure:17205: checking for arm-softfloat-linux-gnueabi-g95
configure:17235: result: no
configure:17205: checking for arm-softfloat-linux-gnueabi-xlf95
configure:17235: result: no
configure:17205: checking for arm-softfloat-linux-gnueabi-f95
configure:17235: result: no
configure:17205: checking for arm-softfloat-linux-gnueabi-fort
configure:17235: result: no
configure:17205: checking for arm-softfloat-linux-gnueabi-ifort
configure:17235: result: no
configure:17205: checking for arm-softfloat-linux-gnueabi-ifc
configure:17235: result: no
configure:17205: checking for arm-softfloat-linux-gnueabi-efc
configure:17235: result: no
configure:17205: checking for arm-softfloat-linux-gnueabi-pgf95
configure:17235: result: no
configure:17205: checking for arm-softfloat-linux-gnueabi-lf95
configure:17235: result: no
configure:17205: checking for arm-softfloat-linux-gnueabi-ftn
configure:17235: result: no
configure:17249: checking for g77
configure:17279: result: no
configure:17249: checking for xlf
configure:17279: result: no
configure:17249: checking for f77
configure:17279: result: no
configure:17249: checking for frt
configure:17279: result: no
configure:17249: checking for pgf77
configure:17279: result: no
configure:17249: checking for cf77
configure:17279: result: no
configure:17249: checking for fort77
configure:17279: result: no
configure:17249: checking for fl32
configure:17279: result: no
configure:17249: checking for af77
configure:17279: result: no
configure:17249: checking for xlf90
configure:17279: result: no
configure:17249: checking for f90
configure:17279: result: no
configure:17249: checking for pgf90
configure:17279: result: no
configure:17249: checking for pghpf
configure:17279: result: no
configure:17249: checking for epcf90
configure:17279: result: no
configure:17249: checking for gfortran
configure:17279: result: no
configure:17249: checking for g95
configure:17279: result: no
configure:17249: checking for xlf95
configure:17279: result: no
configure:17249: checking for f95
configure:17279: result: no
configure:17249: checking for fort
configure:17279: result: no
configure:17249: checking for ifort
configure:17279: result: no
configure:17249: checking for ifc
configure:17279: result: no
configure:17249: checking for efc
configure:17279: result: no
configure:17249: checking for pgf95
configure:17279: result: no
configure:17249: checking for lf95
configure:17279: result: no
configure:17249: checking for ftn
configure:17279: result: no
configure:17302: checking for Fortran 77 compiler version
configure:17310:  --version >&5
./configure: line 17312: --version: command not found
configure:17314: $? = 127
configure:17321:  -v >&5
./configure: line 17323: -v: command not found
configure:17325: $? = 127
configure:17332:  -V >&5
./configure: line 17334: -V: command not found
configure:17336: $? = 127
configure:17344: checking whether we are using the GNU Fortran 77 compiler
configure:17363:  -c  conftest.F >&5
./configure: line 17365: -c: command not found
configure:17370: $? = 127
configure: failed program was:
|       program main
| #ifndef __GNUC__
|        choke me
| #endif
| 
|       end
configure:17387: result: no
configure:17393: checking whether  accepts -g
configure:17410:  -c -g conftest.f >&5
./configure: line 17412: -c: command not found
configure:17417: $? = 127
configure: failed program was:
|       program main
| 
|       end
configure:17433: result: no
configure:20065: checking for arm-softfloat-linux-gnueabi-gfortran
configure:20095: result: no
configure:20065: checking for arm-softfloat-linux-gnueabi-g95
configure:20095: result: no
configure:20065: checking for arm-softfloat-linux-gnueabi-xlf95
configure:20095: result: no
configure:20065: checking for arm-softfloat-linux-gnueabi-f95
configure:20095: result: no
configure:20065: checking for arm-softfloat-linux-gnueabi-fort
configure:20095: result: no
configure:20065: checking for arm-softfloat-linux-gnueabi-ifort
configure:20095: result: no
configure:20065: checking for arm-softfloat-linux-gnueabi-ifc
configure:20095: result: no
configure:20065: checking for arm-softfloat-linux-gnueabi-efc
configure:20095: result: no
configure:20065: checking for arm-softfloat-linux-gnueabi-pgf95
configure:20095: result: no
configure:20065: checking for arm-softfloat-linux-gnueabi-lf95
configure:20095: result: no
configure:20065: checking for arm-softfloat-linux-gnueabi-ftn
configure:20095: result: no
configure:20065: checking for arm-softfloat-linux-gnueabi-xlf90
configure:20095: result: no
configure:20065: checking for arm-softfloat-linux-gnueabi-f90
configure:20095: result: no
configure:20065: checking for arm-softfloat-linux-gnueabi-pgf90
configure:20095: result: no
configure:20065: checking for arm-softfloat-linux-gnueabi-pghpf
configure:20095: result: no
configure:20065: checking for arm-softfloat-linux-gnueabi-epcf90
configure:20095: result: no
configure:20065: checking for arm-softfloat-linux-gnueabi-g77
configure:20095: result: no
configure:20065: checking for arm-softfloat-linux-gnueabi-xlf
configure:20095: result: no
configure:20065: checking for arm-softfloat-linux-gnueabi-f77
configure:20095: result: no
configure:20065: checking for arm-softfloat-linux-gnueabi-frt
configure:20095: result: no
configure:20065: checking for arm-softfloat-linux-gnueabi-pgf77
configure:20095: result: no
configure:20065: checking for arm-softfloat-linux-gnueabi-cf77
configure:20095: result: no
configure:20065: checking for arm-softfloat-linux-gnueabi-fort77
configure:20095: result: no
configure:20065: checking for arm-softfloat-linux-gnueabi-fl32
configure:20095: result: no
configure:20065: checking for arm-softfloat-linux-gnueabi-af77
configure:20095: result: no
configure:20109: checking for gfortran
configure:20139: result: no
configure:20109: checking for g95
configure:20139: result: no
configure:20109: checking for xlf95
configure:20139: result: no
configure:20109: checking for f95
configure:20139: result: no
configure:20109: checking for fort
configure:20139: result: no
configure:20109: checking for ifort
configure:20139: result: no
configure:20109: checking for ifc
configure:20139: result: no
configure:20109: checking for efc
configure:20139: result: no
configure:20109: checking for pgf95
configure:20139: result: no
configure:20109: checking for lf95
configure:20139: result: no
configure:20109: checking for ftn
configure:20139: result: no
configure:20109: checking for xlf90
configure:20139: result: no
configure:20109: checking for f90
configure:20139: result: no
configure:20109: checking for pgf90
configure:20139: result: no
configure:20109: checking for pghpf
configure:20139: result: no
configure:20109: checking for epcf90
configure:20139: result: no
configure:20109: checking for g77
configure:20139: result: no
configure:20109: checking for xlf
configure:20139: result: no
configure:20109: checking for f77
configure:20139: result: no
configure:20109: checking for frt
configure:20139: result: no
configure:20109: checking for pgf77
configure:20139: result: no
configure:20109: checking for cf77
configure:20139: result: no
configure:20109: checking for fort77
configure:20139: result: no
configure:20109: checking for fl32
configure:20139: result: no
configure:20109: checking for af77
configure:20139: result: no
configure:20162: checking for Fortran compiler version
configure:20170:  --version >&5
./configure: line 20172: --version: command not found
configure:20174: $? = 127
configure:20181:  -v >&5
./configure: line 20183: -v: command not found
configure:20185: $? = 127
configure:20192:  -V >&5
./configure: line 20194: -V: command not found
configure:20196: $? = 127
configure:20204: checking whether we are using the GNU Fortran compiler
configure:20223:  -c   conftest.F >&5
./configure: line 20225: -c: command not found
configure:20230: $? = 127
configure: failed program was:
|       program main
| #ifndef __GNUC__
|        choke me
| #endif
| 
|       end
configure:20247: result: no
configure:20253: checking whether  accepts -g
configure:20270:  -c -g  conftest.f >&5
./configure: line 20272: -c: command not found
configure:20277: $? = 127
configure: failed program was:
|       program main
| 
|       end
configure:20293: result: no
configure:23039: checking for arm-softfloat-linux-gnueabi-gcj
configure:23069: result: no
configure:23079: checking for gcj
configure:23109: result: no
configure:25039: checking for arm-softfloat-linux-gnueabi-windres
configure:25069: result: no
configure:25079: checking for windres
configure:25109: result: no
configure:25442: creating ./config.status

## ---------------------- ##
## Running config.status. ##
## ---------------------- ##

This file was extended by libtool config.status 2.2.6b, which was
generated by GNU Autoconf 2.63.  Invocation command line was

  CONFIG_FILES    = 
  CONFIG_HEADERS  = 
  CONFIG_LINKS    = 
  CONFIG_COMMANDS = 
  $ ./config.status 

on LS-XHLF9F

config.status:1315: creating Makefile
config.status:1315: creating config.h
config.status:1589: executing tests/atconfig commands
config.status:1589: executing depfiles commands
config.status:1589: executing libtool commands

## ---------------- ##
## Cache variables. ##
## ---------------- ##

ac_cv_build=arm-softfloat-linux-gnueabi
ac_cv_c_compiler_gnu=yes
ac_cv_cxx_compiler_gnu=yes
ac_cv_env_CCC_set=
ac_cv_env_CCC_value=
ac_cv_env_CC_set=
ac_cv_env_CC_value=
ac_cv_env_CFLAGS_set=set
ac_cv_env_CFLAGS_value='-O2 -mcpu=arm926ej-s -pipe -fomit-frame-pointer -msoft-float -mfloat-abi=soft -mabi=aapcs-linux'
ac_cv_env_CPPFLAGS_set=
ac_cv_env_CPPFLAGS_value=
ac_cv_env_CPP_set=
ac_cv_env_CPP_value=
ac_cv_env_CXXCPP_set=
ac_cv_env_CXXCPP_value=
ac_cv_env_CXXFLAGS_set=set
ac_cv_env_CXXFLAGS_value='-O2 -mcpu=arm926ej-s -pipe -fomit-frame-pointer -msoft-float -mfloat-abi=soft -mabi=aapcs-linux'
ac_cv_env_CXX_set=
ac_cv_env_CXX_value=
ac_cv_env_F77_set=
ac_cv_env_F77_value=
ac_cv_env_FCFLAGS_set=
ac_cv_env_FCFLAGS_value=
ac_cv_env_FC_set=
ac_cv_env_FC_value=
ac_cv_env_FFLAGS_set=
ac_cv_env_FFLAGS_value=
ac_cv_env_LDFLAGS_set=set
ac_cv_env_LDFLAGS_value=-Wl,-O1
ac_cv_env_LIBS_set=
ac_cv_env_LIBS_value=
ac_cv_env_build_alias_set=set
ac_cv_env_build_alias_value=arm-softfloat-linux-gnueabi
ac_cv_env_host_alias_set=set
ac_cv_env_host_alias_value=arm-softfloat-linux-gnueabi
ac_cv_env_target_alias_set=
ac_cv_env_target_alias_value=
ac_cv_f77_compiler_gnu=no
ac_cv_fc_compiler_gnu=no
ac_cv_func_argz_add=yes
ac_cv_func_argz_append=yes
ac_cv_func_argz_count=yes
ac_cv_func_argz_create_sep=yes
ac_cv_func_argz_insert=yes
ac_cv_func_argz_next=yes
ac_cv_func_argz_stringify=yes
ac_cv_func_closedir=yes
ac_cv_func_dlerror=yes
ac_cv_func_dlopen=no
ac_cv_func_opendir=yes
ac_cv_func_readdir=yes
ac_cv_func_shl_load=no
ac_cv_func_strlcat=no
ac_cv_func_strlcpy=no
ac_cv_header_argz_h=yes
ac_cv_header_dirent_h=yes
ac_cv_header_dl_h=no
ac_cv_header_dld_h=no
ac_cv_header_dlfcn_h=yes
ac_cv_header_inttypes_h=yes
ac_cv_header_mach_o_dyld_h=no
ac_cv_header_memory_h=yes
ac_cv_header_stdc=yes
ac_cv_header_stdint_h=yes
ac_cv_header_stdlib_h=yes
ac_cv_header_string_h=yes
ac_cv_header_strings_h=yes
ac_cv_header_sys_dl_h=no
ac_cv_header_sys_stat_h=yes
ac_cv_header_sys_types_h=yes
ac_cv_header_unistd_h=yes
ac_cv_host=arm-softfloat-linux-gnueabi
ac_cv_lib_dl_dlopen=yes
ac_cv_lib_dld_dld_link=no
ac_cv_lib_dld_shl_load=no
ac_cv_objext=o
ac_cv_path_EGREP='/bin/grep -E'
ac_cv_path_FGREP='/bin/grep -F'
ac_cv_path_GREP=/bin/grep
ac_cv_path_SED=/bin/sed
ac_cv_path_install='/usr/bin/install -c'
ac_cv_path_mkdir=/bin/mkdir
ac_cv_prog_AR=arm-softfloat-linux-gnueabi-ar
ac_cv_prog_AWK=gawk
ac_cv_prog_CC=arm-softfloat-linux-gnueabi-gcc
ac_cv_prog_CPP='arm-softfloat-linux-gnueabi-gcc -E'
ac_cv_prog_CXX=arm-softfloat-linux-gnueabi-g++
ac_cv_prog_CXXCPP='arm-softfloat-linux-gnueabi-g++ -E'
ac_cv_prog_OBJDUMP=arm-softfloat-linux-gnueabi-objdump
ac_cv_prog_RANLIB=arm-softfloat-linux-gnueabi-ranlib
ac_cv_prog_STRIP=arm-softfloat-linux-gnueabi-strip
ac_cv_prog_cc_arm_softfloat_linux_gnueabi_gcc_c_o=yes
ac_cv_prog_cc_c89=
ac_cv_prog_cc_g=yes
ac_cv_prog_cxx_g=yes
ac_cv_prog_f77_g=no
ac_cv_prog_fc_g=no
ac_cv_prog_make_make_set=yes
ac_cv_search_dlopen=-ldl
ac_cv_type_error_t=yes
am_cv_CC_dependencies_compiler_type=gcc3
am_cv_CXX_dependencies_compiler_type=gcc3
libltdl_cv_lib_dl_dlopen=yes
libltdl_cv_preloaded_symbols=yes
libltdl_cv_shlibext=.so
lt_cv_deplibs_check_method=pass_all
lt_cv_dlopen=dlopen
lt_cv_dlopen_libs=-ldl
lt_cv_dlopen_self=yes
lt_cv_dlopen_self_static=no
lt_cv_file_magic_cmd='$MAGIC_CMD'
lt_cv_file_magic_test_file=
lt_cv_ld_reload_flag=-r
lt_cv_module_path_var=LD_LIBRARY_PATH
lt_cv_nm_interface='BSD nm'
lt_cv_objdir=.libs
lt_cv_path_LD=/usr/arm-softfloat-linux-gnueabi/bin/ld
lt_cv_path_LDCXX=/usr/arm-softfloat-linux-gnueabi/bin/ld
lt_cv_path_NM='/usr/bin/nm -B'
lt_cv_prog_compiler_c_o=yes
lt_cv_prog_compiler_c_o_CXX=yes
lt_cv_prog_compiler_c_o_RC=yes
lt_cv_prog_compiler_pic_works=yes
lt_cv_prog_compiler_pic_works_CXX=yes
lt_cv_prog_compiler_rtti_exceptions=no
lt_cv_prog_compiler_static_works=yes
lt_cv_prog_compiler_static_works_CXX=yes
lt_cv_prog_gnu_ld=yes
lt_cv_prog_gnu_ldcxx=yes
lt_cv_sys_argz_works=yes
lt_cv_sys_dlopen_deplibs=yes
lt_cv_sys_dlsearch_path='/lib /usr/lib /usr/local/lib /usr/arm-softfloat-linux-gnueabi/lib /usr/lib/gcc/arm-softfloat-linux-gnueabi/4.3.2 /usr/lib/gcc/arm-softfloat-linux-gnueabi/4.1.2 '
lt_cv_sys_global_symbol_pipe='sed -n -e '\''s/^.*[	 ]\([ABCDGIRSTW][ABCDGIRSTW]*\)[	 ][	 ]*\([_A-Za-z][_A-Za-z0-9]*\)$/\1 \2 \2/p'\'''
lt_cv_sys_global_symbol_to_c_name_address='sed -n -e '\''s/^: \([^ ]*\) $/  {\"\1\", (void *) 0},/p'\'' -e '\''s/^[ABCDGIRSTW]* \([^ ]*\) \([^ ]*\)$/  {"\2", (void *) \&\2},/p'\'''
lt_cv_sys_global_symbol_to_c_name_address_lib_prefix='sed -n -e '\''s/^: \([^ ]*\) $/  {\"\1\", (void *) 0},/p'\'' -e '\''s/^[ABCDGIRSTW]* \([^ ]*\) \(lib[^ ]*\)$/  {"\2", (void *) \&\2},/p'\'' -e '\''s/^[ABCDGIRSTW]* \([^ ]*\) \([^ ]*\)$/  {"lib\2", (void *) \&\2},/p'\'''
lt_cv_sys_global_symbol_to_cdecl='sed -n -e '\''s/^T .* \(.*\)$/extern int \1();/p'\'' -e '\''s/^[ABCDGIRSTW]* .* \(.*\)$/extern char \1;/p'\'''
lt_cv_sys_max_cmd_len=98304
lt_cv_sys_symbol_underscore=no

## ----------------- ##
## Output variables. ##
## ----------------- ##

ACLOCAL='${SHELL} /var/tmp/portage/sys-devel/libtool-2.2.6b/work/libtool-2.2.6b/libltdl/config/missing --run aclocal-1.10'
AMDEPBACKSLASH='\'
AMDEP_FALSE='#'
AMDEP_TRUE=''
AMTAR='${SHELL} /var/tmp/portage/sys-devel/libtool-2.2.6b/work/libtool-2.2.6b/libltdl/config/missing --run tar'
AR='arm-softfloat-linux-gnueabi-ar'
ARGZ_H=''
AS='as'
AUTOCONF='${SHELL} /var/tmp/portage/sys-devel/libtool-2.2.6b/work/libtool-2.2.6b/libltdl/config/missing --run autoconf'
AUTOHEADER='${SHELL} /var/tmp/portage/sys-devel/libtool-2.2.6b/work/libtool-2.2.6b/libltdl/config/missing --run autoheader'
AUTOM4TE='autom4te'
AUTOMAKE='${SHELL} /var/tmp/portage/sys-devel/libtool-2.2.6b/work/libtool-2.2.6b/libltdl/config/missing --run automake-1.10'
AUTOTEST='$(AUTOM4TE) --language=autotest'
AWK='gawk'
CC='arm-softfloat-linux-gnueabi-gcc'
CCDEPMODE='depmode=gcc3'
CFLAGS='-O2 -mcpu=arm926ej-s -pipe -fomit-frame-pointer -msoft-float -mfloat-abi=soft -mabi=aapcs-linux'
CONFIG_STATUS_DEPENDENCIES='$(top_srcdir)/ChangeLog'
CONF_SUBDIRS='tests/cdemo tests/demo tests/depdemo tests/f77demo tests/fcdemo 	tests/mdemo tests/mdemo2 tests/pdemo tests/tagdemo'
CONVENIENCE_LTDL_FALSE=''
CONVENIENCE_LTDL_TRUE='#'
CPP='arm-softfloat-linux-gnueabi-gcc -E'
CPPFLAGS=''
CXX='arm-softfloat-linux-gnueabi-g++'
CXXCPP='arm-softfloat-linux-gnueabi-g++ -E'
CXXDEPMODE='depmode=gcc3'
CXXFLAGS='-O2 -mcpu=arm926ej-s -pipe -fomit-frame-pointer -msoft-float -mfloat-abi=soft -mabi=aapcs-linux'
CYGPATH_W='echo'
DEFS='-DHAVE_CONFIG_H'
DEPDIR='.deps'
DIST_MAKEFILE_LIST='tests/cdemo/Makefile tests/demo/Makefile tests/depdemo/Makefile tests/f77demo/Makefile tests/fcdemo/Makefile tests/mdemo/Makefile tests/mdemo2/Makefile tests/pdemo/Makefile tests/tagdemo/Makefile '
DLLTOOL='dlltool'
DSYMUTIL=''
DUMPBIN=''
ECHO_C=''
ECHO_N='-n'
ECHO_T=''
EGREP='/bin/grep -E'
EXEEXT=''
F77=''
FC=''
FCFLAGS=''
FFLAGS=''
FGREP='/bin/grep -F'
GCJ=''
GCJFLAGS='-g -O2'
GREP='/bin/grep'
HAVE_CXX_FALSE='#'
HAVE_CXX_TRUE=''
HAVE_F77_FALSE=''
HAVE_F77_TRUE='#'
HAVE_FC_FALSE=''
HAVE_FC_TRUE='#'
HAVE_GCJ_FALSE=''
HAVE_GCJ_TRUE='#'
HAVE_RC_FALSE=''
HAVE_RC_TRUE='#'
INSTALL_DATA='${INSTALL} -m 644'
INSTALL_LTDL_FALSE='#'
INSTALL_LTDL_TRUE=''
INSTALL_PROGRAM='${INSTALL}'
INSTALL_SCRIPT='${INSTALL}'
INSTALL_STRIP_PROGRAM='$(install_sh) -c -s'
LASTRELEASE='2.2.6'
LD='/usr/arm-softfloat-linux-gnueabi/bin/ld'
LDFLAGS='-Wl,-O1'
LIBADD_DL='-ldl '
LIBADD_DLD_LINK=''
LIBADD_DLOPEN='-ldl'
LIBADD_SHL_LOAD=''
LIBOBJS=' ${LIBOBJDIR}lt__strl$U.o'
LIBS='-ldl '
LIBTOOL='$(SHELL) $(top_builddir)/libtool'
LIPO=''
LN_S='ln -s'
LTDLOPEN='libltdl'
LTDL_SUBDIR_LIBOBJS_FALSE='#'
LTDL_SUBDIR_LIBOBJS_TRUE=''
LTLIBOBJS=' ${LIBOBJDIR}lt__strl$U.lo'
LT_CONFIG_H='config.h'
LT_DLLOADERS=' libltdl/dlopen.la'
LT_DLPREOPEN='-dlpreopen libltdl/dlopen.la '
M4SH='$(AUTOM4TE) --language=m4sh'
MAKEINFO='${SHELL} /var/tmp/portage/sys-devel/libtool-2.2.6b/work/libtool-2.2.6b/libltdl/config/missing --run makeinfo'
MKDIR_P='/bin/mkdir -p'
NM='/usr/bin/nm -B'
NMEDIT=''
OBJDUMP='arm-softfloat-linux-gnueabi-objdump'
OBJEXT='o'
OTOOL64=''
OTOOL=''
PACKAGE='libtool'
PACKAGE_BUGREPORT='bug-libtool@gnu.org'
PACKAGE_NAME='libtool'
PACKAGE_STRING='libtool 2.2.6b'
PACKAGE_TARNAME='libtool'
PACKAGE_VERSION='2.2.6b'
PATH_SEPARATOR=':'
RANLIB='arm-softfloat-linux-gnueabi-ranlib'
RC=''
SED='/bin/sed'
SET_MAKE=''
SHELL='/bin/bash'
STRIP='arm-softfloat-linux-gnueabi-strip'
TIMESTAMP=''
VERSION='2.2.6b'
ac_ct_CC=''
ac_ct_CXX=''
ac_ct_DUMPBIN=''
ac_ct_F77=''
ac_ct_FC=''
aclocaldir='${datadir}/aclocal'
am__fastdepCC_FALSE='#'
am__fastdepCC_TRUE=''
am__fastdepCXX_FALSE='#'
am__fastdepCXX_TRUE=''
am__include='include'
am__isrc=''
am__leading_dot='.'
am__quote=''
am__tar='${AMTAR} chof - "$$tardir"'
am__untar='${AMTAR} xf -'
bindir='${exec_prefix}/bin'
build='arm-softfloat-linux-gnueabi'
build_alias='arm-softfloat-linux-gnueabi'
build_cpu='arm'
build_os='linux-gnueabi'
build_vendor='softfloat'
datadir='/usr/share'
datarootdir='${prefix}/share'
docdir='${datarootdir}/doc/${PACKAGE_TARNAME}'
dvidir='${docdir}'
exec_prefix='${prefix}'
host='arm-softfloat-linux-gnueabi'
host_alias='arm-softfloat-linux-gnueabi'
host_cpu='arm'
host_os='linux-gnueabi'
host_vendor='softfloat'
htmldir='${docdir}'
includedir='${prefix}/include'
infodir='/usr/share/info'
install_sh='$(SHELL) /var/tmp/portage/sys-devel/libtool-2.2.6b/work/libtool-2.2.6b/libltdl/config/install-sh'
libdir='${exec_prefix}/lib'
libexecdir='${exec_prefix}/libexec'
localedir='${datarootdir}/locale'
localstatedir='/var/lib'
lt_ECHO='echo'
mandir='/usr/share/man'
mkdir_p='/bin/mkdir -p'
oldincludedir='/usr/include'
package_revision='1.3017'
pdfdir='${docdir}'
pkgdatadir='${datadir}/libtool'
prefix='/usr'
program_transform_name='s,x,x,'
psdir='${docdir}'
sbindir='${exec_prefix}/sbin'
sharedstatedir='${prefix}/com'
sys_symbol_underscore='no'
sysconfdir='/etc'
target_alias=''

## ----------- ##
## confdefs.h. ##
## ----------- ##

#define PACKAGE_NAME "libtool"
#define PACKAGE_TARNAME "libtool"
#define PACKAGE_VERSION "2.2.6b"
#define PACKAGE_STRING "libtool 2.2.6b"
#define PACKAGE_BUGREPORT "bug-libtool@gnu.org"
#define PACKAGE "libtool"
#define VERSION "2.2.6b"
#define STDC_HEADERS 1
#define HAVE_SYS_TYPES_H 1
#define HAVE_SYS_STAT_H 1
#define HAVE_STDLIB_H 1
#define HAVE_STRING_H 1
#define HAVE_MEMORY_H 1
#define HAVE_STRINGS_H 1
#define HAVE_INTTYPES_H 1
#define HAVE_STDINT_H 1
#define HAVE_UNISTD_H 1
#define HAVE_DLFCN_H 1
#define LT_OBJDIR ".libs/"
#define LT_MODULE_EXT ".so"
#define LT_MODULE_PATH_VAR "LD_LIBRARY_PATH"
#define LT_DLSEARCH_PATH "/lib:/usr/lib:/usr/local/lib:/usr/arm-softfloat-linux-gnueabi/lib:/usr/lib/gcc/arm-softfloat-linux-gnueabi/4.3.2:/usr/lib/gcc/arm-softfloat-linux-gnueabi/4.1.2"
#define HAVE_LIBDL 1
#define HAVE_DLERROR 1
#define HAVE_LIBDLLOADER 1
#define HAVE_ARGZ_H 1
#define HAVE_ERROR_T 1
#define HAVE_ARGZ_ADD 1
#define HAVE_ARGZ_APPEND 1
#define HAVE_ARGZ_COUNT 1
#define HAVE_ARGZ_CREATE_SEP 1
#define HAVE_ARGZ_INSERT 1
#define HAVE_ARGZ_NEXT 1
#define HAVE_ARGZ_STRINGIFY 1
#define HAVE_WORKING_ARGZ 1
#define HAVE_PRELOADED_SYMBOLS 1
#define HAVE_UNISTD_H 1
#define HAVE_DIRENT_H 1
#define HAVE_CLOSEDIR 1
#define HAVE_OPENDIR 1
#define HAVE_READDIR 1
#define LT_LIBEXT "a"

configure: exit 0
