This file contains any messages produced by compilers while
running configure, to aid debugging if configure makes a mistake.

It was created by gphoto2 command line interface configure 2.4.10, which was
generated by GNU Autoconf 2.61.  Invocation command line was

  $ ./configure --prefix=/usr --build=arm-softfloat-linux-gnueabi --host=arm-softfloat-linux-gnueabi --mandir=/usr/share/man --infodir=/usr/share/info --datadir=/usr/share --sysconfdir=/etc --localstatedir=/var/lib --docdir=/usr/share/doc/gphoto2-2.4.10 --without-aalib --without-jpeg --with-libexif=auto --without-cdk --disable-nls --without-readline

## --------- ##
## Platform. ##
## --------- ##

hostname = LS-XHLF9F
uname -m = armv5tejl
uname -r = 2.6.22.18
uname -s = Linux
uname -v = #256 Wed Sep 2 13:42:03 JST 2009

/usr/bin/uname -p = ARM926EJ-S rev 1 (v5l)
/bin/uname -X     = unknown

/bin/arch              = unknown
/usr/bin/arch -k       = unknown
/usr/convex/getsysinfo = unknown
/usr/bin/hostinfo      = unknown
/bin/machine           = unknown
/usr/bin/oslevel       = unknown
/bin/universe          = unknown

PATH: /usr/lib/portage/bin/ebuild-helpers
PATH: /usr/local/sbin
PATH: /sbin
PATH: /usr/sbin
PATH: /usr/local/bin
PATH: /bin
PATH: /usr/bin
PATH: /opt/bin
PATH: /usr/arm-softfloat-linux-gnueabi/gcc-bin/4.3.2


## ----------- ##
## Core tests. ##
## ----------- ##

configure:2086: checking for a BSD-compatible install
configure:2142: result: /usr/bin/install -c
configure:2153: checking whether build environment is sane
configure:2196: result: yes
configure:2224: checking for a thread-safe mkdir -p
configure:2263: result: /bin/mkdir -p
configure:2276: checking for gawk
configure:2292: found /bin/gawk
configure:2303: result: gawk
configure:2314: checking whether make sets $(MAKE)
configure:2335: result: yes
configure:2561: checking for POSIX sh $() command substitution
configure:2565: result: yes
configure:2642: checking for arm-softfloat-linux-gnueabi-gcc
configure:2658: found /usr/bin/arm-softfloat-linux-gnueabi-gcc
configure:2669: result: arm-softfloat-linux-gnueabi-gcc
configure:2947: checking for C compiler version
configure:2954: arm-softfloat-linux-gnueabi-gcc --version >&5
arm-softfloat-linux-gnueabi-gcc (Gentoo 4.3.2-r4 p1.7, pie-10.1.5) 4.3.2
Copyright (C) 2008 Free Software Foundation, Inc.
This is free software; see the source for copying conditions.  There is NO
warranty; not even for MERCHANTABILITY or FITNESS FOR A PARTICULAR PURPOSE.

configure:2957: $? = 0
configure:2964: arm-softfloat-linux-gnueabi-gcc -v >&5
Using built-in specs.
Target: arm-softfloat-linux-gnueabi
Configured with: /var/tmp/portage/sys-devel/gcc-4.3.2-r4/work/gcc-4.3.2/configure --prefix=/usr --bindir=/usr/arm-softfloat-linux-gnueabi/gcc-bin/4.3.2 --includedir=/usr/lib/gcc/arm-softfloat-linux-gnueabi/4.3.2/include --datadir=/usr/share/gcc-data/arm-softfloat-linux-gnueabi/4.3.2 --mandir=/usr/share/gcc-data/arm-softfloat-linux-gnueabi/4.3.2/man --infodir=/usr/share/gcc-data/arm-softfloat-linux-gnueabi/4.3.2/info --with-gxx-include-dir=/usr/lib/gcc/arm-softfloat-linux-gnueabi/4.3.2/include/g++-v4 --host=arm-softfloat-linux-gnueabi --build=arm-softfloat-linux-gnueabi --disable-altivec --disable-fixed-point --with-float=soft --enable-nls --without-included-gettext --with-system-zlib --disable-checking --disable-werror --enable-secureplt --disable-multilib --enable-libmudflap --disable-libssp --enable-libgomp --disable-libgcj --enable-languages=c,c++,treelang --enable-shared --enable-threads=posix --enable-__cxa_atexit --enable-clocale=gnu --with-bugurl=http://bugs.gentoo.org/ --with-pkgversion='Gentoo 4.3.2-r4 p1.7, pie-10.1.5'
Thread model: posix
gcc version 4.3.2 (Gentoo 4.3.2-r4 p1.7, pie-10.1.5) 
configure:2967: $? = 0
configure:2974: arm-softfloat-linux-gnueabi-gcc -V >&5
arm-softfloat-linux-gnueabi-gcc: '-V' option must have argument
configure:2977: $? = 1
configure:3000: checking for C compiler default output file name
configure:3027: arm-softfloat-linux-gnueabi-gcc -O2 -mcpu=arm926ej-s -pipe -fomit-frame-pointer -msoft-float -mfloat-abi=soft -mabi=aapcs-linux  -Wl,-O1 -Wl,--as-needed conftest.c  >&5
configure:3030: $? = 0
configure:3068: result: a.out
configure:3085: checking whether the C compiler works
configure:3095: ./a.out
configure:3098: $? = 0
configure:3115: result: yes
configure:3122: checking whether we are cross compiling
configure:3124: result: no
configure:3127: checking for suffix of executables
configure:3134: arm-softfloat-linux-gnueabi-gcc -o conftest -O2 -mcpu=arm926ej-s -pipe -fomit-frame-pointer -msoft-float -mfloat-abi=soft -mabi=aapcs-linux  -Wl,-O1 -Wl,--as-needed conftest.c  >&5
configure:3137: $? = 0
configure:3161: result: 
configure:3167: checking for suffix of object files
configure:3193: arm-softfloat-linux-gnueabi-gcc -c -O2 -mcpu=arm926ej-s -pipe -fomit-frame-pointer -msoft-float -mfloat-abi=soft -mabi=aapcs-linux  conftest.c >&5
configure:3196: $? = 0
configure:3219: result: o
configure:3223: checking whether we are using the GNU C compiler
configure:3252: arm-softfloat-linux-gnueabi-gcc -c -O2 -mcpu=arm926ej-s -pipe -fomit-frame-pointer -msoft-float -mfloat-abi=soft -mabi=aapcs-linux  conftest.c >&5
configure:3258: $? = 0
configure:3275: result: yes
configure:3280: checking whether arm-softfloat-linux-gnueabi-gcc accepts -g
configure:3310: arm-softfloat-linux-gnueabi-gcc -c -g  conftest.c >&5
configure:3316: $? = 0
configure:3415: result: yes
configure:3432: checking for arm-softfloat-linux-gnueabi-gcc option to accept ISO C89
configure:3506: arm-softfloat-linux-gnueabi-gcc  -c -O2 -mcpu=arm926ej-s -pipe -fomit-frame-pointer -msoft-float -mfloat-abi=soft -mabi=aapcs-linux  conftest.c >&5
configure:3512: $? = 0
configure:3535: result: none needed
configure:3564: checking for style of include used by make
configure:3592: result: GNU
configure:3617: checking dependency style of arm-softfloat-linux-gnueabi-gcc
configure:3708: result: gcc3
configure:3728: checking how to run the C preprocessor
configure:3768: arm-softfloat-linux-gnueabi-gcc -E  conftest.c
configure:3774: $? = 0
configure:3805: arm-softfloat-linux-gnueabi-gcc -E  conftest.c
conftest.c:10:28: error: ac_nonexistent.h: No such file or directory
configure:3811: $? = 1
configure: failed program was:
| /* confdefs.h.  */
| #define PACKAGE_NAME "gphoto2 command line interface"
| #define PACKAGE_TARNAME "gphoto2"
| #define PACKAGE_VERSION "2.4.10"
| #define PACKAGE_STRING "gphoto2 command line interface 2.4.10"
| #define PACKAGE_BUGREPORT "gphoto-devel@lists.sourceforge.net"
| #define PACKAGE "gphoto2"
| #define VERSION "2.4.10"
| /* end confdefs.h.  */
| #include <ac_nonexistent.h>
configure:3844: result: arm-softfloat-linux-gnueabi-gcc -E
configure:3873: arm-softfloat-linux-gnueabi-gcc -E  conftest.c
configure:3879: $? = 0
configure:3910: arm-softfloat-linux-gnueabi-gcc -E  conftest.c
conftest.c:10:28: error: ac_nonexistent.h: No such file or directory
configure:3916: $? = 1
configure: failed program was:
| /* confdefs.h.  */
| #define PACKAGE_NAME "gphoto2 command line interface"
| #define PACKAGE_TARNAME "gphoto2"
| #define PACKAGE_VERSION "2.4.10"
| #define PACKAGE_STRING "gphoto2 command line interface 2.4.10"
| #define PACKAGE_BUGREPORT "gphoto-devel@lists.sourceforge.net"
| #define PACKAGE "gphoto2"
| #define VERSION "2.4.10"
| /* end confdefs.h.  */
| #include <ac_nonexistent.h>
configure:3954: checking whether arm-softfloat-linux-gnueabi-gcc and cc understand -c and -o together
configure:3989: arm-softfloat-linux-gnueabi-gcc -c conftest.c -o conftest2.o >&5
configure:3992: $? = 0
configure:3998: arm-softfloat-linux-gnueabi-gcc -c conftest.c -o conftest2.o >&5
configure:4001: $? = 0
configure:4012: cc -c conftest.c >&5
configure:4015: $? = 0
configure:4023: cc -c conftest.c -o conftest2.o >&5
configure:4026: $? = 0
configure:4032: cc -c conftest.c -o conftest2.o >&5
configure:4035: $? = 0
configure:4053: result: yes
configure:4157: checking build system type
configure:4175: result: arm-softfloat-linux-gnueabi
configure:4197: checking host system type
configure:4212: result: arm-softfloat-linux-gnueabi
configure:4234: checking for a sed that does not truncate output
configure:4290: result: /bin/sed
configure:4293: checking for grep that handles long lines and -e
configure:4367: result: /bin/grep
configure:4372: checking for egrep
configure:4450: result: /bin/grep -E
configure:4466: checking for ld used by arm-softfloat-linux-gnueabi-gcc
configure:4533: result: /usr/arm-softfloat-linux-gnueabi/bin/ld
configure:4542: checking if the linker (/usr/arm-softfloat-linux-gnueabi/bin/ld) is GNU ld
configure:4557: result: yes
configure:4562: checking for /usr/arm-softfloat-linux-gnueabi/bin/ld option to reload object files
configure:4569: result: -r
configure:4587: checking for BSD-compatible nm
configure:4636: result: /usr/bin/nm -B
configure:4640: checking whether ln -s works
configure:4644: result: yes
configure:4651: checking how to recognize dependent libraries
configure:4837: result: pass_all
configure:5078: checking for ANSI C header files
configure:5108: arm-softfloat-linux-gnueabi-gcc -c -O2 -mcpu=arm926ej-s -pipe -fomit-frame-pointer -msoft-float -mfloat-abi=soft -mabi=aapcs-linux  conftest.c >&5
configure:5114: $? = 0
configure:5213: arm-softfloat-linux-gnueabi-gcc -o conftest -O2 -mcpu=arm926ej-s -pipe -fomit-frame-pointer -msoft-float -mfloat-abi=soft -mabi=aapcs-linux  -Wl,-O1 -Wl,--as-needed conftest.c  >&5
configure:5216: $? = 0
configure:5222: ./conftest
configure:5225: $? = 0
configure:5242: result: yes
configure:5266: checking for sys/types.h
configure:5287: arm-softfloat-linux-gnueabi-gcc -c -O2 -mcpu=arm926ej-s -pipe -fomit-frame-pointer -msoft-float -mfloat-abi=soft -mabi=aapcs-linux  conftest.c >&5
configure:5293: $? = 0
configure:5309: result: yes
configure:5266: checking for sys/stat.h
configure:5287: arm-softfloat-linux-gnueabi-gcc -c -O2 -mcpu=arm926ej-s -pipe -fomit-frame-pointer -msoft-float -mfloat-abi=soft -mabi=aapcs-linux  conftest.c >&5
configure:5293: $? = 0
configure:5309: result: yes
configure:5266: checking for stdlib.h
configure:5287: arm-softfloat-linux-gnueabi-gcc -c -O2 -mcpu=arm926ej-s -pipe -fomit-frame-pointer -msoft-float -mfloat-abi=soft -mabi=aapcs-linux  conftest.c >&5
configure:5293: $? = 0
configure:5309: result: yes
configure:5266: checking for string.h
configure:5287: arm-softfloat-linux-gnueabi-gcc -c -O2 -mcpu=arm926ej-s -pipe -fomit-frame-pointer -msoft-float -mfloat-abi=soft -mabi=aapcs-linux  conftest.c >&5
configure:5293: $? = 0
configure:5309: result: yes
configure:5266: checking for memory.h
configure:5287: arm-softfloat-linux-gnueabi-gcc -c -O2 -mcpu=arm926ej-s -pipe -fomit-frame-pointer -msoft-float -mfloat-abi=soft -mabi=aapcs-linux  conftest.c >&5
configure:5293: $? = 0
configure:5309: result: yes
configure:5266: checking for strings.h
configure:5287: arm-softfloat-linux-gnueabi-gcc -c -O2 -mcpu=arm926ej-s -pipe -fomit-frame-pointer -msoft-float -mfloat-abi=soft -mabi=aapcs-linux  conftest.c >&5
configure:5293: $? = 0
configure:5309: result: yes
configure:5266: checking for inttypes.h
configure:5287: arm-softfloat-linux-gnueabi-gcc -c -O2 -mcpu=arm926ej-s -pipe -fomit-frame-pointer -msoft-float -mfloat-abi=soft -mabi=aapcs-linux  conftest.c >&5
configure:5293: $? = 0
configure:5309: result: yes
configure:5266: checking for stdint.h
configure:5287: arm-softfloat-linux-gnueabi-gcc -c -O2 -mcpu=arm926ej-s -pipe -fomit-frame-pointer -msoft-float -mfloat-abi=soft -mabi=aapcs-linux  conftest.c >&5
configure:5293: $? = 0
configure:5309: result: yes
configure:5266: checking for unistd.h
configure:5287: arm-softfloat-linux-gnueabi-gcc -c -O2 -mcpu=arm926ej-s -pipe -fomit-frame-pointer -msoft-float -mfloat-abi=soft -mabi=aapcs-linux  conftest.c >&5
configure:5293: $? = 0
configure:5309: result: yes
configure:5336: checking dlfcn.h usability
configure:5353: arm-softfloat-linux-gnueabi-gcc -c -O2 -mcpu=arm926ej-s -pipe -fomit-frame-pointer -msoft-float -mfloat-abi=soft -mabi=aapcs-linux  conftest.c >&5
configure:5359: $? = 0
configure:5373: result: yes
configure:5377: checking dlfcn.h presence
configure:5392: arm-softfloat-linux-gnueabi-gcc -E  conftest.c
configure:5398: $? = 0
configure:5412: result: yes
configure:5445: checking for dlfcn.h
configure:5453: result: yes
configure:5480: checking for arm-softfloat-linux-gnueabi-g++
configure:5496: found /usr/bin/arm-softfloat-linux-gnueabi-g++
configure:5507: result: arm-softfloat-linux-gnueabi-g++
configure:5582: checking for C++ compiler version
configure:5589: arm-softfloat-linux-gnueabi-g++ --version >&5
arm-softfloat-linux-gnueabi-g++ (Gentoo 4.3.2-r4 p1.7, pie-10.1.5) 4.3.2
Copyright (C) 2008 Free Software Foundation, Inc.
This is free software; see the source for copying conditions.  There is NO
warranty; not even for MERCHANTABILITY or FITNESS FOR A PARTICULAR PURPOSE.

configure:5592: $? = 0
configure:5599: arm-softfloat-linux-gnueabi-g++ -v >&5
Using built-in specs.
Target: arm-softfloat-linux-gnueabi
Configured with: /var/tmp/portage/sys-devel/gcc-4.3.2-r4/work/gcc-4.3.2/configure --prefix=/usr --bindir=/usr/arm-softfloat-linux-gnueabi/gcc-bin/4.3.2 --includedir=/usr/lib/gcc/arm-softfloat-linux-gnueabi/4.3.2/include --datadir=/usr/share/gcc-data/arm-softfloat-linux-gnueabi/4.3.2 --mandir=/usr/share/gcc-data/arm-softfloat-linux-gnueabi/4.3.2/man --infodir=/usr/share/gcc-data/arm-softfloat-linux-gnueabi/4.3.2/info --with-gxx-include-dir=/usr/lib/gcc/arm-softfloat-linux-gnueabi/4.3.2/include/g++-v4 --host=arm-softfloat-linux-gnueabi --build=arm-softfloat-linux-gnueabi --disable-altivec --disable-fixed-point --with-float=soft --enable-nls --without-included-gettext --with-system-zlib --disable-checking --disable-werror --enable-secureplt --disable-multilib --enable-libmudflap --disable-libssp --enable-libgomp --disable-libgcj --enable-languages=c,c++,treelang --enable-shared --enable-threads=posix --enable-__cxa_atexit --enable-clocale=gnu --with-bugurl=http://bugs.gentoo.org/ --with-pkgversion='Gentoo 4.3.2-r4 p1.7, pie-10.1.5'
Thread model: posix
gcc version 4.3.2 (Gentoo 4.3.2-r4 p1.7, pie-10.1.5) 
configure:5602: $? = 0
configure:5609: arm-softfloat-linux-gnueabi-g++ -V >&5
arm-softfloat-linux-gnueabi-g++: '-V' option must have argument
configure:5612: $? = 1
configure:5615: checking whether we are using the GNU C++ compiler
configure:5644: arm-softfloat-linux-gnueabi-g++ -c -O2 -mcpu=arm926ej-s -pipe -fomit-frame-pointer -msoft-float -mfloat-abi=soft -mabi=aapcs-linux  conftest.cpp >&5
configure:5650: $? = 0
configure:5667: result: yes
configure:5672: checking whether arm-softfloat-linux-gnueabi-g++ accepts -g
configure:5702: arm-softfloat-linux-gnueabi-g++ -c -g  conftest.cpp >&5
configure:5708: $? = 0
configure:5807: result: yes
configure:5832: checking dependency style of arm-softfloat-linux-gnueabi-g++
configure:5923: result: gcc3
configure:5948: checking how to run the C++ preprocessor
configure:5984: arm-softfloat-linux-gnueabi-g++ -E  conftest.cpp
configure:5990: $? = 0
configure:6021: arm-softfloat-linux-gnueabi-g++ -E  conftest.cpp
conftest.cpp:21:28: error: ac_nonexistent.h: No such file or directory
configure:6027: $? = 1
configure: failed program was:
| /* confdefs.h.  */
| #define PACKAGE_NAME "gphoto2 command line interface"
| #define PACKAGE_TARNAME "gphoto2"
| #define PACKAGE_VERSION "2.4.10"
| #define PACKAGE_STRING "gphoto2 command line interface 2.4.10"
| #define PACKAGE_BUGREPORT "gphoto-devel@lists.sourceforge.net"
| #define PACKAGE "gphoto2"
| #define VERSION "2.4.10"
| #define STDC_HEADERS 1
| #define HAVE_SYS_TYPES_H 1
| #define HAVE_SYS_STAT_H 1
| #define HAVE_STDLIB_H 1
| #define HAVE_STRING_H 1
| #define HAVE_MEMORY_H 1
| #define HAVE_STRINGS_H 1
| #define HAVE_INTTYPES_H 1
| #define HAVE_STDINT_H 1
| #define HAVE_UNISTD_H 1
| #define HAVE_DLFCN_H 1
| /* end confdefs.h.  */
| #include <ac_nonexistent.h>
configure:6060: result: arm-softfloat-linux-gnueabi-g++ -E
configure:6089: arm-softfloat-linux-gnueabi-g++ -E  conftest.cpp
configure:6095: $? = 0
configure:6126: arm-softfloat-linux-gnueabi-g++ -E  conftest.cpp
conftest.cpp:21:28: error: ac_nonexistent.h: No such file or directory
configure:6132: $? = 1
configure: failed program was:
| /* confdefs.h.  */
| #define PACKAGE_NAME "gphoto2 command line interface"
| #define PACKAGE_TARNAME "gphoto2"
| #define PACKAGE_VERSION "2.4.10"
| #define PACKAGE_STRING "gphoto2 command line interface 2.4.10"
| #define PACKAGE_BUGREPORT "gphoto-devel@lists.sourceforge.net"
| #define PACKAGE "gphoto2"
| #define VERSION "2.4.10"
| #define STDC_HEADERS 1
| #define HAVE_SYS_TYPES_H 1
| #define HAVE_SYS_STAT_H 1
| #define HAVE_STDLIB_H 1
| #define HAVE_STRING_H 1
| #define HAVE_MEMORY_H 1
| #define HAVE_STRINGS_H 1
| #define HAVE_INTTYPES_H 1
| #define HAVE_STDINT_H 1
| #define HAVE_UNISTD_H 1
| #define HAVE_DLFCN_H 1
| /* end confdefs.h.  */
| #include <ac_nonexistent.h>
configure:6181: checking for arm-softfloat-linux-gnueabi-g77
configure:6211: result: no
configure:6181: checking for arm-softfloat-linux-gnueabi-xlf
configure:6211: result: no
configure:6181: checking for arm-softfloat-linux-gnueabi-f77
configure:6211: result: no
configure:6181: checking for arm-softfloat-linux-gnueabi-frt
configure:6211: result: no
configure:6181: checking for arm-softfloat-linux-gnueabi-pgf77
configure:6211: result: no
configure:6181: checking for arm-softfloat-linux-gnueabi-cf77
configure:6211: result: no
configure:6181: checking for arm-softfloat-linux-gnueabi-fort77
configure:6211: result: no
configure:6181: checking for arm-softfloat-linux-gnueabi-fl32
configure:6211: result: no
configure:6181: checking for arm-softfloat-linux-gnueabi-af77
configure:6211: result: no
configure:6181: checking for arm-softfloat-linux-gnueabi-xlf90
configure:6211: result: no
configure:6181: checking for arm-softfloat-linux-gnueabi-f90
configure:6211: result: no
configure:6181: checking for arm-softfloat-linux-gnueabi-pgf90
configure:6211: result: no
configure:6181: checking for arm-softfloat-linux-gnueabi-pghpf
configure:6211: result: no
configure:6181: checking for arm-softfloat-linux-gnueabi-epcf90
configure:6211: result: no
configure:6181: checking for arm-softfloat-linux-gnueabi-gfortran
configure:6211: result: no
configure:6181: checking for arm-softfloat-linux-gnueabi-g95
configure:6211: result: no
configure:6181: checking for arm-softfloat-linux-gnueabi-xlf95
configure:6211: result: no
configure:6181: checking for arm-softfloat-linux-gnueabi-f95
configure:6211: result: no
configure:6181: checking for arm-softfloat-linux-gnueabi-fort
configure:6211: result: no
configure:6181: checking for arm-softfloat-linux-gnueabi-ifort
configure:6211: result: no
configure:6181: checking for arm-softfloat-linux-gnueabi-ifc
configure:6211: result: no
configure:6181: checking for arm-softfloat-linux-gnueabi-efc
configure:6211: result: no
configure:6181: checking for arm-softfloat-linux-gnueabi-pgf95
configure:6211: result: no
configure:6181: checking for arm-softfloat-linux-gnueabi-lf95
configure:6211: result: no
configure:6181: checking for arm-softfloat-linux-gnueabi-ftn
configure:6211: result: no
configure:6225: checking for g77
configure:6255: result: no
configure:6225: checking for xlf
configure:6255: result: no
configure:6225: checking for f77
configure:6255: result: no
configure:6225: checking for frt
configure:6255: result: no
configure:6225: checking for pgf77
configure:6255: result: no
configure:6225: checking for cf77
configure:6255: result: no
configure:6225: checking for fort77
configure:6255: result: no
configure:6225: checking for fl32
configure:6255: result: no
configure:6225: checking for af77
configure:6255: result: no
configure:6225: checking for xlf90
configure:6255: result: no
configure:6225: checking for f90
configure:6255: result: no
configure:6225: checking for pgf90
configure:6255: result: no
configure:6225: checking for pghpf
configure:6255: result: no
configure:6225: checking for epcf90
configure:6255: result: no
configure:6225: checking for gfortran
configure:6255: result: no
configure:6225: checking for g95
configure:6255: result: no
configure:6225: checking for xlf95
configure:6255: result: no
configure:6225: checking for f95
configure:6255: result: no
configure:6225: checking for fort
configure:6255: result: no
configure:6225: checking for ifort
configure:6255: result: no
configure:6225: checking for ifc
configure:6255: result: no
configure:6225: checking for efc
configure:6255: result: no
configure:6225: checking for pgf95
configure:6255: result: no
configure:6225: checking for lf95
configure:6255: result: no
configure:6225: checking for ftn
configure:6255: result: no
configure:6282: checking for Fortran 77 compiler version
configure:6289:  --version >&5
./configure: line 6290: --version: command not found
configure:6292: $? = 127
configure:6299:  -v >&5
./configure: line 6300: -v: command not found
configure:6302: $? = 127
configure:6309:  -V >&5
./configure: line 6310: -V: command not found
configure:6312: $? = 127
configure:6320: checking whether we are using the GNU Fortran 77 compiler
configure:6339:  -c  conftest.F >&5
./configure: line 6340: -c: command not found
configure:6345: $? = 127
configure: failed program was:
|       program main
| #ifndef __GNUC__
|        choke me
| #endif
| 
|       end
configure:6362: result: no
configure:6368: checking whether  accepts -g
configure:6385:  -c -g conftest.f >&5
./configure: line 6386: -c: command not found
configure:6391: $? = 127
configure: failed program was:
|       program main
| 
|       end
configure:6407: result: no
configure:6436: checking the maximum length of command line arguments
configure:6548: result: 98304
configure:6560: checking command to parse /usr/bin/nm -B output from arm-softfloat-linux-gnueabi-gcc object
configure:6665: arm-softfloat-linux-gnueabi-gcc -c -O2 -mcpu=arm926ej-s -pipe -fomit-frame-pointer -msoft-float -mfloat-abi=soft -mabi=aapcs-linux  conftest.c >&5
configure:6668: $? = 0
configure:6672: /usr/bin/nm -B conftest.o \| sed -n -e 's/^.*[ 	]\([ABCDGIRSTW][ABCDGIRSTW]*\)[ 	][ 	]*\([_A-Za-z][_A-Za-z0-9]*\)$/\1 \2 \2/p' \> conftest.nm
configure:6675: $? = 0
configure:6727: arm-softfloat-linux-gnueabi-gcc -o conftest -O2 -mcpu=arm926ej-s -pipe -fomit-frame-pointer -msoft-float -mfloat-abi=soft -mabi=aapcs-linux  -Wl,-O1 -Wl,--as-needed conftest.c conftstm.o >&5
configure:6730: $? = 0
configure:6768: result: ok
configure:6772: checking for objdir
configure:6787: result: .libs
configure:6839: checking for arm-softfloat-linux-gnueabi-ar
configure:6855: found /usr/bin/arm-softfloat-linux-gnueabi-ar
configure:6866: result: arm-softfloat-linux-gnueabi-ar
configure:6935: checking for arm-softfloat-linux-gnueabi-ranlib
configure:6951: found /usr/bin/arm-softfloat-linux-gnueabi-ranlib
configure:6962: result: arm-softfloat-linux-gnueabi-ranlib
configure:7031: checking for arm-softfloat-linux-gnueabi-strip
configure:7047: found /usr/bin/arm-softfloat-linux-gnueabi-strip
configure:7058: result: arm-softfloat-linux-gnueabi-strip
configure:7696: checking if arm-softfloat-linux-gnueabi-gcc supports -fno-rtti -fno-exceptions
configure:7714: arm-softfloat-linux-gnueabi-gcc -c -O2 -mcpu=arm926ej-s -pipe -fomit-frame-pointer -msoft-float -mfloat-abi=soft -mabi=aapcs-linux  -fno-rtti -fno-exceptions conftest.c >&5
cc1: warning: command line option "-fno-rtti" is valid for C++/ObjC++ but not for C
configure:7718: $? = 0
configure:7731: result: no
configure:7746: checking for arm-softfloat-linux-gnueabi-gcc option to produce PIC
configure:7978: result: -fPIC
configure:7986: checking if arm-softfloat-linux-gnueabi-gcc PIC flag -fPIC works
configure:8004: arm-softfloat-linux-gnueabi-gcc -c -O2 -mcpu=arm926ej-s -pipe -fomit-frame-pointer -msoft-float -mfloat-abi=soft -mabi=aapcs-linux  -fPIC -DPIC conftest.c >&5
configure:8008: $? = 0
configure:8021: result: yes
configure:8049: checking if arm-softfloat-linux-gnueabi-gcc static flag -static works
configure:8077: result: yes
configure:8087: checking if arm-softfloat-linux-gnueabi-gcc supports -c -o file.o
configure:8108: arm-softfloat-linux-gnueabi-gcc -c -O2 -mcpu=arm926ej-s -pipe -fomit-frame-pointer -msoft-float -mfloat-abi=soft -mabi=aapcs-linux  -o out/conftest2.o conftest.c >&5
configure:8112: $? = 0
configure:8134: result: yes
configure:8160: checking whether the arm-softfloat-linux-gnueabi-gcc linker (/usr/arm-softfloat-linux-gnueabi/bin/ld) supports shared libraries
configure:9140: result: yes
configure:9161: checking whether -lc should be explicitly linked in
configure:9166: arm-softfloat-linux-gnueabi-gcc -c -O2 -mcpu=arm926ej-s -pipe -fomit-frame-pointer -msoft-float -mfloat-abi=soft -mabi=aapcs-linux  conftest.c >&5
configure:9169: $? = 0
configure:9184: arm-softfloat-linux-gnueabi-gcc -shared conftest.o  -v -Wl,-soname -Wl,conftest -o conftest 2\>\&1 \| grep  -lc  \>/dev/null 2\>\&1
configure:9187: $? = 0
configure:9199: result: no
configure:9207: checking dynamic linker characteristics
configure:9809: result: GNU/Linux ld.so
configure:9833: checking how to hardcode library paths into programs
configure:9858: result: immediate
configure:9872: checking whether stripping libraries is possible
configure:9877: result: yes
configure:10679: checking if libtool supports shared libraries
configure:10681: result: yes
configure:10684: checking whether to build shared libraries
configure:10705: result: yes
configure:10708: checking whether to build static libraries
configure:10712: result: yes
configure:10806: creating libtool
configure:11399: checking for ld used by arm-softfloat-linux-gnueabi-g++
configure:11466: result: /usr/arm-softfloat-linux-gnueabi/bin/ld
configure:11475: checking if the linker (/usr/arm-softfloat-linux-gnueabi/bin/ld) is GNU ld
configure:11490: result: yes
configure:11541: checking whether the arm-softfloat-linux-gnueabi-g++ linker (/usr/arm-softfloat-linux-gnueabi/bin/ld) supports shared libraries
configure:12487: result: yes
configure:12504: arm-softfloat-linux-gnueabi-g++ -c -O2 -mcpu=arm926ej-s -pipe -fomit-frame-pointer -msoft-float -mfloat-abi=soft -mabi=aapcs-linux  conftest.cpp >&5
configure:12507: $? = 0
configure:12663: checking for arm-softfloat-linux-gnueabi-g++ option to produce PIC
configure:12947: result: -fPIC
configure:12955: checking if arm-softfloat-linux-gnueabi-g++ PIC flag -fPIC works
configure:12973: arm-softfloat-linux-gnueabi-g++ -c -O2 -mcpu=arm926ej-s -pipe -fomit-frame-pointer -msoft-float -mfloat-abi=soft -mabi=aapcs-linux  -fPIC -DPIC conftest.cpp >&5
configure:12977: $? = 0
configure:12990: result: yes
configure:13018: checking if arm-softfloat-linux-gnueabi-g++ static flag -static works
configure:13046: result: yes
configure:13056: checking if arm-softfloat-linux-gnueabi-g++ supports -c -o file.o
configure:13077: arm-softfloat-linux-gnueabi-g++ -c -O2 -mcpu=arm926ej-s -pipe -fomit-frame-pointer -msoft-float -mfloat-abi=soft -mabi=aapcs-linux  -o out/conftest2.o conftest.cpp >&5
configure:13081: $? = 0
configure:13103: result: yes
configure:13129: checking whether the arm-softfloat-linux-gnueabi-g++ linker (/usr/arm-softfloat-linux-gnueabi/bin/ld) supports shared libraries
configure:13155: result: yes
configure:13222: checking dynamic linker characteristics
configure:13772: result: GNU/Linux ld.so
configure:13796: checking how to hardcode library paths into programs
configure:13821: result: immediate
configure:20055: checking for a BSD-compatible install
configure:20111: result: /usr/bin/install -c
configure:20129: checking for special C compiler options needed for large files
configure:20222: result: no
configure:20228: checking for _FILE_OFFSET_BITS value needed for large files
configure:20263: arm-softfloat-linux-gnueabi-gcc -c -O2 -mcpu=arm926ej-s -pipe -fomit-frame-pointer -msoft-float -mfloat-abi=soft -mabi=aapcs-linux  conftest.c >&5
conftest.c:27: warning: left shift count >= width of type
conftest.c:27: warning: left shift count >= width of type
conftest.c:29: error: size of array 'off_t_is_large' is negative
configure:20269: $? = 1
configure: failed program was:
| /* confdefs.h.  */
| #define PACKAGE_NAME "gphoto2 command line interface"
| #define PACKAGE_TARNAME "gphoto2"
| #define PACKAGE_VERSION "2.4.10"
| #define PACKAGE_STRING "gphoto2 command line interface 2.4.10"
| #define PACKAGE_BUGREPORT "gphoto-devel@lists.sourceforge.net"
| #define PACKAGE "gphoto2"
| #define VERSION "2.4.10"
| #define STDC_HEADERS 1
| #define HAVE_SYS_TYPES_H 1
| #define HAVE_SYS_STAT_H 1
| #define HAVE_STDLIB_H 1
| #define HAVE_STRING_H 1
| #define HAVE_MEMORY_H 1
| #define HAVE_STRINGS_H 1
| #define HAVE_INTTYPES_H 1
| #define HAVE_STDINT_H 1
| #define HAVE_UNISTD_H 1
| #define HAVE_DLFCN_H 1
| /* end confdefs.h.  */
| #include <sys/types.h>
|  /* Check that off_t can represent 2**63 - 1 correctly.
|     We can't simply define LARGE_OFF_T to be 9223372036854775807,
|     since some C++ compilers masquerading as C compilers
|     incorrectly reject 9223372036854775807.  */
| #define LARGE_OFF_T (((off_t) 1 << 62) - 1 + ((off_t) 1 << 62))
|   int off_t_is_large[(LARGE_OFF_T % 2147483629 == 721
| 		       && LARGE_OFF_T % 2147483647 == 1)
| 		      ? 1 : -1];
| int
| main ()
| {
| 
|   ;
|   return 0;
| }
configure:20313: arm-softfloat-linux-gnueabi-gcc -c -O2 -mcpu=arm926ej-s -pipe -fomit-frame-pointer -msoft-float -mfloat-abi=soft -mabi=aapcs-linux  conftest.c >&5
configure:20319: $? = 0
configure:20337: result: 64
configure:20481: checking PKG_CONFIG_PATH
configure:20484: result: empty
configure:20493: checking for pkg-config
configure:20511: found /usr/bin/pkg-config
configure:20524: result: /usr/bin/pkg-config
configure:20699: checking for po/Makevars requiring hack
configure:20706: result: no
configure:20726: checking whether NLS is requested
configure:20735: result: no
configure:20773: checking for msgfmt
configure:20804: result: /usr/bin/msgfmt
configure:20813: checking for gmsgfmt
configure:20831: found /usr/bin/gmsgfmt
configure:20844: result: /usr/bin/gmsgfmt
configure:20884: checking for xgettext
configure:20915: result: /usr/bin/xgettext
configure:20955: checking for msgmerge
configure:20985: result: /usr/bin/msgmerge
configure:21060: checking for ld used by GCC
configure:21124: result: /usr/arm-softfloat-linux-gnueabi/bin/ld
configure:21133: checking if the linker (/usr/arm-softfloat-linux-gnueabi/bin/ld) is GNU ld
configure:21146: result: yes
configure:21152: checking for shared library run path origin
configure:21165: result: done
configure:21581: checking whether NLS is requested
configure:21590: result: no
configure:22350: checking whether to use NLS
configure:22352: result: no
configure:22461: checking for msgfmt
configure:22492: result: /usr/bin/msgfmt
configure:22501: checking for gmsgfmt
configure:22532: result: /usr/bin/gmsgfmt
configure:22572: checking for xgettext
configure:22603: result: /usr/bin/xgettext
configure:22643: checking for msgmerge
configure:22673: result: /usr/bin/msgmerge
configure:22738: checking for iconv
configure:22770: arm-softfloat-linux-gnueabi-gcc -o conftest -O2 -mcpu=arm926ej-s -pipe -fomit-frame-pointer -msoft-float -mfloat-abi=soft -mabi=aapcs-linux  -Wl,-O1 -Wl,--as-needed conftest.c  >&5
configure:22776: $? = 0
configure:22846: result: yes
configure:22869: checking for iconv declaration
configure:22908: arm-softfloat-linux-gnueabi-gcc -c -O2 -mcpu=arm926ej-s -pipe -fomit-frame-pointer -msoft-float -mfloat-abi=soft -mabi=aapcs-linux  conftest.c >&5
configure:22914: $? = 0
configure:22933: result: 
         extern size_t iconv (iconv_t cd, char * *inbuf, size_t *inbytesleft, char * *outbuf, size_t *outbytesleft);
configure:22978: checking for dynamic library extension
configure:23000: result: .so
configure:23010: checking for arm-softfloat-linux-gnueabi-pkg-config
configure:23040: result: /usr/bin/pkg-config
configure:23112: checking pkg-config is at least version 0.9.0
configure:23115: result: yes
configure:23133: checking for libgphoto2 to use
configure:23151: result: autodetect
configure:23160: checking for LIBGPHOTO2
configure:23167: $PKG_CONFIG --exists --print-errors "libgphoto2 >= 2.4.10"
configure:23170: $? = 0
configure:23183: $PKG_CONFIG --exists --print-errors "libgphoto2 >= 2.4.10"
configure:23186: $? = 0
configure:23221: result: yes
configure:23442: checking libgphoto2 library flags
configure:23444: result: "-lgphoto2 -lgphoto2_port -lexif -lm -lusb  "
configure:23446: checking libgphoto2 cpp flags
configure:23448: result: "-I/usr/include/gphoto2 -I/usr/include/libexif  "
configure:23468: checking for strptime
configure:23524: arm-softfloat-linux-gnueabi-gcc -o conftest -O2 -mcpu=arm926ej-s -pipe -fomit-frame-pointer -msoft-float -mfloat-abi=soft -mabi=aapcs-linux  -Wl,-O1 -Wl,--as-needed conftest.c  >&5
configure:23530: $? = 0
configure:23548: result: yes
configure:23565: checking for signal
configure:23621: arm-softfloat-linux-gnueabi-gcc -o conftest -O2 -mcpu=arm926ej-s -pipe -fomit-frame-pointer -msoft-float -mfloat-abi=soft -mabi=aapcs-linux  -Wl,-O1 -Wl,--as-needed conftest.c  >&5
configure:23627: $? = 0
configure:23645: result: yes
configure:23565: checking for pause
configure:23621: arm-softfloat-linux-gnueabi-gcc -o conftest -O2 -mcpu=arm926ej-s -pipe -fomit-frame-pointer -msoft-float -mfloat-abi=soft -mabi=aapcs-linux  -Wl,-O1 -Wl,--as-needed conftest.c  >&5
configure:23627: $? = 0
configure:23645: result: yes
configure:23565: checking for sleep
configure:23621: arm-softfloat-linux-gnueabi-gcc -o conftest -O2 -mcpu=arm926ej-s -pipe -fomit-frame-pointer -msoft-float -mfloat-abi=soft -mabi=aapcs-linux  -Wl,-O1 -Wl,--as-needed conftest.c  >&5
configure:23627: $? = 0
configure:23645: result: yes
configure:23657: checking for ANSI C header files
configure:23821: result: yes
configure:23846: checking fcntl.h usability
configure:23863: arm-softfloat-linux-gnueabi-gcc -c -O2 -mcpu=arm926ej-s -pipe -fomit-frame-pointer -msoft-float -mfloat-abi=soft -mabi=aapcs-linux  conftest.c >&5
configure:23869: $? = 0
configure:23883: result: yes
configure:23887: checking fcntl.h presence
configure:23902: arm-softfloat-linux-gnueabi-gcc -E  conftest.c
configure:23908: $? = 0
configure:23922: result: yes
configure:23955: checking for fcntl.h
configure:23963: result: yes
configure:23999: checking pthread.h usability
configure:24016: arm-softfloat-linux-gnueabi-gcc -c -O2 -mcpu=arm926ej-s -pipe -fomit-frame-pointer -msoft-float -mfloat-abi=soft -mabi=aapcs-linux  conftest.c >&5
configure:24022: $? = 0
configure:24036: result: yes
configure:24040: checking pthread.h presence
configure:24055: arm-softfloat-linux-gnueabi-gcc -E  conftest.c
configure:24061: $? = 0
configure:24075: result: yes
configure:24108: checking for pthread.h
configure:24115: result: yes
configure:24121: checking for pthread_exit in -lpthread
configure:24156: arm-softfloat-linux-gnueabi-gcc -o conftest -O2 -mcpu=arm926ej-s -pipe -fomit-frame-pointer -msoft-float -mfloat-abi=soft -mabi=aapcs-linux  -Wl,-O1 -Wl,--as-needed conftest.c -lpthread   >&5
configure:24162: $? = 0
configure:24180: result: yes
configure:24913: checking for libexif to use
configure:24931: result: autodetect
configure:24940: checking for LIBEXIF
configure:24947: $PKG_CONFIG --exists --print-errors "libexif >= 0.3.2"
configure:24950: $? = 0
configure:24963: $PKG_CONFIG --exists --print-errors "libexif >= 0.3.2"
configure:24966: $? = 0
configure:25001: result: yes
configure:25184: checking libexif/exif-log.h usability
configure:25201: arm-softfloat-linux-gnueabi-gcc -c -O2 -mcpu=arm926ej-s -pipe -fomit-frame-pointer -msoft-float -mfloat-abi=soft -mabi=aapcs-linux -I/usr/include/libexif   conftest.c >&5
configure:25207: $? = 0
configure:25221: result: yes
configure:25225: checking libexif/exif-log.h presence
configure:25240: arm-softfloat-linux-gnueabi-gcc -E -I/usr/include/libexif   conftest.c
configure:25246: $? = 0
configure:25260: result: yes
configure:25293: checking for libexif/exif-log.h
configure:25300: result: yes
configure:25324: checking libexif/exif-ifd.h usability
configure:25341: arm-softfloat-linux-gnueabi-gcc -c -O2 -mcpu=arm926ej-s -pipe -fomit-frame-pointer -msoft-float -mfloat-abi=soft -mabi=aapcs-linux -I/usr/include/libexif   conftest.c >&5
configure:25347: $? = 0
configure:25361: result: yes
configure:25365: checking libexif/exif-ifd.h presence
configure:25380: arm-softfloat-linux-gnueabi-gcc -E -I/usr/include/libexif   conftest.c
configure:25386: $? = 0
configure:25400: result: yes
configure:25433: checking for libexif/exif-ifd.h
configure:25440: result: yes
configure:25470: checking libexif/exif-data.h usability
configure:25487: arm-softfloat-linux-gnueabi-gcc -c -O2 -mcpu=arm926ej-s -pipe -fomit-frame-pointer -msoft-float -mfloat-abi=soft -mabi=aapcs-linux -I/usr/include/libexif   conftest.c >&5
configure:25493: $? = 0
configure:25507: result: yes
configure:25511: checking libexif/exif-data.h presence
configure:25526: arm-softfloat-linux-gnueabi-gcc -E -I/usr/include/libexif   conftest.c
configure:25532: $? = 0
configure:25546: result: yes
configure:25579: checking for libexif/exif-data.h
configure:25586: result: yes
configure:25600: checking for function exif_data_new in libexif
configure:25632: arm-softfloat-linux-gnueabi-gcc -o conftest -O2 -mcpu=arm926ej-s -pipe -fomit-frame-pointer -msoft-float -mfloat-abi=soft -mabi=aapcs-linux  -Wl,-O1 -Wl,--as-needed conftest.c -lexif -lm   >&5
configure:25638: $? = 0
configure:25655: result: yes
configure:25681: checking libexif library flags
configure:25683: result: "-lexif -lm  "
configure:25685: checking libexif cpp flags
configure:25687: result: "-I/usr/include/libexif  "
configure:25940: checking whether popt is required
configure:25942: result: yes
configure:25981: checking popt.h usability
configure:25998: arm-softfloat-linux-gnueabi-gcc -c -O2 -mcpu=arm926ej-s -pipe -fomit-frame-pointer -msoft-float -mfloat-abi=soft -mabi=aapcs-linux  conftest.c >&5
configure:26004: $? = 0
configure:26018: result: yes
configure:26022: checking popt.h presence
configure:26037: arm-softfloat-linux-gnueabi-gcc -E  conftest.c
configure:26043: $? = 0
configure:26057: result: yes
configure:26090: checking for popt.h
configure:26097: result: yes
configure:26156: checking for poptStuffArgs in -lpopt
configure:26191: arm-softfloat-linux-gnueabi-gcc -o conftest -O2 -mcpu=arm926ej-s -pipe -fomit-frame-pointer -msoft-float -mfloat-abi=soft -mabi=aapcs-linux  -L/usr/ -Wl,-O1 -Wl,--as-needed conftest.c -lpopt   >&5
configure:26197: $? = 0
configure:26215: result: yes
configure:26260: checking if popt is functional
configure:26277: result: yes
configure:26921: creating ./config.status

## ---------------------- ##
## Running config.status. ##
## ---------------------- ##

This file was extended by gphoto2 command line interface config.status 2.4.10, which was
generated by GNU Autoconf 2.61.  Invocation command line was

  CONFIG_FILES    = 
  CONFIG_HEADERS  = 
  CONFIG_LINKS    = 
  CONFIG_COMMANDS = 
  $ ./config.status 

on LS-XHLF9F

config.status:747: creating po/Makefile.in
config.status:887: WARNING:  po/Makefile.in.in seems to ignore the --datarootdir setting
config.status:747: creating Makefile
config.status:747: creating gphoto2/Makefile
config.status:747: creating m4m/Makefile
config.status:747: creating doc/Makefile
config.status:747: creating contrib/Makefile
config.status:747: creating packaging/Makefile
config.status:747: creating packaging/rpm/Makefile
config.status:747: creating packaging/rpm/package.spec
config.status:747: creating config.h
config.status:1046: executing depfiles commands
config.status:1046: executing default-1 commands
config.status:1046: executing default-2 commands

## ---------------- ##
## Cache variables. ##
## ---------------- ##

ac_cv_build=arm-softfloat-linux-gnueabi
ac_cv_c_compiler_gnu=yes
ac_cv_cxx_compiler_gnu=yes
ac_cv_env_CCC_set=
ac_cv_env_CCC_value=
ac_cv_env_CC_set=
ac_cv_env_CC_value=
ac_cv_env_CFLAGS_set=set
ac_cv_env_CFLAGS_value='-O2 -mcpu=arm926ej-s -pipe -fomit-frame-pointer -msoft-float -mfloat-abi=soft -mabi=aapcs-linux'
ac_cv_env_CPPFLAGS_set=
ac_cv_env_CPPFLAGS_value=
ac_cv_env_CPP_set=
ac_cv_env_CPP_value=
ac_cv_env_CXXCPP_set=
ac_cv_env_CXXCPP_value=
ac_cv_env_CXXFLAGS_set=set
ac_cv_env_CXXFLAGS_value='-O2 -mcpu=arm926ej-s -pipe -fomit-frame-pointer -msoft-float -mfloat-abi=soft -mabi=aapcs-linux'
ac_cv_env_CXX_set=
ac_cv_env_CXX_value=
ac_cv_env_F77_set=
ac_cv_env_F77_value=
ac_cv_env_FFLAGS_set=
ac_cv_env_FFLAGS_value=
ac_cv_env_LDFLAGS_set=set
ac_cv_env_LDFLAGS_value='-Wl,-O1 -Wl,--as-needed'
ac_cv_env_LIBEXIF_CFLAGS_set=
ac_cv_env_LIBEXIF_CFLAGS_value=
ac_cv_env_LIBEXIF_LIBS_set=
ac_cv_env_LIBEXIF_LIBS_value=
ac_cv_env_LIBGPHOTO2_CFLAGS_set=
ac_cv_env_LIBGPHOTO2_CFLAGS_value=
ac_cv_env_LIBGPHOTO2_LIBS_set=
ac_cv_env_LIBGPHOTO2_LIBS_value=
ac_cv_env_LIBS_set=
ac_cv_env_LIBS_value=
ac_cv_env_PKG_CONFIG_PATH_set=
ac_cv_env_PKG_CONFIG_PATH_value=
ac_cv_env_PKG_CONFIG_set=
ac_cv_env_PKG_CONFIG_value=
ac_cv_env_POPT_CFLAGS_set=
ac_cv_env_POPT_CFLAGS_value=
ac_cv_env_POPT_LIBS_set=
ac_cv_env_POPT_LIBS_value=
ac_cv_env_build_alias_set=set
ac_cv_env_build_alias_value=arm-softfloat-linux-gnueabi
ac_cv_env_host_alias_set=set
ac_cv_env_host_alias_value=arm-softfloat-linux-gnueabi
ac_cv_env_target_alias_set=
ac_cv_env_target_alias_value=
ac_cv_f77_compiler_gnu=no
ac_cv_func_pause=yes
ac_cv_func_signal=yes
ac_cv_func_sleep=yes
ac_cv_func_strptime=yes
ac_cv_header_dlfcn_h=yes
ac_cv_header_fcntl_h=yes
ac_cv_header_inttypes_h=yes
ac_cv_header_libexif_exif_data_h=yes
ac_cv_header_libexif_exif_ifd_h=yes
ac_cv_header_libexif_exif_log_h=yes
ac_cv_header_memory_h=yes
ac_cv_header_popt_h=yes
ac_cv_header_pthread_h=yes
ac_cv_header_stdc=yes
ac_cv_header_stdint_h=yes
ac_cv_header_stdlib_h=yes
ac_cv_header_string_h=yes
ac_cv_header_strings_h=yes
ac_cv_header_sys_stat_h=yes
ac_cv_header_sys_types_h=yes
ac_cv_header_unistd_h=yes
ac_cv_host=arm-softfloat-linux-gnueabi
ac_cv_lib_popt_poptStuffArgs=yes
ac_cv_lib_pthread_pthread_exit=yes
ac_cv_objext=o
ac_cv_path_EGREP='/bin/grep -E'
ac_cv_path_GMSGFMT=/usr/bin/gmsgfmt
ac_cv_path_GREP=/bin/grep
ac_cv_path_MSGFMT=/usr/bin/msgfmt
ac_cv_path_MSGMERGE=/usr/bin/msgmerge
ac_cv_path_PKG_CONFIG=/usr/bin/pkg-config
ac_cv_path_XGETTEXT=/usr/bin/xgettext
ac_cv_path_install='/usr/bin/install -c'
ac_cv_path_mkdir=/bin/mkdir
ac_cv_prog_AR=arm-softfloat-linux-gnueabi-ar
ac_cv_prog_AWK=gawk
ac_cv_prog_CC=arm-softfloat-linux-gnueabi-gcc
ac_cv_prog_CPP='arm-softfloat-linux-gnueabi-gcc -E'
ac_cv_prog_CXX=arm-softfloat-linux-gnueabi-g++
ac_cv_prog_CXXCPP='arm-softfloat-linux-gnueabi-g++ -E'
ac_cv_prog_RANLIB=arm-softfloat-linux-gnueabi-ranlib
ac_cv_prog_STRIP=arm-softfloat-linux-gnueabi-strip
ac_cv_prog_cc_arm_softfloat_linux_gnueabi_gcc_c_o=yes
ac_cv_prog_cc_c89=
ac_cv_prog_cc_g=yes
ac_cv_prog_cxx_g=yes
ac_cv_prog_f77_g=no
ac_cv_prog_make_make_set=yes
ac_cv_sys_file_offset_bits=64
ac_cv_sys_largefile_CC=no
acl_cv_hardcode_direct=no
acl_cv_hardcode_libdir_flag_spec='${wl}-rpath ${wl}$libdir'
acl_cv_hardcode_libdir_separator=
acl_cv_hardcode_minus_L=no
acl_cv_libext=a
acl_cv_path_LD=/usr/arm-softfloat-linux-gnueabi/bin/ld
acl_cv_prog_gnu_ld=yes
acl_cv_rpath=done
acl_cv_shlibext=so
acl_cv_wl=-Wl,
am_cv_CC_dependencies_compiler_type=gcc3
am_cv_CXX_dependencies_compiler_type=gcc3
am_cv_func_iconv=yes
am_cv_lib_iconv=no
am_cv_proto_iconv='extern size_t iconv (iconv_t cd, char * *inbuf, size_t *inbytesleft, char * *outbuf, size_t *outbytesleft);'
am_cv_proto_iconv_arg1=
lt_cv_deplibs_check_method=pass_all
lt_cv_file_magic_cmd='$MAGIC_CMD'
lt_cv_file_magic_test_file=
lt_cv_ld_reload_flag=-r
lt_cv_objdir=.libs
lt_cv_path_LD=/usr/arm-softfloat-linux-gnueabi/bin/ld
lt_cv_path_LDCXX=/usr/arm-softfloat-linux-gnueabi/bin/ld
lt_cv_path_NM='/usr/bin/nm -B'
lt_cv_path_SED=/bin/sed
lt_cv_prog_compiler_c_o=yes
lt_cv_prog_compiler_c_o_CXX=yes
lt_cv_prog_compiler_pic_works=yes
lt_cv_prog_compiler_pic_works_CXX=yes
lt_cv_prog_compiler_rtti_exceptions=no
lt_cv_prog_compiler_static_works=yes
lt_cv_prog_compiler_static_works_CXX=yes
lt_cv_prog_gnu_ld=yes
lt_cv_prog_gnu_ldcxx=yes
lt_cv_sys_global_symbol_pipe='sed -n -e '\''s/^.*[ 	]\([ABCDGIRSTW][ABCDGIRSTW]*\)[ 	][ 	]*\([_A-Za-z][_A-Za-z0-9]*\)$/\1 \2 \2/p'\'''
lt_cv_sys_global_symbol_to_c_name_address='sed -n -e '\''s/^: \([^ ]*\) $/  {\"\1\", (lt_ptr) 0},/p'\'' -e '\''s/^[BCDEGRST] \([^ ]*\) \([^ ]*\)$/  {"\2", (lt_ptr) \&\2},/p'\'''
lt_cv_sys_global_symbol_to_cdecl='sed -n -e '\''s/^. .* \(.*\)$/extern int \1;/p'\'''
lt_cv_sys_lib_dlsearch_path_spec='/lib /usr/lib /usr/local/lib /usr/arm-softfloat-linux-gnueabi/lib /usr/lib/gcc/arm-softfloat-linux-gnueabi/4.3.2 /usr/lib/gcc/arm-softfloat-linux-gnueabi/4.1.2 '
lt_cv_sys_lib_search_path_spec='/usr/lib/gcc/arm-softfloat-linux-gnueabi/4.3.2 /usr/arm-softfloat-linux-gnueabi/lib /usr/lib /lib'
lt_cv_sys_max_cmd_len=98304
lt_lt_cv_prog_compiler_c_o='"yes"'
lt_lt_cv_prog_compiler_c_o_CXX='"yes"'
lt_lt_cv_sys_global_symbol_pipe='"sed -n -e '\''s/^.*[ 	]\\([ABCDGIRSTW][ABCDGIRSTW]*\\)[ 	][ 	]*\\([_A-Za-z][_A-Za-z0-9]*\\)\$/\\1 \\2 \\2/p'\''"'
lt_lt_cv_sys_global_symbol_to_c_name_address='"sed -n -e '\''s/^: \\([^ ]*\\) \$/  {\\\"\\1\\\", (lt_ptr) 0},/p'\'' -e '\''s/^[BCDEGRST] \\([^ ]*\\) \\([^ ]*\\)\$/  {\"\\2\", (lt_ptr) \\&\\2},/p'\''"'
lt_lt_cv_sys_global_symbol_to_cdecl='"sed -n -e '\''s/^. .* \\(.*\\)\$/extern int \\1;/p'\''"'
pkg_cv_LIBEXIF_CFLAGS='-I/usr/include/libexif  '
pkg_cv_LIBEXIF_LIBS='-lexif -lm  '
pkg_cv_LIBGPHOTO2_CFLAGS='-I/usr/include/gphoto2 -I/usr/include/libexif  '
pkg_cv_LIBGPHOTO2_LIBS='-lgphoto2 -lgphoto2_port -lexif -lm -lusb  '

## ----------------- ##
## Output variables. ##
## ----------------- ##

AALIB_CONFIG=''
AA_CFLAGS=''
AA_LIBS=''
ACLOCAL='${SHELL} /var/tmp/portage/media-gfx/gphoto2-2.4.10/work/gphoto2-2.4.10/auto-aux/missing --run aclocal-1.10'
AMDEPBACKSLASH='\'
AMDEP_FALSE='#'
AMDEP_TRUE=''
AMTAR='${SHELL} /var/tmp/portage/media-gfx/gphoto2-2.4.10/work/gphoto2-2.4.10/auto-aux/missing --run tar'
AM_CPPFLAGS=' -I$(top_srcdir) -I$(top_srcdir)/gphoto2 -DLOCALEDIR=\"$(datadir)/locale\" -Wall -Wmissing-declarations -Wmissing-prototypes -g -D_GPHOTO2_INTERNAL_CODE'
AM_LDFLAGS='-Wl,-O1 -Wl,--as-needed -Wall -g'
AR='arm-softfloat-linux-gnueabi-ar'
AUTOCONF='${SHELL} /var/tmp/portage/media-gfx/gphoto2-2.4.10/work/gphoto2-2.4.10/auto-aux/missing --run autoconf'
AUTOHEADER='${SHELL} /var/tmp/portage/media-gfx/gphoto2-2.4.10/work/gphoto2-2.4.10/auto-aux/missing --run autoheader'
AUTOMAKE='${SHELL} /var/tmp/portage/media-gfx/gphoto2-2.4.10/work/gphoto2-2.4.10/auto-aux/missing --run automake-1.10'
AWK='gawk'
CC='arm-softfloat-linux-gnueabi-gcc'
CCDEPMODE='depmode=gcc3'
CDK_CFLAGS=''
CDK_LIBS=''
CFLAGS='-O2 -mcpu=arm926ej-s -pipe -fomit-frame-pointer -msoft-float -mfloat-abi=soft -mabi=aapcs-linux'
CPP='arm-softfloat-linux-gnueabi-gcc -E'
CPPFLAGS=''
CXX='arm-softfloat-linux-gnueabi-g++'
CXXCPP='arm-softfloat-linux-gnueabi-g++ -E'
CXXDEPMODE='depmode=gcc3'
CXXFLAGS='-O2 -mcpu=arm926ej-s -pipe -fomit-frame-pointer -msoft-float -mfloat-abi=soft -mabi=aapcs-linux'
CYGPATH_W='echo'
DEFS='-DHAVE_CONFIG_H'
DEPDIR='.deps'
DSYMUTIL=''
ECHO='echo'
ECHO_C=''
ECHO_N='-n'
ECHO_T=''
EGREP='/bin/grep -E'
EXEEXT=''
F77=''
FFLAGS=''
GETTEXT_PACKAGE='gphoto2'
GMSGFMT='/usr/bin/gmsgfmt'
GREP='/bin/grep'
HAVE_AA_FALSE=''
HAVE_AA_TRUE='#'
HAVE_CDK_FALSE=''
HAVE_CDK_TRUE='#'
HAVE_JPEG_FALSE=''
HAVE_JPEG_TRUE='#'
HAVE_LIBEXIF_FALSE='#'
HAVE_LIBEXIF_TRUE=''
HAVE_LIBGPHOTO2_FALSE='#'
HAVE_LIBGPHOTO2_TRUE=''
HAVE_POPT_FALSE='#'
HAVE_POPT_TRUE=''
HAVE_RL_FALSE=''
HAVE_RL_TRUE='#'
INSTALL_DATA='${INSTALL} -m 644'
INSTALL_PROGRAM='${INSTALL}'
INSTALL_SCRIPT='${INSTALL}'
INSTALL_STRIP_PROGRAM='$(install_sh) -c -s'
INTLLIBS=''
JPEG_CFLAGS=''
JPEG_LIBS=''
LDFLAGS='-Wl,-O1 -Wl,--as-needed'
LIBEXIF_CFLAGS='-I/usr/include/libexif  '
LIBEXIF_CONFIG_PROG=''
LIBEXIF_LIBS='-lexif -lm  '
LIBGPHOTO2_CFLAGS='-I/usr/include/gphoto2 -I/usr/include/libexif  '
LIBGPHOTO2_CONFIG_PROG=''
LIBGPHOTO2_LIBS='-lgphoto2 -lgphoto2_port -lexif -lm -lusb  '
LIBICONV=''
LIBINTL=''
LIBOBJS=''
LIBS=''
LIBTOOL='$(SHELL) $(top_builddir)/libtool'
LN_S='ln -s'
LTLIBICONV=''
LTLIBINTL=''
LTLIBOBJS=''
MAIL_GPHOTO_DEVEL='<gphoto-devel@lists.sourceforge.net>'
MAIL_GPHOTO_TRANSLATION='<gphoto-translation@lists.sourceforge.net>'
MAIL_GPHOTO_USER='<gphoto-user@lists.sourceforge.net>'
MAKEINFO='${SHELL} /var/tmp/portage/media-gfx/gphoto2-2.4.10/work/gphoto2-2.4.10/auto-aux/missing --run makeinfo'
MKINSTALLDIRS='$(top_builddir)/auto-aux/mkinstalldirs'
MSGFMT='/usr/bin/msgfmt'
MSGMERGE='/usr/bin/msgmerge'
NMEDIT=''
OBJEXT='o'
PACKAGE='gphoto2'
PACKAGE_BUGREPORT='gphoto-devel@lists.sourceforge.net'
PACKAGE_NAME='gphoto2 command line interface'
PACKAGE_STRING='gphoto2 command line interface 2.4.10'
PACKAGE_TARNAME='gphoto2'
PACKAGE_VERSION='2.4.10'
PATH_SEPARATOR=':'
PKG_CONFIG='/usr/bin/pkg-config'
PKG_CONFIG_PATH=''
POPT_CFLAGS='-I/usr/include'
POPT_LIBS='-L/usr/ -lpopt'
POSUB=''
PTHREAD_LIBS='-lpthread'
RANLIB='arm-softfloat-linux-gnueabi-ranlib'
REQUIREMENTS_FOR_LIBEXIF='libexif >= 0.3.2'
REQUIREMENTS_FOR_LIBGPHOTO2='libgphoto2 >= 2.4.10'
RL_CFLAGS=''
RL_LIBS=''
SED='/bin/sed'
SET_MAKE=''
SHELL='/bin/sh'
STRIP='arm-softfloat-linux-gnueabi-strip'
URL_DIGICAM_LIST='http://www.teaser.fr/~hfiguiere/linux/digicam.html'
URL_GPHOTO_HOME='http://www.gphoto.org/'
URL_GPHOTO_PROJECT='http://sourceforge.net/projects/gphoto'
URL_JPHOTO_HOME='http://jphoto.sourceforge.net/'
URL_USB_MASSSTORAGE='http://www.linux-usb.org/USB-guide/x498.html'
USE_NLS='no'
VERSION='2.4.10'
XGETTEXT='/usr/bin/xgettext'
ac_ct_CC=''
ac_ct_CXX=''
ac_ct_F77=''
am__fastdepCC_FALSE='#'
am__fastdepCC_TRUE=''
am__fastdepCXX_FALSE='#'
am__fastdepCXX_TRUE=''
am__include='include'
am__isrc=''
am__leading_dot='.'
am__quote=''
am__tar='${AMTAR} chof - "$$tardir"'
am__untar='${AMTAR} xf -'
bindir='${exec_prefix}/bin'
build='arm-softfloat-linux-gnueabi'
build_alias='arm-softfloat-linux-gnueabi'
build_cpu='arm'
build_os='linux-gnueabi'
build_vendor='softfloat'
datadir='/usr/share'
datarootdir='${prefix}/share'
docdir='/usr/share/doc/gphoto2-2.4.10'
dvidir='${docdir}'
exec_prefix='${prefix}'
host='arm-softfloat-linux-gnueabi'
host_alias='arm-softfloat-linux-gnueabi'
host_cpu='arm'
host_os='linux-gnueabi'
host_vendor='softfloat'
htmldir='${docdir}'
includedir='${prefix}/include'
infodir='/usr/share/info'
install_sh='$(SHELL) /var/tmp/portage/media-gfx/gphoto2-2.4.10/work/gphoto2-2.4.10/auto-aux/install-sh'
libdir='${exec_prefix}/lib'
libexecdir='${exec_prefix}/libexec'
localedir='$(datadir)/locale'
localstatedir='/var/lib'
mandir='/usr/share/man'
mkdir_p='/bin/mkdir -p'
oldincludedir='/usr/include'
pdfdir='${docdir}'
prefix='/usr'
program_transform_name='s,x,x,'
psdir='${docdir}'
sbindir='${exec_prefix}/sbin'
sharedstatedir='${prefix}/com'
sysconfdir='/etc'
target_alias=''

## ----------- ##
## confdefs.h. ##
## ----------- ##

#define PACKAGE_NAME "gphoto2 command line interface"
#define PACKAGE_TARNAME "gphoto2"
#define PACKAGE_VERSION "2.4.10"
#define PACKAGE_STRING "gphoto2 command line interface 2.4.10"
#define PACKAGE_BUGREPORT "gphoto-devel@lists.sourceforge.net"
#define PACKAGE "gphoto2"
#define VERSION "2.4.10"
#define STDC_HEADERS 1
#define HAVE_SYS_TYPES_H 1
#define HAVE_SYS_STAT_H 1
#define HAVE_STDLIB_H 1
#define HAVE_STRING_H 1
#define HAVE_MEMORY_H 1
#define HAVE_STRINGS_H 1
#define HAVE_INTTYPES_H 1
#define HAVE_STDINT_H 1
#define HAVE_UNISTD_H 1
#define HAVE_DLFCN_H 1
#define _FILE_OFFSET_BITS 64
#define HAVE_CC "arm-softfloat-linux-gnueabi-gcc"
#define URL_GPHOTO_HOME "http://www.gphoto.org/"
#define URL_GPHOTO_PROJECT "http://sourceforge.net/projects/gphoto"
#define URL_DIGICAM_LIST "http://www.teaser.fr/~hfiguiere/linux/digicam.html"
#define URL_JPHOTO_HOME "http://jphoto.sourceforge.net/"
#define URL_USB_MASSSTORAGE "http://www.linux-usb.org/USB-guide/x498.html"
#define MAIL_GPHOTO_DEVEL "<gphoto-devel@lists.sourceforge.net>"
#define MAIL_GPHOTO_USER "<gphoto-user@lists.sourceforge.net>"
#define MAIL_GPHOTO_TRANSLATION "<gphoto-translation@lists.sourceforge.net>"
#define GETTEXT_PACKAGE "gphoto2"
#define HAVE_ICONV 1
#define ICONV_CONST 
#define HAVE_LIBGPHOTO2 1
#define HAVE_STRPTIME 1
#define HAVE_SIGNAL 1
#define HAVE_PAUSE 1
#define HAVE_SLEEP 1
#define STDC_HEADERS 1
#define HAVE_FCNTL_H 1
#define HAVE_PTHREAD 1
#define HAVE_LIBEXIF_LOG 1
#define HAVE_LIBEXIF_IFD 1
#define HAVE_LIBEXIF 1
#define HAVE_POPT 1

configure: exit 0
