This file contains any messages produced by compilers while
running configure, to aid debugging if configure makes a mistake.

It was created by configure, which was
generated by GNU Autoconf 2.61.  Invocation command line was

  $ ./configure 

## --------- ##
## Platform. ##
## --------- ##

hostname = duvel
uname -m = i686
uname -r = 2.6.21-1.3173.fc8PAE
uname -s = Linux
uname -v = #1 SMP Fri May 18 17:25:09 EDT 2007

/usr/bin/uname -p = unknown
/bin/uname -X     = unknown

/bin/arch              = i686
/usr/bin/arch -k       = unknown
/usr/convex/getsysinfo = unknown
/usr/bin/hostinfo      = unknown
/bin/machine           = unknown
/usr/bin/oslevel       = unknown
/bin/universe          = unknown

PATH: /usr/lib/qt-3.3/bin
PATH: /usr/kerberos/bin
PATH: /usr/local/bin
PATH: /usr/bin
PATH: /bin
PATH: /usr/X11R6/bin
PATH: /opt/cdk4avr/bin
PATH: /opt/matlab/bin
PATH: /home/bart/bin
PATH: /usr/local/avr/bin
PATH: /opt/java/SUNWappserver/bin
PATH: /opt/cdk4avr/bin
PATH: /opt/matlab/bin


## ----------- ##
## Core tests. ##
## ----------- ##

configure:1924: checking for grep that handles long lines and -e
configure:1998: result: /bin/grep
configure:2003: checking for egrep
configure:2081: result: /bin/grep -E
configure:2086: checking for a sed that does not truncate output
configure:2142: result: /bin/sed
configure:2253: checking for gcc
configure:2269: found /usr/bin/gcc
configure:2280: result: gcc
configure:2518: checking for C compiler version
configure:2525: gcc --version >&5
gcc (GCC) 4.1.2 20070502 (Red Hat 4.1.2-12)
Copyright (C) 2006 Free Software Foundation, Inc.
This is free software; see the source for copying conditions.  There is NO
warranty; not even for MERCHANTABILITY or FITNESS FOR A PARTICULAR PURPOSE.

configure:2528: $? = 0
configure:2535: gcc -v >&5
Using built-in specs.
Target: i386-redhat-linux
Configured with: ../configure --prefix=/usr --mandir=/usr/share/man --infodir=/usr/share/info --enable-shared --enable-threads=posix --enable-checking=release --with-system-zlib --enable-__cxa_atexit --disable-libunwind-exceptions --enable-languages=c,c++,objc,obj-c++,java,fortran,ada --enable-java-awt=gtk --disable-dssi --enable-plugin --with-java-home=/usr/lib/jvm/java-1.5.0-gcj-1.5.0.0/jre --enable-libgcj-multifile --enable-java-maintainer-mode --with-ecj-jar=/usr/share/java/eclipse-ecj.jar --with-cpu=generic --host=i386-redhat-linux
Thread model: posix
gcc version 4.1.2 20070502 (Red Hat 4.1.2-12)
configure:2538: $? = 0
configure:2545: gcc -V >&5
gcc: '-V' option must have argument
configure:2548: $? = 1
configure:2571: checking for C compiler default output file name
configure:2598: gcc    conftest.c  >&5
configure:2601: $? = 0
configure:2639: result: a.out
configure:2656: checking whether the C compiler works
configure:2666: ./a.out
configure:2669: $? = 0
configure:2686: result: yes
configure:2693: checking whether we are cross compiling
configure:2695: result: no
configure:2698: checking for suffix of executables
configure:2705: gcc -o conftest    conftest.c  >&5
configure:2708: $? = 0
configure:2732: result: 
configure:2738: checking for suffix of object files
configure:2764: gcc -c   conftest.c >&5
configure:2767: $? = 0
configure:2790: result: o
configure:2794: checking whether we are using the GNU C compiler
configure:2823: gcc -c   conftest.c >&5
configure:2829: $? = 0
configure:2846: result: yes
configure:2851: checking whether gcc accepts -g
configure:2881: gcc -c -g  conftest.c >&5
configure:2887: $? = 0
configure:2986: result: yes
configure:3003: checking for gcc option to accept ISO C89
configure:3077: gcc  -c -g -O2  conftest.c >&5
configure:3083: $? = 0
configure:3106: result: none needed
configure:3125: checking whether gcc and cc understand -c and -o together
configure:3160: gcc -c conftest.c -o conftest2.o >&5
configure:3163: $? = 0
configure:3169: gcc -c conftest.c -o conftest2.o >&5
configure:3172: $? = 0
configure:3183: cc -c conftest.c >&5
configure:3186: $? = 0
configure:3194: cc -c conftest.c -o conftest2.o >&5
configure:3197: $? = 0
configure:3203: cc -c conftest.c -o conftest2.o >&5
configure:3206: $? = 0
configure:3224: result: yes
configure:3248: checking if compiler supports -R
configure:3277: gcc -o conftest -g -O2   conftest.c -R /usr/lib  >&5
gcc: unrecognized option '-R'
/usr/lib: file not recognized: Is a directory
collect2: ld returned 1 exit status
configure:3283: $? = 1
configure: failed program was:
| /* confdefs.h.  */
| #define PACKAGE_NAME ""
| #define PACKAGE_TARNAME ""
| #define PACKAGE_VERSION ""
| #define PACKAGE_STRING ""
| #define PACKAGE_BUGREPORT ""
| /* end confdefs.h.  */
| 
| int
| main ()
| {
| 
|   ;
|   return 0;
| }
configure:3302: result: no
configure:3307: checking if compiler supports -Wl,-rpath,
configure:3336: gcc -o conftest -g -O2   conftest.c -Wl,-rpath,/usr/lib  >&5
configure:3342: $? = 0
configure:3361: result: yes
configure:3407: checking build system type
configure:3425: result: i686-pc-linux-gnu
configure:3447: checking host system type
configure:3462: result: i686-pc-linux-gnu
configure:3484: checking target system type
configure:3499: result: i686-pc-linux-gnu
configure:3598: checking for PHP prefix
configure:3600: result: /usr
configure:3602: checking for PHP includes
configure:3604: result: -I/usr/include/php -I/usr/include/php/main -I/usr/include/php/TSRM -I/usr/include/php/Zend -I/usr/include/php/ext -I/usr/include/php/ext/date/lib
configure:3606: checking for PHP extension directory
configure:3608: result: /usr/lib/php/modules
configure:3610: checking for PHP installed headers prefix
configure:3612: result: /usr/include/php
configure:3659: checking for re2c
configure:3689: result: no
configure:3714: WARNING: You will need re2c 0.9.11 or later if you want to regenerate PHP parsers.
configure:3728: checking for gawk
configure:3745: found /usr/bin/gawk
configure:3756: result: gawk
configure:3811: checking whether to enable eaccelerator support
configure:3853: result: yes, shared
configure:4437: checking how to run the C preprocessor
configure:4477: gcc -E  conftest.c
configure:4483: $? = 0
configure:4514: gcc -E  conftest.c
conftest.c:18:28: error: ac_nonexistent.h: No such file or directory
configure:4520: $? = 1
configure: failed program was:
| /* confdefs.h.  */
| #define PACKAGE_NAME ""
| #define PACKAGE_TARNAME ""
| #define PACKAGE_VERSION ""
| #define PACKAGE_STRING ""
| #define PACKAGE_BUGREPORT ""
| #define COMPILE_DL_EACCELERATOR 1
| #define HAVE_EACCELERATOR 1
| #define WITH_EACCELERATOR_INFO 1
| #define EA_USERID 0
| #define WITH_EACCELERATOR_CRASH_DETECTION 1
| #define WITH_EACCELERATOR_OPTIMIZER 1
| #define WITH_EACCELERATOR_ENCODER 1
| #define WITH_EACCELERATOR_LOADER 1
| #define WITH_EACCELERATOR_INFO 1
| #define WITH_EACCELERATOR_USE_INODE 1
| /* end confdefs.h.  */
| #include <ac_nonexistent.h>
configure:4553: result: gcc -E
configure:4582: gcc -E  conftest.c
configure:4588: $? = 0
configure:4619: gcc -E  conftest.c
conftest.c:18:28: error: ac_nonexistent.h: No such file or directory
configure:4625: $? = 1
configure: failed program was:
| /* confdefs.h.  */
| #define PACKAGE_NAME ""
| #define PACKAGE_TARNAME ""
| #define PACKAGE_VERSION ""
| #define PACKAGE_STRING ""
| #define PACKAGE_BUGREPORT ""
| #define COMPILE_DL_EACCELERATOR 1
| #define HAVE_EACCELERATOR 1
| #define WITH_EACCELERATOR_INFO 1
| #define EA_USERID 0
| #define WITH_EACCELERATOR_CRASH_DETECTION 1
| #define WITH_EACCELERATOR_OPTIMIZER 1
| #define WITH_EACCELERATOR_ENCODER 1
| #define WITH_EACCELERATOR_LOADER 1
| #define WITH_EACCELERATOR_INFO 1
| #define WITH_EACCELERATOR_USE_INODE 1
| /* end confdefs.h.  */
| #include <ac_nonexistent.h>
configure:4665: checking for ANSI C header files
configure:4695: gcc -c -g -O2  conftest.c >&5
configure:4701: $? = 0
configure:4800: gcc -o conftest -g -O2   conftest.c  >&5
configure:4803: $? = 0
configure:4809: ./conftest
configure:4812: $? = 0
configure:4829: result: yes
configure:4853: checking for sys/types.h
configure:4874: gcc -c -g -O2  conftest.c >&5
configure:4880: $? = 0
configure:4896: result: yes
configure:4853: checking for sys/stat.h
configure:4874: gcc -c -g -O2  conftest.c >&5
configure:4880: $? = 0
configure:4896: result: yes
configure:4853: checking for stdlib.h
configure:4874: gcc -c -g -O2  conftest.c >&5
configure:4880: $? = 0
configure:4896: result: yes
configure:4853: checking for string.h
configure:4874: gcc -c -g -O2  conftest.c >&5
configure:4880: $? = 0
configure:4896: result: yes
configure:4853: checking for memory.h
configure:4874: gcc -c -g -O2  conftest.c >&5
configure:4880: $? = 0
configure:4896: result: yes
configure:4853: checking for strings.h
configure:4874: gcc -c -g -O2  conftest.c >&5
configure:4880: $? = 0
configure:4896: result: yes
configure:4853: checking for inttypes.h
configure:4874: gcc -c -g -O2  conftest.c >&5
configure:4880: $? = 0
configure:4896: result: yes
configure:4853: checking for stdint.h
configure:4874: gcc -c -g -O2  conftest.c >&5
configure:4880: $? = 0
configure:4896: result: yes
configure:4853: checking for unistd.h
configure:4874: gcc -c -g -O2  conftest.c >&5
configure:4880: $? = 0
configure:4896: result: yes
configure:4916: checking for unistd.h
configure:4922: result: yes
configure:4926: checking limits.h usability
configure:4943: gcc -c -g -O2  conftest.c >&5
configure:4949: $? = 0
configure:4963: result: yes
configure:4967: checking limits.h presence
configure:4982: gcc -E  conftest.c
configure:4988: $? = 0
configure:5002: result: yes
configure:5030: checking for limits.h
configure:5038: result: yes
configure:4926: checking sys/param.h usability
configure:4943: gcc -c -g -O2  conftest.c >&5
configure:4949: $? = 0
configure:4963: result: yes
configure:4967: checking sys/param.h presence
configure:4982: gcc -E  conftest.c
configure:4988: $? = 0
configure:5002: result: yes
configure:5030: checking for sys/param.h
configure:5038: result: yes
configure:4926: checking sched.h usability
configure:4943: gcc -c -g -O2  conftest.c >&5
configure:4949: $? = 0
configure:4963: result: yes
configure:4967: checking sched.h presence
configure:4982: gcc -E  conftest.c
configure:4988: $? = 0
configure:5002: result: yes
configure:5030: checking for sched.h
configure:5038: result: yes
configure:5052: checking mandatory system headers
configure:5074: gcc -E  conftest.c
configure:5080: $? = 0
configure:5094: result: yes
configure:5097: checking whether union semun is defined in sys/sem.h
configure:5127: gcc -c -g -O2  conftest.c >&5
conftest.c: In function 'main':
conftest.c:41: error: storage size of 'arg' isn't known
configure:5133: $? = 1
configure: failed program was:
| /* confdefs.h.  */
| #define PACKAGE_NAME ""
| #define PACKAGE_TARNAME ""
| #define PACKAGE_VERSION ""
| #define PACKAGE_STRING ""
| #define PACKAGE_BUGREPORT ""
| #define COMPILE_DL_EACCELERATOR 1
| #define HAVE_EACCELERATOR 1
| #define WITH_EACCELERATOR_INFO 1
| #define EA_USERID 0
| #define WITH_EACCELERATOR_CRASH_DETECTION 1
| #define WITH_EACCELERATOR_OPTIMIZER 1
| #define WITH_EACCELERATOR_ENCODER 1
| #define WITH_EACCELERATOR_LOADER 1
| #define WITH_EACCELERATOR_INFO 1
| #define WITH_EACCELERATOR_USE_INODE 1
| #define STDC_HEADERS 1
| #define HAVE_SYS_TYPES_H 1
| #define HAVE_SYS_STAT_H 1
| #define HAVE_STDLIB_H 1
| #define HAVE_STRING_H 1
| #define HAVE_MEMORY_H 1
| #define HAVE_STRINGS_H 1
| #define HAVE_INTTYPES_H 1
| #define HAVE_STDINT_H 1
| #define HAVE_UNISTD_H 1
| #define HAVE_UNISTD_H 1
| #define HAVE_LIMITS_H 1
| #define HAVE_SYS_PARAM_H 1
| #define HAVE_SCHED_H 1
| /* end confdefs.h.  */
| 
|   #include <sys/types.h>
|   #include <sys/ipc.h>
|   #include <sys/sem.h>
| 
| int
| main ()
| {
| 
|   union semun arg;
|   semctl(0, 0, 0, arg);
| 
|   ;
|   return 0;
| }
configure:5152: result: no
configure:5161: checking for sysvipc shared memory support
configure:5184: gcc -o conftest -g -O2   conftest.c  >&5
configure:5187: $? = 0
configure:5193: ./conftest
configure:5196: $? = 0
configure:5212: result: yes
configure:5226: checking for mmap shared memory support
configure:5249: gcc -o conftest -g -O2   conftest.c  >&5
configure:5252: $? = 0
configure:5258: ./conftest
configure:5261: $? = 0
configure:5277: result: yes
configure:5280: checking for mmap on /dev/zero shared memory support
configure:5303: gcc -o conftest -g -O2   conftest.c  >&5
configure:5306: $? = 0
configure:5312: ./conftest
configure:5315: $? = 0
configure:5331: result: yes
configure:5334: checking for anonymous mmap shared memory support
configure:5357: gcc -o conftest -g -O2   conftest.c  >&5
configure:5360: $? = 0
configure:5366: ./conftest
configure:5369: $? = 0
configure:5385: result: yes
configure:5388: checking for posix mmap shared memory support
configure:5411: gcc -o conftest -g -O2   conftest.c  >&5
/tmp/ccKDocVf.o: In function `mm_create_shm':
/home/bart/development/eaccelerator/branches/0.9.5/mm.c:805: warning: the use of `mktemp' is dangerous, better use `mkstemp'
/tmp/ccKDocVf.o: In function `_mm_create':
conftest.c:(.text+0x47e): undefined reference to `shm_open'
conftest.c:(.text+0x4d9): undefined reference to `shm_unlink'
conftest.c:(.text+0x57a): undefined reference to `shm_unlink'
collect2: ld returned 1 exit status
configure:5414: $? = 1
configure: program exited with status 1
configure: failed program was:
| /* confdefs.h.  */
| #define PACKAGE_NAME ""
| #define PACKAGE_TARNAME ""
| #define PACKAGE_VERSION ""
| #define PACKAGE_STRING ""
| #define PACKAGE_BUGREPORT ""
| #define COMPILE_DL_EACCELERATOR 1
| #define HAVE_EACCELERATOR 1
| #define WITH_EACCELERATOR_INFO 1
| #define EA_USERID 0
| #define WITH_EACCELERATOR_CRASH_DETECTION 1
| #define WITH_EACCELERATOR_OPTIMIZER 1
| #define WITH_EACCELERATOR_ENCODER 1
| #define WITH_EACCELERATOR_LOADER 1
| #define WITH_EACCELERATOR_INFO 1
| #define WITH_EACCELERATOR_USE_INODE 1
| #define STDC_HEADERS 1
| #define HAVE_SYS_TYPES_H 1
| #define HAVE_SYS_STAT_H 1
| #define HAVE_STDLIB_H 1
| #define HAVE_STRING_H 1
| #define HAVE_MEMORY_H 1
| #define HAVE_STRINGS_H 1
| #define HAVE_INTTYPES_H 1
| #define HAVE_STDINT_H 1
| #define HAVE_UNISTD_H 1
| #define HAVE_UNISTD_H 1
| #define HAVE_LIMITS_H 1
| #define HAVE_SYS_PARAM_H 1
| #define HAVE_SCHED_H 1
| /* end confdefs.h.  */
| #define MM_SEM_NONE
| #define MM_SHM_MMAP_POSIX
| #define MM_TEST_SHM
| #include "/home/bart/development/eaccelerator/branches/0.9.5/mm.c"
| 
configure:5439: result: no
configure:5442: checking for best shared memory type
configure:5482: result: anonymous mmap
configure:5489: checking for spinlock semaphores support
configure:5511: gcc -o conftest -g -O2   conftest.c  >&5
configure:5514: $? = 0
configure:5520: ./conftest
configure:5523: $? = 0
configure:5539: result: yes
configure:5542: checking for pthread semaphores support
configure:5564: gcc -o conftest -g -O2   conftest.c  >&5
/tmp/cce1jpGd.o: In function `mm_init_lock':
/home/bart/development/eaccelerator/branches/0.9.5/mm.c:233: undefined reference to `pthread_mutexattr_init'
/home/bart/development/eaccelerator/branches/0.9.5/mm.c:236: undefined reference to `pthread_mutexattr_setpshared'
/home/bart/development/eaccelerator/branches/0.9.5/mm.c:242: undefined reference to `pthread_mutexattr_destroy'
collect2: ld returned 1 exit status
configure:5567: $? = 1
configure: program exited with status 1
configure: failed program was:
| /* confdefs.h.  */
| #define PACKAGE_NAME ""
| #define PACKAGE_TARNAME ""
| #define PACKAGE_VERSION ""
| #define PACKAGE_STRING ""
| #define PACKAGE_BUGREPORT ""
| #define COMPILE_DL_EACCELERATOR 1
| #define HAVE_EACCELERATOR 1
| #define WITH_EACCELERATOR_INFO 1
| #define EA_USERID 0
| #define WITH_EACCELERATOR_CRASH_DETECTION 1
| #define WITH_EACCELERATOR_OPTIMIZER 1
| #define WITH_EACCELERATOR_ENCODER 1
| #define WITH_EACCELERATOR_LOADER 1
| #define WITH_EACCELERATOR_INFO 1
| #define WITH_EACCELERATOR_USE_INODE 1
| #define STDC_HEADERS 1
| #define HAVE_SYS_TYPES_H 1
| #define HAVE_SYS_STAT_H 1
| #define HAVE_STDLIB_H 1
| #define HAVE_STRING_H 1
| #define HAVE_MEMORY_H 1
| #define HAVE_STRINGS_H 1
| #define HAVE_INTTYPES_H 1
| #define HAVE_STDINT_H 1
| #define HAVE_UNISTD_H 1
| #define HAVE_UNISTD_H 1
| #define HAVE_LIMITS_H 1
| #define HAVE_SYS_PARAM_H 1
| #define HAVE_SCHED_H 1
| #define MM_SHM_MMAP_ANON 1
| /* end confdefs.h.  */
| #define MM_SEM_PTHREAD
| #define MM_TEST_SEM
| #include "/home/bart/development/eaccelerator/branches/0.9.5/mm.c"
| 
configure:5592: result: no
configure:5595: checking for posix semaphores support
configure:5617: gcc -o conftest -g -O2   conftest.c  >&5
/tmp/cci2sa0L.o: In function `mm_init_lock':
/home/bart/development/eaccelerator/branches/0.9.5/mm.c:288: warning: the use of `mktemp' is dangerous, better use `mkstemp'
/tmp/cci2sa0L.o: In function `_mm_destroy':
conftest.c:(.text+0x287): undefined reference to `sem_close'
/tmp/cci2sa0L.o: In function `_mm_create':
conftest.c:(.text+0x3ca): undefined reference to `sem_open'
conftest.c:(.text+0x3d8): undefined reference to `sem_unlink'
/tmp/cci2sa0L.o: In function `_mm_unlock':
conftest.c:(.text+0x462): undefined reference to `sem_post'
/tmp/cci2sa0L.o: In function `_mm_lock':
conftest.c:(.text+0x482): undefined reference to `sem_wait'
collect2: ld returned 1 exit status
configure:5620: $? = 1
configure: program exited with status 1
configure: failed program was:
| /* confdefs.h.  */
| #define PACKAGE_NAME ""
| #define PACKAGE_TARNAME ""
| #define PACKAGE_VERSION ""
| #define PACKAGE_STRING ""
| #define PACKAGE_BUGREPORT ""
| #define COMPILE_DL_EACCELERATOR 1
| #define HAVE_EACCELERATOR 1
| #define WITH_EACCELERATOR_INFO 1
| #define EA_USERID 0
| #define WITH_EACCELERATOR_CRASH_DETECTION 1
| #define WITH_EACCELERATOR_OPTIMIZER 1
| #define WITH_EACCELERATOR_ENCODER 1
| #define WITH_EACCELERATOR_LOADER 1
| #define WITH_EACCELERATOR_INFO 1
| #define WITH_EACCELERATOR_USE_INODE 1
| #define STDC_HEADERS 1
| #define HAVE_SYS_TYPES_H 1
| #define HAVE_SYS_STAT_H 1
| #define HAVE_STDLIB_H 1
| #define HAVE_STRING_H 1
| #define HAVE_MEMORY_H 1
| #define HAVE_STRINGS_H 1
| #define HAVE_INTTYPES_H 1
| #define HAVE_STDINT_H 1
| #define HAVE_UNISTD_H 1
| #define HAVE_UNISTD_H 1
| #define HAVE_LIMITS_H 1
| #define HAVE_SYS_PARAM_H 1
| #define HAVE_SCHED_H 1
| #define MM_SHM_MMAP_ANON 1
| /* end confdefs.h.  */
| #define MM_SEM_POSIX
| #define MM_TEST_SEM
| #include "/home/bart/development/eaccelerator/branches/0.9.5/mm.c"
| 
configure:5645: result: no
configure:5648: checking for sysvipc semaphores support
configure:5670: gcc -o conftest -g -O2   conftest.c  >&5
configure:5673: $? = 0
configure:5679: ./conftest
configure:5682: $? = 0
configure:5698: result: yes
configure:5712: checking for fcntl semaphores support
configure:5734: gcc -o conftest -g -O2   conftest.c  >&5
configure:5737: $? = 0
configure:5743: ./conftest
configure:5746: $? = 0
configure:5762: result: yes
configure:5765: checking for flock semaphores support
configure:5787: gcc -o conftest -g -O2   conftest.c  >&5
configure:5790: $? = 0
configure:5796: ./conftest
configure:5799: $? = 0
configure:5815: result: yes
configure:5818: checking for best semaphores type
configure:5871: result: spinlock
configure:5878: checking for sched_yield
configure:5934: gcc -o conftest -g -O2   conftest.c  >&5
configure:5940: $? = 0
configure:5957: result: yes
configure:5970: checking for mprotect
configure:6026: gcc -o conftest -g -O2   conftest.c  >&5
configure:6032: $? = 0
configure:6049: result: yes
configure:6064: checking for ext/session/php_session.h
configure:6079: gcc -E  -I/usr/include/php -I/usr/include/php/main -I/usr/include/php/TSRM -I/usr/include/php/Zend -I/usr/include/php/ext -I/usr/include/php/ext/date/lib -I/home/bart/development/eaccelerator/branches/0.9.5 conftest.c
configure:6085: $? = 0
configure:6106: result: yes
configure:6199: checking for ld used by gcc
configure:6266: result: /usr/bin/ld
configure:6275: checking if the linker (/usr/bin/ld) is GNU ld
configure:6290: result: yes
configure:6295: checking for /usr/bin/ld option to reload object files
configure:6302: result: -r
configure:6320: checking for BSD-compatible nm
configure:6369: result: /usr/bin/nm -B
configure:6373: checking whether ln -s works
configure:6377: result: yes
configure:6384: checking how to recognise dependent libraries
configure:6560: result: pass_all
configure:6803: checking dlfcn.h usability
configure:6820: gcc -c -g -O2  conftest.c >&5
configure:6826: $? = 0
configure:6840: result: yes
configure:6844: checking dlfcn.h presence
configure:6859: gcc -E  conftest.c
configure:6865: $? = 0
configure:6879: result: yes
configure:6907: checking for dlfcn.h
configure:6915: result: yes
configure:6986: checking for g++
configure:7002: found /usr/bin/g++
configure:7013: result: g++
configure:7044: checking for C++ compiler version
configure:7051: g++ --version >&5
g++ (GCC) 4.1.2 20070502 (Red Hat 4.1.2-12)
Copyright (C) 2006 Free Software Foundation, Inc.
This is free software; see the source for copying conditions.  There is NO
warranty; not even for MERCHANTABILITY or FITNESS FOR A PARTICULAR PURPOSE.

configure:7054: $? = 0
configure:7061: g++ -v >&5
Using built-in specs.
Target: i386-redhat-linux
Configured with: ../configure --prefix=/usr --mandir=/usr/share/man --infodir=/usr/share/info --enable-shared --enable-threads=posix --enable-checking=release --with-system-zlib --enable-__cxa_atexit --disable-libunwind-exceptions --enable-languages=c,c++,objc,obj-c++,java,fortran,ada --enable-java-awt=gtk --disable-dssi --enable-plugin --with-java-home=/usr/lib/jvm/java-1.5.0-gcj-1.5.0.0/jre --enable-libgcj-multifile --enable-java-maintainer-mode --with-ecj-jar=/usr/share/java/eclipse-ecj.jar --with-cpu=generic --host=i386-redhat-linux
Thread model: posix
gcc version 4.1.2 20070502 (Red Hat 4.1.2-12)
configure:7064: $? = 0
configure:7071: g++ -V >&5
g++: '-V' option must have argument
configure:7074: $? = 1
configure:7077: checking whether we are using the GNU C++ compiler
configure:7106: g++ -c   conftest.cpp >&5
configure:7112: $? = 0
configure:7129: result: yes
configure:7134: checking whether g++ accepts -g
configure:7164: g++ -c -g  conftest.cpp >&5
configure:7170: $? = 0
configure:7269: result: yes
configure:7302: checking how to run the C++ preprocessor
configure:7338: g++ -E  conftest.cpp
configure:7344: $? = 0
configure:7375: g++ -E  conftest.cpp
conftest.cpp:38:28: error: ac_nonexistent.h: No such file or directory
configure:7381: $? = 1
configure: failed program was:
| /* confdefs.h.  */
| #define PACKAGE_NAME ""
| #define PACKAGE_TARNAME ""
| #define PACKAGE_VERSION ""
| #define PACKAGE_STRING ""
| #define PACKAGE_BUGREPORT ""
| #define COMPILE_DL_EACCELERATOR 1
| #define HAVE_EACCELERATOR 1
| #define WITH_EACCELERATOR_INFO 1
| #define EA_USERID 0
| #define WITH_EACCELERATOR_CRASH_DETECTION 1
| #define WITH_EACCELERATOR_OPTIMIZER 1
| #define WITH_EACCELERATOR_ENCODER 1
| #define WITH_EACCELERATOR_LOADER 1
| #define WITH_EACCELERATOR_INFO 1
| #define WITH_EACCELERATOR_USE_INODE 1
| #define STDC_HEADERS 1
| #define HAVE_SYS_TYPES_H 1
| #define HAVE_SYS_STAT_H 1
| #define HAVE_STDLIB_H 1
| #define HAVE_STRING_H 1
| #define HAVE_MEMORY_H 1
| #define HAVE_STRINGS_H 1
| #define HAVE_INTTYPES_H 1
| #define HAVE_STDINT_H 1
| #define HAVE_UNISTD_H 1
| #define HAVE_UNISTD_H 1
| #define HAVE_LIMITS_H 1
| #define HAVE_SYS_PARAM_H 1
| #define HAVE_SCHED_H 1
| #define MM_SHM_MMAP_ANON 1
| #define MM_SEM_SPINLOCK 1
| #define HAVE_SCHED_YIELD 1
| #define HAVE_MPROTECT 1
| #define HAVE_EXT_SESSION_PHP_SESSION_H 1
| #define HAVE_DLFCN_H 1
| /* end confdefs.h.  */
| #include <ac_nonexistent.h>
configure:7414: result: g++ -E
configure:7443: g++ -E  conftest.cpp
configure:7449: $? = 0
configure:7480: g++ -E  conftest.cpp
conftest.cpp:38:28: error: ac_nonexistent.h: No such file or directory
configure:7486: $? = 1
configure: failed program was:
| /* confdefs.h.  */
| #define PACKAGE_NAME ""
| #define PACKAGE_TARNAME ""
| #define PACKAGE_VERSION ""
| #define PACKAGE_STRING ""
| #define PACKAGE_BUGREPORT ""
| #define COMPILE_DL_EACCELERATOR 1
| #define HAVE_EACCELERATOR 1
| #define WITH_EACCELERATOR_INFO 1
| #define EA_USERID 0
| #define WITH_EACCELERATOR_CRASH_DETECTION 1
| #define WITH_EACCELERATOR_OPTIMIZER 1
| #define WITH_EACCELERATOR_ENCODER 1
| #define WITH_EACCELERATOR_LOADER 1
| #define WITH_EACCELERATOR_INFO 1
| #define WITH_EACCELERATOR_USE_INODE 1
| #define STDC_HEADERS 1
| #define HAVE_SYS_TYPES_H 1
| #define HAVE_SYS_STAT_H 1
| #define HAVE_STDLIB_H 1
| #define HAVE_STRING_H 1
| #define HAVE_MEMORY_H 1
| #define HAVE_STRINGS_H 1
| #define HAVE_INTTYPES_H 1
| #define HAVE_STDINT_H 1
| #define HAVE_UNISTD_H 1
| #define HAVE_UNISTD_H 1
| #define HAVE_LIMITS_H 1
| #define HAVE_SYS_PARAM_H 1
| #define HAVE_SCHED_H 1
| #define MM_SHM_MMAP_ANON 1
| #define MM_SEM_SPINLOCK 1
| #define HAVE_SCHED_YIELD 1
| #define HAVE_MPROTECT 1
| #define HAVE_EXT_SESSION_PHP_SESSION_H 1
| #define HAVE_DLFCN_H 1
| /* end confdefs.h.  */
| #include <ac_nonexistent.h>
configure:7579: checking for g77
configure:7609: result: no
configure:7579: checking for xlf
configure:7609: result: no
configure:7579: checking for f77
configure:7609: result: no
configure:7579: checking for frt
configure:7609: result: no
configure:7579: checking for pgf77
configure:7609: result: no
configure:7579: checking for cf77
configure:7609: result: no
configure:7579: checking for fort77
configure:7609: result: no
configure:7579: checking for fl32
configure:7609: result: no
configure:7579: checking for af77
configure:7609: result: no
configure:7579: checking for xlf90
configure:7609: result: no
configure:7579: checking for f90
configure:7609: result: no
configure:7579: checking for pgf90
configure:7609: result: no
configure:7579: checking for pghpf
configure:7609: result: no
configure:7579: checking for epcf90
configure:7609: result: no
configure:7579: checking for gfortran
configure:7609: result: no
configure:7579: checking for g95
configure:7609: result: no
configure:7579: checking for xlf95
configure:7609: result: no
configure:7579: checking for f95
configure:7609: result: no
configure:7579: checking for fort
configure:7609: result: no
configure:7579: checking for ifort
configure:7609: result: no
configure:7579: checking for ifc
configure:7609: result: no
configure:7579: checking for efc
configure:7609: result: no
configure:7579: checking for pgf95
configure:7609: result: no
configure:7579: checking for lf95
configure:7609: result: no
configure:7579: checking for ftn
configure:7609: result: no
configure:7636: checking for Fortran 77 compiler version
configure:7643:  --version >&5
./configure: line 7644: --version: command not found
configure:7646: $? = 127
configure:7653:  -v >&5
./configure: line 7654: -v: command not found
configure:7656: $? = 127
configure:7663:  -V >&5
./configure: line 7664: -V: command not found
configure:7666: $? = 127
configure:7674: checking whether we are using the GNU Fortran 77 compiler
configure:7693:  -c  conftest.F >&5
./configure: line 7694: -c: command not found
configure:7699: $? = 127
configure: failed program was:
|       program main
| #ifndef __GNUC__
|        choke me
| #endif
| 
|       end
configure:7716: result: no
configure:7722: checking whether  accepts -g
configure:7739:  -c -g conftest.f >&5
./configure: line 7740: -c: command not found
configure:7745: $? = 127
configure: failed program was:
|       program main
| 
|       end
configure:7761: result: no
configure:7791: checking the maximum length of command line arguments
configure:7900: result: 32768
configure:7911: checking command to parse /usr/bin/nm -B output from gcc object
configure:8016: gcc -c -g -O2  conftest.c >&5
configure:8019: $? = 0
configure:8023: /usr/bin/nm -B conftest.o \| sed -n -e 's/^.*[ 	]\([ABCDGIRSTW][ABCDGIRSTW]*\)[ 	][ 	]*\([_A-Za-z][_A-Za-z0-9]*\)$/\1 \2 \2/p' \> conftest.nm
configure:8026: $? = 0
configure:8078: gcc -o conftest -g -O2   conftest.c conftstm.o >&5
configure:8081: $? = 0
configure:8119: result: ok
configure:8123: checking for objdir
configure:8138: result: .libs
configure:8230: checking for ar
configure:8246: found /usr/bin/ar
configure:8257: result: ar
configure:8326: checking for ranlib
configure:8342: found /usr/bin/ranlib
configure:8353: result: ranlib
configure:8422: checking for strip
configure:8438: found /usr/bin/strip
configure:8449: result: strip
configure:8739: checking if gcc supports -fno-rtti -fno-exceptions
configure:8757: gcc -c -g -O2  -fno-rtti -fno-exceptions conftest.c >&5
cc1: warning: command line option "-fno-rtti" is valid for C++/ObjC++ but not for C
configure:8761: $? = 0
configure:8774: result: no
configure:8789: checking for gcc option to produce PIC
configure:8999: result: -fPIC
configure:9007: checking if gcc PIC flag -fPIC works
configure:9025: gcc -c -g -O2  -fPIC -DPIC conftest.c >&5
configure:9029: $? = 0
configure:9042: result: yes
configure:9070: checking if gcc static flag -static works
configure:9098: result: yes
configure:9108: checking if gcc supports -c -o file.o
configure:9129: gcc -c -g -O2  -o out/conftest2.o conftest.c >&5
configure:9133: $? = 0
configure:9155: result: yes
configure:9181: checking whether the gcc linker (/usr/bin/ld) supports shared libraries
configure:10135: result: yes
configure:10156: checking whether -lc should be explicitly linked in
configure:10161: gcc -c -g -O2  conftest.c >&5
configure:10164: $? = 0
configure:10179: gcc -shared conftest.o  -v -Wl,-soname -Wl,conftest -o conftest 2\>\&1 \| grep  -lc  \>/dev/null 2\>\&1
configure:10182: $? = 0
configure:10194: result: no
configure:10202: checking dynamic linker characteristics
configure:10811: result: GNU/Linux ld.so
configure:10820: checking how to hardcode library paths into programs
configure:10845: result: immediate
configure:10859: checking whether stripping libraries is possible
configure:10864: result: yes
configure:11665: checking if libtool supports shared libraries
configure:11667: result: yes
configure:11670: checking whether to build shared libraries
configure:11691: result: yes
configure:11694: checking whether to build static libraries
configure:11698: result: no
configure:11790: creating libtool
configure:12378: checking for ld used by g++
configure:12445: result: /usr/bin/ld
configure:12454: checking if the linker (/usr/bin/ld) is GNU ld
configure:12469: result: yes
configure:12520: checking whether the g++ linker (/usr/bin/ld) supports shared libraries
configure:13454: result: yes
configure:13476: g++ -c -g -O2  conftest.cpp >&5
configure:13479: $? = 0
configure:13598: checking for g++ option to produce PIC
configure:13872: result: -fPIC
configure:13880: checking if g++ PIC flag -fPIC works
configure:13898: g++ -c -g -O2  -fPIC -DPIC conftest.cpp >&5
configure:13902: $? = 0
configure:13915: result: yes
configure:13943: checking if g++ static flag -static works
configure:13971: result: yes
configure:13981: checking if g++ supports -c -o file.o
configure:14002: g++ -c -g -O2  -o out/conftest2.o conftest.cpp >&5
configure:14006: $? = 0
configure:14028: result: yes
configure:14054: checking whether the g++ linker (/usr/bin/ld) supports shared libraries
configure:14079: result: yes
configure:14146: checking dynamic linker characteristics
configure:14755: result: GNU/Linux ld.so
configure:14764: checking how to hardcode library paths into programs
configure:14789: result: immediate
configure:21192: creating ./config.status

## ---------------------- ##
## Running config.status. ##
## ---------------------- ##

This file was extended by config.status, which was
generated by GNU Autoconf 2.61.  Invocation command line was

  CONFIG_FILES    = 
  CONFIG_HEADERS  = 
  CONFIG_LINKS    = 
  CONFIG_COMMANDS = 
  $ ./config.status 

on duvel

config.status:515: creating config.h

## ---------------- ##
## Cache variables. ##
## ---------------- ##

ac_cv_build=i686-pc-linux-gnu
ac_cv_c_compiler_gnu=yes
ac_cv_cxx_compiler_gnu=yes
ac_cv_env_CCC_set=
ac_cv_env_CCC_value=
ac_cv_env_CC_set=
ac_cv_env_CC_value=
ac_cv_env_CFLAGS_set=
ac_cv_env_CFLAGS_value=
ac_cv_env_CPPFLAGS_set=
ac_cv_env_CPPFLAGS_value=
ac_cv_env_CPP_set=
ac_cv_env_CPP_value=
ac_cv_env_CXXCPP_set=
ac_cv_env_CXXCPP_value=
ac_cv_env_CXXFLAGS_set=
ac_cv_env_CXXFLAGS_value=
ac_cv_env_CXX_set=
ac_cv_env_CXX_value=
ac_cv_env_F77_set=
ac_cv_env_F77_value=
ac_cv_env_FFLAGS_set=
ac_cv_env_FFLAGS_value=
ac_cv_env_LDFLAGS_set=
ac_cv_env_LDFLAGS_value=
ac_cv_env_LIBS_set=
ac_cv_env_LIBS_value=
ac_cv_env_build_alias_set=
ac_cv_env_build_alias_value=
ac_cv_env_host_alias_set=
ac_cv_env_host_alias_value=
ac_cv_env_target_alias_set=
ac_cv_env_target_alias_value=
ac_cv_f77_compiler_gnu=no
ac_cv_func_mprotect=yes
ac_cv_func_sched_yield=yes
ac_cv_header_dlfcn_h=yes
ac_cv_header_inttypes_h=yes
ac_cv_header_limits_h=yes
ac_cv_header_memory_h=yes
ac_cv_header_sched_h=yes
ac_cv_header_stdc=yes
ac_cv_header_stdint_h=yes
ac_cv_header_stdlib_h=yes
ac_cv_header_string_h=yes
ac_cv_header_strings_h=yes
ac_cv_header_sys_param_h=yes
ac_cv_header_sys_stat_h=yes
ac_cv_header_sys_types_h=yes
ac_cv_header_unistd_h=yes
ac_cv_host=i686-pc-linux-gnu
ac_cv_objext=o
ac_cv_path_EGREP='/bin/grep -E'
ac_cv_path_GREP=/bin/grep
ac_cv_prog_AWK=gawk
ac_cv_prog_CPP='gcc -E'
ac_cv_prog_CXXCPP='g++ -E'
ac_cv_prog_ac_ct_AR=ar
ac_cv_prog_ac_ct_CC=gcc
ac_cv_prog_ac_ct_CXX=g++
ac_cv_prog_ac_ct_RANLIB=ranlib
ac_cv_prog_ac_ct_STRIP=strip
ac_cv_prog_cc_c89=
ac_cv_prog_cc_g=yes
ac_cv_prog_cc_gcc_c_o=yes
ac_cv_prog_cxx_g=yes
ac_cv_prog_f77_g=no
ac_cv_target=i686-pc-linux-gnu
lt_cv_deplibs_check_method=pass_all
lt_cv_file_magic_cmd='$MAGIC_CMD'
lt_cv_file_magic_test_file=
lt_cv_ld_reload_flag=-r
lt_cv_objdir=.libs
lt_cv_path_LD=/usr/bin/ld
lt_cv_path_LDCXX=/usr/bin/ld
lt_cv_path_NM='/usr/bin/nm -B'
lt_cv_path_SED=/bin/sed
lt_cv_prog_compiler_c_o=yes
lt_cv_prog_compiler_c_o_CXX=yes
lt_cv_prog_compiler_rtti_exceptions=no
lt_cv_prog_gnu_ld=yes
lt_cv_prog_gnu_ldcxx=yes
lt_cv_sys_global_symbol_pipe='sed -n -e '\''s/^.*[ 	]\([ABCDGIRSTW][ABCDGIRSTW]*\)[ 	][ 	]*\([_A-Za-z][_A-Za-z0-9]*\)$/\1 \2 \2/p'\'''
lt_cv_sys_global_symbol_to_c_name_address='sed -n -e '\''s/^: \([^ ]*\) $/  {\"\1\", (lt_ptr) 0},/p'\'' -e '\''s/^[BCDEGRST] \([^ ]*\) \([^ ]*\)$/  {"\2", (lt_ptr) \&\2},/p'\'''
lt_cv_sys_global_symbol_to_cdecl='sed -n -e '\''s/^. .* \(.*\)$/extern int \1;/p'\'''
lt_cv_sys_max_cmd_len=32768
lt_lt_cv_prog_compiler_c_o='"yes"'
lt_lt_cv_prog_compiler_c_o_CXX='"yes"'
lt_lt_cv_sys_global_symbol_pipe='"sed -n -e '\''s/^.*[ 	]\\([ABCDGIRSTW][ABCDGIRSTW]*\\)[ 	][ 	]*\\([_A-Za-z][_A-Za-z0-9]*\\)\$/\\1 \\2 \\2/p'\''"'
lt_lt_cv_sys_global_symbol_to_c_name_address='"sed -n -e '\''s/^: \\([^ ]*\\) \$/  {\\\"\\1\\\", (lt_ptr) 0},/p'\'' -e '\''s/^[BCDEGRST] \\([^ ]*\\) \\([^ ]*\\)\$/  {\"\\2\", (lt_ptr) \\&\\2},/p'\''"'
lt_lt_cv_sys_global_symbol_to_cdecl='"sed -n -e '\''s/^. .* \\(.*\\)\$/extern int \\1;/p'\''"'
php_cv_cc_dashr=no
php_cv_cc_rpath=yes

## ----------------- ##
## Output variables. ##
## ----------------- ##

AR='ar'
AWK='gawk'
CC='gcc'
CFLAGS='-g -O2'
CONFIGURE_COMMAND=' '\''./configure'\'''
CPP='gcc -E'
CPPFLAGS=' -DHAVE_CONFIG_H'
CXX='g++'
CXXCPP='g++ -E'
CXXFLAGS='-g -O2'
DEFS='-DHAVE_CONFIG_H'
ECHO='echo'
ECHO_C=''
ECHO_N='-n'
ECHO_T=''
EGREP='/bin/grep -E'
EXEEXT=''
F77=''
FFLAGS=''
GREP='/bin/grep'
LDFLAGS=''
LIBOBJS=''
LIBS=''
LIBTOOL='$(SHELL) $(top_builddir)/libtool'
LN_S='ln -s'
LTLIBOBJS=''
OBJEXT='o'
PACKAGE_BUGREPORT=''
PACKAGE_NAME=''
PACKAGE_STRING=''
PACKAGE_TARNAME=''
PACKAGE_VERSION=''
PATH_SEPARATOR=':'
RANLIB='ranlib'
RE2C='exit 0;'
SED='/bin/sed'
SHELL='/bin/sh'
SHLIB_DL_SUFFIX_NAME='so'
SHLIB_SUFFIX_NAME='so'
STRIP='strip'
ac_ct_CC='gcc'
ac_ct_CXX='g++'
ac_ct_F77=''
bindir='${exec_prefix}/bin'
build='i686-pc-linux-gnu'
build_alias=''
build_cpu='i686'
build_os='linux-gnu'
build_vendor='pc'
datadir='${datarootdir}'
datarootdir='${prefix}/share'
docdir='${datarootdir}/doc/${PACKAGE}'
dvidir='${docdir}'
exec_prefix='$(prefix)'
host='i686-pc-linux-gnu'
host_alias='i686-pc-linux-gnu'
host_cpu='i686'
host_os='linux-gnu'
host_vendor='pc'
htmldir='${docdir}'
includedir='${prefix}/include'
infodir='${datarootdir}/info'
libdir='${exec_prefix}/lib'
libexecdir='${exec_prefix}/libexec'
localedir='${datarootdir}/locale'
localstatedir='${prefix}/var'
mandir='${datarootdir}/man'
oldincludedir='/usr/include'
pdfdir='${docdir}'
prefix='/usr'
program_transform_name='s,x,x,'
psdir='${docdir}'
sbindir='${exec_prefix}/sbin'
sharedstatedir='${prefix}/com'
sysconfdir='${prefix}/etc'
target='i686-pc-linux-gnu'
target_alias=''
target_cpu='i686'
target_os='linux-gnu'
target_vendor='pc'

## ----------- ##
## confdefs.h. ##
## ----------- ##

#define PACKAGE_NAME ""
#define PACKAGE_TARNAME ""
#define PACKAGE_VERSION ""
#define PACKAGE_STRING ""
#define PACKAGE_BUGREPORT ""
#define COMPILE_DL_EACCELERATOR 1
#define HAVE_EACCELERATOR 1
#define WITH_EACCELERATOR_INFO 1
#define EA_USERID 0
#define WITH_EACCELERATOR_CRASH_DETECTION 1
#define WITH_EACCELERATOR_OPTIMIZER 1
#define WITH_EACCELERATOR_ENCODER 1
#define WITH_EACCELERATOR_LOADER 1
#define WITH_EACCELERATOR_INFO 1
#define WITH_EACCELERATOR_USE_INODE 1
#define STDC_HEADERS 1
#define HAVE_SYS_TYPES_H 1
#define HAVE_SYS_STAT_H 1
#define HAVE_STDLIB_H 1
#define HAVE_STRING_H 1
#define HAVE_MEMORY_H 1
#define HAVE_STRINGS_H 1
#define HAVE_INTTYPES_H 1
#define HAVE_STDINT_H 1
#define HAVE_UNISTD_H 1
#define HAVE_UNISTD_H 1
#define HAVE_LIMITS_H 1
#define HAVE_SYS_PARAM_H 1
#define HAVE_SCHED_H 1
#define MM_SHM_MMAP_ANON 1
#define MM_SEM_SPINLOCK 1
#define HAVE_SCHED_YIELD 1
#define HAVE_MPROTECT 1
#define HAVE_EXT_SESSION_PHP_SESSION_H 1
#define HAVE_DLFCN_H 1

configure: exit 0
