This file contains any messages produced by compilers while
running configure, to aid debugging if configure makes a mistake.

It was created by qdbm configure 1.8.46, which was
generated by GNU Autoconf 2.59.  Invocation command line was

  $ ./configure --prefix=/usr/local

## --------- ##
## Platform. ##
## --------- ##

hostname = LS-GL-518002
uname -m = armv5tejl
uname -r = 2.6.12-arm1
uname -s = Linux
uname -v = #16 Sun Apr 16 18:25:01 JST 2006

/usr/bin/uname -p = unknown
/bin/uname -X     = unknown

/bin/arch              = unknown
/usr/bin/arch -k       = unknown
/usr/convex/getsysinfo = unknown
hostinfo               = unknown
/bin/machine           = unknown
/usr/bin/oslevel       = unknown
/bin/universe          = unknown

PATH: /bin
PATH: /sbin
PATH: /usr/bin
PATH: /usr/sbin
PATH: /usr/local/bin
PATH: /usr/local/sbin


## ----------- ##
## Core tests. ##
## ----------- ##

configure:1490: checking for gcc
configure:1506: found /usr/bin/gcc
configure:1516: result: gcc
configure:1760: checking for C compiler version
configure:1763: gcc --version </dev/null >&5
gcc (GCC) 3.4.4 (release) (CodeSourcery ARM 2005q3-2)
Copyright (C) 2004 Free Software Foundation, Inc.
This is free software; see the source for copying conditions.  There is NO
warranty; not even for MERCHANTABILITY or FITNESS FOR A PARTICULAR PURPOSE.

configure:1766: $? = 0
configure:1768: gcc -v </dev/null >&5
Reading specs from /usr/lib/gcc/arm-none-linux-gnueabi/3.4.4/specs
Configured with: ../gcc-2005q3/configure --host=arm-none-linux-gnueabi --target=arm-none-linux-gnueabi --build=i386-pc-linux-gnu --enable-languages=c,c++ --prefix=/usr
Thread model: posix
gcc version 3.4.4 (release) (CodeSourcery ARM 2005q3-2)
configure:1771: $? = 0
configure:1773: gcc -V </dev/null >&5
gcc: `-V' option must have argument
configure:1776: $? = 1
configure:1799: checking for C compiler default output file name
configure:1802: gcc    conftest.c  >&5
configure:1805: $? = 0
configure:1851: result: a.out
configure:1856: checking whether the C compiler works
configure:1862: ./a.out
configure:1865: $? = 0
configure:1882: result: yes
configure:1889: checking whether we are cross compiling
configure:1891: result: no
configure:1894: checking for suffix of executables
configure:1896: gcc -o conftest    conftest.c  >&5
configure:1899: $? = 0
configure:1924: result: 
configure:1930: checking for suffix of object files
configure:1951: gcc -c   conftest.c >&5
configure:1954: $? = 0
configure:1976: result: o
configure:1980: checking whether we are using the GNU C compiler
configure:2004: gcc -c   conftest.c >&5
configure:2010: $? = 0
configure:2014: test -z 
			 || test ! -s conftest.err
configure:2017: $? = 0
configure:2020: test -s conftest.o
configure:2023: $? = 0
configure:2036: result: yes
configure:2042: checking whether gcc accepts -g
configure:2063: gcc -c -g  conftest.c >&5
configure:2069: $? = 0
configure:2073: test -z 
			 || test ! -s conftest.err
configure:2076: $? = 0
configure:2079: test -s conftest.o
configure:2082: $? = 0
configure:2093: result: yes
configure:2110: checking for gcc option to accept ANSI C
configure:2180: gcc  -c -g -O2  conftest.c >&5
configure:2186: $? = 0
configure:2190: test -z 
			 || test ! -s conftest.err
configure:2193: $? = 0
configure:2196: test -s conftest.o
configure:2199: $? = 0
configure:2217: result: none needed
configure:2235: gcc -c -g -O2  conftest.c >&5
conftest.c:2: error: syntax error before "me"
configure:2241: $? = 1
configure: failed program was:
| #ifndef __cplusplus
|   choke me
| #endif
configure:2426: checking for main in -lc
configure:2450: gcc -o conftest -g -O2   conftest.c -lc   >&5
configure:2456: $? = 0
configure:2460: test -z 
			 || test ! -s conftest.err
configure:2463: $? = 0
configure:2466: test -s conftest
configure:2469: $? = 0
configure:2482: result: yes
configure:2860: checking for main in -lqdbm
configure:2884: gcc -o conftest -g -O2   conftest.c -lqdbm  -lc  >&5
/usr/bin/ld: cannot find -lqdbm
collect2: ld returned 1 exit status
configure:2890: $? = 1
configure: failed program was:
| /* confdefs.h.  */
| 
| #define PACKAGE_NAME "qdbm"
| #define PACKAGE_TARNAME "qdbm"
| #define PACKAGE_VERSION "1.8.46"
| #define PACKAGE_STRING "qdbm 1.8.46"
| #define PACKAGE_BUGREPORT ""
| #define HAVE_LIBC 1
| /* end confdefs.h.  */
| 
| 
| int
| main ()
| {
| main ();
|   ;
|   return 0;
| }
configure:2916: result: no
configure:3073: creating ./config.status

## ---------------------- ##
## Running config.status. ##
## ---------------------- ##

This file was extended by qdbm config.status 1.8.46, which was
generated by GNU Autoconf 2.59.  Invocation command line was

  CONFIG_FILES    = 
  CONFIG_HEADERS  = 
  CONFIG_LINKS    = 
  CONFIG_COMMANDS = 
  $ ./config.status 

on LS-GL-518002

config.status:641: creating Makefile
config.status:641: creating LTmakefile
config.status:641: creating qdbm.spec
config.status:641: creating qdbm.pc

## ---------------- ##
## Cache variables. ##
## ---------------- ##

ac_cv_c_compiler_gnu=yes
ac_cv_env_CC_set=
ac_cv_env_CC_value=
ac_cv_env_CFLAGS_set=
ac_cv_env_CFLAGS_value=
ac_cv_env_CPPFLAGS_set=
ac_cv_env_CPPFLAGS_value=
ac_cv_env_LDFLAGS_set=
ac_cv_env_LDFLAGS_value=
ac_cv_env_build_alias_set=
ac_cv_env_build_alias_value=
ac_cv_env_host_alias_set=
ac_cv_env_host_alias_value=
ac_cv_env_target_alias_set=
ac_cv_env_target_alias_value=
ac_cv_exeext=
ac_cv_lib_c_main=yes
ac_cv_lib_qdbm_main=no
ac_cv_objext=o
ac_cv_prog_ac_ct_CC=gcc
ac_cv_prog_cc_g=yes
ac_cv_prog_cc_stdc=

## ----------------- ##
## Output variables. ##
## ----------------- ##

AR='/usr/bin/ar'
CC='gcc'
CFLAGS='-g -O2'
CPPFLAGS=''
DEFS='-DPACKAGE_NAME=\"qdbm\" -DPACKAGE_TARNAME=\"qdbm\" -DPACKAGE_VERSION=\"1.8.46\" -DPACKAGE_STRING=\"qdbm\ 1.8.46\" -DPACKAGE_BUGREPORT=\"\" -DHAVE_LIBC=1 '
ECHO_C=''
ECHO_N='-n'
ECHO_T=''
EXEEXT=''
LD='/usr/bin/ld'
LDFLAGS=''
LIBOBJS=''
LIBREV='7'
LIBS='-lc '
LIBVER='12'
LTLIBOBJS=''
MGWLIBS=''
MYDEFS=''
OBJEXT='o'
PACKAGE_BUGREPORT=''
PACKAGE_NAME='qdbm'
PACKAGE_STRING='qdbm 1.8.46'
PACKAGE_TARNAME='qdbm'
PACKAGE_VERSION='1.8.46'
PATH_SEPARATOR=':'
SHELL='/bin/bash'
TARGETS='all'
ac_ct_CC='gcc'
bindir='${exec_prefix}/bin'
build_alias=''
datadir='${prefix}/share'
exec_prefix='${prefix}'
host_alias=''
includedir='${prefix}/include'
infodir='${prefix}/info'
libdir='${exec_prefix}/lib'
libexecdir='${exec_prefix}/libexec'
localstatedir='${prefix}/var'
mandir='${prefix}/man'
oldincludedir='/usr/include'
prefix='/usr/local'
program_transform_name='s,x,x,'
sbindir='${exec_prefix}/sbin'
sharedstatedir='${prefix}/com'
sysconfdir='${prefix}/etc'
target_alias=''

## ----------- ##
## confdefs.h. ##
## ----------- ##

#define HAVE_LIBC 1
#define PACKAGE_BUGREPORT ""
#define PACKAGE_NAME "qdbm"
#define PACKAGE_STRING "qdbm 1.8.46"
#define PACKAGE_TARNAME "qdbm"
#define PACKAGE_VERSION "1.8.46"

configure: exit 0
