This file contains any messages produced by compilers while
running configure, to aid debugging if configure makes a mistake.

It was created by configure, which was
generated by GNU Autoconf 2.59.  Invocation command line was

  $ ./configure --prefix=/usr/local --sysconfdir=/etc --cache-file=/dev/null --srcdir=.

## --------- ##
## Platform. ##
## --------- ##

hostname = LS-GL055
uname -m = armv5tejl
uname -r = 2.6.12.6-arm1
uname -s = Linux
uname -v = #80 Thu Jun 22 11:32:07 JST 2006

/usr/bin/uname -p = unknown
/bin/uname -X     = unknown

/bin/arch              = unknown
/usr/bin/arch -k       = unknown
/usr/convex/getsysinfo = unknown
hostinfo               = unknown
/bin/machine           = unknown
/usr/bin/oslevel       = unknown
/bin/universe          = unknown

PATH: /bin
PATH: /sbin
PATH: /usr/bin
PATH: /usr/sbin
PATH: /usr/local/bin
PATH: /usr/local/sbin


## ----------- ##
## Core tests. ##
## ----------- ##

configure:1518: checking whether make sets $(MAKE)
configure:1538: result: yes
configure:1600: checking for gcc
configure:1616: found /usr/bin/gcc
configure:1626: result: gcc
configure:1870: checking for C compiler version
configure:1873: gcc --version </dev/null >&5
gcc (GCC) 3.4.4 (release) (CodeSourcery ARM 2005q3-2)
Copyright (C) 2004 Free Software Foundation, Inc.
This is free software; see the source for copying conditions.  There is NO
warranty; not even for MERCHANTABILITY or FITNESS FOR A PARTICULAR PURPOSE.

configure:1876: $? = 0
configure:1878: gcc -v </dev/null >&5
Reading specs from /usr/lib/gcc/arm-none-linux-gnueabi/3.4.4/specs
Configured with: ../gcc-2005q3/configure --host=arm-none-linux-gnueabi --target=arm-none-linux-gnueabi --build=i386-pc-linux-gnu --enable-languages=c,c++ --prefix=/usr
Thread model: posix
gcc version 3.4.4 (release) (CodeSourcery ARM 2005q3-2)
configure:1881: $? = 0
configure:1883: gcc -V </dev/null >&5
gcc: `-V' option must have argument
configure:1886: $? = 1
configure:1909: checking for C compiler default output file name
configure:1912: gcc    conftest.c  >&5
configure:1915: $? = 0
configure:1961: result: a.out
configure:1966: checking whether the C compiler works
configure:1972: ./a.out
configure:1975: $? = 0
configure:1992: result: yes
configure:1999: checking whether we are cross compiling
configure:2001: result: no
configure:2004: checking for suffix of executables
configure:2006: gcc -o conftest    conftest.c  >&5
configure:2009: $? = 0
configure:2034: result: 
configure:2040: checking for suffix of object files
configure:2061: gcc -c   conftest.c >&5
configure:2064: $? = 0
configure:2086: result: o
configure:2090: checking whether we are using the GNU C compiler
configure:2114: gcc -c   conftest.c >&5
configure:2120: $? = 0
configure:2124: test -z 
			 || test ! -s conftest.err
configure:2127: $? = 0
configure:2130: test -s conftest.o
configure:2133: $? = 0
configure:2146: result: yes
configure:2152: checking whether gcc accepts -g
configure:2173: gcc -c -g  conftest.c >&5
configure:2179: $? = 0
configure:2183: test -z 
			 || test ! -s conftest.err
configure:2186: $? = 0
configure:2189: test -s conftest.o
configure:2192: $? = 0
configure:2203: result: yes
configure:2220: checking for gcc option to accept ANSI C
configure:2290: gcc  -c -g -O2  conftest.c >&5
configure:2296: $? = 0
configure:2300: test -z 
			 || test ! -s conftest.err
configure:2303: $? = 0
configure:2306: test -s conftest.o
configure:2309: $? = 0
configure:2327: result: none needed
configure:2345: gcc -c -g -O2  conftest.c >&5
conftest.c:2: error: syntax error before "me"
configure:2351: $? = 1
configure: failed program was:
| #ifndef __cplusplus
|   choke me
| #endif
configure:2489: checking how to run the C preprocessor
configure:2524: gcc -E  conftest.c
configure:2530: $? = 0
configure:2562: gcc -E  conftest.c
conftest.c:9:28: ac_nonexistent.h: No such file or directory
configure:2568: $? = 1
configure: failed program was:
| /* confdefs.h.  */
| 
| #define PACKAGE_NAME ""
| #define PACKAGE_TARNAME ""
| #define PACKAGE_VERSION ""
| #define PACKAGE_STRING ""
| #define PACKAGE_BUGREPORT ""
| /* end confdefs.h.  */
| #include <ac_nonexistent.h>
configure:2607: result: gcc -E
configure:2631: gcc -E  conftest.c
configure:2637: $? = 0
configure:2669: gcc -E  conftest.c
conftest.c:9:28: ac_nonexistent.h: No such file or directory
configure:2675: $? = 1
configure: failed program was:
| /* confdefs.h.  */
| 
| #define PACKAGE_NAME ""
| #define PACKAGE_TARNAME ""
| #define PACKAGE_VERSION ""
| #define PACKAGE_STRING ""
| #define PACKAGE_BUGREPORT ""
| /* end confdefs.h.  */
| #include <ac_nonexistent.h>
configure:2720: checking for egrep
configure:2730: result: grep -E
configure:2736: checking whether gcc needs -traditional
configure:2778: result: no
configure:2798: checking for a BSD-compatible install
configure:2853: result: /usr/bin/install -c
configure:2872: checking build system type
configure:2890: result: armv5tejl-unknown-linux-gnu
configure:2898: checking host system type
configure:2912: result: armv5tejl-unknown-linux-gnu
configure:2923: checking whether to activate relocatable installation
configure:2938: result: no
configure:2958: checking for AIX
conftest.c:0: internal compiler error: Segmentation fault
Please submit a full bug report,
with preprocessed source if appropriate.
Send email to arm-gnu@codesourcery.com for instructions.
configure:2980: result: no
configure:2986: checking for ANSI C header files
configure:3011: gcc -c -g -O2  conftest.c >&5
configure:3017: $? = 0
configure:3021: test -z 
			 || test ! -s conftest.err
configure:3024: $? = 0
configure:3027: test -s conftest.o
configure:3030: $? = 0
configure:3116: gcc -o conftest -g -O2   conftest.c  >&5
configure:3119: $? = 0
configure:3121: ./conftest
configure:3124: $? = 0
configure:3139: result: yes
configure:3163: checking for sys/types.h
configure:3179: gcc -c -g -O2  conftest.c >&5
configure:3185: $? = 0
configure:3189: test -z 
			 || test ! -s conftest.err
configure:3192: $? = 0
configure:3195: test -s conftest.o
configure:3198: $? = 0
configure:3209: result: yes
configure:3163: checking for sys/stat.h
configure:3179: gcc -c -g -O2  conftest.c >&5
configure:3185: $? = 0
configure:3189: test -z 
			 || test ! -s conftest.err
configure:3192: $? = 0
configure:3195: test -s conftest.o
configure:3198: $? = 0
configure:3209: result: yes
configure:3163: checking for stdlib.h
configure:3179: gcc -c -g -O2  conftest.c >&5
configure:3185: $? = 0
configure:3189: test -z 
			 || test ! -s conftest.err
configure:3192: $? = 0
configure:3195: test -s conftest.o
configure:3198: $? = 0
configure:3209: result: yes
configure:3163: checking for string.h
configure:3179: gcc -c -g -O2  conftest.c >&5
configure:3185: $? = 0
configure:3189: test -z 
			 || test ! -s conftest.err
configure:3192: $? = 0
configure:3195: test -s conftest.o
configure:3198: $? = 0
configure:3209: result: yes
configure:3163: checking for memory.h
configure:3179: gcc -c -g -O2  conftest.c >&5
configure:3185: $? = 0
configure:3189: test -z 
			 || test ! -s conftest.err
configure:3192: $? = 0
configure:3195: test -s conftest.o
configure:3198: $? = 0
configure:3209: result: yes
configure:3163: checking for strings.h
configure:3179: gcc -c -g -O2  conftest.c >&5
configure:3185: $? = 0
configure:3189: test -z 
			 || test ! -s conftest.err
configure:3192: $? = 0
configure:3195: test -s conftest.o
configure:3198: $? = 0
configure:3209: result: yes
configure:3163: checking for inttypes.h
configure:3179: gcc -c -g -O2  conftest.c >&5
configure:3185: $? = 0
configure:3189: test -z 
			 || test ! -s conftest.err
configure:3192: $? = 0
configure:3195: test -s conftest.o
configure:3198: $? = 0
configure:3209: result: yes
configure:3163: checking for stdint.h
configure:3179: gcc -c -g -O2  conftest.c >&5
configure:3185: $? = 0
configure:3189: test -z 
			 || test ! -s conftest.err
configure:3192: $? = 0
configure:3195: test -s conftest.o
configure:3198: $? = 0
configure:3209: result: yes
configure:3163: checking for unistd.h
configure:3179: gcc -c -g -O2  conftest.c >&5
configure:3185: $? = 0
configure:3189: test -z 
			 || test ! -s conftest.err
configure:3192: $? = 0
configure:3195: test -s conftest.o
configure:3198: $? = 0
configure:3209: result: yes
configure:3231: checking minix/config.h usability
configure:3243: gcc -c -g -O2  conftest.c >&5
conftest.c:54:26: minix/config.h: No such file or directory
configure:3249: $? = 1
configure: failed program was:
| /* confdefs.h.  */
| 
| #define PACKAGE_NAME ""
| #define PACKAGE_TARNAME ""
| #define PACKAGE_VERSION ""
| #define PACKAGE_STRING ""
| #define PACKAGE_BUGREPORT ""
| #define INSTALLPREFIX "/usr/local"
| #define STDC_HEADERS 1
| #define HAVE_SYS_TYPES_H 1
| #define HAVE_SYS_STAT_H 1
| #define HAVE_STDLIB_H 1
| #define HAVE_STRING_H 1
| #define HAVE_MEMORY_H 1
| #define HAVE_STRINGS_H 1
| #define HAVE_INTTYPES_H 1
| #define HAVE_STDINT_H 1
| #define HAVE_UNISTD_H 1
| /* end confdefs.h.  */
| #include <stdio.h>
| #if HAVE_SYS_TYPES_H
| # include <sys/types.h>
| #endif
| #if HAVE_SYS_STAT_H
| # include <sys/stat.h>
| #endif
| #if STDC_HEADERS
| # include <stdlib.h>
| # include <stddef.h>
| #else
| # if HAVE_STDLIB_H
| #  include <stdlib.h>
| # endif
| #endif
| #if HAVE_STRING_H
| # if !STDC_HEADERS && HAVE_MEMORY_H
| #  include <memory.h>
| # endif
| # include <string.h>
| #endif
| #if HAVE_STRINGS_H
| # include <strings.h>
| #endif
| #if HAVE_INTTYPES_H
| # include <inttypes.h>
| #else
| # if HAVE_STDINT_H
| #  include <stdint.h>
| # endif
| #endif
| #if HAVE_UNISTD_H
| # include <unistd.h>
| #endif
| #include <minix/config.h>
configure:3272: result: no
configure:3276: checking minix/config.h presence
configure:3286: gcc -E  conftest.c
conftest.c:20:26: minix/config.h: No such file or directory
configure:3292: $? = 1
configure: failed program was:
| /* confdefs.h.  */
| 
| #define PACKAGE_NAME ""
| #define PACKAGE_TARNAME ""
| #define PACKAGE_VERSION ""
| #define PACKAGE_STRING ""
| #define PACKAGE_BUGREPORT ""
| #define INSTALLPREFIX "/usr/local"
| #define STDC_HEADERS 1
| #define HAVE_SYS_TYPES_H 1
| #define HAVE_SYS_STAT_H 1
| #define HAVE_STDLIB_H 1
| #define HAVE_STRING_H 1
| #define HAVE_MEMORY_H 1
| #define HAVE_STRINGS_H 1
| #define HAVE_INTTYPES_H 1
| #define HAVE_STDINT_H 1
| #define HAVE_UNISTD_H 1
| /* end confdefs.h.  */
| #include <minix/config.h>
configure:3312: result: no
configure:3347: checking for minix/config.h
configure:3354: result: no
configure:3383: checking for library containing strerror
configure:3413: gcc -o conftest -g -O2   conftest.c  >&5
configure:3419: $? = 0
configure:3423: test -z 
			 || test ! -s conftest.err
configure:3426: $? = 0
configure:3429: test -s conftest
configure:3432: $? = 0
configure:3502: result: none required
configure:3589: checking for a sed that does not truncate output
configure:3643: result: /bin/sed
configure:3657: checking for ld used by gcc
configure:3724: result: /usr/bin/ld
configure:3733: checking if the linker (/usr/bin/ld) is GNU ld
configure:3748: result: yes
configure:3753: checking for /usr/bin/ld option to reload object files
configure:3760: result: -r
configure:3778: checking for BSD-compatible nm
configure:3820: result: /usr/bin/nm -B
configure:3824: checking whether ln -s works
configure:3828: result: yes
configure:3835: checking how to recognise dependent libraries
configure:4007: result: pass_all
configure:4469: checking dlfcn.h usability
configure:4481: gcc -c -g -O2  conftest.c >&5
configure:4487: $? = 0
configure:4491: test -z 
			 || test ! -s conftest.err
configure:4494: $? = 0
configure:4497: test -s conftest.o
configure:4500: $? = 0
configure:4510: result: yes
configure:4514: checking dlfcn.h presence
configure:4524: gcc -E  conftest.c
configure:4530: $? = 0
configure:4550: result: yes
configure:4585: checking for dlfcn.h
configure:4592: result: yes
configure:4657: checking for g++
configure:4673: found /usr/bin/g++
configure:4683: result: g++
configure:4699: checking for C++ compiler version
configure:4702: g++ --version </dev/null >&5
g++ (GCC) 3.4.4 (release) (CodeSourcery ARM 2005q3-2)
Copyright (C) 2004 Free Software Foundation, Inc.
This is free software; see the source for copying conditions.  There is NO
warranty; not even for MERCHANTABILITY or FITNESS FOR A PARTICULAR PURPOSE.

configure:4705: $? = 0
configure:4707: g++ -v </dev/null >&5
Reading specs from /usr/lib/gcc/arm-none-linux-gnueabi/3.4.4/specs
Configured with: ../gcc-2005q3/configure --host=arm-none-linux-gnueabi --target=arm-none-linux-gnueabi --build=i386-pc-linux-gnu --enable-languages=c,c++ --prefix=/usr
Thread model: posix
gcc version 3.4.4 (release) (CodeSourcery ARM 2005q3-2)
configure:4710: $? = 0
configure:4712: g++ -V </dev/null >&5
g++: `-V' option must have argument
configure:4715: $? = 1
configure:4718: checking whether we are using the GNU C++ compiler
configure:4742: g++ -c   conftest.cc >&5
configure:4748: $? = 0
configure:4752: test -z 
			 || test ! -s conftest.err
configure:4755: $? = 0
configure:4758: test -s conftest.o
configure:4761: $? = 0
configure:4774: result: yes
configure:4780: checking whether g++ accepts -g
configure:4801: g++ -c -g  conftest.cc >&5
configure:4807: $? = 0
configure:4811: test -z 
			 || test ! -s conftest.err
configure:4814: $? = 0
configure:4817: test -s conftest.o
configure:4820: $? = 0
configure:4831: result: yes
configure:4873: g++ -c -g -O2  conftest.cc >&5
configure:4879: $? = 0
configure:4883: test -z 
			 || test ! -s conftest.err
configure:4886: $? = 0
configure:4889: test -s conftest.o
configure:4892: $? = 0
configure:4918: g++ -c -g -O2  conftest.cc >&5
conftest.cc: In function `int main()':
conftest.cc:25: error: `exit' undeclared (first use this function)
conftest.cc:25: error: (Each undeclared identifier is reported only once for each function it appears in.)
configure:4924: $? = 1
configure: failed program was:
| /* confdefs.h.  */
| 
| #define PACKAGE_NAME ""
| #define PACKAGE_TARNAME ""
| #define PACKAGE_VERSION ""
| #define PACKAGE_STRING ""
| #define PACKAGE_BUGREPORT ""
| #define INSTALLPREFIX "/usr/local"
| #define STDC_HEADERS 1
| #define HAVE_SYS_TYPES_H 1
| #define HAVE_SYS_STAT_H 1
| #define HAVE_STDLIB_H 1
| #define HAVE_STRING_H 1
| #define HAVE_MEMORY_H 1
| #define HAVE_STRINGS_H 1
| #define HAVE_INTTYPES_H 1
| #define HAVE_STDINT_H 1
| #define HAVE_UNISTD_H 1
| #define HAVE_DLFCN_H 1
| /* end confdefs.h.  */
| 
| int
| main ()
| {
| exit (42);
|   ;
|   return 0;
| }
configure:4873: g++ -c -g -O2  conftest.cc >&5
configure:4879: $? = 0
configure:4883: test -z 
			 || test ! -s conftest.err
configure:4886: $? = 0
configure:4889: test -s conftest.o
configure:4892: $? = 0
configure:4918: g++ -c -g -O2  conftest.cc >&5
configure:4924: $? = 0
configure:4928: test -z 
			 || test ! -s conftest.err
configure:4931: $? = 0
configure:4934: test -s conftest.o
configure:4937: $? = 0
configure:4970: checking how to run the C++ preprocessor
configure:5001: g++ -E  conftest.cc
configure:5007: $? = 0
configure:5039: g++ -E  conftest.cc
conftest.cc:24:28: ac_nonexistent.h: No such file or directory
configure:5045: $? = 1
configure: failed program was:
| /* confdefs.h.  */
| 
| #define PACKAGE_NAME ""
| #define PACKAGE_TARNAME ""
| #define PACKAGE_VERSION ""
| #define PACKAGE_STRING ""
| #define PACKAGE_BUGREPORT ""
| #define INSTALLPREFIX "/usr/local"
| #define STDC_HEADERS 1
| #define HAVE_SYS_TYPES_H 1
| #define HAVE_SYS_STAT_H 1
| #define HAVE_STDLIB_H 1
| #define HAVE_STRING_H 1
| #define HAVE_MEMORY_H 1
| #define HAVE_STRINGS_H 1
| #define HAVE_INTTYPES_H 1
| #define HAVE_STDINT_H 1
| #define HAVE_UNISTD_H 1
| #define HAVE_DLFCN_H 1
| #ifdef __cplusplus
| extern "C" void std::exit (int) throw (); using std::exit;
| #endif
| /* end confdefs.h.  */
| #include <ac_nonexistent.h>
configure:5084: result: g++ -E
configure:5108: g++ -E  conftest.cc
configure:5114: $? = 0
configure:5146: g++ -E  conftest.cc
conftest.cc:24:28: ac_nonexistent.h: No such file or directory
configure:5152: $? = 1
configure: failed program was:
| /* confdefs.h.  */
| 
| #define PACKAGE_NAME ""
| #define PACKAGE_TARNAME ""
| #define PACKAGE_VERSION ""
| #define PACKAGE_STRING ""
| #define PACKAGE_BUGREPORT ""
| #define INSTALLPREFIX "/usr/local"
| #define STDC_HEADERS 1
| #define HAVE_SYS_TYPES_H 1
| #define HAVE_SYS_STAT_H 1
| #define HAVE_STDLIB_H 1
| #define HAVE_STRING_H 1
| #define HAVE_MEMORY_H 1
| #define HAVE_STRINGS_H 1
| #define HAVE_INTTYPES_H 1
| #define HAVE_STDINT_H 1
| #define HAVE_UNISTD_H 1
| #define HAVE_DLFCN_H 1
| #ifdef __cplusplus
| extern "C" void std::exit (int) throw (); using std::exit;
| #endif
| /* end confdefs.h.  */
| #include <ac_nonexistent.h>
configure:5249: checking for g77
configure:5278: result: no
configure:5249: checking for f77
configure:5278: result: no
configure:5249: checking for xlf
configure:5278: result: no
configure:5249: checking for frt
configure:5278: result: no
configure:5249: checking for pgf77
configure:5278: result: no
configure:5249: checking for fort77
configure:5278: result: no
configure:5249: checking for fl32
configure:5278: result: no
configure:5249: checking for af77
configure:5278: result: no
configure:5249: checking for f90
configure:5278: result: no
configure:5249: checking for xlf90
configure:5278: result: no
configure:5249: checking for pgf90
configure:5278: result: no
configure:5249: checking for epcf90
configure:5278: result: no
configure:5249: checking for f95
configure:5278: result: no
configure:5249: checking for fort
configure:5278: result: no
configure:5249: checking for xlf95
configure:5278: result: no
configure:5249: checking for ifc
configure:5278: result: no
configure:5249: checking for efc
configure:5278: result: no
configure:5249: checking for pgf95
configure:5278: result: no
configure:5249: checking for lf95
configure:5278: result: no
configure:5249: checking for gfortran
configure:5278: result: no
configure:5293: checking for Fortran 77 compiler version
configure:5293:  --version </dev/null >&5
./configure: line 1: --version: command not found
configure:5296: $? = 127
configure:5298:  -v </dev/null >&5
./configure: line 1: -v: command not found
configure:5301: $? = 127
configure:5303:  -V </dev/null >&5
./configure: line 1: -V: command not found
configure:5306: $? = 127
configure:5314: checking whether we are using the GNU Fortran 77 compiler
configure:5328:  -c  conftest.F >&5
./configure: line 1: -c: command not found
configure:5334: $? = 127
configure: failed program was:
|       program main
| #ifndef __GNUC__
|        choke me
| #endif
| 
|       end
configure:5360: result: no
configure:5366: checking whether  accepts -g
configure:5378:  -c -g conftest.f >&5
./configure: line 1: -c: command not found
configure:5384: $? = 127
configure: failed program was:
|       program main
| 
|       end
configure:5409: result: no
configure:5439: checking the maximum length of command line arguments
configure:5518: result: 32768
configure:5529: checking command to parse /usr/bin/nm -B output from gcc object
configure:5625: gcc -c -g -O2  conftest.c >&5
configure:5628: $? = 0
configure:5632: /usr/bin/nm -B conftest.o \| sed -n -e 's/^.*[ 	]\([ABCDGIRSTW][ABCDGIRSTW]*\)[ 	][ 	]*\(\)\([_A-Za-z][_A-Za-z0-9]*\)$/\1 \2\3 \3/p' \> conftest.nm
configure:5635: $? = 0
configure:5687: gcc -o conftest -g -O2   conftest.c conftstm.o >&5
configure:5690: $? = 0
configure:5728: result: ok
configure:5732: checking for objdir
configure:5747: result: .libs
configure:5837: checking for ar
configure:5853: found /usr/bin/ar
configure:5864: result: ar
configure:5917: checking for ranlib
configure:5933: found /usr/bin/ranlib
configure:5944: result: ranlib
configure:5997: checking for strip
configure:6013: found /usr/bin/strip
configure:6024: result: strip
configure:6288: checking if gcc static flag  works
configure:6311: result: yes
configure:6333: checking if gcc supports -fno-rtti -fno-exceptions
configure:6354: gcc -c -g -O2  -fno-rtti -fno-exceptions conftest.c >&5
cc1: warning: command line option "-fno-rtti" is valid for C++/ObjC++ but not for C
configure:6358: $? = 0
configure:6366: result: no
configure:6381: checking for gcc option to produce PIC
configure:6571: result: -fPIC
configure:6579: checking if gcc PIC flag -fPIC works
configure:6600: gcc -c -g -O2  -fPIC -DPIC conftest.c >&5
configure:6604: $? = 0
configure:6612: result: yes
configure:6636: checking if gcc supports -c -o file.o
configure:6660: gcc -c -g -O2  -o out/conftest2.o conftest.c >&5
configure:6664: $? = 0
configure:6681: result: yes
configure:6707: checking whether the gcc linker (/usr/bin/ld) supports shared libraries
configure:7556: result: yes
configure:7582: checking whether -lc should be explicitly linked in
configure:7587: gcc -c -g -O2  conftest.c >&5
configure:7590: $? = 0
configure:7604: gcc -shared conftest.o  -v -Wl,-soname -Wl,conftest -o conftest 2\>\&1 \| grep  -lc  \>/dev/null 2\>\&1
configure:7607: $? = 0
configure:7619: result: no
configure:7627: checking dynamic linker characteristics
configure:8168: result: GNU/Linux ld.so
configure:8172: checking how to hardcode library paths into programs
configure:8197: result: immediate
configure:8211: checking whether stripping libraries is possible
configure:8216: result: yes
configure:9046: checking if libtool supports shared libraries
configure:9048: result: yes
configure:9051: checking whether to build shared libraries
configure:9072: result: yes
configure:9075: checking whether to build static libraries
configure:9079: result: yes
configure:9171: creating libtool
configure:9721: checking for ld used by g++
configure:9788: result: /usr/bin/ld
configure:9797: checking if the linker (/usr/bin/ld) is GNU ld
configure:9812: result: yes
configure:9863: checking whether the g++ linker (/usr/bin/ld) supports shared libraries
configure:10730: result: yes
configure:10752: g++ -c -g -O2  conftest.cc >&5
configure:10755: $? = 0
configure:10851: checking for g++ option to produce PIC
configure:11113: result: -fPIC
configure:11121: checking if g++ PIC flag -fPIC works
configure:11142: g++ -c -g -O2  -fPIC -DPIC conftest.cc >&5
configure:11146: $? = 0
configure:11154: result: yes
configure:11178: checking if g++ supports -c -o file.o
configure:11202: g++ -c -g -O2  -o out/conftest2.o conftest.cc >&5
configure:11206: $? = 0
configure:11223: result: yes
configure:11249: checking whether the g++ linker (/usr/bin/ld) supports shared libraries
configure:11274: result: yes
configure:11345: checking dynamic linker characteristics
configure:11886: result: GNU/Linux ld.so
configure:11890: checking how to hardcode library paths into programs
configure:11915: result: immediate
configure:11929: checking whether stripping libraries is possible
configure:11934: result: yes
configure:19206: checking for nl_langinfo and CODESET
configure:19227: gcc -o conftest -g -O2   conftest.c  >&5
configure:19233: $? = 0
configure:19237: test -z 
			 || test ! -s conftest.err
configure:19240: $? = 0
configure:19243: test -s conftest
configure:19246: $? = 0
configure:19259: result: yes
configure:19270: checking whether we are using the GNU C Library 2.1 or newer
configure:19301: result: yes
configure:19323: checking stddef.h usability
configure:19335: gcc -c -g -O2  conftest.c >&5
configure:19341: $? = 0
configure:19345: test -z 
			 || test ! -s conftest.err
configure:19348: $? = 0
configure:19351: test -s conftest.o
configure:19354: $? = 0
configure:19364: result: yes
configure:19368: checking stddef.h presence
configure:19378: gcc -E  conftest.c
configure:19384: $? = 0
configure:19404: result: yes
configure:19439: checking for stddef.h
configure:19446: result: yes
configure:19314: checking for stdlib.h
configure:19319: result: yes
configure:19314: checking for string.h
configure:19319: result: yes
configure:19463: checking for setlocale
configure:19520: gcc -o conftest -g -O2   conftest.c  >&5
configure:19526: $? = 0
configure:19530: test -z 
			 || test ! -s conftest.err
configure:19533: $? = 0
configure:19536: test -s conftest
configure:19539: $? = 0
configure:19551: result: yes
configure:19658: creating ./config.status

## ---------------------- ##
## Running config.status. ##
## ---------------------- ##

This file was extended by config.status, which was
generated by GNU Autoconf 2.59.  Invocation command line was

  CONFIG_FILES    = 
  CONFIG_HEADERS  = 
  CONFIG_LINKS    = 
  CONFIG_COMMANDS = 
  $ ./config.status 

on LS-GL055

config.status:685: creating Makefile
config.status:685: creating lib/Makefile
config.status:789: creating config.h

## ---------------- ##
## Cache variables. ##
## ---------------- ##

ac_cv_build=armv5tejl-unknown-linux-gnu
ac_cv_build_alias=armv5tejl-unknown-linux-gnu
ac_cv_c_compiler_gnu=yes
ac_cv_cxx_compiler_gnu=yes
ac_cv_env_CC_set=
ac_cv_env_CC_value=
ac_cv_env_CFLAGS_set=
ac_cv_env_CFLAGS_value=
ac_cv_env_CPPFLAGS_set=
ac_cv_env_CPPFLAGS_value=
ac_cv_env_CPP_set=
ac_cv_env_CPP_value=
ac_cv_env_CXXCPP_set=
ac_cv_env_CXXCPP_value=
ac_cv_env_CXXFLAGS_set=
ac_cv_env_CXXFLAGS_value=
ac_cv_env_CXX_set=
ac_cv_env_CXX_value=
ac_cv_env_F77_set=
ac_cv_env_F77_value=
ac_cv_env_FFLAGS_set=
ac_cv_env_FFLAGS_value=
ac_cv_env_LDFLAGS_set=
ac_cv_env_LDFLAGS_value=
ac_cv_env_build_alias_set=
ac_cv_env_build_alias_value=
ac_cv_env_host_alias_set=
ac_cv_env_host_alias_value=
ac_cv_env_target_alias_set=
ac_cv_env_target_alias_value=
ac_cv_exeext=
ac_cv_f77_compiler_gnu=no
ac_cv_func_setlocale=yes
ac_cv_gnu_library_2_1=yes
ac_cv_header_dlfcn_h=yes
ac_cv_header_inttypes_h=yes
ac_cv_header_memory_h=yes
ac_cv_header_minix_config_h=no
ac_cv_header_stdc=yes
ac_cv_header_stddef_h=yes
ac_cv_header_stdint_h=yes
ac_cv_header_stdlib_h=yes
ac_cv_header_string_h=yes
ac_cv_header_strings_h=yes
ac_cv_header_sys_stat_h=yes
ac_cv_header_sys_types_h=yes
ac_cv_header_unistd_h=yes
ac_cv_host=armv5tejl-unknown-linux-gnu
ac_cv_host_alias=armv5tejl-unknown-linux-gnu
ac_cv_objext=o
ac_cv_path_install='/usr/bin/install -c'
ac_cv_prog_CPP='gcc -E'
ac_cv_prog_CXXCPP='g++ -E'
ac_cv_prog_ac_ct_AR=ar
ac_cv_prog_ac_ct_CC=gcc
ac_cv_prog_ac_ct_CXX=g++
ac_cv_prog_ac_ct_RANLIB=ranlib
ac_cv_prog_ac_ct_STRIP=strip
ac_cv_prog_cc_g=yes
ac_cv_prog_cc_stdc=
ac_cv_prog_cxx_g=yes
ac_cv_prog_egrep='grep -E'
ac_cv_prog_f77_g=no
ac_cv_prog_gcc_traditional=no
ac_cv_prog_make_make_set=yes
ac_cv_search_strerror='none required'
am_cv_langinfo_codeset=yes
lt_cv_deplibs_check_method=pass_all
lt_cv_file_magic_cmd='$MAGIC_CMD'
lt_cv_file_magic_test_file=
lt_cv_ld_reload_flag=-r
lt_cv_objdir=.libs
lt_cv_path_LD=/usr/bin/ld
lt_cv_path_LDCXX=/usr/bin/ld
lt_cv_path_NM='/usr/bin/nm -B'
lt_cv_path_SED=/bin/sed
lt_cv_prog_compiler_c_o=yes
lt_cv_prog_compiler_c_o_CXX=yes
lt_cv_prog_compiler_rtti_exceptions=no
lt_cv_prog_gnu_ld=yes
lt_cv_prog_gnu_ldcxx=yes
lt_cv_sys_global_symbol_pipe='sed -n -e '\''s/^.*[ 	]\([ABCDGIRSTW][ABCDGIRSTW]*\)[ 	][ 	]*\(\)\([_A-Za-z][_A-Za-z0-9]*\)$/\1 \2\3 \3/p'\'''
lt_cv_sys_global_symbol_to_c_name_address='sed -n -e '\''s/^: \([^ ]*\) $/  {\"\1\", (lt_ptr) 0},/p'\'' -e '\''s/^[BCDEGRST] \([^ ]*\) \([^ ]*\)$/  {"\2", (lt_ptr) \&\2},/p'\'''
lt_cv_sys_global_symbol_to_cdecl='sed -n -e '\''s/^. .* \(.*\)$/extern int \1;/p'\'''
lt_cv_sys_max_cmd_len=32768
lt_lt_cv_prog_compiler_c_o='"yes"'
lt_lt_cv_prog_compiler_c_o_CXX='"yes"'
lt_lt_cv_sys_global_symbol_pipe='"sed -n -e '\''s/^.*[ 	]\\([ABCDGIRSTW][ABCDGIRSTW]*\\)[ 	][ 	]*\\(\\)\\([_A-Za-z][_A-Za-z0-9]*\\)\$/\\1 \\2\\3 \\3/p'\''"'
lt_lt_cv_sys_global_symbol_to_c_name_address='"sed -n -e '\''s/^: \\([^ ]*\\) \$/  {\\\"\\1\\\", (lt_ptr) 0},/p'\'' -e '\''s/^[BCDEGRST] \\([^ ]*\\) \\([^ ]*\\)\$/  {\"\\2\", (lt_ptr) \\&\\2},/p'\''"'
lt_lt_cv_sys_global_symbol_to_cdecl='"sed -n -e '\''s/^. .* \\(.*\\)\$/extern int \\1;/p'\''"'

## ----------------- ##
## Output variables. ##
## ----------------- ##

AR='ar'
AS='as'
CC='gcc'
CFLAGS='-g -O2'
CPP='gcc -E'
CPPFLAGS=''
CXX='g++'
CXXCPP='g++ -E'
CXXFLAGS='-g -O2'
DEFS='-DHAVE_CONFIG_H'
DLLTOOL='dlltool'
ECHO='echo'
ECHO_C=''
ECHO_N='-n'
ECHO_T=''
EGREP='grep -E'
EXEEXT=''
F77=''
FFLAGS=''
GLIBC21='yes'
INSTALL_DATA='${INSTALL} -m 644'
INSTALL_PROGRAM='${INSTALL}'
INSTALL_SCRIPT='${INSTALL}'
LDFLAGS=''
LIBOBJS=''
LIBS=''
LIBTOOL='$(SHELL) $(top_builddir)/libtool'
LN_S='ln -s'
LTLIBOBJS=''
OBJDUMP='objdump'
OBJEXT='o'
PACKAGE=''
PACKAGE_BUGREPORT=''
PACKAGE_NAME=''
PACKAGE_STRING=''
PACKAGE_TARNAME=''
PACKAGE_VERSION=''
PATH_SEPARATOR=':'
RANLIB='ranlib'
RELOCATABLE='no'
SET_MAKE=''
SHELL='/bin/sh'
STRIP='strip'
VERSION=''
ac_ct_AR='ar'
ac_ct_AS=''
ac_ct_CC='gcc'
ac_ct_CXX='g++'
ac_ct_DLLTOOL=''
ac_ct_F77=''
ac_ct_OBJDUMP=''
ac_ct_RANLIB='ranlib'
ac_ct_STRIP='strip'
bindir='${exec_prefix}/bin'
build='armv5tejl-unknown-linux-gnu'
build_alias=''
build_cpu='armv5tejl'
build_os='linux-gnu'
build_vendor='unknown'
datadir='${prefix}/share'
exec_prefix='${prefix}'
host='armv5tejl-unknown-linux-gnu'
host_alias=''
host_cpu='armv5tejl'
host_os='linux-gnu'
host_vendor='unknown'
includedir='${prefix}/include'
infodir='${prefix}/info'
libdir='${exec_prefix}/lib'
libexecdir='${exec_prefix}/libexec'
localstatedir='${prefix}/var'
mandir='${datadir}/man'
oldincludedir='/usr/include'
prefix='/usr/local'
program_transform_name='s,x,x,'
sbindir='${exec_prefix}/sbin'
sharedstatedir='${prefix}/com'
sysconfdir='/etc'
target_alias=''

## ----------- ##
## confdefs.h. ##
## ----------- ##

#define HAVE_DLFCN_H 1
#define HAVE_INTTYPES_H 1
#define HAVE_LANGINFO_CODESET 1
#define HAVE_MEMORY_H 1
#define HAVE_SETLOCALE 1
#define HAVE_STDDEF_H 1
#define HAVE_STDINT_H 1
#define HAVE_STDLIB_H 1
#define HAVE_STDLIB_H 1
#define HAVE_STRINGS_H 1
#define HAVE_STRING_H 1
#define HAVE_STRING_H 1
#define HAVE_SYS_STAT_H 1
#define HAVE_SYS_TYPES_H 1
#define HAVE_UNISTD_H 1
#define INSTALLPREFIX "/usr/local"
#define PACKAGE_BUGREPORT ""
#define PACKAGE_NAME ""
#define PACKAGE_STRING ""
#define PACKAGE_TARNAME ""
#define PACKAGE_VERSION ""
#define STDC_HEADERS 1
#endif
#ifdef __cplusplus
extern "C" void std::exit (int) throw (); using std::exit;

configure: exit 0
