[EXIF, IFD0, Camera] 271 - 厂商: FUJIFILM
[EXIF, IFD0, Camera] 272 - Camera Model Name: FinePix2400Zoom
[EXIF, IFD0, Image] 274 - 图像取向: 0° (上/左)
[EXIF, IFD0, Image] 282 - X Resolution: 72
[EXIF, IFD0, Image] 283 - Y Resolution: 72
[EXIF, IFD0, Image] 296 - Resolution Unit: inches
[EXIF, IFD0, Image] 305 - Software: Digital Camera FinePix2400Zoom Ver1.70
[EXIF, IFD0, Time] 306 - 文件改变的日期和时间: 2001:05:19 18:36:41
[EXIF, IFD0, Image] 531 - Y Cb Cr Positioning: Co-sited
[EXIF, IFD0, Author] 33432 - 专利拥有者: 
[EXIF, ExifIFD, Image] 33437 - 光圈数: 3.5
[EXIF, ExifIFD, Camera] 34850 - Exposure Program: Program AE
[EXIF, ExifIFD, Image] 34855 - ISO: 100
[EXIF, ExifIFD, Image] 36864 - Exif 版本: 0210
[EXIF, ExifIFD, Time] 36867 - 原始数据产生的日期和时间: 2001:05:19 18:36:41
[EXIF, ExifIFD, Time] 36868 - 数字数据产生的日期和时间: 2001:05:19 18:36:41
[EXIF, ExifIFD, Image] 37121 - Components Configuration: YCbCr
[EXIF, ExifIFD, Image] 37122 - 图像压缩模式: 1.6
[EXIF, ExifIFD, Image] 37377 - 快门速度: 1/64
[EXIF, ExifIFD, Image] 37378 - 光圈: 3.5
[EXIF, ExifIFD, Image] 37379 - 亮度: 2
[EXIF, ExifIFD, Image] 37380 - Exposure Compensation: 0
[EXIF, ExifIFD, Camera] 37381 - 最大镜头光圈: 3.5
[EXIF, ExifIFD, Camera] 37383 - Metering Mode: Multi-segment
[EXIF, ExifIFD, Camera] 37385 - 闪光: Fired
[EXIF, ExifIFD, Camera] 37386 - Focal Length: 6.0 mm
[EXIF, ExifIFD, Image] 40960 - Flashpix Version: 0100
[EXIF, ExifIFD, Image] 40961 - Color Space: sRGB
[EXIF, ExifIFD, Image] 40962 - 像宽: 1600
[EXIF, ExifIFD, Image] 40963 - 像高: 1200
[EXIF, InteropIFD, Image] 1 - Interoperability Index: R98 - DCF basic file (sRGB)
[EXIF, InteropIFD, Image] 2 - Interoperability Version: 0100
[EXIF, ExifIFD, Camera] 41486 - Focal Plane X Resolution: 3053
[EXIF, ExifIFD, Camera] 41487 - Focal Plane Y Resolution: 3053
[EXIF, ExifIFD, Camera] 41488 - Focal Plane Resolution Unit: cm
[EXIF, ExifIFD, Camera] 41495 - Sensing Method: One-chip color area
[EXIF, ExifIFD, Image] 41728 - File Source: 数码相机
[EXIF, ExifIFD, Image] 41729 - Scene Type: Directly photographed
[EXIF, IFD1, Image] 259 - 压缩方案: JPEG (旧样式)
[EXIF, IFD1, Image] 274 - 图像取向: 0° (上/左)
[EXIF, IFD1, Image] 282 - X Resolution: 72
[EXIF, IFD1, Image] 283 - Y Resolution: 72
[EXIF, IFD1, Image] 296 - Resolution Unit: inches
[EXIF, IFD1, Image] 513 - Thumbnail Offset: 1096
[EXIF, IFD1, Image] 514 - Thumbnail Length: 28
[EXIF, IFD1, Image] 531 - Y Cb Cr Positioning: Co-sited
