This file contains any messages produced by compilers while
running configure, to aid debugging if configure makes a mistake.

It was created by configure, which was
generated by GNU Autoconf 2.59.  Invocation command line was

  $ ./configure --sysconfdir=/etc

## --------- ##
## Platform. ##
## --------- ##

hostname = LS-GL055
uname -m = armv5tejl
uname -r = 2.6.12.6-arm1
uname -s = Linux
uname -v = #80 Thu Jun 22 11:32:07 JST 2006

/usr/bin/uname -p = unknown
/bin/uname -X     = unknown

/bin/arch              = unknown
/usr/bin/arch -k       = unknown
/usr/convex/getsysinfo = unknown
hostinfo               = unknown
/bin/machine           = unknown
/usr/bin/oslevel       = unknown
/bin/universe          = unknown

PATH: /bin
PATH: /sbin
PATH: /usr/bin
PATH: /usr/sbin
PATH: /usr/local/bin
PATH: /usr/local/sbin


## ----------- ##
## Core tests. ##
## ----------- ##

configure:1548: checking for a BSD-compatible install
configure:1603: result: /usr/bin/install -c
configure:1614: checking whether build environment is sane
configure:1657: result: yes
configure:1722: checking for gawk
configure:1751: result: no
configure:1722: checking for mawk
configure:1751: result: no
configure:1722: checking for nawk
configure:1751: result: no
configure:1722: checking for awk
configure:1738: found /usr/bin/awk
configure:1748: result: awk
configure:1758: checking whether make sets $(MAKE)
configure:1778: result: yes
configure:1948: checking whether make sets $(MAKE)
configure:1968: result: yes
configure:2028: checking for gcc
configure:2044: found /usr/bin/gcc
configure:2054: result: gcc
configure:2298: checking for C compiler version
configure:2301: gcc --version </dev/null >&5
gcc (GCC) 3.4.4 (release) (CodeSourcery ARM 2005q3-2)
Copyright (C) 2004 Free Software Foundation, Inc.
This is free software; see the source for copying conditions.  There is NO
warranty; not even for MERCHANTABILITY or FITNESS FOR A PARTICULAR PURPOSE.

configure:2304: $? = 0
configure:2306: gcc -v </dev/null >&5
Reading specs from /usr/lib/gcc/arm-none-linux-gnueabi/3.4.4/specs
Configured with: ../gcc-2005q3/configure --host=arm-none-linux-gnueabi --target=arm-none-linux-gnueabi --build=i386-pc-linux-gnu --enable-languages=c,c++ --prefix=/usr
Thread model: posix
gcc version 3.4.4 (release) (CodeSourcery ARM 2005q3-2)
configure:2309: $? = 0
configure:2311: gcc -V </dev/null >&5
gcc: `-V' option must have argument
configure:2314: $? = 1
configure:2337: checking for C compiler default output file name
configure:2340: gcc    conftest.c  >&5
configure:2343: $? = 0
configure:2389: result: a.out
configure:2394: checking whether the C compiler works
configure:2400: ./a.out
configure:2403: $? = 0
configure:2420: result: yes
configure:2427: checking whether we are cross compiling
configure:2429: result: no
configure:2432: checking for suffix of executables
configure:2434: gcc -o conftest    conftest.c  >&5
configure:2437: $? = 0
configure:2462: result: 
configure:2468: checking for suffix of object files
configure:2489: gcc -c   conftest.c >&5
configure:2492: $? = 0
configure:2514: result: o
configure:2518: checking whether we are using the GNU C compiler
configure:2542: gcc -c   conftest.c >&5
configure:2548: $? = 0
configure:2552: test -z 
			 || test ! -s conftest.err
configure:2555: $? = 0
configure:2558: test -s conftest.o
configure:2561: $? = 0
configure:2574: result: yes
configure:2580: checking whether gcc accepts -g
configure:2601: gcc -c -g  conftest.c >&5
configure:2607: $? = 0
configure:2611: test -z 
			 || test ! -s conftest.err
configure:2614: $? = 0
configure:2617: test -s conftest.o
configure:2620: $? = 0
configure:2631: result: yes
configure:2648: checking for gcc option to accept ANSI C
configure:2718: gcc  -c -g -O2  conftest.c >&5
configure:2724: $? = 0
configure:2728: test -z 
			 || test ! -s conftest.err
configure:2731: $? = 0
configure:2734: test -s conftest.o
configure:2737: $? = 0
configure:2755: result: none needed
configure:2773: gcc -c -g -O2  conftest.c >&5
conftest.c:2: error: syntax error before "me"
configure:2779: $? = 1
configure: failed program was:
| #ifndef __cplusplus
|   choke me
| #endif
configure:2923: checking for style of include used by make
configure:2951: result: GNU
configure:2979: checking dependency style of gcc
configure:3069: result: none
configure:3091: checking how to run the C preprocessor
configure:3126: gcc -E  conftest.c
configure:3132: $? = 0
configure:3164: gcc -E  conftest.c
conftest.c:11:28: ac_nonexistent.h: No such file or directory
configure:3170: $? = 1
configure: failed program was:
| /* confdefs.h.  */
| 
| #define PACKAGE_NAME ""
| #define PACKAGE_TARNAME ""
| #define PACKAGE_VERSION ""
| #define PACKAGE_STRING ""
| #define PACKAGE_BUGREPORT ""
| #define PACKAGE "libiconv"
| #define VERSION "1.10"
| /* end confdefs.h.  */
| #include <ac_nonexistent.h>
configure:3209: result: gcc -E
configure:3233: gcc -E  conftest.c
configure:3239: $? = 0
configure:3271: gcc -E  conftest.c
conftest.c:11:28: ac_nonexistent.h: No such file or directory
configure:3277: $? = 1
configure: failed program was:
| /* confdefs.h.  */
| 
| #define PACKAGE_NAME ""
| #define PACKAGE_TARNAME ""
| #define PACKAGE_VERSION ""
| #define PACKAGE_STRING ""
| #define PACKAGE_BUGREPORT ""
| #define PACKAGE "libiconv"
| #define VERSION "1.10"
| /* end confdefs.h.  */
| #include <ac_nonexistent.h>
configure:3322: checking for egrep
configure:3332: result: grep -E
configure:3338: checking whether gcc needs -traditional
configure:3380: result: no
configure:3400: checking for a BSD-compatible install
configure:3455: result: /usr/bin/install -c
configure:3474: checking build system type
configure:3492: result: armv5tejl-unknown-linux-gnu
configure:3500: checking host system type
configure:3514: result: armv5tejl-unknown-linux-gnu
configure:3548: checking for ld used by GCC
configure:3612: result: /usr/bin/ld
configure:3621: checking if the linker (/usr/bin/ld) is GNU ld
configure:3634: result: yes
configure:3640: checking for shared library path variable
configure:3653: result: LD_LIBRARY_PATH
configure:3658: checking whether to activate relocatable installation
configure:3673: result: no
configure:3805: checking for ranlib
configure:3821: found /usr/bin/ranlib
configure:3832: result: ranlib
configure:3844: checking how to copy files
configure:3860: result: cp -p
configure:3864: checking how to make hard links
configure:3880: result: ln
configure:3884: checking whether ln -s works
configure:3888: result: yes
configure:3913: checking for AIX
conftest.c:0: internal compiler error: Segmentation fault
Please submit a full bug report,
with preprocessed source if appropriate.
Send email to arm-gnu@codesourcery.com for instructions.
configure:3935: result: no
configure:3941: checking for ANSI C header files
configure:3966: gcc -c -g -O2  conftest.c >&5
configure:3972: $? = 0
configure:3976: test -z 
			 || test ! -s conftest.err
configure:3979: $? = 0
configure:3982: test -s conftest.o
configure:3985: $? = 0
configure:4071: gcc -o conftest -g -O2   conftest.c  >&5
configure:4074: $? = 0
configure:4076: ./conftest
configure:4079: $? = 0
configure:4094: result: yes
configure:4118: checking for sys/types.h
configure:4134: gcc -c -g -O2  conftest.c >&5
configure:4140: $? = 0
configure:4144: test -z 
			 || test ! -s conftest.err
configure:4147: $? = 0
configure:4150: test -s conftest.o
configure:4153: $? = 0
configure:4164: result: yes
configure:4118: checking for sys/stat.h
configure:4134: gcc -c -g -O2  conftest.c >&5
configure:4140: $? = 0
configure:4144: test -z 
			 || test ! -s conftest.err
configure:4147: $? = 0
configure:4150: test -s conftest.o
configure:4153: $? = 0
configure:4164: result: yes
configure:4118: checking for stdlib.h
configure:4134: gcc -c -g -O2  conftest.c >&5
configure:4140: $? = 0
configure:4144: test -z 
			 || test ! -s conftest.err
configure:4147: $? = 0
configure:4150: test -s conftest.o
configure:4153: $? = 0
configure:4164: result: yes
configure:4118: checking for string.h
configure:4134: gcc -c -g -O2  conftest.c >&5
configure:4140: $? = 0
configure:4144: test -z 
			 || test ! -s conftest.err
configure:4147: $? = 0
configure:4150: test -s conftest.o
configure:4153: $? = 0
configure:4164: result: yes
configure:4118: checking for memory.h
configure:4134: gcc -c -g -O2  conftest.c >&5
configure:4140: $? = 0
configure:4144: test -z 
			 || test ! -s conftest.err
configure:4147: $? = 0
configure:4150: test -s conftest.o
configure:4153: $? = 0
configure:4164: result: yes
configure:4118: checking for strings.h
configure:4134: gcc -c -g -O2  conftest.c >&5
configure:4140: $? = 0
configure:4144: test -z 
			 || test ! -s conftest.err
configure:4147: $? = 0
configure:4150: test -s conftest.o
configure:4153: $? = 0
configure:4164: result: yes
configure:4118: checking for inttypes.h
configure:4134: gcc -c -g -O2  conftest.c >&5
configure:4140: $? = 0
configure:4144: test -z 
			 || test ! -s conftest.err
configure:4147: $? = 0
configure:4150: test -s conftest.o
configure:4153: $? = 0
configure:4164: result: yes
configure:4118: checking for stdint.h
configure:4134: gcc -c -g -O2  conftest.c >&5
configure:4140: $? = 0
configure:4144: test -z 
			 || test ! -s conftest.err
configure:4147: $? = 0
configure:4150: test -s conftest.o
configure:4153: $? = 0
configure:4164: result: yes
configure:4118: checking for unistd.h
configure:4134: gcc -c -g -O2  conftest.c >&5
configure:4140: $? = 0
configure:4144: test -z 
			 || test ! -s conftest.err
configure:4147: $? = 0
configure:4150: test -s conftest.o
configure:4153: $? = 0
configure:4164: result: yes
configure:4186: checking minix/config.h usability
configure:4198: gcc -c -g -O2  conftest.c >&5
conftest.c:58:26: minix/config.h: No such file or directory
configure:4204: $? = 1
configure: failed program was:
| /* confdefs.h.  */
| 
| #define PACKAGE_NAME ""
| #define PACKAGE_TARNAME ""
| #define PACKAGE_VERSION ""
| #define PACKAGE_STRING ""
| #define PACKAGE_BUGREPORT ""
| #define PACKAGE "libiconv"
| #define VERSION "1.10"
| #define INSTALLPREFIX "/usr/local"
| #define _GNU_SOURCE 1
| #define __EXTENSIONS__ 1
| #define STDC_HEADERS 1
| #define HAVE_SYS_TYPES_H 1
| #define HAVE_SYS_STAT_H 1
| #define HAVE_STDLIB_H 1
| #define HAVE_STRING_H 1
| #define HAVE_MEMORY_H 1
| #define HAVE_STRINGS_H 1
| #define HAVE_INTTYPES_H 1
| #define HAVE_STDINT_H 1
| #define HAVE_UNISTD_H 1
| /* end confdefs.h.  */
| #include <stdio.h>
| #if HAVE_SYS_TYPES_H
| # include <sys/types.h>
| #endif
| #if HAVE_SYS_STAT_H
| # include <sys/stat.h>
| #endif
| #if STDC_HEADERS
| # include <stdlib.h>
| # include <stddef.h>
| #else
| # if HAVE_STDLIB_H
| #  include <stdlib.h>
| # endif
| #endif
| #if HAVE_STRING_H
| # if !STDC_HEADERS && HAVE_MEMORY_H
| #  include <memory.h>
| # endif
| # include <string.h>
| #endif
| #if HAVE_STRINGS_H
| # include <strings.h>
| #endif
| #if HAVE_INTTYPES_H
| # include <inttypes.h>
| #else
| # if HAVE_STDINT_H
| #  include <stdint.h>
| # endif
| #endif
| #if HAVE_UNISTD_H
| # include <unistd.h>
| #endif
| #include <minix/config.h>
configure:4227: result: no
configure:4231: checking minix/config.h presence
configure:4241: gcc -E  conftest.c
conftest.c:24:26: minix/config.h: No such file or directory
configure:4247: $? = 1
configure: failed program was:
| /* confdefs.h.  */
| 
| #define PACKAGE_NAME ""
| #define PACKAGE_TARNAME ""
| #define PACKAGE_VERSION ""
| #define PACKAGE_STRING ""
| #define PACKAGE_BUGREPORT ""
| #define PACKAGE "libiconv"
| #define VERSION "1.10"
| #define INSTALLPREFIX "/usr/local"
| #define _GNU_SOURCE 1
| #define __EXTENSIONS__ 1
| #define STDC_HEADERS 1
| #define HAVE_SYS_TYPES_H 1
| #define HAVE_SYS_STAT_H 1
| #define HAVE_STDLIB_H 1
| #define HAVE_STRING_H 1
| #define HAVE_MEMORY_H 1
| #define HAVE_STRINGS_H 1
| #define HAVE_INTTYPES_H 1
| #define HAVE_STDINT_H 1
| #define HAVE_UNISTD_H 1
| /* end confdefs.h.  */
| #include <minix/config.h>
configure:4267: result: no
configure:4302: checking for minix/config.h
configure:4309: result: no
configure:4338: checking for library containing strerror
configure:4368: gcc -o conftest -g -O2   conftest.c  >&5
configure:4374: $? = 0
configure:4378: test -z 
			 || test ! -s conftest.err
configure:4381: $? = 0
configure:4384: test -s conftest
configure:4387: $? = 0
configure:4457: result: none required
configure:4545: checking for a sed that does not truncate output
configure:4599: result: /bin/sed
configure:4613: checking for ld used by gcc
configure:4680: result: /usr/bin/ld
configure:4689: checking if the linker (/usr/bin/ld) is GNU ld
configure:4704: result: yes
configure:4709: checking for /usr/bin/ld option to reload object files
configure:4716: result: -r
configure:4734: checking for BSD-compatible nm
configure:4776: result: /usr/bin/nm -B
configure:4780: checking how to recognise dependent libraries
configure:4952: result: pass_all
configure:5414: checking dlfcn.h usability
configure:5426: gcc -c -g -O2  conftest.c >&5
configure:5432: $? = 0
configure:5436: test -z 
			 || test ! -s conftest.err
configure:5439: $? = 0
configure:5442: test -s conftest.o
configure:5445: $? = 0
configure:5455: result: yes
configure:5459: checking dlfcn.h presence
configure:5469: gcc -E  conftest.c
configure:5475: $? = 0
configure:5495: result: yes
configure:5530: checking for dlfcn.h
configure:5537: result: yes
configure:5602: checking for g++
configure:5618: found /usr/bin/g++
configure:5628: result: g++
configure:5644: checking for C++ compiler version
configure:5647: g++ --version </dev/null >&5
g++ (GCC) 3.4.4 (release) (CodeSourcery ARM 2005q3-2)
Copyright (C) 2004 Free Software Foundation, Inc.
This is free software; see the source for copying conditions.  There is NO
warranty; not even for MERCHANTABILITY or FITNESS FOR A PARTICULAR PURPOSE.

configure:5650: $? = 0
configure:5652: g++ -v </dev/null >&5
Reading specs from /usr/lib/gcc/arm-none-linux-gnueabi/3.4.4/specs
Configured with: ../gcc-2005q3/configure --host=arm-none-linux-gnueabi --target=arm-none-linux-gnueabi --build=i386-pc-linux-gnu --enable-languages=c,c++ --prefix=/usr
Thread model: posix
gcc version 3.4.4 (release) (CodeSourcery ARM 2005q3-2)
configure:5655: $? = 0
configure:5657: g++ -V </dev/null >&5
g++: `-V' option must have argument
configure:5660: $? = 1
configure:5663: checking whether we are using the GNU C++ compiler
configure:5687: g++ -c   conftest.cc >&5
configure:5693: $? = 0
configure:5697: test -z 
			 || test ! -s conftest.err
configure:5700: $? = 0
configure:5703: test -s conftest.o
configure:5706: $? = 0
configure:5719: result: yes
configure:5725: checking whether g++ accepts -g
configure:5746: g++ -c -g  conftest.cc >&5
configure:5752: $? = 0
configure:5756: test -z 
			 || test ! -s conftest.err
configure:5759: $? = 0
configure:5762: test -s conftest.o
configure:5765: $? = 0
configure:5776: result: yes
configure:5818: g++ -c -g -O2  conftest.cc >&5
configure:5824: $? = 0
configure:5828: test -z 
			 || test ! -s conftest.err
configure:5831: $? = 0
configure:5834: test -s conftest.o
configure:5837: $? = 0
configure:5863: g++ -c -g -O2  conftest.cc >&5
conftest.cc: In function `int main()':
conftest.cc:29: error: `exit' undeclared (first use this function)
conftest.cc:29: error: (Each undeclared identifier is reported only once for each function it appears in.)
configure:5869: $? = 1
configure: failed program was:
| /* confdefs.h.  */
| 
| #define PACKAGE_NAME ""
| #define PACKAGE_TARNAME ""
| #define PACKAGE_VERSION ""
| #define PACKAGE_STRING ""
| #define PACKAGE_BUGREPORT ""
| #define PACKAGE "libiconv"
| #define VERSION "1.10"
| #define INSTALLPREFIX "/usr/local"
| #define _GNU_SOURCE 1
| #define __EXTENSIONS__ 1
| #define STDC_HEADERS 1
| #define HAVE_SYS_TYPES_H 1
| #define HAVE_SYS_STAT_H 1
| #define HAVE_STDLIB_H 1
| #define HAVE_STRING_H 1
| #define HAVE_MEMORY_H 1
| #define HAVE_STRINGS_H 1
| #define HAVE_INTTYPES_H 1
| #define HAVE_STDINT_H 1
| #define HAVE_UNISTD_H 1
| #define HAVE_DLFCN_H 1
| /* end confdefs.h.  */
| 
| int
| main ()
| {
| exit (42);
|   ;
|   return 0;
| }
configure:5818: g++ -c -g -O2  conftest.cc >&5
configure:5824: $? = 0
configure:5828: test -z 
			 || test ! -s conftest.err
configure:5831: $? = 0
configure:5834: test -s conftest.o
configure:5837: $? = 0
configure:5863: g++ -c -g -O2  conftest.cc >&5
configure:5869: $? = 0
configure:5873: test -z 
			 || test ! -s conftest.err
configure:5876: $? = 0
configure:5879: test -s conftest.o
configure:5882: $? = 0
configure:5907: checking dependency style of g++
configure:5997: result: none
configure:6024: checking how to run the C++ preprocessor
configure:6055: g++ -E  conftest.cc
configure:6061: $? = 0
configure:6093: g++ -E  conftest.cc
conftest.cc:28:28: ac_nonexistent.h: No such file or directory
configure:6099: $? = 1
configure: failed program was:
| /* confdefs.h.  */
| 
| #define PACKAGE_NAME ""
| #define PACKAGE_TARNAME ""
| #define PACKAGE_VERSION ""
| #define PACKAGE_STRING ""
| #define PACKAGE_BUGREPORT ""
| #define PACKAGE "libiconv"
| #define VERSION "1.10"
| #define INSTALLPREFIX "/usr/local"
| #define _GNU_SOURCE 1
| #define __EXTENSIONS__ 1
| #define STDC_HEADERS 1
| #define HAVE_SYS_TYPES_H 1
| #define HAVE_SYS_STAT_H 1
| #define HAVE_STDLIB_H 1
| #define HAVE_STRING_H 1
| #define HAVE_MEMORY_H 1
| #define HAVE_STRINGS_H 1
| #define HAVE_INTTYPES_H 1
| #define HAVE_STDINT_H 1
| #define HAVE_UNISTD_H 1
| #define HAVE_DLFCN_H 1
| #ifdef __cplusplus
| extern "C" void std::exit (int) throw (); using std::exit;
| #endif
| /* end confdefs.h.  */
| #include <ac_nonexistent.h>
configure:6138: result: g++ -E
configure:6162: g++ -E  conftest.cc
configure:6168: $? = 0
configure:6200: g++ -E  conftest.cc
conftest.cc:28:28: ac_nonexistent.h: No such file or directory
configure:6206: $? = 1
configure: failed program was:
| /* confdefs.h.  */
| 
| #define PACKAGE_NAME ""
| #define PACKAGE_TARNAME ""
| #define PACKAGE_VERSION ""
| #define PACKAGE_STRING ""
| #define PACKAGE_BUGREPORT ""
| #define PACKAGE "libiconv"
| #define VERSION "1.10"
| #define INSTALLPREFIX "/usr/local"
| #define _GNU_SOURCE 1
| #define __EXTENSIONS__ 1
| #define STDC_HEADERS 1
| #define HAVE_SYS_TYPES_H 1
| #define HAVE_SYS_STAT_H 1
| #define HAVE_STDLIB_H 1
| #define HAVE_STRING_H 1
| #define HAVE_MEMORY_H 1
| #define HAVE_STRINGS_H 1
| #define HAVE_INTTYPES_H 1
| #define HAVE_STDINT_H 1
| #define HAVE_UNISTD_H 1
| #define HAVE_DLFCN_H 1
| #ifdef __cplusplus
| extern "C" void std::exit (int) throw (); using std::exit;
| #endif
| /* end confdefs.h.  */
| #include <ac_nonexistent.h>
configure:6303: checking for g77
configure:6332: result: no
configure:6303: checking for f77
configure:6332: result: no
configure:6303: checking for xlf
configure:6332: result: no
configure:6303: checking for frt
configure:6332: result: no
configure:6303: checking for pgf77
configure:6332: result: no
configure:6303: checking for fort77
configure:6332: result: no
configure:6303: checking for fl32
configure:6332: result: no
configure:6303: checking for af77
configure:6332: result: no
configure:6303: checking for f90
configure:6332: result: no
configure:6303: checking for xlf90
configure:6332: result: no
configure:6303: checking for pgf90
configure:6332: result: no
configure:6303: checking for epcf90
configure:6332: result: no
configure:6303: checking for f95
configure:6332: result: no
configure:6303: checking for fort
configure:6332: result: no
configure:6303: checking for xlf95
configure:6332: result: no
configure:6303: checking for ifc
configure:6332: result: no
configure:6303: checking for efc
configure:6332: result: no
configure:6303: checking for pgf95
configure:6332: result: no
configure:6303: checking for lf95
configure:6332: result: no
configure:6303: checking for gfortran
configure:6332: result: no
configure:6347: checking for Fortran 77 compiler version
configure:6347:  --version </dev/null >&5
./configure: line 1: --version: command not found
configure:6350: $? = 127
configure:6352:  -v </dev/null >&5
./configure: line 1: -v: command not found
configure:6355: $? = 127
configure:6357:  -V </dev/null >&5
./configure: line 1: -V: command not found
configure:6360: $? = 127
configure:6368: checking whether we are using the GNU Fortran 77 compiler
configure:6382:  -c  conftest.F >&5
./configure: line 1: -c: command not found
configure:6388: $? = 127
configure: failed program was:
|       program main
| #ifndef __GNUC__
|        choke me
| #endif
| 
|       end
configure:6414: result: no
configure:6420: checking whether  accepts -g
configure:6432:  -c -g conftest.f >&5
./configure: line 1: -c: command not found
configure:6438: $? = 127
configure: failed program was:
|       program main
| 
|       end
configure:6463: result: no
configure:6493: checking the maximum length of command line arguments
configure:6572: result: 32768
configure:6583: checking command to parse /usr/bin/nm -B output from gcc object
configure:6679: gcc -c -g -O2  conftest.c >&5
configure:6682: $? = 0
configure:6686: /usr/bin/nm -B conftest.o \| sed -n -e 's/^.*[ 	]\([ABCDGIRSTW][ABCDGIRSTW]*\)[ 	][ 	]*\(\)\([_A-Za-z][_A-Za-z0-9]*\)$/\1 \2\3 \3/p' \> conftest.nm
configure:6689: $? = 0
configure:6741: gcc -o conftest -g -O2   conftest.c conftstm.o >&5
configure:6744: $? = 0
configure:6782: result: ok
configure:6786: checking for objdir
configure:6801: result: .libs
configure:6891: checking for ar
configure:6907: found /usr/bin/ar
configure:6918: result: ar
configure:6971: checking for ranlib
configure:6998: result: ranlib
configure:7051: checking for strip
configure:7067: found /usr/bin/strip
configure:7078: result: strip
configure:7342: checking if gcc static flag  works
configure:7365: result: yes
configure:7387: checking if gcc supports -fno-rtti -fno-exceptions
configure:7408: gcc -c -g -O2  -fno-rtti -fno-exceptions conftest.c >&5
cc1: warning: command line option "-fno-rtti" is valid for C++/ObjC++ but not for C
configure:7412: $? = 0
configure:7420: result: no
configure:7435: checking for gcc option to produce PIC
configure:7625: result: -fPIC
configure:7633: checking if gcc PIC flag -fPIC works
configure:7654: gcc -c -g -O2  -fPIC -DPIC conftest.c >&5
configure:7658: $? = 0
configure:7666: result: yes
configure:7690: checking if gcc supports -c -o file.o
configure:7714: gcc -c -g -O2  -o out/conftest2.o conftest.c >&5
configure:7718: $? = 0
configure:7735: result: yes
configure:7761: checking whether the gcc linker (/usr/bin/ld) supports shared libraries
configure:8610: result: yes
configure:8636: checking whether -lc should be explicitly linked in
configure:8641: gcc -c -g -O2  conftest.c >&5
configure:8644: $? = 0
configure:8658: gcc -shared conftest.o  -v -Wl,-soname -Wl,conftest -o conftest 2\>\&1 \| grep  -lc  \>/dev/null 2\>\&1
configure:8661: $? = 0
configure:8673: result: no
configure:8681: checking dynamic linker characteristics
configure:9222: result: GNU/Linux ld.so
configure:9226: checking how to hardcode library paths into programs
configure:9251: result: immediate
configure:9265: checking whether stripping libraries is possible
configure:9270: result: yes
configure:10100: checking if libtool supports shared libraries
configure:10102: result: yes
configure:10105: checking whether to build shared libraries
configure:10126: result: yes
configure:10129: checking whether to build static libraries
configure:10133: result: no
configure:10225: creating libtool
configure:10775: checking for ld used by g++
configure:10842: result: /usr/bin/ld
configure:10851: checking if the linker (/usr/bin/ld) is GNU ld
configure:10866: result: yes
configure:10917: checking whether the g++ linker (/usr/bin/ld) supports shared libraries
configure:11784: result: yes
configure:11806: g++ -c -g -O2  conftest.cc >&5
configure:11809: $? = 0
configure:11905: checking for g++ option to produce PIC
configure:12167: result: -fPIC
configure:12175: checking if g++ PIC flag -fPIC works
configure:12196: g++ -c -g -O2  -fPIC -DPIC conftest.cc >&5
configure:12200: $? = 0
configure:12208: result: yes
configure:12232: checking if g++ supports -c -o file.o
configure:12256: g++ -c -g -O2  -o out/conftest2.o conftest.cc >&5
configure:12260: $? = 0
configure:12277: result: yes
configure:12303: checking whether the g++ linker (/usr/bin/ld) supports shared libraries
configure:12328: result: yes
configure:12399: checking dynamic linker characteristics
configure:12940: result: GNU/Linux ld.so
configure:12944: checking how to hardcode library paths into programs
configure:12969: result: immediate
configure:12983: checking whether stripping libraries is possible
configure:12988: result: yes
configure:20274: checking for shared library run path origin
configure:20287: result: done
configure:20717: checking for iconv
configure:20744: gcc -o conftest -g -O2   conftest.c  >&5
configure:20750: $? = 0
configure:20754: test -z 
			 || test ! -s conftest.err
configure:20757: $? = 0
configure:20760: test -s conftest
configure:20763: $? = 0
configure:20829: result: yes
configure:20852: checking for iconv declaration
configure:20886: gcc -c -g -O2  conftest.c >&5
configure:20892: $? = 0
configure:20896: test -z 
			 || test ! -s conftest.err
configure:20899: $? = 0
configure:20902: test -s conftest.o
configure:20905: $? = 0
configure:20920: result: 
         extern size_t iconv (iconv_t cd, char * *inbuf, size_t *inbytesleft, char * *outbuf, size_t *outbytesleft);
configure:20944: checking whether NLS is requested
configure:20953: result: yes
configure:20991: checking for msgfmt
configure:21025: result: no
configure:21031: checking for gmsgfmt
configure:21062: result: :
configure:21101: checking for xgettext
configure:21135: result: no
configure:21172: checking for msgmerge
configure:21205: result: no
configure:21253: checking whether NLS is requested
configure:21262: result: yes
configure:21280: checking for GNU gettext in libc
configure:21304: gcc -o conftest -g -O2   conftest.c  >&5
configure:21310: $? = 0
configure:21314: test -z 
			 || test ! -s conftest.err
configure:21317: $? = 0
configure:21320: test -s conftest
configure:21323: $? = 0
configure:21335: result: yes
configure:22034: checking whether to use NLS
configure:22036: result: yes
configure:22039: checking where the gettext function comes from
configure:22050: result: libc
configure:22113: checking for ANSI C header files
configure:22266: result: yes
configure:22293: checking locale.h usability
configure:22305: gcc -c -g -O2  conftest.c >&5
configure:22311: $? = 0
configure:22315: test -z 
			 || test ! -s conftest.err
configure:22318: $? = 0
configure:22321: test -s conftest.o
configure:22324: $? = 0
configure:22334: result: yes
configure:22338: checking locale.h presence
configure:22348: gcc -E  conftest.c
configure:22354: $? = 0
configure:22374: result: yes
configure:22409: checking for locale.h
configure:22416: result: yes
configure:22293: checking stddef.h usability
configure:22305: gcc -c -g -O2  conftest.c >&5
configure:22311: $? = 0
configure:22315: test -z 
			 || test ! -s conftest.err
configure:22318: $? = 0
configure:22321: test -s conftest.o
configure:22324: $? = 0
configure:22334: result: yes
configure:22338: checking stddef.h presence
configure:22348: gcc -E  conftest.c
configure:22354: $? = 0
configure:22374: result: yes
configure:22409: checking for stddef.h
configure:22416: result: yes
configure:22284: checking for stdlib.h
configure:22289: result: yes
configure:22284: checking for string.h
configure:22289: result: yes
configure:22437: checking for stdlib.h
configure:22442: result: yes
configure:22583: checking for mbstate_t
configure:22608: gcc -c -g -O2  conftest.c >&5
configure:22614: $? = 0
configure:22618: test -z 
			 || test ! -s conftest.err
configure:22621: $? = 0
configure:22624: test -s conftest.o
configure:22627: $? = 0
configure:22638: result: yes
configure:22648: checking for inttypes.h
configure:22671: gcc -c -g -O2  conftest.c >&5
configure:22677: $? = 0
configure:22681: test -z 
			 || test ! -s conftest.err
configure:22684: $? = 0
configure:22687: test -s conftest.o
configure:22690: $? = 0
configure:22702: result: yes
configure:22727: checking sys/inttypes.h usability
configure:22739: gcc -c -g -O2  conftest.c >&5
conftest.c:74:26: sys/inttypes.h: No such file or directory
configure:22745: $? = 1
configure: failed program was:
| /* confdefs.h.  */
| 
| #define PACKAGE_NAME ""
| #define PACKAGE_TARNAME ""
| #define PACKAGE_VERSION ""
| #define PACKAGE_STRING ""
| #define PACKAGE_BUGREPORT ""
| #define PACKAGE "libiconv"
| #define VERSION "1.10"
| #define INSTALLPREFIX "/usr/local"
| #define _GNU_SOURCE 1
| #define __EXTENSIONS__ 1
| #define STDC_HEADERS 1
| #define HAVE_SYS_TYPES_H 1
| #define HAVE_SYS_STAT_H 1
| #define HAVE_STDLIB_H 1
| #define HAVE_STRING_H 1
| #define HAVE_MEMORY_H 1
| #define HAVE_STRINGS_H 1
| #define HAVE_INTTYPES_H 1
| #define HAVE_STDINT_H 1
| #define HAVE_UNISTD_H 1
| #define HAVE_DLFCN_H 1
| #ifdef __cplusplus
| extern "C" void std::exit (int) throw (); using std::exit;
| #endif
| #define HAVE_ICONV 1
| #define ICONV_CONST 
| #define ENABLE_NLS 1
| #define HAVE_GETTEXT 1
| #define HAVE_DCGETTEXT 1
| #define STDC_HEADERS 1
| #define HAVE_LOCALE_H 1
| #define HAVE_STDDEF_H 1
| #define HAVE_STDLIB_H 1
| #define HAVE_STRING_H 1
| #define HAVE_STDLIB_H 1
| #define HAVE_INTTYPES_H 1
| /* end confdefs.h.  */
| #include <stdio.h>
| #if HAVE_SYS_TYPES_H
| # include <sys/types.h>
| #endif
| #if HAVE_SYS_STAT_H
| # include <sys/stat.h>
| #endif
| #if STDC_HEADERS
| # include <stdlib.h>
| # include <stddef.h>
| #else
| # if HAVE_STDLIB_H
| #  include <stdlib.h>
| # endif
| #endif
| #if HAVE_STRING_H
| # if !STDC_HEADERS && HAVE_MEMORY_H
| #  include <memory.h>
| # endif
| # include <string.h>
| #endif
| #if HAVE_STRINGS_H
| # include <strings.h>
| #endif
| #if HAVE_INTTYPES_H
| # include <inttypes.h>
| #else
| # if HAVE_STDINT_H
| #  include <stdint.h>
| # endif
| #endif
| #if HAVE_UNISTD_H
| # include <unistd.h>
| #endif
| #include <sys/inttypes.h>
configure:22768: result: no
configure:22772: checking sys/inttypes.h presence
configure:22782: gcc -E  conftest.c
conftest.c:40:26: sys/inttypes.h: No such file or directory
configure:22788: $? = 1
configure: failed program was:
| /* confdefs.h.  */
| 
| #define PACKAGE_NAME ""
| #define PACKAGE_TARNAME ""
| #define PACKAGE_VERSION ""
| #define PACKAGE_STRING ""
| #define PACKAGE_BUGREPORT ""
| #define PACKAGE "libiconv"
| #define VERSION "1.10"
| #define INSTALLPREFIX "/usr/local"
| #define _GNU_SOURCE 1
| #define __EXTENSIONS__ 1
| #define STDC_HEADERS 1
| #define HAVE_SYS_TYPES_H 1
| #define HAVE_SYS_STAT_H 1
| #define HAVE_STDLIB_H 1
| #define HAVE_STRING_H 1
| #define HAVE_MEMORY_H 1
| #define HAVE_STRINGS_H 1
| #define HAVE_INTTYPES_H 1
| #define HAVE_STDINT_H 1
| #define HAVE_UNISTD_H 1
| #define HAVE_DLFCN_H 1
| #ifdef __cplusplus
| extern "C" void std::exit (int) throw (); using std::exit;
| #endif
| #define HAVE_ICONV 1
| #define ICONV_CONST 
| #define ENABLE_NLS 1
| #define HAVE_GETTEXT 1
| #define HAVE_DCGETTEXT 1
| #define STDC_HEADERS 1
| #define HAVE_LOCALE_H 1
| #define HAVE_STDDEF_H 1
| #define HAVE_STDLIB_H 1
| #define HAVE_STRING_H 1
| #define HAVE_STDLIB_H 1
| #define HAVE_INTTYPES_H 1
| /* end confdefs.h.  */
| #include <sys/inttypes.h>
configure:22808: result: no
configure:22843: checking for sys/inttypes.h
configure:22850: result: no
configure:22864: checking for stdint.h
configure:22886: gcc -c -g -O2  conftest.c >&5
configure:22892: $? = 0
configure:22896: test -z 
			 || test ! -s conftest.err
configure:22899: $? = 0
configure:22902: test -s conftest.o
configure:22905: $? = 0
configure:22917: result: yes
configure:23079: checking for getc_unlocked
configure:23136: gcc -o conftest -g -O2   conftest.c  >&5
configure:23142: $? = 0
configure:23146: test -z 
			 || test ! -s conftest.err
configure:23149: $? = 0
configure:23152: test -s conftest
configure:23155: $? = 0
configure:23167: result: yes
configure:23079: checking for mbrtowc
configure:23136: gcc -o conftest -g -O2   conftest.c  >&5
configure:23142: $? = 0
configure:23146: test -z 
			 || test ! -s conftest.err
configure:23149: $? = 0
configure:23152: test -s conftest
configure:23155: $? = 0
configure:23167: result: yes
configure:23079: checking for wcrtomb
configure:23136: gcc -o conftest -g -O2   conftest.c  >&5
configure:23142: $? = 0
configure:23146: test -z 
			 || test ! -s conftest.err
configure:23149: $? = 0
configure:23152: test -s conftest
configure:23155: $? = 0
configure:23167: result: yes
configure:23079: checking for mbsinit
configure:23136: gcc -o conftest -g -O2   conftest.c  >&5
configure:23142: $? = 0
configure:23146: test -z 
			 || test ! -s conftest.err
configure:23149: $? = 0
configure:23152: test -s conftest
configure:23155: $? = 0
configure:23167: result: yes
configure:23079: checking for setlocale
configure:23136: gcc -o conftest -g -O2   conftest.c  >&5
configure:23142: $? = 0
configure:23146: test -z 
			 || test ! -s conftest.err
configure:23149: $? = 0
configure:23152: test -s conftest
configure:23155: $? = 0
configure:23167: result: yes
configure:23181: checking for memmove
configure:23238: gcc -o conftest -g -O2   conftest.c  >&5
conftest.c:70: warning: conflicting types for built-in function 'memmove'
configure:23244: $? = 0
configure:23248: test -z 
			 || test ! -s conftest.err
configure:23251: $? = 0
configure:23254: test -s conftest
configure:23257: $? = 0
configure:23269: result: yes
configure:23291: checking for nl_langinfo and CODESET
configure:23312: gcc -o conftest -g -O2   conftest.c  >&5
configure:23318: $? = 0
configure:23322: test -z 
			 || test ! -s conftest.err
configure:23325: $? = 0
configure:23328: test -s conftest
configure:23331: $? = 0
configure:23344: result: yes
configure:23371: checking wchar.h usability
configure:23383: gcc -c -g -O2  conftest.c >&5
configure:23389: $? = 0
configure:23393: test -z 
			 || test ! -s conftest.err
configure:23396: $? = 0
configure:23399: test -s conftest.o
configure:23402: $? = 0
configure:23412: result: yes
configure:23416: checking wchar.h presence
configure:23426: gcc -E  conftest.c
configure:23432: $? = 0
configure:23452: result: yes
configure:23487: checking for wchar.h
configure:23494: result: yes
configure:23508: checking for EILSEQ
conftest.c:0: internal compiler error: Segmentation fault
Please submit a full bug report,
with preprocessed source if appropriate.
Send email to arm-gnu@codesourcery.com for instructions.
configure:23939: result: yes
configure:23952: checking byte ordering
configure:23980: gcc -o conftest -g -O2   conftest.c  >&5
configure:23983: $? = 0
configure:23985: ./conftest
configure:23988: $? = 1
configure: program exited with status 1
configure: failed program was:
| /* confdefs.h.  */
| 
| #define PACKAGE_NAME ""
| #define PACKAGE_TARNAME ""
| #define PACKAGE_VERSION ""
| #define PACKAGE_STRING ""
| #define PACKAGE_BUGREPORT ""
| #define PACKAGE "libiconv"
| #define VERSION "1.10"
| #define INSTALLPREFIX "/usr/local"
| #define _GNU_SOURCE 1
| #define __EXTENSIONS__ 1
| #define STDC_HEADERS 1
| #define HAVE_SYS_TYPES_H 1
| #define HAVE_SYS_STAT_H 1
| #define HAVE_STDLIB_H 1
| #define HAVE_STRING_H 1
| #define HAVE_MEMORY_H 1
| #define HAVE_STRINGS_H 1
| #define HAVE_INTTYPES_H 1
| #define HAVE_STDINT_H 1
| #define HAVE_UNISTD_H 1
| #define HAVE_DLFCN_H 1
| #ifdef __cplusplus
| extern "C" void std::exit (int) throw (); using std::exit;
| #endif
| #define HAVE_ICONV 1
| #define ICONV_CONST 
| #define ENABLE_NLS 1
| #define HAVE_GETTEXT 1
| #define HAVE_DCGETTEXT 1
| #define STDC_HEADERS 1
| #define HAVE_LOCALE_H 1
| #define HAVE_STDDEF_H 1
| #define HAVE_STDLIB_H 1
| #define HAVE_STRING_H 1
| #define HAVE_STDLIB_H 1
| #define HAVE_INTTYPES_H 1
| #define HAVE_STDINT_H 1
| #define HAVE_GETC_UNLOCKED 1
| #define HAVE_MBRTOWC 1
| #define HAVE_WCRTOMB 1
| #define HAVE_MBSINIT 1
| #define HAVE_SETLOCALE 1
| #define HAVE_MEMMOVE 1
| #define HAVE_LANGINFO_CODESET 1
| #define HAVE_WCHAR_H 1
| /* end confdefs.h.  */
| int main () {
|   /* Are we little or big endian?  From Harbison&Steele.  */
|   union
|   {
|     long l;
|     char c[sizeof (long)];
|   } u;
|   u.l = 1;
|   exit (u.c[0] == 1);
| }
configure:24044: result: little endian
configure:24059: checking for working alloca.h
configure:24080: gcc -o conftest -g -O2   conftest.c  >&5
configure:24086: $? = 0
configure:24090: test -z 
			 || test ! -s conftest.err
configure:24093: $? = 0
configure:24096: test -s conftest
configure:24099: $? = 0
configure:24111: result: yes
configure:24121: checking for alloca
configure:24162: gcc -o conftest -g -O2   conftest.c  >&5
configure:24168: $? = 0
configure:24172: test -z 
			 || test ! -s conftest.err
configure:24175: $? = 0
configure:24178: test -s conftest
configure:24181: $? = 0
configure:24193: result: yes
configure:24422: checking for stdlib.h
configure:24427: result: yes
configure:24574: checking for string.h
configure:24579: result: yes
configure:24779: checking sys/param.h usability
configure:24791: gcc -c -g -O2  conftest.c >&5
configure:24797: $? = 0
configure:24801: test -z 
			 || test ! -s conftest.err
configure:24804: $? = 0
configure:24807: test -s conftest.o
configure:24810: $? = 0
configure:24820: result: yes
configure:24824: checking sys/param.h presence
configure:24834: gcc -E  conftest.c
configure:24840: $? = 0
configure:24860: result: yes
configure:24895: checking for sys/param.h
configure:24902: result: yes
configure:24922: checking for unistd.h
configure:24927: result: yes
configure:25073: checking for canonicalize_file_name
configure:25130: gcc -o conftest -g -O2   conftest.c  >&5
configure:25136: $? = 0
configure:25140: test -z 
			 || test ! -s conftest.err
configure:25143: $? = 0
configure:25146: test -s conftest
configure:25149: $? = 0
configure:25161: result: yes
configure:25303: checking whether clearerr_unlocked is declared
configure:25327: gcc -c -g -O2  conftest.c >&5
configure:25333: $? = 0
configure:25337: test -z 
			 || test ! -s conftest.err
configure:25340: $? = 0
configure:25343: test -s conftest.o
configure:25346: $? = 0
configure:25357: result: yes
configure:25377: checking whether feof_unlocked is declared
configure:25401: gcc -c -g -O2  conftest.c >&5
configure:25407: $? = 0
configure:25411: test -z 
			 || test ! -s conftest.err
configure:25414: $? = 0
configure:25417: test -s conftest.o
configure:25420: $? = 0
configure:25431: result: yes
configure:25451: checking whether ferror_unlocked is declared
configure:25475: gcc -c -g -O2  conftest.c >&5
configure:25481: $? = 0
configure:25485: test -z 
			 || test ! -s conftest.err
configure:25488: $? = 0
configure:25491: test -s conftest.o
configure:25494: $? = 0
configure:25505: result: yes
configure:25525: checking whether fflush_unlocked is declared
configure:25549: gcc -c -g -O2  conftest.c >&5
configure:25555: $? = 0
configure:25559: test -z 
			 || test ! -s conftest.err
configure:25562: $? = 0
configure:25565: test -s conftest.o
configure:25568: $? = 0
configure:25579: result: yes
configure:25599: checking whether fgets_unlocked is declared
configure:25623: gcc -c -g -O2  conftest.c >&5
configure:25629: $? = 0
configure:25633: test -z 
			 || test ! -s conftest.err
configure:25636: $? = 0
configure:25639: test -s conftest.o
configure:25642: $? = 0
configure:25653: result: yes
configure:25673: checking whether fputc_unlocked is declared
configure:25697: gcc -c -g -O2  conftest.c >&5
configure:25703: $? = 0
configure:25707: test -z 
			 || test ! -s conftest.err
configure:25710: $? = 0
configure:25713: test -s conftest.o
configure:25716: $? = 0
configure:25727: result: yes
configure:25747: checking whether fputs_unlocked is declared
configure:25771: gcc -c -g -O2  conftest.c >&5
configure:25777: $? = 0
configure:25781: test -z 
			 || test ! -s conftest.err
configure:25784: $? = 0
configure:25787: test -s conftest.o
configure:25790: $? = 0
configure:25801: result: yes
configure:25821: checking whether fread_unlocked is declared
configure:25845: gcc -c -g -O2  conftest.c >&5
configure:25851: $? = 0
configure:25855: test -z 
			 || test ! -s conftest.err
configure:25858: $? = 0
configure:25861: test -s conftest.o
configure:25864: $? = 0
configure:25875: result: yes
configure:25895: checking whether fwrite_unlocked is declared
configure:25919: gcc -c -g -O2  conftest.c >&5
configure:25925: $? = 0
configure:25929: test -z 
			 || test ! -s conftest.err
configure:25932: $? = 0
configure:25935: test -s conftest.o
configure:25938: $? = 0
configure:25949: result: yes
configure:25969: checking whether getc_unlocked is declared
configure:25993: gcc -c -g -O2  conftest.c >&5
configure:25999: $? = 0
configure:26003: test -z 
			 || test ! -s conftest.err
configure:26006: $? = 0
configure:26009: test -s conftest.o
configure:26012: $? = 0
configure:26023: result: yes
configure:26043: checking whether getchar_unlocked is declared
configure:26067: gcc -c -g -O2  conftest.c >&5
configure:26073: $? = 0
configure:26077: test -z 
			 || test ! -s conftest.err
configure:26080: $? = 0
configure:26083: test -s conftest.o
configure:26086: $? = 0
configure:26097: result: yes
configure:26117: checking whether putc_unlocked is declared
configure:26141: gcc -c -g -O2  conftest.c >&5
configure:26147: $? = 0
configure:26151: test -z 
			 || test ! -s conftest.err
configure:26154: $? = 0
configure:26157: test -s conftest.o
configure:26160: $? = 0
configure:26171: result: yes
configure:26191: checking whether putchar_unlocked is declared
configure:26215: gcc -c -g -O2  conftest.c >&5
configure:26221: $? = 0
configure:26225: test -z 
			 || test ! -s conftest.err
configure:26228: $? = 0
configure:26231: test -s conftest.o
configure:26234: $? = 0
configure:26245: result: yes
configure:26315: checking for vprintf
configure:26372: gcc -o conftest -g -O2   conftest.c  >&5
conftest.c:94: warning: conflicting types for built-in function 'vprintf'
configure:26378: $? = 0
configure:26382: test -z 
			 || test ! -s conftest.err
configure:26385: $? = 0
configure:26388: test -s conftest
configure:26391: $? = 0
configure:26403: result: yes
configure:26410: checking for _doprnt
configure:26467: gcc -o conftest -g -O2   conftest.c  >&5
/tmp/cc3J6W4a.o: In function `main':/mnt/disk1/share/libiconv-1.10/conftest.c:114: undefined reference to `_doprnt'
/tmp/cc3J6W4a.o:(.data+0x0): undefined reference to `_doprnt'
collect2: ld returned 1 exit status
configure:26473: $? = 1
configure: failed program was:
| /* confdefs.h.  */
| 
| #define PACKAGE_NAME ""
| #define PACKAGE_TARNAME ""
| #define PACKAGE_VERSION ""
| #define PACKAGE_STRING ""
| #define PACKAGE_BUGREPORT ""
| #define PACKAGE "libiconv"
| #define VERSION "1.10"
| #define INSTALLPREFIX "/usr/local"
| #define _GNU_SOURCE 1
| #define __EXTENSIONS__ 1
| #define STDC_HEADERS 1
| #define HAVE_SYS_TYPES_H 1
| #define HAVE_SYS_STAT_H 1
| #define HAVE_STDLIB_H 1
| #define HAVE_STRING_H 1
| #define HAVE_MEMORY_H 1
| #define HAVE_STRINGS_H 1
| #define HAVE_INTTYPES_H 1
| #define HAVE_STDINT_H 1
| #define HAVE_UNISTD_H 1
| #define HAVE_DLFCN_H 1
| #ifdef __cplusplus
| extern "C" void std::exit (int) throw (); using std::exit;
| #endif
| #define HAVE_ICONV 1
| #define ICONV_CONST 
| #define ENABLE_NLS 1
| #define HAVE_GETTEXT 1
| #define HAVE_DCGETTEXT 1
| #define STDC_HEADERS 1
| #define HAVE_LOCALE_H 1
| #define HAVE_STDDEF_H 1
| #define HAVE_STDLIB_H 1
| #define HAVE_STRING_H 1
| #define HAVE_STDLIB_H 1
| #define HAVE_INTTYPES_H 1
| #define HAVE_STDINT_H 1
| #define HAVE_GETC_UNLOCKED 1
| #define HAVE_MBRTOWC 1
| #define HAVE_WCRTOMB 1
| #define HAVE_MBSINIT 1
| #define HAVE_SETLOCALE 1
| #define HAVE_MEMMOVE 1
| #define HAVE_LANGINFO_CODESET 1
| #define HAVE_WCHAR_H 1
| #define WORDS_LITTLEENDIAN 1
| #define HAVE_ALLOCA_H 1
| #define HAVE_ALLOCA 1
| #define HAVE_STDLIB_H 1
| #define HAVE_STRING_H 1
| #define HAVE_SYS_PARAM_H 1
| #define HAVE_UNISTD_H 1
| #define HAVE_CANONICALIZE_FILE_NAME 1
| #define HAVE_DECL_CLEARERR_UNLOCKED 1
| #define HAVE_DECL_FEOF_UNLOCKED 1
| #define HAVE_DECL_FERROR_UNLOCKED 1
| #define HAVE_DECL_FFLUSH_UNLOCKED 1
| #define HAVE_DECL_FGETS_UNLOCKED 1
| #define HAVE_DECL_FPUTC_UNLOCKED 1
| #define HAVE_DECL_FPUTS_UNLOCKED 1
| #define HAVE_DECL_FREAD_UNLOCKED 1
| #define HAVE_DECL_FWRITE_UNLOCKED 1
| #define HAVE_DECL_GETC_UNLOCKED 1
| #define HAVE_DECL_GETCHAR_UNLOCKED 1
| #define HAVE_DECL_PUTC_UNLOCKED 1
| #define HAVE_DECL_PUTCHAR_UNLOCKED 1
| #define HAVE_VPRINTF 1
| /* end confdefs.h.  */
| /* Define _doprnt to an innocuous variant, in case <limits.h> declares _doprnt.
|    For example, HP-UX 11i <limits.h> declares gettimeofday.  */
| #define _doprnt innocuous__doprnt
| 
| /* System header to define __stub macros and hopefully few prototypes,
|     which can conflict with char _doprnt (); below.
|     Prefer <limits.h> to <assert.h> if __STDC__ is defined, since
|     <limits.h> exists even on freestanding compilers.  */
| 
| #ifdef __STDC__
| # include <limits.h>
| #else
| # include <assert.h>
| #endif
| 
| #undef _doprnt
| 
| /* Override any gcc2 internal prototype to avoid an error.  */
| #ifdef __cplusplus
| extern "C"
| {
| #endif
| /* We use char because int might match the return type of a gcc2
|    builtin and then its argument prototype would still apply.  */
| char _doprnt ();
| /* The GNU C library defines this for functions which it implements
|     to always fail with ENOSYS.  Some functions are actually named
|     something starting with __ and the normal name is an alias.  */
| #if defined (__stub__doprnt) || defined (__stub____doprnt)
| choke me
| #else
| char (*f) () = _doprnt;
| #endif
| #ifdef __cplusplus
| }
| #endif
| 
| int
| main ()
| {
| return f != _doprnt;
|   ;
|   return 0;
| }
configure:26498: result: no
configure:26513: checking for error_at_line
configure:26534: gcc -o conftest -g -O2   conftest.c  >&5
configure:26540: $? = 0
configure:26544: test -z 
			 || test ! -s conftest.err
configure:26547: $? = 0
configure:26550: test -s conftest
configure:26553: $? = 0
configure:26565: result: yes
configure:27063: checking for stdlib.h
configure:27068: result: yes
configure:27208: checking for GNU libc compatible malloc
configure:27237: gcc -o conftest -g -O2   conftest.c  >&5
configure:27240: $? = 0
configure:27242: ./conftest
configure:27245: $? = 0
configure:27259: result: yes
configure:27284: checking for setenv
configure:27341: gcc -o conftest -g -O2   conftest.c  >&5
configure:27347: $? = 0
configure:27351: test -z 
			 || test ! -s conftest.err
configure:27354: $? = 0
configure:27357: test -s conftest
configure:27360: $? = 0
configure:27372: result: yes
configure:27284: checking for unsetenv
configure:27341: gcc -o conftest -g -O2   conftest.c  >&5
configure:27347: $? = 0
configure:27351: test -z 
			 || test ! -s conftest.err
configure:27354: $? = 0
configure:27357: test -s conftest
configure:27360: $? = 0
configure:27372: result: yes
configure:27944: checking for stdbool.h that conforms to C99
configure:27997: gcc -c -g -O2  conftest.c >&5
configure:28003: $? = 0
configure:28007: test -z 
			 || test ! -s conftest.err
configure:28010: $? = 0
configure:28013: test -s conftest.o
configure:28016: $? = 0
configure:28027: result: yes
configure:28029: checking for _Bool
configure:28053: gcc -c -g -O2  conftest.c >&5
configure:28059: $? = 0
configure:28063: test -z 
			 || test ! -s conftest.err
configure:28066: $? = 0
configure:28069: test -s conftest.o
configure:28072: $? = 0
configure:28083: result: yes
configure:28126: checking for strerror
configure:28183: gcc -o conftest -g -O2   conftest.c  >&5
configure:28189: $? = 0
configure:28193: test -z 
			 || test ! -s conftest.err
configure:28196: $? = 0
configure:28199: test -s conftest
configure:28202: $? = 0
configure:28214: result: yes
configure:28245: checking for readlink
configure:28302: gcc -o conftest -g -O2   conftest.c  >&5
configure:28308: $? = 0
configure:28312: test -z 
			 || test ! -s conftest.err
configure:28315: $? = 0
configure:28318: test -s conftest
configure:28321: $? = 0
configure:28333: result: yes
configure:28358: checking for ssize_t
configure:28379: gcc -c -g -O2  conftest.c >&5
configure:28385: $? = 0
configure:28389: test -z 
			 || test ! -s conftest.err
configure:28392: $? = 0
configure:28395: test -s conftest.o
configure:28398: $? = 0
configure:28409: result: yes
configure:28585: creating ./config.status

## ---------------------- ##
## Running config.status. ##
## ---------------------- ##

This file was extended by config.status, which was
generated by GNU Autoconf 2.59.  Invocation command line was

  CONFIG_FILES    = 
  CONFIG_HEADERS  = 
  CONFIG_LINKS    = 
  CONFIG_COMMANDS = 
  $ ./config.status 

on LS-GL055

config.status:768: creating Makefile
config.status:768: creating lib/Makefile
config.status:768: creating srclib/Makefile
config.status:768: creating src/Makefile
config.status:768: creating po/Makefile.in
config.status:768: creating tests/Makefile
config.status:768: creating include/iconv.h
config.status:872: creating config.h
config.status:872: creating lib/config.h
config.status:1288: executing depfiles commands
config.status:1288: executing default-1 commands
configure:30104: configuring in libcharset
configure:30221: running /bin/sh './configure' --prefix=/usr/local  '--sysconfdir=/etc' --cache-file=/dev/null --srcdir=.

## ---------------- ##
## Cache variables. ##
## ---------------- ##

ac_cv_build=armv5tejl-unknown-linux-gnu
ac_cv_build_alias=armv5tejl-unknown-linux-gnu
ac_cv_c_compiler_gnu=yes
ac_cv_cxx_compiler_gnu=yes
ac_cv_decl_EILSEQ=yes
ac_cv_env_CC_set=
ac_cv_env_CC_value=
ac_cv_env_CFLAGS_set=
ac_cv_env_CFLAGS_value=
ac_cv_env_CPPFLAGS_set=
ac_cv_env_CPPFLAGS_value=
ac_cv_env_CPP_set=
ac_cv_env_CPP_value=
ac_cv_env_CXXCPP_set=
ac_cv_env_CXXCPP_value=
ac_cv_env_CXXFLAGS_set=
ac_cv_env_CXXFLAGS_value=
ac_cv_env_CXX_set=
ac_cv_env_CXX_value=
ac_cv_env_F77_set=
ac_cv_env_F77_value=
ac_cv_env_FFLAGS_set=
ac_cv_env_FFLAGS_value=
ac_cv_env_LDFLAGS_set=
ac_cv_env_LDFLAGS_value=
ac_cv_env_build_alias_set=
ac_cv_env_build_alias_value=
ac_cv_env_host_alias_set=
ac_cv_env_host_alias_value=
ac_cv_env_target_alias_set=
ac_cv_env_target_alias_value=
ac_cv_exeext=
ac_cv_f77_compiler_gnu=no
ac_cv_func__doprnt=no
ac_cv_func_alloca_works=yes
ac_cv_func_canonicalize_file_name=yes
ac_cv_func_getc_unlocked=yes
ac_cv_func_malloc_0_nonnull=yes
ac_cv_func_mbrtowc=yes
ac_cv_func_mbsinit=yes
ac_cv_func_memmove=yes
ac_cv_func_readlink=yes
ac_cv_func_setenv=yes
ac_cv_func_setlocale=yes
ac_cv_func_strerror=yes
ac_cv_func_unsetenv=yes
ac_cv_func_vprintf=yes
ac_cv_func_wcrtomb=yes
ac_cv_have_decl_clearerr_unlocked=yes
ac_cv_have_decl_feof_unlocked=yes
ac_cv_have_decl_ferror_unlocked=yes
ac_cv_have_decl_fflush_unlocked=yes
ac_cv_have_decl_fgets_unlocked=yes
ac_cv_have_decl_fputc_unlocked=yes
ac_cv_have_decl_fputs_unlocked=yes
ac_cv_have_decl_fread_unlocked=yes
ac_cv_have_decl_fwrite_unlocked=yes
ac_cv_have_decl_getc_unlocked=yes
ac_cv_have_decl_getchar_unlocked=yes
ac_cv_have_decl_putc_unlocked=yes
ac_cv_have_decl_putchar_unlocked=yes
ac_cv_header_dlfcn_h=yes
ac_cv_header_inttypes_h=yes
ac_cv_header_locale_h=yes
ac_cv_header_memory_h=yes
ac_cv_header_minix_config_h=no
ac_cv_header_stdbool_h=yes
ac_cv_header_stdc=yes
ac_cv_header_stddef_h=yes
ac_cv_header_stdint_h=yes
ac_cv_header_stdlib_h=yes
ac_cv_header_string_h=yes
ac_cv_header_strings_h=yes
ac_cv_header_sys_inttypes_h=no
ac_cv_header_sys_param_h=yes
ac_cv_header_sys_stat_h=yes
ac_cv_header_sys_types_h=yes
ac_cv_header_unistd_h=yes
ac_cv_header_wchar_h=yes
ac_cv_host=armv5tejl-unknown-linux-gnu
ac_cv_host_alias=armv5tejl-unknown-linux-gnu
ac_cv_objext=o
ac_cv_path_GMSGFMT=:
ac_cv_path_MSGFMT=:
ac_cv_path_MSGMERGE=:
ac_cv_path_XGETTEXT=:
ac_cv_path_install='/usr/bin/install -c'
ac_cv_prog_AWK=awk
ac_cv_prog_CPP='gcc -E'
ac_cv_prog_CXXCPP='g++ -E'
ac_cv_prog_ac_ct_AR=ar
ac_cv_prog_ac_ct_CC=gcc
ac_cv_prog_ac_ct_CXX=g++
ac_cv_prog_ac_ct_RANLIB=ranlib
ac_cv_prog_ac_ct_STRIP=strip
ac_cv_prog_cc_g=yes
ac_cv_prog_cc_stdc=
ac_cv_prog_cxx_g=yes
ac_cv_prog_egrep='grep -E'
ac_cv_prog_f77_g=no
ac_cv_prog_gcc_traditional=no
ac_cv_prog_make_make_set=yes
ac_cv_search_strerror='none required'
ac_cv_type__Bool=yes
ac_cv_type_mbstate_t=yes
ac_cv_working_alloca_h=yes
acl_cv_hardcode_direct=no
acl_cv_hardcode_libdir_flag_spec='${wl}-rpath ${wl}$libdir'
acl_cv_hardcode_libdir_separator=
acl_cv_hardcode_minus_L=no
acl_cv_libext=a
acl_cv_libpath=LD_LIBRARY_PATH
acl_cv_path_LD=/usr/bin/ld
acl_cv_prog_gnu_ld=yes
acl_cv_rpath=done
acl_cv_shlibext=so
acl_cv_shlibpath_var=LD_LIBRARY_PATH
acl_cv_wl=-Wl,
am_cv_CC_dependencies_compiler_type=none
am_cv_CXX_dependencies_compiler_type=none
am_cv_func_iconv=yes
am_cv_langinfo_codeset=yes
am_cv_lib_error_at_line=yes
am_cv_lib_iconv=no
am_cv_proto_iconv='extern size_t iconv (iconv_t cd, char * *inbuf, size_t *inbytesleft, char * *outbuf, size_t *outbytesleft);'
am_cv_proto_iconv_arg1=
cl_cv_prog_LN=ln
cl_cv_prog_cp='cp -p'
cl_cv_sys_endian='little endian'
gl_cv_func_malloc_0_nonnull=1
gl_cv_header_stdint_h=yes
gt_cv_func_gnugettext1_libc=yes
gt_cv_header_inttypes_h=yes
gt_cv_ssize_t=yes
lt_cv_deplibs_check_method=pass_all
lt_cv_file_magic_cmd='$MAGIC_CMD'
lt_cv_file_magic_test_file=
lt_cv_ld_reload_flag=-r
lt_cv_objdir=.libs
lt_cv_path_LD=/usr/bin/ld
lt_cv_path_LDCXX=/usr/bin/ld
lt_cv_path_NM='/usr/bin/nm -B'
lt_cv_path_SED=/bin/sed
lt_cv_prog_compiler_c_o=yes
lt_cv_prog_compiler_c_o_CXX=yes
lt_cv_prog_compiler_rtti_exceptions=no
lt_cv_prog_gnu_ld=yes
lt_cv_prog_gnu_ldcxx=yes
lt_cv_sys_global_symbol_pipe='sed -n -e '\''s/^.*[ 	]\([ABCDGIRSTW][ABCDGIRSTW]*\)[ 	][ 	]*\(\)\([_A-Za-z][_A-Za-z0-9]*\)$/\1 \2\3 \3/p'\'''
lt_cv_sys_global_symbol_to_c_name_address='sed -n -e '\''s/^: \([^ ]*\) $/  {\"\1\", (lt_ptr) 0},/p'\'' -e '\''s/^[BCDEGRST] \([^ ]*\) \([^ ]*\)$/  {"\2", (lt_ptr) \&\2},/p'\'''
lt_cv_sys_global_symbol_to_cdecl='sed -n -e '\''s/^. .* \(.*\)$/extern int \1;/p'\'''
lt_cv_sys_max_cmd_len=32768
lt_lt_cv_prog_compiler_c_o='"yes"'
lt_lt_cv_prog_compiler_c_o_CXX='"yes"'
lt_lt_cv_sys_global_symbol_pipe='"sed -n -e '\''s/^.*[ 	]\\([ABCDGIRSTW][ABCDGIRSTW]*\\)[ 	][ 	]*\\(\\)\\([_A-Za-z][_A-Za-z0-9]*\\)\$/\\1 \\2\\3 \\3/p'\''"'
lt_lt_cv_sys_global_symbol_to_c_name_address='"sed -n -e '\''s/^: \\([^ ]*\\) \$/  {\\\"\\1\\\", (lt_ptr) 0},/p'\'' -e '\''s/^[BCDEGRST] \\([^ ]*\\) \\([^ ]*\\)\$/  {\"\\2\", (lt_ptr) \\&\\2},/p'\''"'
lt_lt_cv_sys_global_symbol_to_cdecl='"sed -n -e '\''s/^. .* \\(.*\\)\$/extern int \\1;/p'\''"'

## ----------------- ##
## Output variables. ##
## ----------------- ##

ACLOCAL='${SHELL} /mnt/disk1/share/libiconv-1.10/build-aux/missing --run aclocal-1.9'
ALLOCA=''
ALLOCA_H='alloca.h'
AMDEPBACKSLASH='\'
AMDEP_FALSE='#'
AMDEP_TRUE=''
AMTAR='${SHELL} /mnt/disk1/share/libiconv-1.10/build-aux/missing --run tar'
AR='ar'
AS='as'
AUTOCONF='${SHELL} /mnt/disk1/share/libiconv-1.10/build-aux/missing --run autoconf'
AUTOHEADER='${SHELL} /mnt/disk1/share/libiconv-1.10/build-aux/missing --run autoheader'
AUTOMAKE='${SHELL} /mnt/disk1/share/libiconv-1.10/build-aux/missing --run automake-1.9'
AWK='awk'
CC='gcc'
CCDEPMODE='depmode=none'
CFLAGS='-g -O2'
CP='cp -p'
CPP='gcc -E'
CPPFLAGS=''
CXX='g++'
CXXCPP='g++ -E'
CXXDEPMODE='depmode=none'
CXXFLAGS='-g -O2'
CYGPATH_W='echo'
DEFS='-DHAVE_CONFIG_H'
DEPDIR='.deps'
DLLTOOL='dlltool'
ECHO='echo'
ECHO_C=''
ECHO_N='-n'
ECHO_T=''
EGREP='grep -E'
EILSEQ=''
EXEEXT=''
F77=''
FFLAGS=''
GCC='yes'
GMSGFMT=':'
HAVE_LONG_64BIT=''
HAVE_LONG_LONG_64BIT=''
HAVE__BOOL='1'
ICONV_CONST=''
INSTALL_DATA='${INSTALL} -m 644'
INSTALL_PROGRAM='${INSTALL}'
INSTALL_SCRIPT='${INSTALL}'
INSTALL_STRIP_PROGRAM='${SHELL} $(install_sh) -c -s'
INTLLIBS=''
LDFLAGS=''
LIBICONV=''
LIBINTL=''
LIBOBJS=''
LIBS=''
LIBTOOL='$(SHELL) $(top_builddir)/libtool'
LN='ln'
LN_S='ln -s'
LTLIBICONV=''
LTLIBINTL=''
LTLIBOBJS=''
MAKEINFO='${SHELL} /mnt/disk1/share/libiconv-1.10/build-aux/missing --run makeinfo'
MKINSTALLDIRS='$(top_builddir)/build-aux/mkinstalldirs'
MSGFMT=':'
MSGMERGE=':'
OBJDUMP='objdump'
OBJEXT='o'
OS='linux'
PACKAGE='libiconv'
PACKAGE_BUGREPORT=''
PACKAGE_NAME=''
PACKAGE_STRING=''
PACKAGE_TARNAME=''
PACKAGE_VERSION=''
PATH_SEPARATOR=':'
PLUGLIB='preloadable_libiconv.so'
POSUB='po'
RANLIB='ranlib'
RELOCATABLE='no'
RELOCATABLE_VIA_LD_FALSE=''
RELOCATABLE_VIA_LD_TRUE='#'
SET_MAKE=''
SET_RELOCATABLE=''
SHELL='/bin/sh'
STDBOOL_H=''
STDINT_H=''
STRIP='strip'
USE_EXTRA_ENCODINGS='no'
USE_NLS='yes'
VERSION='1.10'
XGETTEXT=':'
ac_ct_AR='ar'
ac_ct_AS=''
ac_ct_CC='gcc'
ac_ct_CXX='g++'
ac_ct_DLLTOOL=''
ac_ct_F77=''
ac_ct_OBJDUMP=''
ac_ct_RANLIB='ranlib'
ac_ct_STRIP='strip'
am__fastdepCC_FALSE=''
am__fastdepCC_TRUE='#'
am__fastdepCXX_FALSE=''
am__fastdepCXX_TRUE='#'
am__include='include'
am__leading_dot='.'
am__quote=''
am__tar='${AMTAR} chof - "$$tardir"'
am__untar='${AMTAR} xf -'
bindir='${exec_prefix}/bin'
build='armv5tejl-unknown-linux-gnu'
build_alias=''
build_cpu='armv5tejl'
build_os='linux-gnu'
build_vendor='unknown'
datadir='${prefix}/share'
exec_prefix='${prefix}'
host='armv5tejl-unknown-linux-gnu'
host_alias=''
host_cpu='armv5tejl'
host_os='linux-gnu'
host_vendor='unknown'
includedir='${prefix}/include'
infodir='${prefix}/info'
install_sh='/mnt/disk1/share/libiconv-1.10/build-aux/install-sh'
libdir='${exec_prefix}/lib'
libexecdir='${exec_prefix}/libexec'
localstatedir='${prefix}/var'
mkdir_p='$(mkinstalldirs)'
oldincludedir='/usr/include'
prefix='/usr/local'
program_transform_name='s,x,x,'
sbindir='${exec_prefix}/sbin'
sharedstatedir='${prefix}/com'
subdirs=' libcharset'
sysconfdir='/etc'
target_alias=''

## ----------- ##
## confdefs.h. ##
## ----------- ##

#define ENABLE_NLS 1
#define HAVE_ALLOCA 1
#define HAVE_ALLOCA_H 1
#define HAVE_CANONICALIZE_FILE_NAME 1
#define HAVE_DCGETTEXT 1
#define HAVE_DECL_CLEARERR_UNLOCKED 1
#define HAVE_DECL_FEOF_UNLOCKED 1
#define HAVE_DECL_FERROR_UNLOCKED 1
#define HAVE_DECL_FFLUSH_UNLOCKED 1
#define HAVE_DECL_FGETS_UNLOCKED 1
#define HAVE_DECL_FPUTC_UNLOCKED 1
#define HAVE_DECL_FPUTS_UNLOCKED 1
#define HAVE_DECL_FREAD_UNLOCKED 1
#define HAVE_DECL_FWRITE_UNLOCKED 1
#define HAVE_DECL_GETCHAR_UNLOCKED 1
#define HAVE_DECL_GETC_UNLOCKED 1
#define HAVE_DECL_PUTCHAR_UNLOCKED 1
#define HAVE_DECL_PUTC_UNLOCKED 1
#define HAVE_DLFCN_H 1
#define HAVE_ERROR_AT_LINE 1
#define HAVE_GETC_UNLOCKED 1
#define HAVE_GETTEXT 1
#define HAVE_ICONV 1
#define HAVE_INTTYPES_H 1
#define HAVE_INTTYPES_H 1
#define HAVE_LANGINFO_CODESET 1
#define HAVE_LOCALE_H 1
#define HAVE_MBRTOWC 1
#define HAVE_MBSINIT 1
#define HAVE_MEMMOVE 1
#define HAVE_MEMORY_H 1
#define HAVE_READLINK 1
#define HAVE_SETENV 1
#define HAVE_SETLOCALE 1
#define HAVE_STDBOOL_H 1
#define HAVE_STDDEF_H 1
#define HAVE_STDINT_H 1
#define HAVE_STDINT_H 1
#define HAVE_STDLIB_H 1
#define HAVE_STDLIB_H 1
#define HAVE_STDLIB_H 1
#define HAVE_STDLIB_H 1
#define HAVE_STDLIB_H 1
#define HAVE_STRERROR 1
#define HAVE_STRINGS_H 1
#define HAVE_STRING_H 1
#define HAVE_STRING_H 1
#define HAVE_STRING_H 1
#define HAVE_SYS_PARAM_H 1
#define HAVE_SYS_STAT_H 1
#define HAVE_SYS_TYPES_H 1
#define HAVE_UNISTD_H 1
#define HAVE_UNISTD_H 1
#define HAVE_UNSETENV 1
#define HAVE_VPRINTF 1
#define HAVE_WCHAR_H 1
#define HAVE_WCRTOMB 1
#define HAVE__BOOL 1
#define ICONV_CONST 
#define INSTALLPREFIX "/usr/local"
#define MALLOC_0_IS_NONNULL 1
#define PACKAGE "libiconv"
#define PACKAGE_BUGREPORT ""
#define PACKAGE_NAME ""
#define PACKAGE_STRING ""
#define PACKAGE_TARNAME ""
#define PACKAGE_VERSION ""
#define STDC_HEADERS 1
#define STDC_HEADERS 1
#define VERSION "1.10"
#define WORDS_LITTLEENDIAN 1
#define _GNU_SOURCE 1
#define __EXTENSIONS__ 1
#endif
#ifdef __cplusplus
extern "C" void std::exit (int) throw (); using std::exit;

configure: exit 0
