This file contains any messages produced by compilers while
running configure, to aid debugging if configure makes a mistake.

It was created by configure, which was
generated by GNU Autoconf 2.59.  Invocation command line was

  $ ./configure 

## --------- ##
## Platform. ##
## --------- ##

hostname = DB88FXX81
uname -m = armv5tejl
uname -r = 2.6.12-arm1
uname -s = Linux
uname -v = #37 Tue May 16 10:50:22 JST 2006

/usr/bin/uname -p = unknown
/bin/uname -X     = unknown

/bin/arch              = unknown
/usr/bin/arch -k       = unknown
/usr/convex/getsysinfo = unknown
hostinfo               = unknown
/bin/machine           = unknown
/usr/bin/oslevel       = unknown
/bin/universe          = unknown

PATH: /bin
PATH: /sbin
PATH: /usr/bin
PATH: /usr/sbin
PATH: /usr/local/bin
PATH: /usr/local/sbin


## ----------- ##
## Core tests. ##
## ----------- ##

configure:1538: checking for a BSD-compatible install
configure:1593: result: /usr/bin/install -c
configure:1604: checking whether build environment is sane
configure:1647: result: yes
configure:1680: checking for gawk
configure:1709: result: no
configure:1680: checking for mawk
configure:1709: result: no
configure:1680: checking for nawk
configure:1709: result: no
configure:1680: checking for awk
configure:1696: found /usr/bin/awk
configure:1706: result: awk
configure:1716: checking whether make sets $(MAKE)
configure:1736: result: yes
configure:1924: checking whether build environment is sane
configure:1967: result: yes
configure:2016: checking for gcc
configure:2032: found /usr/bin/gcc
configure:2042: result: gcc
configure:2286: checking for C compiler version
configure:2289: gcc --version </dev/null >&5
gcc (GCC) 3.4.4 (release) (CodeSourcery ARM 2005q3-2)
Copyright (C) 2004 Free Software Foundation, Inc.
This is free software; see the source for copying conditions.  There is NO
warranty; not even for MERCHANTABILITY or FITNESS FOR A PARTICULAR PURPOSE.

configure:2292: $? = 0
configure:2294: gcc -v </dev/null >&5
Reading specs from /usr/lib/gcc/arm-none-linux-gnueabi/3.4.4/specs
Configured with: ../gcc-2005q3/configure --host=arm-none-linux-gnueabi --target=arm-none-linux-gnueabi --build=i386-pc-linux-gnu --enable-languages=c,c++ --prefix=/usr
Thread model: posix
gcc version 3.4.4 (release) (CodeSourcery ARM 2005q3-2)
configure:2297: $? = 0
configure:2299: gcc -V </dev/null >&5
gcc: `-V' option must have argument
configure:2302: $? = 1
configure:2325: checking for C compiler default output file name
configure:2328: gcc    conftest.c  >&5
configure:2331: $? = 0
configure:2377: result: a.out
configure:2382: checking whether the C compiler works
configure:2388: ./a.out
configure:2391: $? = 0
configure:2408: result: yes
configure:2415: checking whether we are cross compiling
configure:2417: result: no
configure:2420: checking for suffix of executables
configure:2422: gcc -o conftest    conftest.c  >&5
configure:2425: $? = 0
configure:2450: result: 
configure:2456: checking for suffix of object files
configure:2477: gcc -c   conftest.c >&5
configure:2480: $? = 0
configure:2502: result: o
configure:2506: checking whether we are using the GNU C compiler
configure:2530: gcc -c   conftest.c >&5
configure:2536: $? = 0
configure:2539: test -z 			 || test ! -s conftest.err
configure:2542: $? = 0
configure:2545: test -s conftest.o
configure:2548: $? = 0
configure:2561: result: yes
configure:2567: checking whether gcc accepts -g
configure:2588: gcc -c -g  conftest.c >&5
configure:2594: $? = 0
configure:2597: test -z 			 || test ! -s conftest.err
configure:2600: $? = 0
configure:2603: test -s conftest.o
configure:2606: $? = 0
configure:2617: result: yes
configure:2634: checking for gcc option to accept ANSI C
configure:2704: gcc  -c -g -O2  conftest.c >&5
configure:2710: $? = 0
configure:2713: test -z 			 || test ! -s conftest.err
configure:2716: $? = 0
configure:2719: test -s conftest.o
configure:2722: $? = 0
configure:2740: result: none needed
configure:2758: gcc -c -g -O2  conftest.c >&5
conftest.c:2: error: syntax error before "me"
configure:2764: $? = 1
configure: failed program was:
| #ifndef __cplusplus
|   choke me
| #endif
configure:2905: checking for style of include used by make
configure:2933: result: GNU
configure:2961: checking dependency style of gcc
configure:3044: result: gcc3
configure:3061: checking whether make sets $(MAKE)
configure:3081: result: yes
configure:3092: checking for scsh
configure:3123: result: /usr/bin/scsh
configure:3208: checking build system type
configure:3226: result: armv5tejl-unknown-linux-gnu
configure:3234: checking host system type
configure:3248: result: armv5tejl-unknown-linux-gnu
configure:3256: checking for a sed that does not truncate output
configure:3310: result: /bin/sed
configure:3313: checking for egrep
configure:3323: result: grep -E
configure:3339: checking for ld used by gcc
configure:3406: result: /usr/bin/ld
configure:3415: checking if the linker (/usr/bin/ld) is GNU ld
configure:3430: result: yes
configure:3435: checking for /usr/bin/ld option to reload object files
configure:3442: result: -r
configure:3451: checking for BSD-compatible nm
configure:3493: result: /usr/bin/nm -B
configure:3497: checking whether ln -s works
configure:3501: result: yes
configure:3508: checking how to recognise dependent libraries
configure:3682: result: pass_all
configure:3895: checking how to run the C preprocessor
configure:3930: gcc -E  conftest.c
configure:3936: $? = 0
configure:3968: gcc -E  conftest.c
conftest.c:9:28: ac_nonexistent.h: No such file or directory
configure:3974: $? = 1
configure: failed program was:
| /* confdefs.h.  */
| 
| #define PACKAGE_NAME ""
| #define PACKAGE_TARNAME ""
| #define PACKAGE_VERSION ""
| #define PACKAGE_STRING ""
| #define PACKAGE_BUGREPORT ""
| /* end confdefs.h.  */
| #include <ac_nonexistent.h>
configure:4013: result: gcc -E
configure:4037: gcc -E  conftest.c
configure:4043: $? = 0
configure:4075: gcc -E  conftest.c
conftest.c:9:28: ac_nonexistent.h: No such file or directory
configure:4081: $? = 1
configure: failed program was:
| /* confdefs.h.  */
| 
| #define PACKAGE_NAME ""
| #define PACKAGE_TARNAME ""
| #define PACKAGE_VERSION ""
| #define PACKAGE_STRING ""
| #define PACKAGE_BUGREPORT ""
| /* end confdefs.h.  */
| #include <ac_nonexistent.h>
configure:4125: checking for ANSI C header files
configure:4150: gcc -c -g -O2  conftest.c >&5
configure:4156: $? = 0
configure:4159: test -z 			 || test ! -s conftest.err
configure:4162: $? = 0
configure:4165: test -s conftest.o
configure:4168: $? = 0
configure:4254: gcc -o conftest -g -O2   conftest.c  >&5
configure:4257: $? = 0
configure:4259: ./conftest
configure:4262: $? = 0
configure:4277: result: yes
configure:4301: checking for sys/types.h
configure:4317: gcc -c -g -O2  conftest.c >&5
configure:4323: $? = 0
configure:4326: test -z 			 || test ! -s conftest.err
configure:4329: $? = 0
configure:4332: test -s conftest.o
configure:4335: $? = 0
configure:4346: result: yes
configure:4301: checking for sys/stat.h
configure:4317: gcc -c -g -O2  conftest.c >&5
configure:4323: $? = 0
configure:4326: test -z 			 || test ! -s conftest.err
configure:4329: $? = 0
configure:4332: test -s conftest.o
configure:4335: $? = 0
configure:4346: result: yes
configure:4301: checking for stdlib.h
configure:4317: gcc -c -g -O2  conftest.c >&5
configure:4323: $? = 0
configure:4326: test -z 			 || test ! -s conftest.err
configure:4329: $? = 0
configure:4332: test -s conftest.o
configure:4335: $? = 0
configure:4346: result: yes
configure:4301: checking for string.h
configure:4317: gcc -c -g -O2  conftest.c >&5
configure:4323: $? = 0
configure:4326: test -z 			 || test ! -s conftest.err
configure:4329: $? = 0
configure:4332: test -s conftest.o
configure:4335: $? = 0
configure:4346: result: yes
configure:4301: checking for memory.h
configure:4317: gcc -c -g -O2  conftest.c >&5
configure:4323: $? = 0
configure:4326: test -z 			 || test ! -s conftest.err
configure:4329: $? = 0
configure:4332: test -s conftest.o
configure:4335: $? = 0
configure:4346: result: yes
configure:4301: checking for strings.h
configure:4317: gcc -c -g -O2  conftest.c >&5
configure:4323: $? = 0
configure:4326: test -z 			 || test ! -s conftest.err
configure:4329: $? = 0
configure:4332: test -s conftest.o
configure:4335: $? = 0
configure:4346: result: yes
configure:4301: checking for inttypes.h
configure:4317: gcc -c -g -O2  conftest.c >&5
configure:4323: $? = 0
configure:4326: test -z 			 || test ! -s conftest.err
configure:4329: $? = 0
configure:4332: test -s conftest.o
configure:4335: $? = 0
configure:4346: result: yes
configure:4301: checking for stdint.h
configure:4317: gcc -c -g -O2  conftest.c >&5
configure:4323: $? = 0
configure:4326: test -z 			 || test ! -s conftest.err
configure:4329: $? = 0
configure:4332: test -s conftest.o
configure:4335: $? = 0
configure:4346: result: yes
configure:4301: checking for unistd.h
configure:4317: gcc -c -g -O2  conftest.c >&5
configure:4323: $? = 0
configure:4326: test -z 			 || test ! -s conftest.err
configure:4329: $? = 0
configure:4332: test -s conftest.o
configure:4335: $? = 0
configure:4346: result: yes
configure:4372: checking dlfcn.h usability
configure:4384: gcc -c -g -O2  conftest.c >&5
configure:4390: $? = 0
configure:4393: test -z 			 || test ! -s conftest.err
configure:4396: $? = 0
configure:4399: test -s conftest.o
configure:4402: $? = 0
configure:4412: result: yes
configure:4416: checking dlfcn.h presence
configure:4426: gcc -E  conftest.c
configure:4432: $? = 0
configure:4452: result: yes
configure:4487: checking for dlfcn.h
configure:4494: result: yes
configure:4559: checking for g++
configure:4575: found /usr/bin/g++
configure:4585: result: g++
configure:4601: checking for C++ compiler version
configure:4604: g++ --version </dev/null >&5
g++ (GCC) 3.4.4 (release) (CodeSourcery ARM 2005q3-2)
Copyright (C) 2004 Free Software Foundation, Inc.
This is free software; see the source for copying conditions.  There is NO
warranty; not even for MERCHANTABILITY or FITNESS FOR A PARTICULAR PURPOSE.

configure:4607: $? = 0
configure:4609: g++ -v </dev/null >&5
Reading specs from /usr/lib/gcc/arm-none-linux-gnueabi/3.4.4/specs
Configured with: ../gcc-2005q3/configure --host=arm-none-linux-gnueabi --target=arm-none-linux-gnueabi --build=i386-pc-linux-gnu --enable-languages=c,c++ --prefix=/usr
Thread model: posix
gcc version 3.4.4 (release) (CodeSourcery ARM 2005q3-2)
configure:4612: $? = 0
configure:4614: g++ -V </dev/null >&5
g++: `-V' option must have argument
configure:4617: $? = 1
configure:4620: checking whether we are using the GNU C++ compiler
configure:4644: g++ -c   conftest.cc >&5
configure:4650: $? = 0
configure:4653: test -z 			 || test ! -s conftest.err
configure:4656: $? = 0
configure:4659: test -s conftest.o
configure:4662: $? = 0
configure:4675: result: yes
configure:4681: checking whether g++ accepts -g
configure:4702: g++ -c -g  conftest.cc >&5
configure:4708: $? = 0
configure:4711: test -z 			 || test ! -s conftest.err
configure:4714: $? = 0
configure:4717: test -s conftest.o
configure:4720: $? = 0
configure:4731: result: yes
configure:4773: g++ -c -g -O2  conftest.cc >&5
configure:4779: $? = 0
configure:4782: test -z 			 || test ! -s conftest.err
configure:4785: $? = 0
configure:4788: test -s conftest.o
configure:4791: $? = 0
configure:4817: g++ -c -g -O2  conftest.cc >&5
conftest.cc: In function `int main()':
conftest.cc:24: error: `exit' undeclared (first use this function)
conftest.cc:24: error: (Each undeclared identifier is reported only once for each function it appears in.)
configure:4823: $? = 1
configure: failed program was:
| /* confdefs.h.  */
| 
| #define PACKAGE_NAME ""
| #define PACKAGE_TARNAME ""
| #define PACKAGE_VERSION ""
| #define PACKAGE_STRING ""
| #define PACKAGE_BUGREPORT ""
| #define STDC_HEADERS 1
| #define HAVE_SYS_TYPES_H 1
| #define HAVE_SYS_STAT_H 1
| #define HAVE_STDLIB_H 1
| #define HAVE_STRING_H 1
| #define HAVE_MEMORY_H 1
| #define HAVE_STRINGS_H 1
| #define HAVE_INTTYPES_H 1
| #define HAVE_STDINT_H 1
| #define HAVE_UNISTD_H 1
| #define HAVE_DLFCN_H 1
| /* end confdefs.h.  */
| 
| int
| main ()
| {
| exit (42);
|   ;
|   return 0;
| }
configure:4773: g++ -c -g -O2  conftest.cc >&5
configure:4779: $? = 0
configure:4782: test -z 			 || test ! -s conftest.err
configure:4785: $? = 0
configure:4788: test -s conftest.o
configure:4791: $? = 0
configure:4817: g++ -c -g -O2  conftest.cc >&5
configure:4823: $? = 0
configure:4826: test -z 			 || test ! -s conftest.err
configure:4829: $? = 0
configure:4832: test -s conftest.o
configure:4835: $? = 0
configure:4860: checking dependency style of g++
configure:4943: result: gcc3
configure:4965: checking how to run the C++ preprocessor
configure:4996: g++ -E  conftest.cc
configure:5002: $? = 0
configure:5034: g++ -E  conftest.cc
conftest.cc:23:28: ac_nonexistent.h: No such file or directory
configure:5040: $? = 1
configure: failed program was:
| /* confdefs.h.  */
| 
| #define PACKAGE_NAME ""
| #define PACKAGE_TARNAME ""
| #define PACKAGE_VERSION ""
| #define PACKAGE_STRING ""
| #define PACKAGE_BUGREPORT ""
| #define STDC_HEADERS 1
| #define HAVE_SYS_TYPES_H 1
| #define HAVE_SYS_STAT_H 1
| #define HAVE_STDLIB_H 1
| #define HAVE_STRING_H 1
| #define HAVE_MEMORY_H 1
| #define HAVE_STRINGS_H 1
| #define HAVE_INTTYPES_H 1
| #define HAVE_STDINT_H 1
| #define HAVE_UNISTD_H 1
| #define HAVE_DLFCN_H 1
| #ifdef __cplusplus
| extern "C" void std::exit (int) throw (); using std::exit;
| #endif
| /* end confdefs.h.  */
| #include <ac_nonexistent.h>
configure:5079: result: g++ -E
configure:5103: g++ -E  conftest.cc
configure:5109: $? = 0
configure:5141: g++ -E  conftest.cc
conftest.cc:23:28: ac_nonexistent.h: No such file or directory
configure:5147: $? = 1
configure: failed program was:
| /* confdefs.h.  */
| 
| #define PACKAGE_NAME ""
| #define PACKAGE_TARNAME ""
| #define PACKAGE_VERSION ""
| #define PACKAGE_STRING ""
| #define PACKAGE_BUGREPORT ""
| #define STDC_HEADERS 1
| #define HAVE_SYS_TYPES_H 1
| #define HAVE_SYS_STAT_H 1
| #define HAVE_STDLIB_H 1
| #define HAVE_STRING_H 1
| #define HAVE_MEMORY_H 1
| #define HAVE_STRINGS_H 1
| #define HAVE_INTTYPES_H 1
| #define HAVE_STDINT_H 1
| #define HAVE_UNISTD_H 1
| #define HAVE_DLFCN_H 1
| #ifdef __cplusplus
| extern "C" void std::exit (int) throw (); using std::exit;
| #endif
| /* end confdefs.h.  */
| #include <ac_nonexistent.h>
configure:5242: checking for g77
configure:5271: result: no
configure:5242: checking for f77
configure:5271: result: no
configure:5242: checking for xlf
configure:5271: result: no
configure:5242: checking for frt
configure:5271: result: no
configure:5242: checking for pgf77
configure:5271: result: no
configure:5242: checking for fort77
configure:5271: result: no
configure:5242: checking for fl32
configure:5271: result: no
configure:5242: checking for af77
configure:5271: result: no
configure:5242: checking for f90
configure:5271: result: no
configure:5242: checking for xlf90
configure:5271: result: no
configure:5242: checking for pgf90
configure:5271: result: no
configure:5242: checking for epcf90
configure:5271: result: no
configure:5242: checking for f95
configure:5271: result: no
configure:5242: checking for fort
configure:5271: result: no
configure:5242: checking for xlf95
configure:5271: result: no
configure:5242: checking for ifc
configure:5271: result: no
configure:5242: checking for efc
configure:5271: result: no
configure:5242: checking for pgf95
configure:5271: result: no
configure:5242: checking for lf95
configure:5271: result: no
configure:5242: checking for gfortran
configure:5271: result: no
configure:5286: checking for Fortran 77 compiler version
configure:5286:  --version </dev/null >&5
./configure: line 1: --version: command not found
configure:5289: $? = 127
configure:5291:  -v </dev/null >&5
./configure: line 1: -v: command not found
configure:5294: $? = 127
configure:5296:  -V </dev/null >&5
./configure: line 1: -V: command not found
configure:5299: $? = 127
configure:5307: checking whether we are using the GNU Fortran 77 compiler
configure:5321:  -c  conftest.F >&5
./configure: line 1: -c: command not found
configure:5327: $? = 127
configure: failed program was:
|       program main
| #ifndef __GNUC__
|        choke me
| #endif
| 
|       end
configure:5352: result: no
configure:5358: checking whether  accepts -g
configure:5370:  -c -g conftest.f >&5
./configure: line 1: -c: command not found
configure:5376: $? = 127
configure: failed program was:
|       program main
| 
|       end
configure:5400: result: no
configure:5430: checking the maximum length of command line arguments
configure:5495: result: 32768
configure:5506: checking command to parse /usr/bin/nm -B output from gcc object
configure:5595: gcc -c -g -O2  conftest.c >&5
configure:5598: $? = 0
configure:5602: /usr/bin/nm -B conftest.o \| sed -n -e 's/^.*[ 	]\([ABCDGIRSTW][ABCDGIRSTW]*\)[ 	][ 	]*\(\)\([_A-Za-z][_A-Za-z0-9]*\)$/\1 \2\3 \3/p' \> conftest.nm
configure:5605: $? = 0
configure:5657: gcc -o conftest -g -O2   conftest.c conftstm.o >&5
configure:5660: $? = 0
configure:5698: result: ok
configure:5702: checking for objdir
configure:5717: result: .libs
configure:5807: checking for ar
configure:5823: found /usr/bin/ar
configure:5834: result: ar
configure:5887: checking for ranlib
configure:5903: found /usr/bin/ranlib
configure:5914: result: ranlib
configure:5967: checking for strip
configure:5983: found /usr/bin/strip
configure:5994: result: strip
configure:6256: checking if gcc static flag  works
configure:6279: result: yes
configure:6297: checking if gcc supports -fno-rtti -fno-exceptions
configure:6318: gcc -c -g -O2  -fno-rtti -fno-exceptions conftest.c >&5
cc1: warning: command line option "-fno-rtti" is valid for C++/ObjC++ but not for C
configure:6322: $? = 0
configure:6330: result: no
configure:6345: checking for gcc option to produce PIC
configure:6522: result: -fPIC
configure:6530: checking if gcc PIC flag -fPIC works
configure:6551: gcc -c -g -O2  -fPIC -DPIC conftest.c >&5
configure:6555: $? = 0
configure:6563: result: yes
configure:6587: checking if gcc supports -c -o file.o
configure:6611: gcc -c -g -O2  -o out/conftest2.o conftest.c >&5
configure:6615: $? = 0
configure:6632: result: yes
configure:6658: checking whether the gcc linker (/usr/bin/ld) supports shared libraries
configure:7505: result: yes
configure:7531: checking whether -lc should be explicitly linked in
configure:7536: gcc -c -g -O2  conftest.c >&5
configure:7539: $? = 0
configure:7553: gcc -shared conftest.o  -v -Wl,-soname -Wl,conftest -o conftest 2\>\&1 \| grep  -lc  \>/dev/null 2\>\&1
configure:7556: $? = 0
configure:7568: result: no
configure:7576: checking dynamic linker characteristics
configure:8128: result: GNU/Linux ld.so
configure:8132: checking how to hardcode library paths into programs
configure:8157: result: immediate
configure:8171: checking whether stripping libraries is possible
configure:8176: result: yes
configure:8999: checking if libtool supports shared libraries
configure:9001: result: yes
configure:9004: checking whether to build shared libraries
configure:9062: result: yes
configure:9065: checking whether to build static libraries
configure:9069: result: yes
configure:9161: creating libtool
configure:9708: checking for ld used by g++
configure:9775: result: /usr/bin/ld
configure:9784: checking if the linker (/usr/bin/ld) is GNU ld
configure:9799: result: yes
configure:9850: checking whether the g++ linker (/usr/bin/ld) supports shared libraries
configure:10676: result: yes
configure:10694: g++ -c -g -O2  conftest.cc >&5
configure:10697: $? = 0
configure:10793: checking for g++ option to produce PIC
configure:11045: result: -fPIC
configure:11053: checking if g++ PIC flag -fPIC works
configure:11074: g++ -c -g -O2  -fPIC -DPIC conftest.cc >&5
configure:11078: $? = 0
configure:11086: result: yes
configure:11110: checking if g++ supports -c -o file.o
configure:11134: g++ -c -g -O2  -o out/conftest2.o conftest.cc >&5
configure:11138: $? = 0
configure:11155: result: yes
configure:11181: checking whether the g++ linker (/usr/bin/ld) supports shared libraries
configure:11209: result: yes
configure:11280: checking dynamic linker characteristics
configure:11832: result: GNU/Linux ld.so
configure:11836: checking how to hardcode library paths into programs
configure:11861: result: immediate
configure:11875: checking whether stripping libraries is possible
configure:11880: result: yes
configure:19126: checking for ANSI C header files
configure:19278: result: yes
configure:19305: checking fcntl.h usability
configure:19317: gcc -c -g -O2  -D_GNU_SOURCE -D_XOPEN_SOURCE_EXTENDED conftest.c >&5
configure:19323: $? = 0
configure:19326: test -z 			 || test ! -s conftest.err
configure:19329: $? = 0
configure:19332: test -s conftest.o
configure:19335: $? = 0
configure:19345: result: yes
configure:19349: checking fcntl.h presence
configure:19359: gcc -E  -D_GNU_SOURCE -D_XOPEN_SOURCE_EXTENDED conftest.c
configure:19365: $? = 0
configure:19385: result: yes
configure:19420: checking for fcntl.h
configure:19427: result: yes
configure:19305: checking sys/time.h usability
configure:19317: gcc -c -g -O2  -D_GNU_SOURCE -D_XOPEN_SOURCE_EXTENDED conftest.c >&5
configure:19323: $? = 0
configure:19326: test -z 			 || test ! -s conftest.err
configure:19329: $? = 0
configure:19332: test -s conftest.o
configure:19335: $? = 0
configure:19345: result: yes
configure:19349: checking sys/time.h presence
configure:19359: gcc -E  -D_GNU_SOURCE -D_XOPEN_SOURCE_EXTENDED conftest.c
configure:19365: $? = 0
configure:19385: result: yes
configure:19420: checking for sys/time.h
configure:19427: result: yes
configure:19305: checking syslog.h usability
configure:19317: gcc -c -g -O2  -D_GNU_SOURCE -D_XOPEN_SOURCE_EXTENDED conftest.c >&5
configure:19323: $? = 0
configure:19326: test -z 			 || test ! -s conftest.err
configure:19329: $? = 0
configure:19332: test -s conftest.o
configure:19335: $? = 0
configure:19345: result: yes
configure:19349: checking syslog.h presence
configure:19359: gcc -E  -D_GNU_SOURCE -D_XOPEN_SOURCE_EXTENDED conftest.c
configure:19365: $? = 0
configure:19385: result: yes
configure:19420: checking for syslog.h
configure:19427: result: yes
configure:19296: checking for unistd.h
configure:19301: result: yes
configure:19457: checking poll.h usability
configure:19469: gcc -c -g -O2  -D_GNU_SOURCE -D_XOPEN_SOURCE_EXTENDED conftest.c >&5
configure:19475: $? = 0
configure:19478: test -z 			 || test ! -s conftest.err
configure:19481: $? = 0
configure:19484: test -s conftest.o
configure:19487: $? = 0
configure:19497: result: yes
configure:19501: checking poll.h presence
configure:19511: gcc -E  -D_GNU_SOURCE -D_XOPEN_SOURCE_EXTENDED conftest.c
configure:19517: $? = 0
configure:19537: result: yes
configure:19572: checking for poll.h
configure:19579: result: yes
configure:19457: checking sys/poll.h usability
configure:19469: gcc -c -g -O2  -D_GNU_SOURCE -D_XOPEN_SOURCE_EXTENDED conftest.c >&5
configure:19475: $? = 0
configure:19478: test -z 			 || test ! -s conftest.err
configure:19481: $? = 0
configure:19484: test -s conftest.o
configure:19487: $? = 0
configure:19497: result: yes
configure:19501: checking sys/poll.h presence
configure:19511: gcc -E  -D_GNU_SOURCE -D_XOPEN_SOURCE_EXTENDED conftest.c
configure:19517: $? = 0
configure:19537: result: yes
configure:19572: checking for sys/poll.h
configure:19579: result: yes
configure:19457: checking sys/socket.h usability
configure:19469: gcc -c -g -O2  -D_GNU_SOURCE -D_XOPEN_SOURCE_EXTENDED conftest.c >&5
configure:19475: $? = 0
configure:19478: test -z 			 || test ! -s conftest.err
configure:19481: $? = 0
configure:19484: test -s conftest.o
configure:19487: $? = 0
configure:19497: result: yes
configure:19501: checking sys/socket.h presence
configure:19511: gcc -E  -D_GNU_SOURCE -D_XOPEN_SOURCE_EXTENDED conftest.c
configure:19517: $? = 0
configure:19537: result: yes
configure:19572: checking for sys/socket.h
configure:19579: result: yes
configure:19457: checking alloca.h usability
configure:19469: gcc -c -g -O2  -D_GNU_SOURCE -D_XOPEN_SOURCE_EXTENDED conftest.c >&5
configure:19475: $? = 0
configure:19478: test -z 			 || test ! -s conftest.err
configure:19481: $? = 0
configure:19484: test -s conftest.o
configure:19487: $? = 0
configure:19497: result: yes
configure:19501: checking alloca.h presence
configure:19511: gcc -E  -D_GNU_SOURCE -D_XOPEN_SOURCE_EXTENDED conftest.c
configure:19517: $? = 0
configure:19537: result: yes
configure:19572: checking for alloca.h
configure:19579: result: yes
configure:19593: checking for an ANSI C-conforming const
configure:19660: gcc -c -g -O2  -D_GNU_SOURCE -D_XOPEN_SOURCE_EXTENDED conftest.c >&5
configure:19666: $? = 0
configure:19669: test -z 			 || test ! -s conftest.err
configure:19672: $? = 0
configure:19675: test -s conftest.o
configure:19678: $? = 0
configure:19689: result: yes
configure:19699: checking for size_t
configure:19723: gcc -c -g -O2  -D_GNU_SOURCE -D_XOPEN_SOURCE_EXTENDED conftest.c >&5
configure:19729: $? = 0
configure:19732: test -z 			 || test ! -s conftest.err
configure:19735: $? = 0
configure:19738: test -s conftest.o
configure:19741: $? = 0
configure:19752: result: yes
configure:19764: checking whether time.h and sys/time.h may both be included
configure:19789: gcc -c -g -O2  -D_GNU_SOURCE -D_XOPEN_SOURCE_EXTENDED conftest.c >&5
configure:19795: $? = 0
configure:19798: test -z 			 || test ! -s conftest.err
configure:19801: $? = 0
configure:19804: test -s conftest.o
configure:19807: $? = 0
configure:19818: result: yes
configure:19828: checking for short
configure:19852: gcc -c -g -O2  -D_GNU_SOURCE -D_XOPEN_SOURCE_EXTENDED conftest.c >&5
configure:19858: $? = 0
configure:19861: test -z 			 || test ! -s conftest.err
configure:19864: $? = 0
configure:19867: test -s conftest.o
configure:19870: $? = 0
configure:19881: result: yes
configure:19884: checking size of short
configure:20196: gcc -o conftest -g -O2  -D_GNU_SOURCE -D_XOPEN_SOURCE_EXTENDED  conftest.c  >&5
configure:20199: $? = 0
configure:20201: ./conftest
configure:20204: $? = 0
configure:20227: result: 2
configure:20234: checking for int
configure:20258: gcc -c -g -O2  -D_GNU_SOURCE -D_XOPEN_SOURCE_EXTENDED conftest.c >&5
configure:20264: $? = 0
configure:20267: test -z 			 || test ! -s conftest.err
configure:20270: $? = 0
configure:20273: test -s conftest.o
configure:20276: $? = 0
configure:20287: result: yes
configure:20290: checking size of int
configure:20602: gcc -o conftest -g -O2  -D_GNU_SOURCE -D_XOPEN_SOURCE_EXTENDED  conftest.c  >&5
configure:20605: $? = 0
configure:20607: ./conftest
configure:20610: $? = 0
configure:20633: result: 4
configure:20640: checking for long
configure:20664: gcc -c -g -O2  -D_GNU_SOURCE -D_XOPEN_SOURCE_EXTENDED conftest.c >&5
configure:20670: $? = 0
configure:20673: test -z 			 || test ! -s conftest.err
configure:20676: $? = 0
configure:20679: test -s conftest.o
configure:20682: $? = 0
configure:20693: result: yes
configure:20696: checking size of long
configure:21008: gcc -o conftest -g -O2  -D_GNU_SOURCE -D_XOPEN_SOURCE_EXTENDED  conftest.c  >&5
configure:21011: $? = 0
configure:21013: ./conftest
configure:21016: $? = 0
configure:21039: result: 4
configure:21047: checking for socklen_t
conftest.c:0: internal compiler error: Segmentation fault
Please submit a full bug report,
with preprocessed source if appropriate.
Send email to arm-gnu@codesourcery.com for instructions.
configure:21080: result: yes
configure:21091: checking for __attribute__
configure:21122: gcc -c -g -O2  -D_GNU_SOURCE -D_XOPEN_SOURCE_EXTENDED conftest.c >&5
configure:21128: $? = 0
configure:21131: test -z 			 || test ! -s conftest.err
configure:21134: $? = 0
configure:21137: test -s conftest.o
configure:21140: $? = 0
configure:21151: result: yes
configure:21165: checking for working alloca.h
configure:21186: gcc -o conftest -g -O2  -D_GNU_SOURCE -D_XOPEN_SOURCE_EXTENDED  conftest.c  >&5
configure:21192: $? = 0
configure:21195: test -z 			 || test ! -s conftest.err
configure:21198: $? = 0
configure:21201: test -s conftest
configure:21204: $? = 0
configure:21216: result: yes
configure:21226: checking for alloca
configure:21267: gcc -o conftest -g -O2  -D_GNU_SOURCE -D_XOPEN_SOURCE_EXTENDED  conftest.c  >&5
configure:21273: $? = 0
configure:21276: test -z 			 || test ! -s conftest.err
configure:21279: $? = 0
configure:21282: test -s conftest
configure:21285: $? = 0
configure:21297: result: yes
configure:21520: checking for inet_addr in -lxnet
configure:21550: gcc -o conftest -g -O2  -D_GNU_SOURCE -D_XOPEN_SOURCE_EXTENDED  conftest.c -lxnet   >&5
/usr/bin/ld: cannot find -lxnet
collect2: ld returned 1 exit status
configure:21556: $? = 1
configure: failed program was:
| /* confdefs.h.  */
| 
| #define PACKAGE_NAME ""
| #define PACKAGE_TARNAME ""
| #define PACKAGE_VERSION ""
| #define PACKAGE_STRING ""
| #define PACKAGE_BUGREPORT ""
| #define STDC_HEADERS 1
| #define HAVE_SYS_TYPES_H 1
| #define HAVE_SYS_STAT_H 1
| #define HAVE_STDLIB_H 1
| #define HAVE_STRING_H 1
| #define HAVE_MEMORY_H 1
| #define HAVE_STRINGS_H 1
| #define HAVE_INTTYPES_H 1
| #define HAVE_STDINT_H 1
| #define HAVE_UNISTD_H 1
| #define HAVE_DLFCN_H 1
| #ifdef __cplusplus
| extern "C" void std::exit (int) throw (); using std::exit;
| #endif
| #define STDC_HEADERS 1
| #define HAVE_FCNTL_H 1
| #define HAVE_SYS_TIME_H 1
| #define HAVE_SYSLOG_H 1
| #define HAVE_UNISTD_H 1
| #define HAVE_POLL_H 1
| #define HAVE_SYS_POLL_H 1
| #define HAVE_SYS_SOCKET_H 1
| #define HAVE_ALLOCA_H 1
| #define TIME_WITH_SYS_TIME 1
| #define SIZEOF_SHORT 2
| #define SIZEOF_INT 4
| #define SIZEOF_LONG 4
| #define HAVE_SOCKLEN_T 1
| #define HAVE_ATTRIBUTE 1
| #define HAVE_ALLOCA_H 1
| #define HAVE_ALLOCA 1
| /* end confdefs.h.  */
| 
| /* Override any gcc2 internal prototype to avoid an error.  */
| #ifdef __cplusplus
| extern "C"
| #endif
| /* We use char because int might match the return type of a gcc2
|    builtin and then its argument prototype would still apply.  */
| char inet_addr ();
| int
| main ()
| {
| inet_addr ();
|   ;
|   return 0;
| }
configure:21581: result: no
configure:21593: checking for gethostbyname in -lnsl
configure:21623: gcc -o conftest -g -O2  -D_GNU_SOURCE -D_XOPEN_SOURCE_EXTENDED  conftest.c -lnsl   >&5
configure:21629: $? = 0
configure:21632: test -z 			 || test ! -s conftest.err
configure:21635: $? = 0
configure:21638: test -s conftest
configure:21641: $? = 0
configure:21654: result: yes
configure:21666: checking for setsockopt in -lsocket
configure:21696: gcc -o conftest -g -O2  -D_GNU_SOURCE -D_XOPEN_SOURCE_EXTENDED  conftest.c -lsocket  -lnsl  >&5
/usr/bin/ld: cannot find -lsocket
collect2: ld returned 1 exit status
configure:21702: $? = 1
configure: failed program was:
| /* confdefs.h.  */
| 
| #define PACKAGE_NAME ""
| #define PACKAGE_TARNAME ""
| #define PACKAGE_VERSION ""
| #define PACKAGE_STRING ""
| #define PACKAGE_BUGREPORT ""
| #define STDC_HEADERS 1
| #define HAVE_SYS_TYPES_H 1
| #define HAVE_SYS_STAT_H 1
| #define HAVE_STDLIB_H 1
| #define HAVE_STRING_H 1
| #define HAVE_MEMORY_H 1
| #define HAVE_STRINGS_H 1
| #define HAVE_INTTYPES_H 1
| #define HAVE_STDINT_H 1
| #define HAVE_UNISTD_H 1
| #define HAVE_DLFCN_H 1
| #ifdef __cplusplus
| extern "C" void std::exit (int) throw (); using std::exit;
| #endif
| #define STDC_HEADERS 1
| #define HAVE_FCNTL_H 1
| #define HAVE_SYS_TIME_H 1
| #define HAVE_SYSLOG_H 1
| #define HAVE_UNISTD_H 1
| #define HAVE_POLL_H 1
| #define HAVE_SYS_POLL_H 1
| #define HAVE_SYS_SOCKET_H 1
| #define HAVE_ALLOCA_H 1
| #define TIME_WITH_SYS_TIME 1
| #define SIZEOF_SHORT 2
| #define SIZEOF_INT 4
| #define SIZEOF_LONG 4
| #define HAVE_SOCKLEN_T 1
| #define HAVE_ATTRIBUTE 1
| #define HAVE_ALLOCA_H 1
| #define HAVE_ALLOCA 1
| #define HAVE_LIBNSL 1
| /* end confdefs.h.  */
| 
| /* Override any gcc2 internal prototype to avoid an error.  */
| #ifdef __cplusplus
| extern "C"
| #endif
| /* We use char because int might match the return type of a gcc2
|    builtin and then its argument prototype would still apply.  */
| char setsockopt ();
| int
| main ()
| {
| setsockopt ();
|   ;
|   return 0;
| }
configure:21727: result: no
configure:21745: checking for select
configure:21802: gcc -o conftest -g -O2  -D_GNU_SOURCE -D_XOPEN_SOURCE_EXTENDED  conftest.c -lnsl  >&5
configure:21808: $? = 0
configure:21811: test -z 			 || test ! -s conftest.err
configure:21814: $? = 0
configure:21817: test -s conftest
configure:21820: $? = 0
configure:21832: result: yes
configure:21745: checking for strerror
configure:21802: gcc -o conftest -g -O2  -D_GNU_SOURCE -D_XOPEN_SOURCE_EXTENDED  conftest.c -lnsl  >&5
configure:21808: $? = 0
configure:21811: test -z 			 || test ! -s conftest.err
configure:21814: $? = 0
configure:21817: test -s conftest
configure:21820: $? = 0
configure:21832: result: yes
configure:21745: checking for syslog
configure:21802: gcc -o conftest -g -O2  -D_GNU_SOURCE -D_XOPEN_SOURCE_EXTENDED  conftest.c -lnsl  >&5
configure:21808: $? = 0
configure:21811: test -z 			 || test ! -s conftest.err
configure:21814: $? = 0
configure:21817: test -s conftest
configure:21820: $? = 0
configure:21832: result: yes
configure:21745: checking for poll
configure:21802: gcc -o conftest -g -O2  -D_GNU_SOURCE -D_XOPEN_SOURCE_EXTENDED  conftest.c -lnsl  >&5
configure:21808: $? = 0
configure:21811: test -z 			 || test ! -s conftest.err
configure:21814: $? = 0
configure:21817: test -s conftest
configure:21820: $? = 0
configure:21832: result: yes
configure:22005: creating ./config.status

## ---------------------- ##
## Running config.status. ##
## ---------------------- ##

This file was extended by config.status, which was
generated by GNU Autoconf 2.59.  Invocation command line was

  CONFIG_FILES    = 
  CONFIG_HEADERS  = 
  CONFIG_LINKS    = 
  CONFIG_COMMANDS = 
  $ ./config.status 

on DB88FXX81

config.status:758: creating libol.spec
config.status:758: creating Makefile
config.status:758: creating src/Makefile
config.status:758: creating utils/Makefile
config.status:758: creating libol-config
config.status:817: creating src/olconfig.h
config.status:974: src/olconfig.h is unchanged
config.status:1154: executing depfiles commands
config.status:1154: executing default commands

## ---------------- ##
## Cache variables. ##
## ---------------- ##

ac_cv_build=armv5tejl-unknown-linux-gnu
ac_cv_build_alias=armv5tejl-unknown-linux-gnu
ac_cv_c_compiler_gnu=yes
ac_cv_c_const=yes
ac_cv_cxx_compiler_gnu=yes
ac_cv_env_CC_set=
ac_cv_env_CC_value=
ac_cv_env_CFLAGS_set=
ac_cv_env_CFLAGS_value=
ac_cv_env_CPPFLAGS_set=
ac_cv_env_CPPFLAGS_value=
ac_cv_env_CPP_set=
ac_cv_env_CPP_value=
ac_cv_env_CXXCPP_set=
ac_cv_env_CXXCPP_value=
ac_cv_env_CXXFLAGS_set=
ac_cv_env_CXXFLAGS_value=
ac_cv_env_CXX_set=
ac_cv_env_CXX_value=
ac_cv_env_F77_set=
ac_cv_env_F77_value=
ac_cv_env_FFLAGS_set=
ac_cv_env_FFLAGS_value=
ac_cv_env_LDFLAGS_set=
ac_cv_env_LDFLAGS_value=
ac_cv_env_build_alias_set=
ac_cv_env_build_alias_value=
ac_cv_env_host_alias_set=
ac_cv_env_host_alias_value=
ac_cv_env_target_alias_set=
ac_cv_env_target_alias_value=
ac_cv_exeext=
ac_cv_f77_compiler_gnu=no
ac_cv_func_alloca_works=yes
ac_cv_func_poll=yes
ac_cv_func_select=yes
ac_cv_func_strerror=yes
ac_cv_func_syslog=yes
ac_cv_header_alloca_h=yes
ac_cv_header_dlfcn_h=yes
ac_cv_header_fcntl_h=yes
ac_cv_header_inttypes_h=yes
ac_cv_header_memory_h=yes
ac_cv_header_poll_h=yes
ac_cv_header_stdc=yes
ac_cv_header_stdint_h=yes
ac_cv_header_stdlib_h=yes
ac_cv_header_string_h=yes
ac_cv_header_strings_h=yes
ac_cv_header_sys_poll_h=yes
ac_cv_header_sys_socket_h=yes
ac_cv_header_sys_stat_h=yes
ac_cv_header_sys_time_h=yes
ac_cv_header_sys_types_h=yes
ac_cv_header_syslog_h=yes
ac_cv_header_time=yes
ac_cv_header_unistd_h=yes
ac_cv_host=armv5tejl-unknown-linux-gnu
ac_cv_host_alias=armv5tejl-unknown-linux-gnu
ac_cv_lib_nsl_gethostbyname=yes
ac_cv_lib_socket_setsockopt=no
ac_cv_lib_xnet_inet_addr=no
ac_cv_objext=o
ac_cv_path_SCSH=/usr/bin/scsh
ac_cv_path_install='/usr/bin/install -c'
ac_cv_prog_AWK=awk
ac_cv_prog_CPP='gcc -E'
ac_cv_prog_CXXCPP='g++ -E'
ac_cv_prog_ac_ct_AR=ar
ac_cv_prog_ac_ct_CC=gcc
ac_cv_prog_ac_ct_CXX=g++
ac_cv_prog_ac_ct_RANLIB=ranlib
ac_cv_prog_ac_ct_STRIP=strip
ac_cv_prog_cc_g=yes
ac_cv_prog_cc_stdc=
ac_cv_prog_cxx_g=yes
ac_cv_prog_egrep='grep -E'
ac_cv_prog_f77_g=no
ac_cv_prog_make_make_set=yes
ac_cv_sizeof_int=4
ac_cv_sizeof_long=4
ac_cv_sizeof_short=2
ac_cv_type_int=yes
ac_cv_type_long=yes
ac_cv_type_short=yes
ac_cv_type_size_t=yes
ac_cv_working_alloca_h=yes
am_cv_CC_dependencies_compiler_type=gcc3
am_cv_CXX_dependencies_compiler_type=gcc3
blb_cv_c_type_socklen_t=yes
lsh_cv_c_attribute=yes
lt_cv_deplibs_check_method=pass_all
lt_cv_file_magic_cmd='$MAGIC_CMD'
lt_cv_file_magic_test_file=
lt_cv_ld_reload_flag=-r
lt_cv_objdir=.libs
lt_cv_path_LD=/usr/bin/ld
lt_cv_path_LDCXX=/usr/bin/ld
lt_cv_path_NM='/usr/bin/nm -B'
lt_cv_path_SED=/bin/sed
lt_cv_prog_compiler_c_o=yes
lt_cv_prog_compiler_c_o_CXX=yes
lt_cv_prog_compiler_rtti_exceptions=no
lt_cv_prog_gnu_ld=yes
lt_cv_prog_gnu_ldcxx=yes
lt_cv_sys_global_symbol_pipe='sed -n -e '\''s/^.*[ 	]\([ABCDGIRSTW][ABCDGIRSTW]*\)[ 	][ 	]*\(\)\([_A-Za-z][_A-Za-z0-9]*\)$/\1 \2\3 \3/p'\'''
lt_cv_sys_global_symbol_to_c_name_address='sed -n -e '\''s/^: \([^ ]*\) $/  {\"\1\", (lt_ptr) 0},/p'\'' -e '\''s/^[BCDEGRST] \([^ ]*\) \([^ ]*\)$/  {"\2", (lt_ptr) \&\2},/p'\'''
lt_cv_sys_global_symbol_to_cdecl='sed -n -e '\''s/^. .* \(.*\)$/extern int \1;/p'\'''
lt_cv_sys_max_cmd_len=32768
lt_lt_cv_prog_compiler_c_o='"yes"'
lt_lt_cv_prog_compiler_c_o_CXX='"yes"'
lt_lt_cv_sys_global_symbol_pipe='"sed -n -e '\''s/^.*[ 	]\\([ABCDGIRSTW][ABCDGIRSTW]*\\)[ 	][ 	]*\\(\\)\\([_A-Za-z][_A-Za-z0-9]*\\)\$/\\1 \\2\\3 \\3/p'\''"'
lt_lt_cv_sys_global_symbol_to_c_name_address='"sed -n -e '\''s/^: \\([^ ]*\\) \$/  {\\\"\\1\\\", (lt_ptr) 0},/p'\'' -e '\''s/^[BCDEGRST] \\([^ ]*\\) \\([^ ]*\\)\$/  {\"\\2\", (lt_ptr) \\&\\2},/p'\''"'
lt_lt_cv_sys_global_symbol_to_cdecl='"sed -n -e '\''s/^. .* \\(.*\\)\$/extern int \\1;/p'\''"'

## ----------------- ##
## Output variables. ##
## ----------------- ##

ACLOCAL='${SHELL} /nas-apps-targetbuild/src/libol-0.3.18/missing --run aclocal-1.7'
ALLOCA=''
AMDEPBACKSLASH='\'
AMDEP_FALSE='#'
AMDEP_TRUE=''
AMTAR='${SHELL} /nas-apps-targetbuild/src/libol-0.3.18/missing --run tar'
AR='ar'
AUTOCONF='${SHELL} /nas-apps-targetbuild/src/libol-0.3.18/missing --run autoconf'
AUTOHEADER='${SHELL} /nas-apps-targetbuild/src/libol-0.3.18/missing --run autoheader'
AUTOMAKE='${SHELL} /nas-apps-targetbuild/src/libol-0.3.18/missing --run automake-1.7'
AWK='awk'
CC='gcc'
CCDEPMODE='depmode=gcc3'
CFLAGS='-g -O2 -Wall -O2'
CPP='gcc -E'
CPPFLAGS=' -D_GNU_SOURCE -D_XOPEN_SOURCE_EXTENDED'
CXX='g++'
CXXCPP='g++ -E'
CXXDEPMODE='depmode=gcc3'
CXXFLAGS='-g -O2'
CYGPATH_W='echo'
DEFS='-DHAVE_CONFIG_H'
DEPDIR='.deps'
ECHO='echo'
ECHO_C=''
ECHO_N='-n'
ECHO_T=''
EGREP='grep -E'
EXEEXT=''
F77=''
FFLAGS=''
INSTALL_DATA='${INSTALL} -m 644'
INSTALL_PROGRAM='${INSTALL}'
INSTALL_SCRIPT='${INSTALL}'
INSTALL_STRIP_PROGRAM='${SHELL} $(install_sh) -c -s'
LDFLAGS=''
LIBOBJS=''
LIBS='-lnsl '
LIBTOOL='$(SHELL) $(top_builddir)/libtool'
LN_S='ln -s'
LTLIBOBJS=''
MAKEINFO='${SHELL} /nas-apps-targetbuild/src/libol-0.3.18/missing --run makeinfo'
MAKE_CLASS='/nas-apps-targetbuild/src/libol-0.3.18/utils/make_class'
OBJEXT='o'
PACKAGE='libol'
PACKAGE_BUGREPORT=''
PACKAGE_NAME=''
PACKAGE_STRING=''
PACKAGE_TARNAME=''
PACKAGE_VERSION=''
PATH_SEPARATOR=':'
RANLIB='ranlib'
SCSH='/usr/bin/scsh'
SET_MAKE=''
SHELL='/bin/sh'
STRIP='strip'
VERSION='0.3.18'
ac_ct_AR='ar'
ac_ct_CC='gcc'
ac_ct_CXX='g++'
ac_ct_F77=''
ac_ct_RANLIB='ranlib'
ac_ct_STRIP='strip'
am__fastdepCC_FALSE='#'
am__fastdepCC_TRUE=''
am__fastdepCXX_FALSE='#'
am__fastdepCXX_TRUE=''
am__include='include'
am__leading_dot='.'
am__quote=''
bindir='${exec_prefix}/bin'
build='armv5tejl-unknown-linux-gnu'
build_alias=''
build_cpu='armv5tejl'
build_os='linux-gnu'
build_vendor='unknown'
datadir='${prefix}/share'
exec_prefix='${prefix}'
host='armv5tejl-unknown-linux-gnu'
host_alias=''
host_cpu='armv5tejl'
host_os='linux-gnu'
host_vendor='unknown'
includedir='${prefix}/include'
infodir='${prefix}/info'
install_sh='/nas-apps-targetbuild/src/libol-0.3.18/install-sh'
libdir='${exec_prefix}/lib'
libexecdir='${exec_prefix}/libexec'
localstatedir='${prefix}/var'
mandir='${prefix}/man'
oldincludedir='/usr/include'
prefix='/usr/local'
program_transform_name='s,x,x,'
sbindir='${exec_prefix}/sbin'
sharedstatedir='${prefix}/com'
sysconfdir='${prefix}/etc'
target_alias=''

## ----------- ##
## confdefs.h. ##
## ----------- ##

#define HAVE_ALLOCA 1
#define HAVE_ALLOCA_H 1
#define HAVE_ALLOCA_H 1
#define HAVE_ATTRIBUTE 1
#define HAVE_DLFCN_H 1
#define HAVE_FCNTL_H 1
#define HAVE_INTTYPES_H 1
#define HAVE_LIBNSL 1
#define HAVE_MEMORY_H 1
#define HAVE_POLL 1
#define HAVE_POLL_H 1
#define HAVE_SELECT 1
#define HAVE_SOCKLEN_T 1
#define HAVE_STDINT_H 1
#define HAVE_STDLIB_H 1
#define HAVE_STRERROR 1
#define HAVE_STRINGS_H 1
#define HAVE_STRING_H 1
#define HAVE_SYSLOG 1
#define HAVE_SYSLOG_H 1
#define HAVE_SYS_POLL_H 1
#define HAVE_SYS_SOCKET_H 1
#define HAVE_SYS_STAT_H 1
#define HAVE_SYS_TIME_H 1
#define HAVE_SYS_TYPES_H 1
#define HAVE_UNISTD_H 1
#define HAVE_UNISTD_H 1
#define PACKAGE_BUGREPORT ""
#define PACKAGE_NAME ""
#define PACKAGE_STRING ""
#define PACKAGE_TARNAME ""
#define PACKAGE_VERSION ""
#define SIZEOF_INT 4
#define SIZEOF_LONG 4
#define SIZEOF_SHORT 2
#define STDC_HEADERS 1
#define STDC_HEADERS 1
#define TIME_WITH_SYS_TIME 1
#endif
#ifdef __cplusplus
extern "C" void std::exit (int) throw (); using std::exit;

configure: exit 0
