This file contains any messages produced by compilers while
running configure, to aid debugging if configure makes a mistake.

It was created by configure, which was
generated by GNU Autoconf 2.54.  Invocation command line was

  $ ./configure 

## --------- ##
## Platform. ##
## --------- ##

hostname = DEV-HGLAN2
uname -m = ppc
uname -r = 2.4.17_mvl21
uname -s = Linux
uname -v = #1367 2004ÇŻ 9·î 30Ćü ĚÚÍËĆü 11:03:44 JST

/usr/bin/uname -p = unknown
/bin/uname -X     = unknown

/bin/arch              = ppc
/usr/bin/arch -k       = unknown
/usr/convex/getsysinfo = unknown
hostinfo               = unknown
/bin/machine           = unknown
/usr/bin/oslevel       = unknown
/bin/universe          = unknown

PATH: /usr/local/bin
PATH: /usr/bin
PATH: /bin
PATH: /usr/bin/X11
PATH: /usr/games
PATH: /usr/local/sbin
PATH: /usr/sbin
PATH: /sbin


## ----------- ##
## Core tests. ##
## ----------- ##

configure:1284: checking for a BSD-compatible install
configure:1338: result: /usr/bin/install -c
configure:1349: checking whether build environment is sane
configure:1392: result: yes
configure:1425: checking for gawk
configure:1441: found /usr/bin/gawk
configure:1451: result: gawk
configure:1461: checking whether make sets ${MAKE}
configure:1481: result: yes
configure:1643: checking build system type
configure:1661: result: powerpc-unknown-linux-gnu
configure:1669: checking host system type
configure:1683: result: powerpc-unknown-linux-gnu
configure:1755: checking for gcc
configure:1771: found /usr/bin/gcc
configure:1781: result: gcc
configure:2023: checking for C compiler version
configure:2026: gcc --version </dev/null >&5
2.95.3
configure:2029: $? = 0
configure:2031: gcc -v </dev/null >&5
Reading specs from /usr/lib/gcc-lib/powerpc-hardhat-linux/2.95.3/specs
gcc version 2.95.3 20010315 (release/MontaVista)
configure:2034: $? = 0
configure:2036: gcc -V </dev/null >&5
gcc: argument to `-V' is missing
configure:2039: $? = 1
configure:2059: checking for C compiler default output
configure:2062: gcc  -O2 -fomit-frame-pointer -Wall   -s -O2 conftest.c  >&5
configure:2065: $? = 0
configure:2099: result: a.out
configure:2104: checking whether the C compiler works
configure:2110: ./a.out
configure:2113: $? = 0
configure:2128: result: yes
configure:2135: checking whether we are cross compiling
configure:2137: result: no
configure:2140: checking for suffix of executables
configure:2142: gcc -o conftest  -O2 -fomit-frame-pointer -Wall   -s -O2 conftest.c  >&5
configure:2145: $? = 0
configure:2168: result: 
configure:2174: checking for suffix of object files
configure:2192: gcc -c  -O2 -fomit-frame-pointer -Wall   conftest.c >&5
configure:2195: $? = 0
configure:2214: result: o
configure:2218: checking whether we are using the GNU C compiler
configure:2239: gcc -c  -O2 -fomit-frame-pointer -Wall   conftest.c >&5
configure:2242: $? = 0
configure:2245: test -s conftest.o
configure:2248: $? = 0
configure:2260: result: yes
configure:2266: checking whether gcc accepts -g
configure:2284: gcc -c -g  conftest.c >&5
configure:2287: $? = 0
configure:2290: test -s conftest.o
configure:2293: $? = 0
configure:2303: result: yes
configure:2320: checking for gcc option to accept ANSI C
configure:2377: gcc  -c  -O2 -fomit-frame-pointer -Wall   conftest.c >&5
configure:2380: $? = 0
configure:2383: test -s conftest.o
configure:2386: $? = 0
configure:2403: result: none needed
configure:2421: gcc -c  -O2 -fomit-frame-pointer -Wall   conftest.c >&5
conftest.c:2: parse error before `me'
configure:2424: $? = 1
configure: failed program was:
#ifndef __cplusplus
  choke me
#endif
configure:2541: checking for style of include used by make
configure:2569: result: GNU
configure:2597: checking dependency style of gcc
configure:2659: result: gcc
configure:2688: checking for a BSD-compatible install
configure:2742: result: /usr/bin/install -c
configure:2761: checking how to run the C preprocessor
configure:2787: gcc -E  conftest.c
configure:2793: $? = 0
configure:2820: gcc -E  conftest.c
configure:2816: ac_nonexistent.h: No such file or directory
configure:2826: $? = 1
configure: failed program was:
#line 2815 "configure"
#include "confdefs.h"
#include <ac_nonexistent.h>
configure:2863: result: gcc -E
configure:2878: gcc -E  conftest.c
configure:2884: $? = 0
configure:2911: gcc -E  conftest.c
configure:2907: ac_nonexistent.h: No such file or directory
configure:2917: $? = 1
configure: failed program was:
#line 2906 "configure"
#include "confdefs.h"
#include <ac_nonexistent.h>
configure:2957: checking for egrep
configure:2967: result: grep -E
configure:2972: checking for ANSI C header files
configure:2986: gcc -E  conftest.c
configure:2992: $? = 0
configure:3077: gcc -o conftest  -O2 -fomit-frame-pointer -Wall   -s -O2 conftest.c  >&5
configure:3080: $? = 0
configure:3082: ./conftest
configure:3085: $? = 0
configure:3099: result: yes
configure:3123: checking for sys/types.h
configure:3136: gcc -c  -O2 -fomit-frame-pointer -Wall   conftest.c >&5
configure:3139: $? = 0
configure:3142: test -s conftest.o
configure:3145: $? = 0
configure:3155: result: yes
configure:3123: checking for sys/stat.h
configure:3136: gcc -c  -O2 -fomit-frame-pointer -Wall   conftest.c >&5
configure:3139: $? = 0
configure:3142: test -s conftest.o
configure:3145: $? = 0
configure:3155: result: yes
configure:3123: checking for stdlib.h
configure:3136: gcc -c  -O2 -fomit-frame-pointer -Wall   conftest.c >&5
configure:3139: $? = 0
configure:3142: test -s conftest.o
configure:3145: $? = 0
configure:3155: result: yes
configure:3123: checking for string.h
configure:3136: gcc -c  -O2 -fomit-frame-pointer -Wall   conftest.c >&5
configure:3139: $? = 0
configure:3142: test -s conftest.o
configure:3145: $? = 0
configure:3155: result: yes
configure:3123: checking for memory.h
configure:3136: gcc -c  -O2 -fomit-frame-pointer -Wall   conftest.c >&5
configure:3139: $? = 0
configure:3142: test -s conftest.o
configure:3145: $? = 0
configure:3155: result: yes
configure:3123: checking for strings.h
configure:3136: gcc -c  -O2 -fomit-frame-pointer -Wall   conftest.c >&5
configure:3139: $? = 0
configure:3142: test -s conftest.o
configure:3145: $? = 0
configure:3155: result: yes
configure:3123: checking for inttypes.h
configure:3136: gcc -c  -O2 -fomit-frame-pointer -Wall   conftest.c >&5
configure:3139: $? = 0
configure:3142: test -s conftest.o
configure:3145: $? = 0
configure:3155: result: yes
configure:3123: checking for stdint.h
configure:3136: gcc -c  -O2 -fomit-frame-pointer -Wall   conftest.c >&5
configure:3139: $? = 0
configure:3142: test -s conftest.o
configure:3145: $? = 0
configure:3155: result: yes
configure:3123: checking for unistd.h
configure:3136: gcc -c  -O2 -fomit-frame-pointer -Wall   conftest.c >&5
configure:3139: $? = 0
configure:3142: test -s conftest.o
configure:3145: $? = 0
configure:3155: result: yes
configure:3186: checking fcntl.h usability
configure:3195: gcc -c  -O2 -fomit-frame-pointer -Wall   conftest.c >&5
configure:3198: $? = 0
configure:3201: test -s conftest.o
configure:3204: $? = 0
configure:3213: result: yes
configure:3217: checking fcntl.h presence
configure:3224: gcc -E  conftest.c
configure:3230: $? = 0
configure:3248: result: yes
configure:3266: checking for fcntl.h
configure:3273: result: yes
configure:3186: checking paths.h usability
configure:3195: gcc -c  -O2 -fomit-frame-pointer -Wall   conftest.c >&5
configure:3198: $? = 0
configure:3201: test -s conftest.o
configure:3204: $? = 0
configure:3213: result: yes
configure:3217: checking paths.h presence
configure:3224: gcc -E  conftest.c
configure:3230: $? = 0
configure:3248: result: yes
configure:3266: checking for paths.h
configure:3273: result: yes
configure:3186: checking sys/ioctl.h usability
configure:3195: gcc -c  -O2 -fomit-frame-pointer -Wall   conftest.c >&5
configure:3198: $? = 0
configure:3201: test -s conftest.o
configure:3204: $? = 0
configure:3213: result: yes
configure:3217: checking sys/ioctl.h presence
configure:3224: gcc -E  conftest.c
configure:3230: $? = 0
configure:3248: result: yes
configure:3266: checking for sys/ioctl.h
configure:3273: result: yes
configure:3186: checking sys/time.h usability
configure:3195: gcc -c  -O2 -fomit-frame-pointer -Wall   conftest.c >&5
configure:3198: $? = 0
configure:3201: test -s conftest.o
configure:3204: $? = 0
configure:3213: result: yes
configure:3217: checking sys/time.h presence
configure:3224: gcc -E  conftest.c
configure:3230: $? = 0
configure:3248: result: yes
configure:3266: checking for sys/time.h
configure:3273: result: yes
configure:3186: checking syslog.h usability
configure:3195: gcc -c  -O2 -fomit-frame-pointer -Wall   conftest.c >&5
configure:3198: $? = 0
configure:3201: test -s conftest.o
configure:3204: $? = 0
configure:3213: result: yes
configure:3217: checking syslog.h presence
configure:3224: gcc -E  conftest.c
configure:3230: $? = 0
configure:3248: result: yes
configure:3266: checking for syslog.h
configure:3273: result: yes
configure:3177: checking for unistd.h
configure:3182: result: yes
configure:3287: checking for mode_t
configure:3308: gcc -c  -O2 -fomit-frame-pointer -Wall   conftest.c >&5
configure:3311: $? = 0
configure:3314: test -s conftest.o
configure:3317: $? = 0
configure:3327: result: yes
configure:3339: checking for pid_t
configure:3360: gcc -c  -O2 -fomit-frame-pointer -Wall   conftest.c >&5
configure:3363: $? = 0
configure:3366: test -s conftest.o
configure:3369: $? = 0
configure:3379: result: yes
configure:3391: checking whether time.h and sys/time.h may both be included
configure:3413: gcc -c  -O2 -fomit-frame-pointer -Wall   conftest.c >&5
configure:3416: $? = 0
configure:3419: test -s conftest.o
configure:3422: $? = 0
configure:3432: result: yes
configure:3444: checking whether gcc needs -traditional
configure:3480: result: no
configure:3487: checking for working memcmp
configure:3532: gcc -o conftest  -O2 -fomit-frame-pointer -Wall   -s -O2 conftest.c  >&5
configure:3535: $? = 0
configure:3537: ./conftest
configure:3540: $? = 0
configure:3553: result: yes
configure:3563: checking for select
configure:3600: gcc -o conftest  -O2 -fomit-frame-pointer -Wall   -s -O2 conftest.c  >&5
configure:3603: $? = 0
configure:3606: test -s conftest
configure:3609: $? = 0
configure:3619: result: yes
configure:3563: checking for socket
configure:3600: gcc -o conftest  -O2 -fomit-frame-pointer -Wall   -s -O2 conftest.c  >&5
configure:3603: $? = 0
configure:3606: test -s conftest
configure:3609: $? = 0
configure:3619: result: yes
configure:3563: checking for uname
configure:3600: gcc -o conftest  -O2 -fomit-frame-pointer -Wall   -s -O2 conftest.c  >&5
configure:3603: $? = 0
configure:3606: test -s conftest
configure:3609: $? = 0
configure:3619: result: yes
configure:3771: creating ./config.status

## ---------------------- ##
## Running config.status. ##
## ---------------------- ##

This file was extended by config.status, which was
generated by GNU Autoconf 2.54.  Invocation command line was

  CONFIG_FILES    = 
  CONFIG_HEADERS  = 
  CONFIG_LINKS    = 
  CONFIG_COMMANDS = 
  $ ./config.status 

on DEV-HGLAN2

config.status:632: creating Makefile
config.status:632: creating dhcpcd.spec
config.status:757: executing depfiles commands

## ---------------- ##
## Cache variables. ##
## ---------------- ##

ac_cv_build=powerpc-unknown-linux-gnu
ac_cv_build_alias=powerpc-unknown-linux-gnu
ac_cv_c_compiler_gnu=yes
ac_cv_env_CC_set=
ac_cv_env_CC_value=
ac_cv_env_CFLAGS_set=
ac_cv_env_CFLAGS_value=
ac_cv_env_CPPFLAGS_set=
ac_cv_env_CPPFLAGS_value=
ac_cv_env_CPP_set=
ac_cv_env_CPP_value=
ac_cv_env_LDFLAGS_set=
ac_cv_env_LDFLAGS_value=
ac_cv_env_build_alias_set=
ac_cv_env_build_alias_value=
ac_cv_env_host_alias_set=
ac_cv_env_host_alias_value=
ac_cv_env_target_alias_set=
ac_cv_env_target_alias_value=
ac_cv_exeext=
ac_cv_func_memcmp_working=yes
ac_cv_func_select=yes
ac_cv_func_socket=yes
ac_cv_func_uname=yes
ac_cv_header_fcntl_h=yes
ac_cv_header_inttypes_h=yes
ac_cv_header_memory_h=yes
ac_cv_header_paths_h=yes
ac_cv_header_stdc=yes
ac_cv_header_stdint_h=yes
ac_cv_header_stdlib_h=yes
ac_cv_header_string_h=yes
ac_cv_header_strings_h=yes
ac_cv_header_sys_ioctl_h=yes
ac_cv_header_sys_stat_h=yes
ac_cv_header_sys_time_h=yes
ac_cv_header_sys_types_h=yes
ac_cv_header_syslog_h=yes
ac_cv_header_time=yes
ac_cv_header_unistd_h=yes
ac_cv_host=powerpc-unknown-linux-gnu
ac_cv_host_alias=powerpc-unknown-linux-gnu
ac_cv_objext=o
ac_cv_path_install='/usr/bin/install -c'
ac_cv_prog_AWK=gawk
ac_cv_prog_CPP='gcc -E'
ac_cv_prog_ac_ct_CC=gcc
ac_cv_prog_cc_g=yes
ac_cv_prog_cc_stdc=
ac_cv_prog_egrep='grep -E'
ac_cv_prog_gcc_traditional=no
ac_cv_prog_make_make_set=yes
ac_cv_type_mode_t=yes
ac_cv_type_pid_t=yes
am_cv_CC_dependencies_compiler_type=gcc

## ----------------- ##
## Output variables. ##
## ----------------- ##

ACLOCAL='${SHELL} /mnt/share/yabuta/dhcpcd-1.3.22-pl4witAutoIP/missing --run aclocal-1.7'
AMDEPBACKSLASH='\'
AMDEP_FALSE='#'
AMDEP_TRUE=''
AMTAR='${SHELL} /mnt/share/yabuta/dhcpcd-1.3.22-pl4witAutoIP/missing --run tar'
AUTOCONF='${SHELL} /mnt/share/yabuta/dhcpcd-1.3.22-pl4witAutoIP/missing --run autoconf'
AUTOHEADER='${SHELL} /mnt/share/yabuta/dhcpcd-1.3.22-pl4witAutoIP/missing --run autoheader'
AUTOMAKE='${SHELL} /mnt/share/yabuta/dhcpcd-1.3.22-pl4witAutoIP/missing --run automake-1.7'
AWK='gawk'
CC='gcc'
CCDEPMODE='depmode=gcc'
CFLAGS=' -O2 -fomit-frame-pointer -Wall '
CPP='gcc -E'
CPPFLAGS=''
CYGPATH_W='echo'
DEFS='-DPACKAGE_NAME=\"\" -DPACKAGE_TARNAME=\"\" -DPACKAGE_VERSION=\"\" -DPACKAGE_STRING=\"\" -DPACKAGE_BUGREPORT=\"\" -DPACKAGE=\"dhcpcd\" -DVERSION=\"1.3.22-pl4\" -DSTDC_HEADERS=1 -DHAVE_SYS_TYPES_H=1 -DHAVE_SYS_STAT_H=1 -DHAVE_STDLIB_H=1 -DHAVE_STRING_H=1 -DHAVE_MEMORY_H=1 -DHAVE_STRINGS_H=1 -DHAVE_INTTYPES_H=1 -DHAVE_STDINT_H=1 -DHAVE_UNISTD_H=1 -DHAVE_FCNTL_H=1 -DHAVE_PATHS_H=1 -DHAVE_SYS_IOCTL_H=1 -DHAVE_SYS_TIME_H=1 -DHAVE_SYSLOG_H=1 -DHAVE_UNISTD_H=1 -DTIME_WITH_SYS_TIME=1 -DHAVE_SELECT=1 -DHAVE_SOCKET=1 -DHAVE_UNAME=1 '
DEPDIR='.deps'
DHCPCD_REL='-pl4'
DHCPCD_VERSION='1.3.22'
ECHO_C=''
ECHO_N='-n'
ECHO_T=''
EGREP='grep -E'
EXEEXT=''
INSTALL_DATA='${INSTALL} -m 644'
INSTALL_PROGRAM='${INSTALL}'
INSTALL_SCRIPT='${INSTALL}'
INSTALL_STRIP_PROGRAM='${SHELL} $(install_sh) -c -s'
LDFLAGS='-s -O2'
LIBOBJS=''
LIBS=''
LTLIBOBJS=''
MAKEINFO='${SHELL} /mnt/share/yabuta/dhcpcd-1.3.22-pl4witAutoIP/missing --run makeinfo'
OBJEXT='o'
PACKAGE='dhcpcd'
PACKAGE_BUGREPORT=''
PACKAGE_NAME=''
PACKAGE_STRING=''
PACKAGE_TARNAME=''
PACKAGE_VERSION=''
PATH_SEPARATOR=':'
RH_VERSION='1.3.22pl4'
SET_MAKE=''
SHELL='/bin/sh'
STRIP=''
VERSION='1.3.22-pl4'
ac_ct_CC='gcc'
ac_ct_STRIP=''
am__fastdepCC_FALSE=''
am__fastdepCC_TRUE='#'
am__include='include'
am__quote=''
bindir='${exec_prefix}/bin'
build='powerpc-unknown-linux-gnu'
build_alias=''
build_cpu='powerpc'
build_os='linux-gnu'
build_vendor='unknown'
datadir='${prefix}/share'
exec_prefix='${prefix}'
host='powerpc-unknown-linux-gnu'
host_alias=''
host_cpu='powerpc'
host_os='linux-gnu'
host_vendor='unknown'
includedir='${prefix}/include'
infodir='${prefix}/info'
install_sh='/mnt/share/yabuta/dhcpcd-1.3.22-pl4witAutoIP/install-sh'
libdir='${exec_prefix}/lib'
libexecdir='${exec_prefix}/libexec'
localstatedir='${prefix}/var'
mandir='${prefix}/man'
oldincludedir='/usr/include'
prefix='/usr/local'
program_transform_name='s,x,x,'
sbindir='${exec_prefix}/sbin'
sharedstatedir='${prefix}/com'
sysconfdir='${prefix}/etc'
target_alias=''

## ----------- ##
## confdefs.h. ##
## ----------- ##

#define HAVE_FCNTL_H 1
#define HAVE_INTTYPES_H 1
#define HAVE_MEMORY_H 1
#define HAVE_PATHS_H 1
#define HAVE_SELECT 1
#define HAVE_SOCKET 1
#define HAVE_STDINT_H 1
#define HAVE_STDLIB_H 1
#define HAVE_STRINGS_H 1
#define HAVE_STRING_H 1
#define HAVE_SYSLOG_H 1
#define HAVE_SYS_IOCTL_H 1
#define HAVE_SYS_STAT_H 1
#define HAVE_SYS_TIME_H 1
#define HAVE_SYS_TYPES_H 1
#define HAVE_UNAME 1
#define HAVE_UNISTD_H 1
#define HAVE_UNISTD_H 1
#define PACKAGE "dhcpcd"
#define PACKAGE_BUGREPORT ""
#define PACKAGE_NAME ""
#define PACKAGE_STRING ""
#define PACKAGE_TARNAME ""
#define PACKAGE_VERSION ""
#define STDC_HEADERS 1
#define TIME_WITH_SYS_TIME 1
#define VERSION "1.3.22-pl4"

configure: exit 0
